2021-03-17 16:09:14,775 : kivy : Factory: 184 symbols loaded
2021-03-17 16:09:15,146 : kivy : ImageLoaderFFPy: Using ffpyplayer 4.3.1
2021-03-17 16:09:15,150 : kivy : Image: Providers: img_tex, img_dds, img_sdl2, img_pil, img_ffpyplayer, img_gif 
2021-03-17 16:09:15,320 : kivy : VideoGstplayer: Using Gstreamer 1.16.0.0
2021-03-17 16:09:15,322 : kivy : Video: Provider: gstplayer
2021-03-17 16:09:15,482 : kivy : Loading MPF-MC controller
2021-03-17 16:09:15,491 : YamlMultifileConfigLoader : Machine config file #1: config
2021-03-17 16:09:15,494 : ConfigProcessor : Config file in cache changed: C:\Users\Noah\work\Andy Cavatorta\thirtybirds_2_0\MPF\noahgame_02\config\config
2021-03-17 16:09:15,495 : ConfigProcessor : Loading config from file c:\users\noah\mpfenv\lib\site-packages\mpfmc\mcconfig.yaml.
2021-03-17 16:09:15,563 : ConfigProcessor : Loading config: c:\users\noah\mpfenv\lib\site-packages\mpfmc\mcconfig.yaml
2021-03-17 16:09:15,565 : ConfigProcessor : Loading config from file C:\Users\Noah\work\Andy Cavatorta\thirtybirds_2_0\MPF\noahgame_02\config\config.
2021-03-17 16:09:15,586 : ConfigProcessor : Loading config: C:\Users\Noah\work\Andy Cavatorta\thirtybirds_2_0\MPF\noahgame_02\config\config
2021-03-17 16:09:15,590 : ConfigProcessor : Config file cache created: C:\Users\Noah\AppData\Local\Temp\7d9abdebdf139223dac953a17fe732d8.mpf_cache
2021-03-17 16:09:15,592 : ConfigProcessor : Loading config from cache: C:\Users\Noah\AppData\Local\Temp\74774f186c18434d8d39d0d4b0a3afeb.mpf_cache
2021-03-17 16:09:15,594 : ConfigProcessor : Loading config from cache: C:\Users\Noah\AppData\Local\Temp\a7eac71e9da1e9cfd4db34c71351dbda.mpf_cache
2021-03-17 16:09:15,596 : mpfmc : Mission Pinball Framework Media Controller v0.54.0
2021-03-17 16:09:15,596 : mpfmc : Mission Pinball Framework Game Engine v0.54.6
2021-03-17 16:09:15,599 : mpfmc : Machine path: C:\Users\Noah\work\Andy Cavatorta\thirtybirds_2_0\MPF\noahgame_02
2021-03-17 16:09:15,600 : mpfmc : Starting clock at 60.0Hz
2021-03-17 16:09:15,655 : kivy : Text: Provider: sdl2
2021-03-17 16:09:15,777 : kivy : Window: Provider: sdl2
2021-03-17 16:09:16,180 : kivy : GL: Using the "OpenGL" graphics system
2021-03-17 16:09:16,188 : kivy : GL: GLEW initialization succeeded
2021-03-17 16:09:16,197 : kivy : GL: Backend used <glew>
2021-03-17 16:09:16,198 : kivy : GL: OpenGL version <b'4.4.0 - Build 20.19.15.4835'>
2021-03-17 16:09:16,198 : kivy : GL: OpenGL vendor <b'Intel'>
2021-03-17 16:09:16,199 : kivy : GL: OpenGL renderer <b'Intel(R) HD Graphics 5500'>
2021-03-17 16:09:16,200 : kivy : GL: OpenGL parsed version: 4, 4
2021-03-17 16:09:16,204 : kivy : GL: Shading version <b'4.40 - Build 20.19.15.4835'>
2021-03-17 16:09:16,205 : kivy : GL: Texture max size <16384>
2021-03-17 16:09:16,206 : kivy : GL: Texture max units <32>
2021-03-17 16:09:16,276 : kivy : Window: auto add sdl2 input provider
2021-03-17 16:09:16,276 : kivy : Window: virtual keyboard not allowed, single mode, not docked
2021-03-17 16:09:16,309 : SoundSystem : SoundSystem: Using default 'sound_system' settings
2021-03-17 16:09:17,103 : AudioInterface : Initialized
2021-03-17 16:09:17,105 : SoundSystem : No audio tracks are specified in your machine config file. a track named 'default' has been created.
2021-03-17 16:09:17,108 : kivy : Base: Start application main loop
2021-03-17 16:09:17,109 : EventManager : Event: ======'display_default_initialized'====== Args={}
2021-03-17 16:09:17,146 : mpfmc : Display: Setting 'default' as default display
2021-03-17 16:09:17,165 : EventManager : Event: ======'displays_initialized'====== Args={}
2021-03-17 16:09:17,169 : EventManager : Event: ======'slide_default_blank_created'====== Args={}
2021-03-17 16:09:17,170 : EventManager : Event: ======'display_default_ready'====== Args={}
2021-03-17 16:09:17,204 : EventManager : Event: ======'init_phase_1'====== Args={}
2021-03-17 16:09:17,210 : EventManager : Event: ======'mc_ready'====== Args={}
2021-03-17 16:09:17,210 : EventManager : Event: ======'init_phase_2'====== Args={}
2021-03-17 16:09:17,212 : EventManager : Event: ======'init_phase_3'====== Args={}
2021-03-17 16:09:17,213 : EventManager : Event: ======'init_phase_4'====== Args={}
2021-03-17 16:09:17,214 : EventManager : Event: ======'init_phase_5'====== Args={}
2021-03-17 16:09:17,214 : EventManager : Event: ======'init_done'====== Args={}
2021-03-17 16:09:17,215 : MPF-MC BCP Server : Starting up on localhost port 5050
2021-03-17 16:09:17,223 : MPF-MC BCP Server : Waiting for a connection...
2021-03-17 16:09:17,238 : EventManager : Event: ======'client_disconnected'====== Args={'host': '127.0.0.1', 'port': 5050}
2021-03-17 16:09:17,353 : MPF-MC BCP Server : Received connection from: 127.0.0.1:53982
2021-03-17 16:09:17,362 : EventManager : Event: ======'client_connected'====== Args={'host': '127.0.0.1', 'port': 53982}
2021-03-17 16:09:17,387 : EventManager : Event: ======'machine_var_p_roc_version'====== Args={'value': 2, 'prev_value': None, 'change': True}
2021-03-17 16:09:17,389 : EventManager : Event: ======'machine_var_p_roc_revision'====== Args={'value': 6, 'prev_value': None, 'change': True}
2021-03-17 16:09:17,389 : EventManager : Event: ======'machine_var_p_roc_hardware_version'====== Args={'value': 1, 'prev_value': None, 'change': True}
2021-03-17 16:09:17,390 : EventManager : Event: ======'machine_var_credits_string'====== Args={'value': 'FREE PLAY', 'prev_value': None, 'change': True}
2021-03-17 16:09:17,391 : EventManager : Event: ======'machine_var_mpf_version'====== Args={'value': 'MPF v0.54.6', 'prev_value': None, 'change': True}
2021-03-17 16:09:17,392 : EventManager : Event: ======'machine_var_mpf_extended_version'====== Args={'value': 'MPF v0.54.6, Config version:5, Show version: 5, BCP version:1.1', 'prev_value': None, 'change': True}
2021-03-17 16:09:17,392 : EventManager : Event: ======'machine_var_python_version'====== Args={'value': '3.7.9', 'prev_value': None, 'change': True}
2021-03-17 16:09:17,393 : EventManager : Event: ======'machine_var_platform'====== Args={'value': 'Windows-10-10.0.19041-SP0', 'prev_value': None, 'change': True}
2021-03-17 16:09:17,394 : EventManager : Event: ======'machine_var_platform_system'====== Args={'value': 'Windows', 'prev_value': None, 'change': True}
2021-03-17 16:09:17,397 : EventManager : Event: ======'machine_var_platform_release'====== Args={'value': '10', 'prev_value': None, 'change': True}
2021-03-17 16:09:17,398 : EventManager : Event: ======'machine_var_platform_version'====== Args={'value': '10.0.19041', 'prev_value': None, 'change': True}
2021-03-17 16:09:17,399 : EventManager : Event: ======'machine_var_platform_machine'====== Args={'value': 'AMD64', 'prev_value': None, 'change': True}
2021-03-17 16:09:17,402 : EventManager : Event: ======'machine_var_mc_version'====== Args={'value': 'MPF-MC v0.54.0', 'prev_value': None, 'change': True}
2021-03-17 16:09:17,404 : EventManager : Event: ======'machine_var_mc_extended_version'====== Args={'value': 'MPF-MC v0.54.0 (config_version=5, BCP v1.1, Requires MPF v0.54.0)', 'prev_value': None, 'change': True}
2021-03-17 16:09:17,407 : EventManager : Event: ======'machine_var_master_volume'====== Args={'value': 0.5, 'prev_value': None, 'change': True}
2021-03-17 16:09:17,408 : EventManager : Event: ======'machine_var_audits_switches_s_left_slingshot'====== Args={'value': 0, 'prev_value': None, 'change': True}
2021-03-17 16:09:17,409 : EventManager : Event: ======'machine_var_audits_switches_s_right_slignshot'====== Args={'value': 0, 'prev_value': None, 'change': True}
2021-03-17 16:09:17,410 : EventManager : Event: ======'machine_var_audits_switches_s_left_flipper'====== Args={'value': 0, 'prev_value': None, 'change': True}
2021-03-17 16:09:17,411 : EventManager : Event: ======'machine_var_audits_switches_s_right_flipper'====== Args={'value': 0, 'prev_value': None, 'change': True}
2021-03-17 16:09:17,412 : EventManager : Event: ======'mc_reset_phase_1'====== Args={}
2021-03-17 16:09:17,413 : EventManager : Event: ======'mc_reset_phase_2'====== Args={}
2021-03-17 16:09:17,413 : EventManager : Event: ======'mc_reset_phase_3'====== Args={}
2021-03-17 16:09:17,414 : EventManager : Event: ======'mc_reset_complete'====== Args={}
2021-03-17 16:10:12,076 : kivy : Base: Leaving application in progress...
2021-03-17 16:10:12,079 : mpfmc : Stopping...
2021-03-17 16:10:12,083 : EventManager : Event: ======'shutdown'====== Args={}
2021-03-17 16:10:12,197 : mpfmc : Loop rate 78.76 Hz
