2021-03-19 12:12:06,891 : kivy : Factory: 184 symbols loaded
2021-03-19 12:12:07,608 : kivy : ImageLoaderFFPy: Using ffpyplayer 4.3.1
2021-03-19 12:12:07,610 : kivy : Image: Providers: img_tex, img_dds, img_sdl2, img_pil, img_ffpyplayer, img_gif 
2021-03-19 12:12:08,025 : kivy : VideoGstplayer: Using Gstreamer 1.16.0.0
2021-03-19 12:12:08,026 : kivy : Video: Provider: gstplayer
2021-03-19 12:12:08,308 : kivy : Loading MPF-MC controller
2021-03-19 12:12:08,315 : YamlMultifileConfigLoader : Machine config file #1: config
2021-03-19 12:12:08,319 : ConfigProcessor : Config file in cache changed: C:\Users\Noah\work\Andy Cavatorta\pinball\notes\MPF\noahgame_02\config\config
2021-03-19 12:12:08,319 : ConfigProcessor : Loading config from file c:\users\noah\mpfenv\lib\site-packages\mpfmc\mcconfig.yaml.
2021-03-19 12:12:08,395 : ConfigProcessor : Loading config: c:\users\noah\mpfenv\lib\site-packages\mpfmc\mcconfig.yaml
2021-03-19 12:12:08,396 : ConfigProcessor : Loading config from file C:\Users\Noah\work\Andy Cavatorta\pinball\notes\MPF\noahgame_02\config\config.
2021-03-19 12:12:08,432 : ConfigProcessor : Loading config: C:\Users\Noah\work\Andy Cavatorta\pinball\notes\MPF\noahgame_02\config\config
2021-03-19 12:12:08,435 : ConfigProcessor : Config file cache created: C:\Users\Noah\AppData\Local\Temp\13e1228f6bf8ea03affe51e56cb3543a.mpf_cache
2021-03-19 12:12:08,437 : ConfigProcessor : Loading config from cache: C:\Users\Noah\AppData\Local\Temp\98acf0898e619a6798c45a0e5cbb339b.mpf_cache
2021-03-19 12:12:08,437 : ConfigProcessor : Loading config from cache: C:\Users\Noah\AppData\Local\Temp\a7eac71e9da1e9cfd4db34c71351dbda.mpf_cache
2021-03-19 12:12:08,438 : ConfigProcessor : Loading config from cache: C:\Users\Noah\AppData\Local\Temp\c6adbc38c235400b65ae43d7099eba05.mpf_cache
2021-03-19 12:12:08,438 : mpfmc : Mission Pinball Framework Media Controller v0.54.0
2021-03-19 12:12:08,439 : mpfmc : Mission Pinball Framework Game Engine v0.54.6
2021-03-19 12:12:08,439 : mpfmc : Machine path: C:\Users\Noah\work\Andy Cavatorta\pinball\notes\MPF\noahgame_02
2021-03-19 12:12:08,439 : mpfmc : Starting clock at 60.0Hz
2021-03-19 12:12:08,603 : kivy : Text: Provider: sdl2
2021-03-19 12:12:08,728 : kivy : Window: Provider: sdl2
2021-03-19 12:12:09,130 : kivy : GL: Using the "OpenGL" graphics system
2021-03-19 12:12:09,137 : kivy : GL: GLEW initialization succeeded
2021-03-19 12:12:09,138 : kivy : GL: Backend used <glew>
2021-03-19 12:12:09,141 : kivy : GL: OpenGL version <b'4.4.0 - Build 20.19.15.4835'>
2021-03-19 12:12:09,141 : kivy : GL: OpenGL vendor <b'Intel'>
2021-03-19 12:12:09,141 : kivy : GL: OpenGL renderer <b'Intel(R) HD Graphics 5500'>
2021-03-19 12:12:09,141 : kivy : GL: OpenGL parsed version: 4, 4
2021-03-19 12:12:09,142 : kivy : GL: Shading version <b'4.40 - Build 20.19.15.4835'>
2021-03-19 12:12:09,142 : kivy : GL: Texture max size <16384>
2021-03-19 12:12:09,142 : kivy : GL: Texture max units <32>
2021-03-19 12:12:09,232 : kivy : Window: auto add sdl2 input provider
2021-03-19 12:12:09,233 : kivy : Window: virtual keyboard not allowed, single mode, not docked
2021-03-19 12:12:09,255 : SoundSystem : SoundSystem: Using default 'sound_system' settings
2021-03-19 12:12:12,443 : AudioInterface : Initialized
2021-03-19 12:12:12,445 : SoundSystem : No audio tracks are specified in your machine config file. a track named 'default' has been created.
2021-03-19 12:12:12,450 : kivy : Base: Start application main loop
2021-03-19 12:12:12,451 : EventManager : Event: ======'display_window_initialized'====== Args={}
2021-03-19 12:12:12,478 : mpfmc : Display: Setting 'window' as default display
2021-03-19 12:12:12,493 : EventManager : Event: ======'displays_initialized'====== Args={}
2021-03-19 12:12:12,494 : EventManager : Event: ======'slide_window_blank_created'====== Args={}
2021-03-19 12:12:12,494 : EventManager : Event: ======'display_window_ready'====== Args={}
2021-03-19 12:12:12,519 : EventManager : Event: ======'init_phase_1'====== Args={}
2021-03-19 12:12:12,523 : EventManager : Event: ======'mc_ready'====== Args={}
2021-03-19 12:12:12,523 : EventManager : Event: ======'init_phase_2'====== Args={}
2021-03-19 12:12:12,527 : EventManager : Event: ======'init_phase_3'====== Args={}
2021-03-19 12:12:12,528 : EventManager : Event: ======'init_phase_4'====== Args={}
2021-03-19 12:12:12,530 : EventManager : Event: ======'init_phase_5'====== Args={}
2021-03-19 12:12:12,530 : EventManager : Event: ======'init_done'====== Args={}
2021-03-19 12:12:12,531 : MPF-MC BCP Server : Starting up on localhost port 5050
2021-03-19 12:12:12,537 : MPF-MC BCP Server : Waiting for a connection...
2021-03-19 12:12:12,537 : mpfmc : SlidePlayer: Play called with settings={'slides': {welcome_slide-None-None: {'priority': None, 'target': None, 'background_color': [0.0, 0.0, 0.0, 1.0], 'show': True, 'force': False, 'expire': None, 'slide': None, 'tokens': {}, 'action': 'play', 'transition': None, 'transition_out': None}}}
2021-03-19 12:12:12,557 : kivy : GL: NPOT texture support is available
2021-03-19 12:12:12,559 : EventManager : Event: ======'slide_welcome_slide_created'====== Args={}
2021-03-19 12:12:12,563 : EventManager : Event: ======'slide_welcome_slide_active'====== Args={}
2021-03-19 12:12:12,578 : EventManager : Event: ======'client_disconnected'====== Args={'host': '127.0.0.1', 'port': 5050}
2021-03-19 12:12:26,746 : kivy : Base: Leaving application in progress...
