2021-03-19 13:58:14,311 : kivy : Factory: 184 symbols loaded
2021-03-19 13:58:14,498 : kivy : ImageLoaderFFPy: Using ffpyplayer 4.3.1
2021-03-19 13:58:14,500 : kivy : Image: Providers: img_tex, img_dds, img_sdl2, img_pil, img_ffpyplayer, img_gif 
2021-03-19 13:58:14,585 : kivy : VideoGstplayer: Using Gstreamer 1.16.0.0
2021-03-19 13:58:14,586 : kivy : Video: Provider: gstplayer
2021-03-19 13:58:14,671 : kivy : Loading MPF-MC controller
2021-03-19 13:58:14,676 : YamlMultifileConfigLoader : Machine config file #1: config
2021-03-19 13:58:14,678 : ConfigProcessor : Config file in cache changed: C:\Users\Noah\work\Andy Cavatorta\pinball\notes\MPF\noahgame_02\config\config
2021-03-19 13:58:14,678 : ConfigProcessor : Loading config from file c:\users\noah\mpfenv\lib\site-packages\mpfmc\mcconfig.yaml.
2021-03-19 13:58:14,727 : ConfigProcessor : Loading config: c:\users\noah\mpfenv\lib\site-packages\mpfmc\mcconfig.yaml
2021-03-19 13:58:14,728 : ConfigProcessor : Loading config from file C:\Users\Noah\work\Andy Cavatorta\pinball\notes\MPF\noahgame_02\config\config.
2021-03-19 13:58:14,752 : ConfigProcessor : Loading config: C:\Users\Noah\work\Andy Cavatorta\pinball\notes\MPF\noahgame_02\config\config
2021-03-19 13:58:14,754 : ConfigProcessor : Config file cache created: C:\Users\Noah\AppData\Local\Temp\13e1228f6bf8ea03affe51e56cb3543a.mpf_cache
2021-03-19 13:58:14,755 : ConfigProcessor : Loading config from cache: C:\Users\Noah\AppData\Local\Temp\98acf0898e619a6798c45a0e5cbb339b.mpf_cache
2021-03-19 13:58:14,756 : ConfigProcessor : Loading config from cache: C:\Users\Noah\AppData\Local\Temp\a7eac71e9da1e9cfd4db34c71351dbda.mpf_cache
2021-03-19 13:58:14,757 : ConfigProcessor : Loading config from cache: C:\Users\Noah\AppData\Local\Temp\c6adbc38c235400b65ae43d7099eba05.mpf_cache
2021-03-19 13:58:14,759 : mpfmc : Mission Pinball Framework Media Controller v0.54.0
2021-03-19 13:58:14,759 : mpfmc : Mission Pinball Framework Game Engine v0.54.6
2021-03-19 13:58:14,759 : mpfmc : Machine path: C:\Users\Noah\work\Andy Cavatorta\pinball\notes\MPF\noahgame_02
2021-03-19 13:58:14,760 : mpfmc : Starting clock at 60.0Hz
2021-03-19 13:58:14,799 : kivy : Text: Provider: sdl2
2021-03-19 13:58:14,856 : kivy : Window: Provider: sdl2
2021-03-19 13:58:15,009 : kivy : GL: Using the "OpenGL" graphics system
2021-03-19 13:58:15,011 : kivy : GL: GLEW initialization succeeded
2021-03-19 13:58:15,012 : kivy : GL: Backend used <glew>
2021-03-19 13:58:15,012 : kivy : GL: OpenGL version <b'4.4.0 - Build 20.19.15.4835'>
2021-03-19 13:58:15,012 : kivy : GL: OpenGL vendor <b'Intel'>
2021-03-19 13:58:15,012 : kivy : GL: OpenGL renderer <b'Intel(R) HD Graphics 5500'>
2021-03-19 13:58:15,013 : kivy : GL: OpenGL parsed version: 4, 4
2021-03-19 13:58:15,013 : kivy : GL: Shading version <b'4.40 - Build 20.19.15.4835'>
2021-03-19 13:58:15,013 : kivy : GL: Texture max size <16384>
2021-03-19 13:58:15,014 : kivy : GL: Texture max units <32>
2021-03-19 13:58:15,044 : kivy : Window: auto add sdl2 input provider
2021-03-19 13:58:15,046 : kivy : Window: virtual keyboard not allowed, single mode, not docked
2021-03-19 13:58:15,059 : SoundSystem : SoundSystem: Using default 'sound_system' settings
2021-03-19 13:58:15,494 : AudioInterface : Initialized
2021-03-19 13:58:15,495 : SoundSystem : No audio tracks are specified in your machine config file. a track named 'default' has been created.
2021-03-19 13:58:15,498 : kivy : Base: Start application main loop
2021-03-19 13:58:15,499 : EventManager : Event: ======'display_window_initialized'====== Args={}
2021-03-19 13:58:15,523 : mpfmc : Display: Setting 'window' as default display
2021-03-19 13:58:15,536 : EventManager : Event: ======'displays_initialized'====== Args={}
2021-03-19 13:58:15,537 : EventManager : Event: ======'slide_window_blank_created'====== Args={}
2021-03-19 13:58:15,537 : EventManager : Event: ======'display_window_ready'====== Args={}
2021-03-19 13:58:15,550 : EventManager : Event: ======'init_phase_1'====== Args={}
2021-03-19 13:58:15,555 : EventManager : Event: ======'mc_ready'====== Args={}
2021-03-19 13:58:15,556 : EventManager : Event: ======'init_phase_2'====== Args={}
2021-03-19 13:58:15,559 : EventManager : Event: ======'init_phase_3'====== Args={}
2021-03-19 13:58:15,561 : EventManager : Event: ======'init_phase_4'====== Args={}
2021-03-19 13:58:15,561 : EventManager : Event: ======'init_phase_5'====== Args={}
2021-03-19 13:58:15,563 : EventManager : Event: ======'init_done'====== Args={}
2021-03-19 13:58:15,563 : MPF-MC BCP Server : Starting up on localhost port 5050
2021-03-19 13:58:15,568 : MPF-MC BCP Server : Waiting for a connection...
2021-03-19 13:58:15,568 : mpfmc : SlidePlayer: Play called with settings={'slides': {welcome_slide-None-None: {'priority': None, 'target': None, 'background_color': [0.0, 0.0, 0.0, 1.0], 'show': True, 'force': False, 'expire': None, 'slide': None, 'tokens': {}, 'action': 'play', 'transition': None, 'transition_out': None}}}
2021-03-19 13:58:15,574 : kivy : GL: NPOT texture support is available
2021-03-19 13:58:15,577 : EventManager : Event: ======'slide_welcome_slide_created'====== Args={}
2021-03-19 13:58:15,581 : EventManager : Event: ======'slide_welcome_slide_active'====== Args={}
2021-03-19 13:58:15,589 : EventManager : Event: ======'client_disconnected'====== Args={'host': '127.0.0.1', 'port': 5050}
2021-03-19 13:58:16,628 : MPF-MC BCP Server : Received connection from: 127.0.0.1:54446
2021-03-19 13:58:16,641 : EventManager : Event: ======'client_connected'====== Args={'host': '127.0.0.1', 'port': 54446}
2021-03-19 13:58:16,665 : EventManager : Event: ======'machine_var_p_roc_version'====== Args={'value': 2, 'prev_value': None, 'change': True}
2021-03-19 13:58:16,665 : EventManager : Event: ======'machine_var_p_roc_revision'====== Args={'value': 6, 'prev_value': None, 'change': True}
2021-03-19 13:58:16,665 : EventManager : Event: ======'machine_var_p_roc_hardware_version'====== Args={'value': 1, 'prev_value': None, 'change': True}
2021-03-19 13:58:16,666 : EventManager : Event: ======'machine_var_credits_string'====== Args={'value': 'FREE PLAY', 'prev_value': None, 'change': True}
2021-03-19 13:58:16,666 : EventManager : Event: ======'machine_var_mpf_version'====== Args={'value': 'MPF v0.54.6', 'prev_value': None, 'change': True}
2021-03-19 13:58:16,666 : EventManager : Event: ======'machine_var_mpf_extended_version'====== Args={'value': 'MPF v0.54.6, Config version:5, Show version: 5, BCP version:1.1', 'prev_value': None, 'change': True}
2021-03-19 13:58:16,667 : EventManager : Event: ======'machine_var_python_version'====== Args={'value': '3.7.9', 'prev_value': None, 'change': True}
2021-03-19 13:58:16,667 : EventManager : Event: ======'machine_var_platform'====== Args={'value': 'Windows-10-10.0.19041-SP0', 'prev_value': None, 'change': True}
2021-03-19 13:58:16,667 : EventManager : Event: ======'machine_var_platform_system'====== Args={'value': 'Windows', 'prev_value': None, 'change': True}
2021-03-19 13:58:16,667 : EventManager : Event: ======'machine_var_platform_release'====== Args={'value': '10', 'prev_value': None, 'change': True}
2021-03-19 13:58:16,671 : EventManager : Event: ======'machine_var_platform_version'====== Args={'value': '10.0.19041', 'prev_value': None, 'change': True}
2021-03-19 13:58:16,671 : EventManager : Event: ======'machine_var_platform_machine'====== Args={'value': 'AMD64', 'prev_value': None, 'change': True}
2021-03-19 13:58:16,671 : EventManager : Event: ======'machine_var_mc_version'====== Args={'value': 'MPF-MC v0.54.0', 'prev_value': None, 'change': True}
2021-03-19 13:58:16,671 : EventManager : Event: ======'machine_var_mc_extended_version'====== Args={'value': 'MPF-MC v0.54.0 (config_version=5, BCP v1.1, Requires MPF v0.54.0)', 'prev_value': None, 'change': True}
2021-03-19 13:58:16,672 : EventManager : Event: ======'machine_var_master_volume'====== Args={'value': 0.5, 'prev_value': None, 'change': True}
2021-03-19 13:58:16,672 : EventManager : Event: ======'machine_var_audits_switches_s_drop_target'====== Args={'value': 46, 'prev_value': None, 'change': True}
2021-03-19 13:58:16,672 : EventManager : Event: ======'machine_var_audits_switches_s_left_flipper'====== Args={'value': 5, 'prev_value': None, 'change': True}
2021-03-19 13:58:16,672 : EventManager : Event: ======'machine_var_audits_switches_s_left_slingshot'====== Args={'value': 2, 'prev_value': None, 'change': True}
2021-03-19 13:58:16,673 : EventManager : Event: ======'machine_var_audits_switches_s_right_flipper'====== Args={'value': 14, 'prev_value': None, 'change': True}
2021-03-19 13:58:16,673 : EventManager : Event: ======'machine_var_audits_switches_s_right_inlane'====== Args={'value': 7, 'prev_value': None, 'change': True}
2021-03-19 13:58:16,675 : EventManager : Event: ======'machine_var_audits_switches_s_right_slingshot'====== Args={'value': 15, 'prev_value': None, 'change': True}
2021-03-19 13:58:16,676 : EventManager : Event: ======'machine_var_audits_switches_s_start'====== Args={'value': 11, 'prev_value': None, 'change': True}
2021-03-19 13:58:16,676 : EventManager : Event: ======'machine_var_audits_switches_s_trough1'====== Args={'value': 4, 'prev_value': None, 'change': True}
2021-03-19 13:58:16,677 : EventManager : Event: ======'slides_play'====== Args={'settings': {'welcome_slide': {'target': None, 'background_color': [0.0, 0.0, 0.0, 1.0], 'priority': None, 'show': True, 'force': False, 'expire': None, 'slide': None, 'tokens': {}, 'action': 'play'}}, 'context': '_global', 'calling_context': 'init_done', 'priority': 0}
2021-03-19 13:58:16,677 : EventManager : Event: ======'mc_reset_phase_1'====== Args={}
2021-03-19 13:58:16,677 : mpfmc : SlidePlayer: Play called with settings={'welcome_slide': {'target': None, 'background_color': [0.0, 0.0, 0.0, 1.0], 'priority': None, 'show': True, 'force': False, 'expire': None, 'slide': None, 'tokens': {}, 'action': 'play'}}
2021-03-19 13:58:16,678 : EventManager : Event: ======'slide_welcome_slide_removed'====== Args={}
2021-03-19 13:58:16,682 : EventManager : Event: ======'slide_welcome_slide_created'====== Args={}
2021-03-19 13:58:16,683 : EventManager : Event: ======'mc_reset_phase_2'====== Args={}
2021-03-19 13:58:16,683 : EventManager : Event: ======'mc_reset_phase_3'====== Args={}
2021-03-19 13:58:16,684 : EventManager : Event: ======'mc_reset_complete'====== Args={}
2021-03-19 13:58:16,685 : EventManager : Event: ======'slide_welcome_slide_active'====== Args={}
2021-03-19 13:58:16,706 : EventManager : Event: ======'slides_play'====== Args={'settings': {'awesome_slide': {'widgets': [{'type': 'text', 'text': 'YOU ARE AWESOME', 'font_size': 50, '_default_settings': ['type', 'text', 'font_size'], 'x': None, 'y': None, 'anchor_x': 'center', 'anchor_y': 'center', 'round_anchor_x': None, 'round_anchor_y': None, 'opacity': 1.0, 'z': 0, 'reset_animations_events': {}, 'color': [1.0, 1.0, 1.0, 1.0], 'style': [], 'adjust_top': 0, 'adjust_bottom': 0, 'adjust_left': 0, 'adjust_right': 0, 'expire': None, 'key': None, 'widget': None, 'events_when_added': [], 'events_when_removed': [], 'bitmap_font': False, 'font_kerning': True, 'bold': False, 'italic': False, 'number_grouping': False, 'min_digits': 0, 'halign': 'center', 'valign': 'middle', 'rotation': 0, 'scale': 1.0, 'casing': None, 'animations': None}], 'transition': {'type': 'push', 'duration': 1.0, 'direction': 'left', 'easing': 'out_quad'}, 'target': None, 'background_color': [0.0, 0.0, 0.0, 1.0], 'priority': None, 'show': True, 'force': False, 'expire': None, 'slide': None, 'tokens': {}, 'action': 'play'}}, 'context': 'show_2', 'calling_context': 0, 'priority': 10, 'show_tokens': {}, 'start_time': 125002.812}
2021-03-19 13:58:16,707 : mpfmc : SlidePlayer: Play called with settings={'awesome_slide': {'widgets': [{'type': 'text', 'text': 'YOU ARE AWESOME', 'font_size': 50, '_default_settings': ['type', 'text', 'font_size'], 'x': None, 'y': None, 'anchor_x': 'center', 'anchor_y': 'center', 'round_anchor_x': None, 'round_anchor_y': None, 'opacity': 1.0, 'z': 0, 'reset_animations_events': {}, 'color': [1.0, 1.0, 1.0, 1.0], 'style': [], 'adjust_top': 0, 'adjust_bottom': 0, 'adjust_left': 0, 'adjust_right': 0, 'expire': None, 'key': None, 'widget': None, 'events_when_added': [], 'events_when_removed': [], 'bitmap_font': False, 'font_kerning': True, 'bold': False, 'italic': False, 'number_grouping': False, 'min_digits': 0, 'halign': 'center', 'valign': 'middle', 'rotation': 0, 'scale': 1.0, 'casing': None, 'animations': None}], 'transition': {'type': 'push', 'duration': 1.0, 'direction': 'left', 'easing': 'out_quad'}, 'target': None, 'background_color': [0.0, 0.0, 0.0, 1.0], 'priority': None, 'show': True, 'force': False, 'expire': None, 'slide': None, 'tokens': {}, 'action': 'play'}}
2021-03-19 13:58:16,713 : EventManager : Event: ======'slide_awesome_slide_created'====== Args={}
2021-03-19 13:58:16,715 : EventManager : Event: ======'slide_awesome_slide_active'====== Args={}
2021-03-19 13:58:19,703 : EventManager : Event: ======'slides_play'====== Args={'settings': {'press_start': {'widgets': [{'type': 'Text', 'text': 'PRESS START', 'animations': {'pre_show_slide': [{'property': ['opacity'], 'value': ['0'], 'duration': 0.5, 'relative': False, 'timing': 'after_previous', 'repeat': False, 'easing': 'linear'}, {'property': ['opacity'], 'value': ['1'], 'duration': 0.5, 'repeat': False, 'relative': False, 'timing': 'after_previous', 'easing': 'linear'}]}, '_default_settings': ['type', 'text', 'animations'], 'x': None, 'y': None, 'anchor_x': 'center', 'anchor_y': 'center', 'round_anchor_x': None, 'round_anchor_y': None, 'opacity': 1.0, 'z': 0, 'reset_animations_events': {}, 'color': [1.0, 1.0, 1.0, 1.0], 'style': [], 'adjust_top': 0, 'adjust_bottom': 0, 'adjust_left': 0, 'adjust_right': 0, 'expire': None, 'key': None, 'widget': None, 'events_when_added': [], 'events_when_removed': [], 'font_size': 15, 'bitmap_font': False, 'font_kerning': True, 'bold': False, 'italic': False, 'number_grouping': False, 'min_digits': 0, 'halign': 'center', 'valign': 'middle', 'rotation': 0, 'scale': 1.0, 'casing': None}, {'type': 'Text', 'text': 'FREE PLAY', 'color': [0.0, 0.5019607843137255, 0.0, 1], 'y': '10', 'anchor_y': 'bottom', '_default_settings': ['type', 'text', 'color', 'y', 'anchor_y'], 'x': None, 'anchor_x': 'center', 'round_anchor_x': None, 'round_anchor_y': None, 'opacity': 1.0, 'z': 0, 'reset_animations_events': {}, 'style': [], 'adjust_top': 0, 'adjust_bottom': 0, 'adjust_left': 0, 'adjust_right': 0, 'expire': None, 'key': None, 'widget': None, 'events_when_added': [], 'events_when_removed': [], 'font_size': 15, 'bitmap_font': False, 'font_kerning': True, 'bold': False, 'italic': False, 'number_grouping': False, 'min_digits': 0, 'halign': 'center', 'valign': 'middle', 'rotation': 0, 'scale': 1.0, 'casing': None, 'animations': None}], 'transition': {'type': 'move_in', 'duration': 1.0, 'direction': 'right', 'easing': 'out_quad'}, 'target': None, 'background_color': [0.0, 0.0, 0.0, 1.0], 'priority': None, 'show': True, 'force': False, 'expire': None, 'slide': None, 'tokens': {}, 'action': 'play'}}, 'context': 'show_2', 'calling_context': 1, 'priority': 10, 'show_tokens': {}, 'start_time': 125005.812}
2021-03-19 13:58:19,704 : mpfmc : SlidePlayer: Play called with settings={'press_start': {'widgets': [{'type': 'Text', 'text': 'PRESS START', 'animations': {'pre_show_slide': [{'property': ['opacity'], 'value': ['0'], 'duration': 0.5, 'relative': False, 'timing': 'after_previous', 'repeat': False, 'easing': 'linear'}, {'property': ['opacity'], 'value': ['1'], 'duration': 0.5, 'repeat': False, 'relative': False, 'timing': 'after_previous', 'easing': 'linear'}]}, '_default_settings': ['type', 'text', 'animations'], 'x': None, 'y': None, 'anchor_x': 'center', 'anchor_y': 'center', 'round_anchor_x': None, 'round_anchor_y': None, 'opacity': 1.0, 'z': 0, 'reset_animations_events': {}, 'color': [1.0, 1.0, 1.0, 1.0], 'style': [], 'adjust_top': 0, 'adjust_bottom': 0, 'adjust_left': 0, 'adjust_right': 0, 'expire': None, 'key': None, 'widget': None, 'events_when_added': [], 'events_when_removed': [], 'font_size': 15, 'bitmap_font': False, 'font_kerning': True, 'bold': False, 'italic': False, 'number_grouping': False, 'min_digits': 0, 'halign': 'center', 'valign': 'middle', 'rotation': 0, 'scale': 1.0, 'casing': None}, {'type': 'Text', 'text': 'FREE PLAY', 'color': [0.0, 0.5019607843137255, 0.0, 1], 'y': '10', 'anchor_y': 'bottom', '_default_settings': ['type', 'text', 'color', 'y', 'anchor_y'], 'x': None, 'anchor_x': 'center', 'round_anchor_x': None, 'round_anchor_y': None, 'opacity': 1.0, 'z': 0, 'reset_animations_events': {}, 'style': [], 'adjust_top': 0, 'adjust_bottom': 0, 'adjust_left': 0, 'adjust_right': 0, 'expire': None, 'key': None, 'widget': None, 'events_when_added': [], 'events_when_removed': [], 'font_size': 15, 'bitmap_font': False, 'font_kerning': True, 'bold': False, 'italic': False, 'number_grouping': False, 'min_digits': 0, 'halign': 'center', 'valign': 'middle', 'rotation': 0, 'scale': 1.0, 'casing': None, 'animations': None}], 'transition': {'type': 'move_in', 'duration': 1.0, 'direction': 'right', 'easing': 'out_quad'}, 'target': None, 'background_color': [0.0, 0.0, 0.0, 1.0], 'priority': None, 'show': True, 'force': False, 'expire': None, 'slide': None, 'tokens': {}, 'action': 'play'}}
2021-03-19 13:58:19,710 : EventManager : Event: ======'slide_press_start_created'====== Args={}
2021-03-19 13:58:19,712 : EventManager : Event: ======'slide_press_start_active'====== Args={}
2021-03-19 13:58:22,693 : EventManager : Event: ======'slides_play'====== Args={'settings': {'mission_pinball': {'widgets': [{'type': 'Text', 'text': 'MISSION PINBALL', 'color': [1.0, 0.0, 0.0, 1], '_default_settings': ['type', 'text', 'color'], 'x': None, 'y': None, 'anchor_x': 'center', 'anchor_y': 'center', 'round_anchor_x': None, 'round_anchor_y': None, 'opacity': 1.0, 'z': 0, 'reset_animations_events': {}, 'style': [], 'adjust_top': 0, 'adjust_bottom': 0, 'adjust_left': 0, 'adjust_right': 0, 'expire': None, 'key': None, 'widget': None, 'events_when_added': [], 'events_when_removed': [], 'font_size': 15, 'bitmap_font': False, 'font_kerning': True, 'bold': False, 'italic': False, 'number_grouping': False, 'min_digits': 0, 'halign': 'center', 'valign': 'middle', 'rotation': 0, 'scale': 1.0, 'casing': None, 'animations': None}], 'transition': {'type': 'move_in', 'duration': 1.0, 'direction': 'top', 'easing': 'out_quad'}, 'target': None, 'background_color': [0.0, 0.0, 0.0, 1.0], 'priority': None, 'show': True, 'force': False, 'expire': None, 'slide': None, 'tokens': {}, 'action': 'play'}}, 'context': 'show_2', 'calling_context': 2, 'priority': 10, 'show_tokens': {}, 'start_time': 125008.812}
2021-03-19 13:58:22,694 : mpfmc : SlidePlayer: Play called with settings={'mission_pinball': {'widgets': [{'type': 'Text', 'text': 'MISSION PINBALL', 'color': [1.0, 0.0, 0.0, 1], '_default_settings': ['type', 'text', 'color'], 'x': None, 'y': None, 'anchor_x': 'center', 'anchor_y': 'center', 'round_anchor_x': None, 'round_anchor_y': None, 'opacity': 1.0, 'z': 0, 'reset_animations_events': {}, 'style': [], 'adjust_top': 0, 'adjust_bottom': 0, 'adjust_left': 0, 'adjust_right': 0, 'expire': None, 'key': None, 'widget': None, 'events_when_added': [], 'events_when_removed': [], 'font_size': 15, 'bitmap_font': False, 'font_kerning': True, 'bold': False, 'italic': False, 'number_grouping': False, 'min_digits': 0, 'halign': 'center', 'valign': 'middle', 'rotation': 0, 'scale': 1.0, 'casing': None, 'animations': None}], 'transition': {'type': 'move_in', 'duration': 1.0, 'direction': 'top', 'easing': 'out_quad'}, 'target': None, 'background_color': [0.0, 0.0, 0.0, 1.0], 'priority': None, 'show': True, 'force': False, 'expire': None, 'slide': None, 'tokens': {}, 'action': 'play'}}
2021-03-19 13:58:22,697 : EventManager : Event: ======'slide_mission_pinball_created'====== Args={}
2021-03-19 13:58:22,699 : EventManager : Event: ======'slide_mission_pinball_active'====== Args={}
2021-03-19 13:58:25,694 : EventManager : Event: ======'slides_play'====== Args={'settings': {'last_game_score_slide': {'widgets': [{'type': 'text', 'text': 'LAST GAME', 'font_size': 50, 'y': '60%', '_default_settings': ['type', 'text', 'font_size', 'y'], 'x': None, 'anchor_x': 'center', 'anchor_y': 'center', 'round_anchor_x': None, 'round_anchor_y': None, 'opacity': 1.0, 'z': 0, 'reset_animations_events': {}, 'color': [1.0, 1.0, 1.0, 1.0], 'style': [], 'adjust_top': 0, 'adjust_bottom': 0, 'adjust_left': 0, 'adjust_right': 0, 'expire': None, 'key': None, 'widget': None, 'events_when_added': [], 'events_when_removed': [], 'bitmap_font': False, 'font_kerning': True, 'bold': False, 'italic': False, 'number_grouping': False, 'min_digits': 0, 'halign': 'center', 'valign': 'middle', 'rotation': 0, 'scale': 1.0, 'casing': None, 'animations': None}, {'type': 'text', 'text': '(machine|player1_score)', 'number_grouping': True, 'min_digits': 2, 'font_size': 50, 'y': '40%', '_default_settings': ['type', 'text', 'number_grouping', 'min_digits', 'font_size', 'y'], 'x': None, 'anchor_x': 'center', 'anchor_y': 'center', 'round_anchor_x': None, 'round_anchor_y': None, 'opacity': 1.0, 'z': 0, 'reset_animations_events': {}, 'color': [1.0, 1.0, 1.0, 1.0], 'style': [], 'adjust_top': 0, 'adjust_bottom': 0, 'adjust_left': 0, 'adjust_right': 0, 'expire': None, 'key': None, 'widget': None, 'events_when_added': [], 'events_when_removed': [], 'bitmap_font': False, 'font_kerning': True, 'bold': False, 'italic': False, 'halign': 'center', 'valign': 'middle', 'rotation': 0, 'scale': 1.0, 'casing': None, 'animations': None}], 'target': None, 'background_color': [0.0, 0.0, 0.0, 1.0], 'priority': None, 'show': True, 'force': False, 'expire': None, 'slide': None, 'tokens': {}, 'action': 'play'}}, 'context': 'show_2', 'calling_context': 3, 'priority': 10, 'show_tokens': {}, 'start_time': 125011.812}
2021-03-19 13:58:25,695 : mpfmc : SlidePlayer: Play called with settings={'last_game_score_slide': {'widgets': [{'type': 'text', 'text': 'LAST GAME', 'font_size': 50, 'y': '60%', '_default_settings': ['type', 'text', 'font_size', 'y'], 'x': None, 'anchor_x': 'center', 'anchor_y': 'center', 'round_anchor_x': None, 'round_anchor_y': None, 'opacity': 1.0, 'z': 0, 'reset_animations_events': {}, 'color': [1.0, 1.0, 1.0, 1.0], 'style': [], 'adjust_top': 0, 'adjust_bottom': 0, 'adjust_left': 0, 'adjust_right': 0, 'expire': None, 'key': None, 'widget': None, 'events_when_added': [], 'events_when_removed': [], 'bitmap_font': False, 'font_kerning': True, 'bold': False, 'italic': False, 'number_grouping': False, 'min_digits': 0, 'halign': 'center', 'valign': 'middle', 'rotation': 0, 'scale': 1.0, 'casing': None, 'animations': None}, {'type': 'text', 'text': '(machine|player1_score)', 'number_grouping': True, 'min_digits': 2, 'font_size': 50, 'y': '40%', '_default_settings': ['type', 'text', 'number_grouping', 'min_digits', 'font_size', 'y'], 'x': None, 'anchor_x': 'center', 'anchor_y': 'center', 'round_anchor_x': None, 'round_anchor_y': None, 'opacity': 1.0, 'z': 0, 'reset_animations_events': {}, 'color': [1.0, 1.0, 1.0, 1.0], 'style': [], 'adjust_top': 0, 'adjust_bottom': 0, 'adjust_left': 0, 'adjust_right': 0, 'expire': None, 'key': None, 'widget': None, 'events_when_added': [], 'events_when_removed': [], 'bitmap_font': False, 'font_kerning': True, 'bold': False, 'italic': False, 'halign': 'center', 'valign': 'middle', 'rotation': 0, 'scale': 1.0, 'casing': None, 'animations': None}], 'target': None, 'background_color': [0.0, 0.0, 0.0, 1.0], 'priority': None, 'show': True, 'force': False, 'expire': None, 'slide': None, 'tokens': {}, 'action': 'play'}}
2021-03-19 13:58:25,700 : EventManager : Event: ======'slide_last_game_score_slide_created'====== Args={}
2021-03-19 13:58:25,701 : EventManager : Unordered handler for class <Text Widget text=> on event machine_var_player1_score with priority 1. Handlers: [RegisteredHandler(callback=<bound method Text._machine_var_change of <Text Widget text=>>, priority=1, kwargs={}, key=UUID('98bd2a3e-44fe-4a4e-abb1-0315c5a0dd50'), condition=None, blocking_facility=None), RegisteredHandler(callback=<bound method Text._machine_var_change of <Text Widget text=>>, priority=1, kwargs={}, key=UUID('5a458be8-1951-4840-ae25-c56f527bf8e6'), condition=None, blocking_facility=None)]. The order of those handlers is not defined and they will be executed in random order. This might lead to race conditions and potential bugs.
2021-03-19 13:58:25,702 : EventManager : Event: ======'slide_last_game_score_slide_active'====== Args={}
2021-03-19 13:58:28,711 : EventManager : Event: ======'slides_play'====== Args={'settings': {'awesome_slide': {'widgets': [{'type': 'text', 'text': 'YOU ARE AWESOME', 'font_size': 50, '_default_settings': ['type', 'text', 'font_size'], 'x': None, 'y': None, 'anchor_x': 'center', 'anchor_y': 'center', 'round_anchor_x': None, 'round_anchor_y': None, 'opacity': 1.0, 'z': 0, 'reset_animations_events': {}, 'color': [1.0, 1.0, 1.0, 1.0], 'style': [], 'adjust_top': 0, 'adjust_bottom': 0, 'adjust_left': 0, 'adjust_right': 0, 'expire': None, 'key': None, 'widget': None, 'events_when_added': [], 'events_when_removed': [], 'bitmap_font': False, 'font_kerning': True, 'bold': False, 'italic': False, 'number_grouping': False, 'min_digits': 0, 'halign': 'center', 'valign': 'middle', 'rotation': 0, 'scale': 1.0, 'casing': None, 'animations': None}], 'transition': {'type': 'push', 'duration': 1.0, 'direction': 'left', 'easing': 'out_quad'}, 'target': None, 'background_color': [0.0, 0.0, 0.0, 1.0], 'priority': None, 'show': True, 'force': False, 'expire': None, 'slide': None, 'tokens': {}, 'action': 'play'}}, 'context': 'show_2', 'calling_context': 0, 'priority': 10, 'show_tokens': {}, 'start_time': 125014.812}
2021-03-19 13:58:28,712 : mpfmc : SlidePlayer: Play called with settings={'awesome_slide': {'widgets': [{'type': 'text', 'text': 'YOU ARE AWESOME', 'font_size': 50, '_default_settings': ['type', 'text', 'font_size'], 'x': None, 'y': None, 'anchor_x': 'center', 'anchor_y': 'center', 'round_anchor_x': None, 'round_anchor_y': None, 'opacity': 1.0, 'z': 0, 'reset_animations_events': {}, 'color': [1.0, 1.0, 1.0, 1.0], 'style': [], 'adjust_top': 0, 'adjust_bottom': 0, 'adjust_left': 0, 'adjust_right': 0, 'expire': None, 'key': None, 'widget': None, 'events_when_added': [], 'events_when_removed': [], 'bitmap_font': False, 'font_kerning': True, 'bold': False, 'italic': False, 'number_grouping': False, 'min_digits': 0, 'halign': 'center', 'valign': 'middle', 'rotation': 0, 'scale': 1.0, 'casing': None, 'animations': None}], 'transition': {'type': 'push', 'duration': 1.0, 'direction': 'left', 'easing': 'out_quad'}, 'target': None, 'background_color': [0.0, 0.0, 0.0, 1.0], 'priority': None, 'show': True, 'force': False, 'expire': None, 'slide': None, 'tokens': {}, 'action': 'play'}}
2021-03-19 13:58:28,714 : EventManager : Event: ======'slide_awesome_slide_removed'====== Args={}
2021-03-19 13:58:28,716 : EventManager : Event: ======'slide_awesome_slide_created'====== Args={}
2021-03-19 13:58:28,718 : EventManager : Event: ======'slide_awesome_slide_active'====== Args={}
2021-03-19 13:58:30,871 : EventManager : Event: ======'game_started'====== Args={}
2021-03-19 13:58:30,871 : EventManager : Event: ======'slides_clear'====== Args={'context': 'show_2'}
2021-03-19 13:58:30,873 : EventManager : Event: ======'slide_press_start_removed'====== Args={}
2021-03-19 13:58:30,874 : EventManager : Event: ======'slide_mission_pinball_removed'====== Args={}
2021-03-19 13:58:30,875 : EventManager : Event: ======'slide_last_game_score_slide_removed'====== Args={}
2021-03-19 13:58:30,877 : EventManager : Event: ======'slide_awesome_slide_removed'====== Args={}
2021-03-19 13:58:30,878 : EventManager : Event: ======'slide_welcome_slide_active'====== Args={}
2021-03-19 13:58:30,882 : EventManager : Event: ======'player_added'====== Args={'player': <Player 1>, 'num': 1}
2021-03-19 13:58:30,885 : EventManager : Event: ======'player_index'====== Args={'value': 0, 'prev_value': 0, 'change': 0, 'player_num': 1}
2021-03-19 13:58:30,885 : EventManager : Event: ======'player_number'====== Args={'value': 1, 'prev_value': 1, 'change': 0, 'player_num': 1}
2021-03-19 13:58:30,885 : EventManager : Event: ======'player_score'====== Args={'value': 0, 'prev_value': 0, 'change': 0, 'player_num': 1}
2021-03-19 13:58:30,886 : EventManager : Event: ======'player_ball'====== Args={'value': 1, 'prev_value': 0, 'change': 1, 'player_num': 1}
2021-03-19 13:58:30,886 : EventManager : Event: ======'player_turn_start'====== Args={'number': 1, 'player': <Player 1>}
2021-03-19 13:58:30,892 : EventManager : Event: ======'slides_play'====== Args={'settings': {'widgets': {'widgets': [{'type': 'text', 'text': '(score)', 'number_grouping': True, 'min_digits': 2, 'font_size': 100, '_default_settings': ['type', 'text', 'number_grouping', 'min_digits', 'font_size'], 'x': None, 'y': None, 'anchor_x': 'center', 'anchor_y': 'center', 'round_anchor_x': None, 'round_anchor_y': None, 'opacity': 1.0, 'z': 0, 'reset_animations_events': {}, 'color': [1.0, 1.0, 1.0, 1.0], 'style': [], 'adjust_top': 0, 'adjust_bottom': 0, 'adjust_left': 0, 'adjust_right': 0, 'expire': None, 'key': None, 'widget': None, 'events_when_added': [], 'events_when_removed': [], 'bitmap_font': False, 'font_kerning': True, 'bold': False, 'italic': False, 'halign': 'center', 'valign': 'middle', 'rotation': 0, 'scale': 1.0, 'casing': None, 'animations': None}, {'type': 'text', 'text': 'PLAYER (number)', 'y': '10', 'x': '10', 'font_size': 50, 'anchor_x': 'left', 'anchor_y': 'bottom', '_default_settings': ['type', 'text', 'y', 'x', 'font_size', 'anchor_x', 'anchor_y'], 'round_anchor_x': None, 'round_anchor_y': None, 'opacity': 1.0, 'z': 0, 'reset_animations_events': {}, 'color': [1.0, 1.0, 1.0, 1.0], 'style': [], 'adjust_top': 0, 'adjust_bottom': 0, 'adjust_left': 0, 'adjust_right': 0, 'expire': None, 'key': None, 'widget': None, 'events_when_added': [], 'events_when_removed': [], 'bitmap_font': False, 'font_kerning': True, 'bold': False, 'italic': False, 'number_grouping': False, 'min_digits': 0, 'halign': 'center', 'valign': 'middle', 'rotation': 0, 'scale': 1.0, 'casing': None, 'animations': None}, {'type': 'text', 'text': 'BALL (ball)', 'y': '10', 'x': 'right-10', 'anchor_x': 'right', 'anchor_y': 'bottom', 'font_size': 50, '_default_settings': ['type', 'text', 'y', 'x', 'anchor_x', 'anchor_y', 'font_size'], 'round_anchor_x': None, 'round_anchor_y': None, 'opacity': 1.0, 'z': 0, 'reset_animations_events': {}, 'color': [1.0, 1.0, 1.0, 1.0], 'style': [], 'adjust_top': 0, 'adjust_bottom': 0, 'adjust_left': 0, 'adjust_right': 0, 'expire': None, 'key': None, 'widget': None, 'events_when_added': [], 'events_when_removed': [], 'bitmap_font': False, 'font_kerning': True, 'bold': False, 'italic': False, 'number_grouping': False, 'min_digits': 0, 'halign': 'center', 'valign': 'middle', 'rotation': 0, 'scale': 1.0, 'casing': None, 'animations': None}], 'target': None, 'background_color': [0.0, 0.0, 0.0, 1.0], 'priority': None, 'show': True, 'force': False, 'expire': None, 'slide': None, 'tokens': {}, 'action': 'play'}}, 'context': 'base', 'calling_context': 'mode_base_started', 'priority': 100, 'player': 1, 'ball': 1, 'balls_remaining': 2, 'is_extra_ball': False}
2021-03-19 13:58:30,896 : mpfmc : SlidePlayer: Play called with settings={'widgets': {'widgets': [{'type': 'text', 'text': '(score)', 'number_grouping': True, 'min_digits': 2, 'font_size': 100, '_default_settings': ['type', 'text', 'number_grouping', 'min_digits', 'font_size'], 'x': None, 'y': None, 'anchor_x': 'center', 'anchor_y': 'center', 'round_anchor_x': None, 'round_anchor_y': None, 'opacity': 1.0, 'z': 0, 'reset_animations_events': {}, 'color': [1.0, 1.0, 1.0, 1.0], 'style': [], 'adjust_top': 0, 'adjust_bottom': 0, 'adjust_left': 0, 'adjust_right': 0, 'expire': None, 'key': None, 'widget': None, 'events_when_added': [], 'events_when_removed': [], 'bitmap_font': False, 'font_kerning': True, 'bold': False, 'italic': False, 'halign': 'center', 'valign': 'middle', 'rotation': 0, 'scale': 1.0, 'casing': None, 'animations': None}, {'type': 'text', 'text': 'PLAYER (number)', 'y': '10', 'x': '10', 'font_size': 50, 'anchor_x': 'left', 'anchor_y': 'bottom', '_default_settings': ['type', 'text', 'y', 'x', 'font_size', 'anchor_x', 'anchor_y'], 'round_anchor_x': None, 'round_anchor_y': None, 'opacity': 1.0, 'z': 0, 'reset_animations_events': {}, 'color': [1.0, 1.0, 1.0, 1.0], 'style': [], 'adjust_top': 0, 'adjust_bottom': 0, 'adjust_left': 0, 'adjust_right': 0, 'expire': None, 'key': None, 'widget': None, 'events_when_added': [], 'events_when_removed': [], 'bitmap_font': False, 'font_kerning': True, 'bold': False, 'italic': False, 'number_grouping': False, 'min_digits': 0, 'halign': 'center', 'valign': 'middle', 'rotation': 0, 'scale': 1.0, 'casing': None, 'animations': None}, {'type': 'text', 'text': 'BALL (ball)', 'y': '10', 'x': 'right-10', 'anchor_x': 'right', 'anchor_y': 'bottom', 'font_size': 50, '_default_settings': ['type', 'text', 'y', 'x', 'anchor_x', 'anchor_y', 'font_size'], 'round_anchor_x': None, 'round_anchor_y': None, 'opacity': 1.0, 'z': 0, 'reset_animations_events': {}, 'color': [1.0, 1.0, 1.0, 1.0], 'style': [], 'adjust_top': 0, 'adjust_bottom': 0, 'adjust_left': 0, 'adjust_right': 0, 'expire': None, 'key': None, 'widget': None, 'events_when_added': [], 'events_when_removed': [], 'bitmap_font': False, 'font_kerning': True, 'bold': False, 'italic': False, 'number_grouping': False, 'min_digits': 0, 'halign': 'center', 'valign': 'middle', 'rotation': 0, 'scale': 1.0, 'casing': None, 'animations': None}], 'target': None, 'background_color': [0.0, 0.0, 0.0, 1.0], 'priority': None, 'show': True, 'force': False, 'expire': None, 'slide': None, 'tokens': {}, 'action': 'play'}}
2021-03-19 13:58:30,911 : EventManager : Event: ======'slide_base.slide_player-mode_base_started_created'====== Args={}
2021-03-19 13:58:30,913 : EventManager : Event: ======'slide_base.slide_player-mode_base_started_active'====== Args={}
2021-03-19 13:58:33,617 : EventManager : Event: ======'machine_var_audits_switches_s_right_flipper'====== Args={'value': 15, 'prev_value': 14, 'change': 1}
2021-03-19 13:58:33,782 : EventManager : Event: ======'machine_var_audits_switches_s_right_flipper'====== Args={'value': 16, 'prev_value': 15, 'change': 1}
2021-03-19 13:58:34,347 : EventManager : Event: ======'machine_var_audits_switches_s_left_flipper'====== Args={'value': 6, 'prev_value': 5, 'change': 1}
2021-03-19 13:58:34,347 : EventManager : Event: ======'player_score'====== Args={'value': 1000, 'prev_value': 0, 'change': 1000, 'player_num': 1}
2021-03-19 13:58:34,521 : EventManager : Event: ======'machine_var_audits_switches_s_left_flipper'====== Args={'value': 7, 'prev_value': 6, 'change': 1}
2021-03-19 13:58:34,521 : EventManager : Event: ======'player_score'====== Args={'value': 2000, 'prev_value': 1000, 'change': 1000, 'player_num': 1}
2021-03-19 13:58:34,686 : EventManager : Event: ======'machine_var_audits_switches_s_left_flipper'====== Args={'value': 8, 'prev_value': 7, 'change': 1}
2021-03-19 13:58:34,687 : EventManager : Event: ======'player_score'====== Args={'value': 3000, 'prev_value': 2000, 'change': 1000, 'player_num': 1}
2021-03-19 13:58:35,230 : EventManager : Event: ======'machine_var_audits_switches_s_right_flipper'====== Args={'value': 17, 'prev_value': 16, 'change': 1}
2021-03-19 13:58:35,394 : EventManager : Event: ======'machine_var_audits_switches_s_right_flipper'====== Args={'value': 18, 'prev_value': 17, 'change': 1}
2021-03-19 13:58:35,532 : EventManager : Event: ======'machine_var_audits_switches_s_right_flipper'====== Args={'value': 19, 'prev_value': 18, 'change': 1}
2021-03-19 13:58:36,799 : EventManager : Event: ======'machine_var_audits_switches_s_drop_target'====== Args={'value': 47, 'prev_value': 46, 'change': 1}
2021-03-19 13:58:37,886 : EventManager : Event: ======'machine_var_audits_switches_s_drop_target'====== Args={'value': 48, 'prev_value': 47, 'change': 1}
2021-03-19 13:58:39,394 : EventManager : Event: ======'machine_var_audits_switches_s_drop_target'====== Args={'value': 49, 'prev_value': 48, 'change': 1}
2021-03-19 13:58:40,873 : EventManager : Event: ======'machine_var_audits_switches_s_drop_target'====== Args={'value': 50, 'prev_value': 49, 'change': 1}
2021-03-19 13:58:42,380 : EventManager : Event: ======'machine_var_audits_switches_s_drop_target'====== Args={'value': 51, 'prev_value': 50, 'change': 1}
2021-03-19 13:58:43,889 : EventManager : Event: ======'machine_var_audits_switches_s_drop_target'====== Args={'value': 52, 'prev_value': 51, 'change': 1}
2021-03-19 13:58:44,458 : EventManager : Event: ======'machine_var_audits_switches_s_right_flipper'====== Args={'value': 20, 'prev_value': 19, 'change': 1}
2021-03-19 13:58:44,621 : EventManager : Event: ======'machine_var_audits_switches_s_right_flipper'====== Args={'value': 21, 'prev_value': 20, 'change': 1}
2021-03-19 13:58:44,734 : EventManager : Event: ======'machine_var_audits_switches_s_right_flipper'====== Args={'value': 22, 'prev_value': 21, 'change': 1}
2021-03-19 13:58:45,368 : EventManager : Event: ======'machine_var_audits_switches_s_left_flipper'====== Args={'value': 9, 'prev_value': 8, 'change': 1}
2021-03-19 13:58:45,369 : EventManager : Event: ======'player_score'====== Args={'value': 4000, 'prev_value': 3000, 'change': 1000, 'player_num': 1}
2021-03-19 13:58:45,393 : EventManager : Event: ======'machine_var_audits_switches_s_drop_target'====== Args={'value': 53, 'prev_value': 52, 'change': 1}
2021-03-19 13:58:45,506 : EventManager : Event: ======'machine_var_audits_switches_s_left_flipper'====== Args={'value': 10, 'prev_value': 9, 'change': 1}
2021-03-19 13:58:45,506 : EventManager : Event: ======'player_score'====== Args={'value': 5000, 'prev_value': 4000, 'change': 1000, 'player_num': 1}
2021-03-19 13:58:45,657 : EventManager : Event: ======'machine_var_audits_switches_s_left_flipper'====== Args={'value': 11, 'prev_value': 10, 'change': 1}
2021-03-19 13:58:45,657 : EventManager : Event: ======'player_score'====== Args={'value': 6000, 'prev_value': 5000, 'change': 1000, 'player_num': 1}
2021-03-19 13:58:45,808 : EventManager : Event: ======'machine_var_audits_switches_s_left_flipper'====== Args={'value': 12, 'prev_value': 11, 'change': 1}
2021-03-19 13:58:45,808 : EventManager : Event: ======'player_score'====== Args={'value': 7000, 'prev_value': 6000, 'change': 1000, 'player_num': 1}
2021-03-19 13:58:46,477 : EventManager : Event: ======'machine_var_audits_switches_s_right_slingshot'====== Args={'value': 16, 'prev_value': 15, 'change': 1}
2021-03-19 13:58:46,678 : EventManager : Event: ======'machine_var_audits_switches_s_right_slingshot'====== Args={'value': 17, 'prev_value': 16, 'change': 1}
2021-03-19 13:58:46,878 : EventManager : Event: ======'machine_var_audits_switches_s_right_slingshot'====== Args={'value': 18, 'prev_value': 17, 'change': 1}
2021-03-19 13:58:46,891 : EventManager : Event: ======'machine_var_audits_switches_s_drop_target'====== Args={'value': 54, 'prev_value': 53, 'change': 1}
2021-03-19 13:58:46,891 : EventManager : Event: ======'machine_var_audits_switches_s_right_slingshot'====== Args={'value': 19, 'prev_value': 18, 'change': 1}
2021-03-19 13:58:47,386 : EventManager : Event: ======'machine_var_audits_switches_s_left_slingshot'====== Args={'value': 3, 'prev_value': 2, 'change': 1}
2021-03-19 13:58:47,423 : EventManager : Event: ======'machine_var_audits_switches_s_left_slingshot'====== Args={'value': 4, 'prev_value': 3, 'change': 1}
2021-03-19 13:58:47,598 : EventManager : Event: ======'machine_var_audits_switches_s_left_slingshot'====== Args={'value': 5, 'prev_value': 4, 'change': 1}
2021-03-19 13:58:47,635 : EventManager : Event: ======'machine_var_audits_switches_s_left_slingshot'====== Args={'value': 6, 'prev_value': 5, 'change': 1}
2021-03-19 13:58:47,774 : EventManager : Event: ======'machine_var_audits_switches_s_left_slingshot'====== Args={'value': 7, 'prev_value': 6, 'change': 1}
2021-03-19 13:58:48,101 : EventManager : Event: ======'machine_var_audits_switches_s_right_slingshot'====== Args={'value': 20, 'prev_value': 19, 'change': 1}
2021-03-19 13:58:48,138 : EventManager : Event: ======'machine_var_audits_switches_s_right_slingshot'====== Args={'value': 21, 'prev_value': 20, 'change': 1}
2021-03-19 13:58:48,340 : EventManager : Event: ======'machine_var_audits_switches_s_right_slingshot'====== Args={'value': 22, 'prev_value': 21, 'change': 1}
2021-03-19 13:58:48,391 : EventManager : Event: ======'machine_var_audits_switches_s_drop_target'====== Args={'value': 55, 'prev_value': 54, 'change': 1}
2021-03-19 13:58:48,391 : EventManager : Event: ======'machine_var_audits_switches_s_right_slingshot'====== Args={'value': 23, 'prev_value': 22, 'change': 1}
2021-03-19 13:58:49,050 : EventManager : Event: ======'machine_var_audits_switches_s_right_slingshot'====== Args={'value': 24, 'prev_value': 23, 'change': 1}
2021-03-19 13:58:49,099 : EventManager : Event: ======'machine_var_audits_switches_s_right_slingshot'====== Args={'value': 25, 'prev_value': 24, 'change': 1}
2021-03-19 13:58:49,326 : EventManager : Event: ======'machine_var_audits_switches_s_right_slingshot'====== Args={'value': 26, 'prev_value': 25, 'change': 1}
2021-03-19 13:58:49,617 : EventManager : Event: ======'machine_var_audits_switches_s_right_slingshot'====== Args={'value': 27, 'prev_value': 26, 'change': 1}
2021-03-19 13:58:49,897 : EventManager : Event: ======'machine_var_audits_switches_s_drop_target'====== Args={'value': 56, 'prev_value': 55, 'change': 1}
2021-03-19 13:58:50,073 : EventManager : Event: ======'machine_var_audits_switches_s_right_slingshot'====== Args={'value': 28, 'prev_value': 27, 'change': 1}
2021-03-19 13:58:50,099 : EventManager : Event: ======'machine_var_audits_switches_s_right_slingshot'====== Args={'value': 29, 'prev_value': 28, 'change': 1}
2021-03-19 13:58:50,288 : EventManager : Event: ======'machine_var_audits_switches_s_right_slingshot'====== Args={'value': 30, 'prev_value': 29, 'change': 1}
2021-03-19 13:58:50,350 : EventManager : Event: ======'machine_var_audits_switches_s_right_slingshot'====== Args={'value': 31, 'prev_value': 30, 'change': 1}
2021-03-19 13:58:51,403 : EventManager : Event: ======'machine_var_audits_switches_s_drop_target'====== Args={'value': 57, 'prev_value': 56, 'change': 1}
2021-03-19 13:58:51,833 : EventManager : Event: ======'machine_var_audits_switches_s_left_slingshot'====== Args={'value': 8, 'prev_value': 7, 'change': 1}
2021-03-19 13:58:51,871 : EventManager : Event: ======'machine_var_audits_switches_s_left_slingshot'====== Args={'value': 9, 'prev_value': 8, 'change': 1}
2021-03-19 13:58:52,896 : EventManager : Event: ======'machine_var_audits_switches_s_drop_target'====== Args={'value': 58, 'prev_value': 57, 'change': 1}
2021-03-19 13:58:53,453 : EventManager : Event: ======'machine_var_audits_switches_s_left_flipper'====== Args={'value': 13, 'prev_value': 12, 'change': 1}
2021-03-19 13:58:53,453 : EventManager : Event: ======'player_score'====== Args={'value': 8000, 'prev_value': 7000, 'change': 1000, 'player_num': 1}
2021-03-19 13:58:53,630 : EventManager : Event: ======'machine_var_audits_switches_s_left_flipper'====== Args={'value': 14, 'prev_value': 13, 'change': 1}
2021-03-19 13:58:53,630 : EventManager : Event: ======'player_score'====== Args={'value': 9000, 'prev_value': 8000, 'change': 1000, 'player_num': 1}
2021-03-19 13:58:54,119 : EventManager : Event: ======'machine_var_audits_switches_s_right_flipper'====== Args={'value': 23, 'prev_value': 22, 'change': 1}
2021-03-19 13:58:54,333 : EventManager : Event: ======'machine_var_audits_switches_s_right_flipper'====== Args={'value': 24, 'prev_value': 23, 'change': 1}
2021-03-19 13:58:54,397 : EventManager : Event: ======'machine_var_audits_switches_s_drop_target'====== Args={'value': 59, 'prev_value': 58, 'change': 1}
2021-03-19 13:58:54,497 : EventManager : Event: ======'machine_var_audits_switches_s_right_flipper'====== Args={'value': 25, 'prev_value': 24, 'change': 1}
2021-03-19 13:58:55,901 : EventManager : Event: ======'machine_var_audits_switches_s_drop_target'====== Args={'value': 60, 'prev_value': 59, 'change': 1}
2021-03-19 13:58:59,214 : EventManager : Event: ======'machine_var_audits_switches_s_drop_target'====== Args={'value': 61, 'prev_value': 60, 'change': 1}
2021-03-19 13:59:00,319 : EventManager : Event: ======'machine_var_audits_switches_s_drop_target'====== Args={'value': 62, 'prev_value': 61, 'change': 1}
2021-03-19 13:59:01,826 : EventManager : Event: ======'machine_var_audits_switches_s_drop_target'====== Args={'value': 63, 'prev_value': 62, 'change': 1}
2021-03-19 13:59:03,320 : EventManager : Event: ======'machine_var_audits_switches_s_drop_target'====== Args={'value': 64, 'prev_value': 63, 'change': 1}
2021-03-19 13:59:04,811 : EventManager : Event: ======'machine_var_audits_switches_s_drop_target'====== Args={'value': 65, 'prev_value': 64, 'change': 1}
2021-03-19 13:59:06,303 : EventManager : Event: ======'machine_var_audits_switches_s_drop_target'====== Args={'value': 66, 'prev_value': 65, 'change': 1}
2021-03-19 13:59:07,810 : EventManager : Event: ======'machine_var_audits_switches_s_drop_target'====== Args={'value': 67, 'prev_value': 66, 'change': 1}
2021-03-19 13:59:09,326 : EventManager : Event: ======'machine_var_audits_switches_s_drop_target'====== Args={'value': 68, 'prev_value': 67, 'change': 1}
2021-03-19 13:59:10,794 : EventManager : Event: ======'machine_var_audits_switches_s_drop_target'====== Args={'value': 69, 'prev_value': 68, 'change': 1}
2021-03-19 13:59:12,290 : EventManager : Event: ======'machine_var_audits_switches_s_drop_target'====== Args={'value': 70, 'prev_value': 69, 'change': 1}
2021-03-19 13:59:13,808 : EventManager : Event: ======'machine_var_audits_switches_s_drop_target'====== Args={'value': 71, 'prev_value': 70, 'change': 1}
2021-03-19 13:59:15,329 : EventManager : Event: ======'machine_var_audits_switches_s_drop_target'====== Args={'value': 72, 'prev_value': 71, 'change': 1}
2021-03-19 13:59:16,809 : EventManager : Event: ======'machine_var_audits_switches_s_drop_target'====== Args={'value': 73, 'prev_value': 72, 'change': 1}
2021-03-19 13:59:18,317 : EventManager : Event: ======'machine_var_audits_switches_s_drop_target'====== Args={'value': 74, 'prev_value': 73, 'change': 1}
2021-03-19 13:59:19,801 : EventManager : Event: ======'machine_var_audits_switches_s_drop_target'====== Args={'value': 75, 'prev_value': 74, 'change': 1}
2021-03-19 13:59:21,265 : kivy : Base: Leaving application in progress...
2021-03-19 13:59:21,471 : kivy : WindowSDL: exiting mainloop and closing.
2021-03-19 13:59:21,492 : mpfmc : Stopping...
2021-03-19 13:59:21,492 : EventManager : Event: ======'shutdown'====== Args={}
2021-03-19 13:59:21,493 : mpfmc : Loop rate 78.76 Hz
2021-03-19 13:59:21,495 : kivy : MC run loop ended.
2021-03-19 13:59:21,495 : kivy : Stopping child threads... (3 remaining)
2021-03-19 13:59:21,937 : MPF-MC BCP Server : Stopping BCP sending thread
2021-03-19 13:59:22,452 : mpfmc : Stopping...
2021-03-19 13:59:22,452 : EventManager : Event: ======'shutdown'====== Args={}
2021-03-19 13:59:22,453 : mpfmc : Loop rate 77.63 Hz
2021-03-19 13:59:22,503 : kivy : All child threads stopped.
