2021-03-18 18:08:00,211 : INFO : root : Loading config.
2021-03-18 18:08:00,217 : INFO : YamlMultifileConfigLoader : Machine config file #1: config.yaml
2021-03-18 18:08:00,218 : WARNING : ConfigProcessor : Config file in cache changed: C:\Users\Noah\work\Andy Cavatorta\pinball\notes\MPF\noahgame_02\config\config.yaml
2021-03-18 18:08:00,219 : INFO : ConfigProcessor : Loading config from file c:\users\noah\mpfenv\lib\site-packages\mpf\mpfconfig.yaml.
2021-03-18 18:08:00,349 : INFO : ConfigProcessor : Loading config: c:\users\noah\mpfenv\lib\site-packages\mpf\mpfconfig.yaml
2021-03-18 18:08:00,350 : INFO : ConfigProcessor : Loading config from file C:\Users\Noah\work\Andy Cavatorta\pinball\notes\MPF\noahgame_02\config\config.yaml.
2021-03-18 18:08:00,388 : INFO : ConfigProcessor : Loading config: C:\Users\Noah\work\Andy Cavatorta\pinball\notes\MPF\noahgame_02\config\config.yaml
2021-03-18 18:08:00,390 : INFO : ConfigProcessor : Config file cache created: C:\Users\Noah\AppData\Local\Temp\d1f6a309ab2e3c3e66b0fef93f7a960f.mpf_cache
2021-03-18 18:08:00,522 : INFO : ConfigProcessor : Loading config from cache: C:\Users\Noah\AppData\Local\Temp\74774f186c18434d8d39d0d4b0a3afeb.mpf_cache
2021-03-18 18:08:00,523 : INFO : ConfigProcessor : Loading config from cache: C:\Users\Noah\AppData\Local\Temp\a7eac71e9da1e9cfd4db34c71351dbda.mpf_cache
2021-03-18 18:08:00,525 : INFO : ConfigProcessor : Loading config from cache: C:\Users\Noah\AppData\Local\Temp\06881332f8a9c1e11264544d2c255f98.mpf_cache
2021-03-18 18:08:00,535 : INFO : Machine : Mission Pinball Framework Core Engine v0.54.6
2021-03-18 18:08:00,535 : INFO : Machine : Command line arguments: {'no_load_cache': False, 'create_config_cache': True, 'bcp': True, 'configfile': ['config.yaml'], 'force_assets_load': False, 'jsonlogging': False, 'logfile': 'logs\\2021-03-18-18-08-00-mpf-DESKTOP-VL0THH1.log', 'pause': False, 'production': False, 'text_ui': False, 'loglevel': 15, 'consoleloglevel': 20, 'force_platform': None, 'syslog_address': None, 'mc_file_name': None, 'no_sound': False}
2021-03-18 18:08:00,535 : INFO : Machine : MPF path: c:\users\noah\mpfenv\lib\site-packages\mpf
2021-03-18 18:08:00,535 : INFO : Machine : Machine path: C:\Users\Noah\work\Andy Cavatorta\pinball\notes\MPF\noahgame_02
2021-03-18 18:08:00,535 : INFO : Machine : Platform: win32
2021-03-18 18:08:00,535 : INFO : Machine : Python executable location: c:\users\noah\mpfenv\scripts\python.exe
2021-03-18 18:08:00,536 : INFO : Machine : Python version: 3.7.9 (64-bit)
2021-03-18 18:08:00,539 : INFO : Machine : Initialise MPF.
2021-03-18 18:08:00,667 : INFO : P-Roc : Connecting to P-ROC
2021-03-18 18:08:00,867 : INFO : P-Roc : Successfully connected to P-ROC/P3-ROC. Firmware Version: 2. Firmware Revision: 6. Hardware Board ID: 1
2021-03-18 18:08:00,867 : WARNING : P-Roc : Consider upgrading the firmware of your P/P3-Roc to at least 2.14. Your version contains known bugs.
2021-03-18 18:08:00,924 : INFO : EventManager : Event: ======'machine_var_p_roc_version'====== Args={'value': 2, 'prev_value': None, 'change': True}
2021-03-18 18:08:00,924 : INFO : EventManager : Event: ======'machine_var_p_roc_revision'====== Args={'value': 6, 'prev_value': None, 'change': True}
2021-03-18 18:08:00,925 : INFO : EventManager : Event: ======'machine_var_p_roc_hardware_version'====== Args={'value': 1, 'prev_value': None, 'change': True}
2021-03-18 18:08:00,926 : INFO : EventManager : Event: ======'machine_var_credits_string'====== Args={'value': 'FREE PLAY', 'prev_value': None, 'change': True}
2021-03-18 18:08:01,012 : INFO : EventManager : Event: ======'machine_var_mpf_version'====== Args={'value': 'MPF v0.54.6', 'prev_value': None, 'change': True}
2021-03-18 18:08:01,012 : INFO : EventManager : Event: ======'machine_var_mpf_extended_version'====== Args={'value': 'MPF v0.54.6, Config version:5, Show version: 5, BCP version:1.1', 'prev_value': None, 'change': True}
2021-03-18 18:08:01,012 : INFO : EventManager : Event: ======'machine_var_python_version'====== Args={'value': '3.7.9', 'prev_value': None, 'change': True}
2021-03-18 18:08:01,012 : INFO : EventManager : Event: ======'machine_var_platform'====== Args={'value': 'Windows-10-10.0.19041-SP0', 'prev_value': None, 'change': True}
2021-03-18 18:08:01,013 : INFO : EventManager : Event: ======'machine_var_platform_system'====== Args={'value': 'Windows', 'prev_value': None, 'change': True}
2021-03-18 18:08:01,013 : INFO : EventManager : Event: ======'machine_var_platform_release'====== Args={'value': '10', 'prev_value': None, 'change': True}
2021-03-18 18:08:01,013 : INFO : EventManager : Event: ======'machine_var_platform_version'====== Args={'value': '10.0.19041', 'prev_value': None, 'change': True}
2021-03-18 18:08:01,013 : INFO : EventManager : Event: ======'machine_var_platform_machine'====== Args={'value': 'AMD64', 'prev_value': None, 'change': True}
2021-03-18 18:08:01,013 : INFO : EventManager : Event: ======'init_phase_1'====== Args={}
2021-03-18 18:08:01,040 : INFO : EventManager : Event: ======'drop_target_bank_noah_up'====== Args={}
2021-03-18 18:08:01,047 : INFO : EventManager : Event: ======'init_phase_2'====== Args={}
2021-03-18 18:08:01,072 : INFO : EventManager : Event: ======'bcp_connection_attempt'====== Args={'name': 'local_display', 'host': 'localhost', 'port': 5050}
2021-03-18 18:08:01,075 : INFO : BCPClientSocket : Connecting BCP to 'local_display' at localhost:5050...
2021-03-18 18:08:03,095 : INFO : BCPClientSocket : Connected BCP to 'local_display' localhost:5050
2021-03-18 18:08:03,096 : INFO : EventManager : Event: ======'bcp_clients_connected'====== Args={}
2021-03-18 18:08:03,104 : INFO : EventManager : Event: ======'init_phase_3'====== Args={}
2021-03-18 18:08:03,108 : INFO : EventManager : Event: ======'init_phase_4'====== Args={}
2021-03-18 18:08:03,108 : INFO : EventManager : Event: ======'machine_var_mc_version'====== Args={'value': 'MPF-MC v0.54.0', 'prev_value': None, 'change': True}
2021-03-18 18:08:03,108 : INFO : EventManager : Event: ======'machine_var_mc_extended_version'====== Args={'value': 'MPF-MC v0.54.0 (config_version=5, BCP v1.1, Requires MPF v0.54.0)', 'prev_value': None, 'change': True}
2021-03-18 18:08:03,112 : INFO : EventManager : Event: ======'machine_var_master_volume'====== Args={'value': 0.5, 'prev_value': None, 'change': True}
2021-03-18 18:08:03,113 : INFO : EventManager : Event: ======'machine_var_audits_switches_s_start'====== Args={'value': 0, 'prev_value': None, 'change': True}
2021-03-18 18:08:03,114 : INFO : EventManager : Event: ======'machine_var_audits_switches_s_right_inlane'====== Args={'value': 0, 'prev_value': None, 'change': True}
2021-03-18 18:08:03,114 : INFO : EventManager : Event: ======'machine_var_audits_switches_s_left_flipper'====== Args={'value': 0, 'prev_value': None, 'change': True}
2021-03-18 18:08:03,115 : INFO : EventManager : Event: ======'machine_var_audits_switches_s_right_flipper'====== Args={'value': 0, 'prev_value': None, 'change': True}
2021-03-18 18:08:03,115 : INFO : EventManager : Event: ======'machine_var_audits_switches_s_left_slingshot'====== Args={'value': 0, 'prev_value': None, 'change': True}
2021-03-18 18:08:03,116 : INFO : EventManager : Event: ======'machine_var_audits_switches_s_right_slingshot'====== Args={'value': 0, 'prev_value': None, 'change': True}
2021-03-18 18:08:03,116 : INFO : EventManager : Event: ======'machine_var_audits_switches_s_drop_target'====== Args={'value': 0, 'prev_value': None, 'change': True}
2021-03-18 18:08:03,117 : INFO : EventManager : Event: ======'init_phase_5'====== Args={}
2021-03-18 18:08:03,117 : INFO : EventManager : Event: ======'init_done'====== Args={}
2021-03-18 18:08:03,119 : INFO : EventManager : Event: ======'machine_reset_phase_1'====== Args={}
2021-03-18 18:08:03,129 : INFO : EventManager : Event: ======'slide_welcome_slide_removed'====== Args={'_from_bcp': True}
2021-03-18 18:08:03,132 : INFO : EventManager : Event: ======'slide_welcome_slide_created'====== Args={'_from_bcp': True}
2021-03-18 18:08:03,134 : INFO : EventManager : Event: ======'machine_reset_phase_2'====== Args={}
2021-03-18 18:08:03,135 : INFO : EventManager : Event: ======'machine_reset_phase_3'====== Args={}
2021-03-18 18:08:03,136 : INFO : drop_target_bank.noah : All targets are already up. Will not reset bank.
2021-03-18 18:08:03,144 : INFO : EventManager : Event: ======'reset_complete'====== Args={}
2021-03-18 18:08:03,145 : INFO : EventManager : Event: ======'mode_attract_will_start'====== Args={}
2021-03-18 18:08:03,147 : INFO : EventManager : Event: ======'mode_attract_starting'====== Args={}
2021-03-18 18:08:03,148 : INFO : Mode.attract : Started. Priority: 10
2021-03-18 18:08:03,149 : INFO : EventManager : Event: ======'modes_active_modes_changed'====== Args={}
2021-03-18 18:08:03,149 : INFO : EventManager : Event: ======'mode_attract_started'====== Args={}
2021-03-18 18:08:03,150 : INFO : EventManager : Event: ======'collecting_balls_complete'====== Args={}
2021-03-18 18:08:03,150 : INFO : EventManager : Event: ======'slide_welcome_slide_active'====== Args={'_from_bcp': True}
2021-03-18 18:08:03,151 : INFO : Machine : Starting the main run loop.
2021-03-18 18:08:03,164 : INFO : EventManager : Event: ======'slide_attract_started_created'====== Args={'_from_bcp': True}
2021-03-18 18:08:03,165 : INFO : EventManager : Event: ======'slide_attract_started_active'====== Args={'_from_bcp': True}
2021-03-18 18:08:08,065 : INFO : SwitchController : <<<<<<< 's_start' active >>>>>>>
2021-03-18 18:08:08,194 : INFO : SwitchController : <<<<<<< 's_start' inactive >>>>>>>
2021-03-18 18:08:08,194 : INFO : EventManager : Event: ======'request_to_start_game'====== Args={}
2021-03-18 18:08:08,195 : INFO : BallController : playfield contains 0 balls. Tags ['default']
2021-03-18 18:08:08,195 : WARNING : BallController : BallController denies game start. Not enough balls. 0 found. 1 required
2021-03-18 18:09:48,427 : INFO : SwitchController : <<<<<<< 's_right_inlane' active >>>>>>>
2021-03-18 18:09:48,428 : INFO : EventManager : Event: ======'sw_playfield_active'====== Args={}
2021-03-18 18:09:48,428 : INFO : EventManager : Event: ======'playfield_active'====== Args={}
2021-03-18 18:09:48,428 : INFO : EventManager : Event: ======'unexpected_ball_on_playfield'====== Args={}
2021-03-18 18:09:53,219 : INFO : SwitchController : <<<<<<< 's_start' active >>>>>>>
2021-03-18 18:09:53,328 : INFO : SwitchController : <<<<<<< 's_start' inactive >>>>>>>
2021-03-18 18:09:53,328 : INFO : EventManager : Event: ======'request_to_start_game'====== Args={}
2021-03-18 18:09:53,328 : INFO : BallController : playfield contains 0 balls. Tags ['default']
2021-03-18 18:09:53,328 : WARNING : BallController : BallController denies game start. Not enough balls. 0 found. 1 required
2021-03-18 18:59:09,863 : ERROR : asyncio : Exception in callback Util.raise_exceptions(<Task finishe...wer supply.')>) at c:\users\noah\mpfenv\lib\site-packages\mpf\core\utility_functions.py:726
handle: <Handle Util.raise_exceptions(<Task finishe...wer supply.')>) at c:\users\noah\mpfenv\lib\site-packages\mpf\core\utility_functions.py:726>
Traceback (most recent call last):
  File "c:\users\noah\mpfenv\lib\site-packages\mpf\platforms\p_roc_common.py", line 143, in read_events_and_watchdog
    self.proc.flush()
OSError: Error in WriteData: wrote 0 of 8 bytes

The above exception was the direct cause of the following exception:

Traceback (most recent call last):
  File "C:\Users\Noah\AppData\Local\Programs\Python\Python37\lib\asyncio\events.py", line 88, in _run
    self._context.run(self._callback, *self._args)
  File "c:\users\noah\mpfenv\lib\site-packages\mpf\core\utility_functions.py", line 734, in raise_exceptions
    future.result()
  File "c:\users\noah\mpfenv\lib\site-packages\mpf\platforms\p_roc_common.py", line 302, in _poll_events
    loop=self.machine.clock.loop)
  File "c:\users\noah\mpfenv\lib\site-packages\mpf\platforms\p_roc_common.py", line 152, in read_events_and_watchdog
    self.log.name) from error
mpf.exceptions.runtime_error.MpfRuntimeError: Runtime Error in P-Roc: Communication with P/P3-Roc broke down. Check USB cable and power supply. Error Code: RE-P-Roc-2 (https://docs.missionpinball.org/en/0.54/logs/RE-P-Roc-2.html)
2021-03-18 18:59:09,896 : INFO : Machine : Shutting down...
2021-03-18 18:59:09,897 : INFO : EventManager : Event: ======'shutdown'====== Args={}
2021-03-18 18:59:09,903 : ERROR : Machine : Runtime Exception
Traceback (most recent call last):
  File "c:\users\noah\mpfenv\lib\site-packages\mpf\platforms\p_roc_common.py", line 143, in read_events_and_watchdog
    self.proc.flush()
OSError: Error in WriteData: wrote 0 of 8 bytes

The above exception was the direct cause of the following exception:

Traceback (most recent call last):
  File "c:\users\noah\mpfenv\lib\site-packages\mpf\core\machine.py", line 745, in _run_loop
    raise self._exception['exception']
  File "C:\Users\Noah\AppData\Local\Programs\Python\Python37\lib\asyncio\events.py", line 88, in _run
    self._context.run(self._callback, *self._args)
  File "c:\users\noah\mpfenv\lib\site-packages\mpf\core\utility_functions.py", line 734, in raise_exceptions
    future.result()
  File "c:\users\noah\mpfenv\lib\site-packages\mpf\platforms\p_roc_common.py", line 302, in _poll_events
    loop=self.machine.clock.loop)
  File "c:\users\noah\mpfenv\lib\site-packages\mpf\platforms\p_roc_common.py", line 152, in read_events_and_watchdog
    self.log.name) from error
mpf.exceptions.runtime_error.MpfRuntimeError: Runtime Error in P-Roc: Communication with P/P3-Roc broke down. Check USB cable and power supply. Error Code: RE-P-Roc-2 (https://docs.missionpinball.org/en/0.54/logs/RE-P-Roc-2.html)
2021-03-18 18:59:09,905 : INFO : root : MPF run loop ended.
