2021-03-26 14:19:46,043 : INFO : root : Loading config.
2021-03-26 14:19:46,627 : INFO : ConfigProcessor : Config spec file cache created: C:\Users\Noah\AppData\Local\Temp\config_spec.mpf_cache
2021-03-26 14:19:46,628 : INFO : YamlMultifileConfigLoader : Machine config file #1: config.yaml
2021-03-26 14:19:46,628 : INFO : ConfigProcessor : Loading config from file c:\users\noah\mpfenv\lib\site-packages\mpf\mpfconfig.yaml.
2021-03-26 14:19:46,766 : INFO : ConfigProcessor : Loading config: c:\users\noah\mpfenv\lib\site-packages\mpf\mpfconfig.yaml
2021-03-26 14:19:46,768 : INFO : ConfigProcessor : Loading config from file C:\Users\Noah\work\Andy Cavatorta\pinball\notes\MPF\noahgame_02\config\config.yaml.
2021-03-26 14:19:46,802 : INFO : ConfigProcessor : Loading config: C:\Users\Noah\work\Andy Cavatorta\pinball\notes\MPF\noahgame_02\config\config.yaml
2021-03-26 14:19:46,807 : INFO : ConfigProcessor : Config file cache created: C:\Users\Noah\AppData\Local\Temp\d1f6a309ab2e3c3e66b0fef93f7a960f.mpf_cache
2021-03-26 14:19:46,919 : INFO : ConfigProcessor : Loading config from file c:\users\noah\mpfenv\lib\site-packages\mpf\modes\attract\config\attract.yaml.
2021-03-26 14:19:46,930 : INFO : ConfigProcessor : Loading config: c:\users\noah\mpfenv\lib\site-packages\mpf\modes\attract\config\attract.yaml
2021-03-26 14:19:46,930 : INFO : ConfigProcessor : Loading config from file C:\Users\Noah\work\Andy Cavatorta\pinball\notes\MPF\noahgame_02\modes\attract\config\attract.yaml.
2021-03-26 14:19:46,946 : INFO : ConfigProcessor : Loading config: C:\Users\Noah\work\Andy Cavatorta\pinball\notes\MPF\noahgame_02\modes\attract\config\attract.yaml
2021-03-26 14:19:46,946 : INFO : ConfigProcessor : Config file cache created: C:\Users\Noah\AppData\Local\Temp\98acf0898e619a6798c45a0e5cbb339b.mpf_cache
2021-03-26 14:19:46,947 : INFO : ConfigProcessor : Loading config from file c:\users\noah\mpfenv\lib\site-packages\mpf\modes\game\config\game.yaml.
2021-03-26 14:19:46,959 : INFO : ConfigProcessor : Loading config: c:\users\noah\mpfenv\lib\site-packages\mpf\modes\game\config\game.yaml
2021-03-26 14:19:46,960 : INFO : ConfigProcessor : Config file cache created: C:\Users\Noah\AppData\Local\Temp\a7eac71e9da1e9cfd4db34c71351dbda.mpf_cache
2021-03-26 14:19:46,961 : INFO : ConfigProcessor : Loading config from file C:\Users\Noah\work\Andy Cavatorta\pinball\notes\MPF\noahgame_02\modes\base\config\base.yaml.
2021-03-26 14:19:46,983 : INFO : ConfigProcessor : Loading config: C:\Users\Noah\work\Andy Cavatorta\pinball\notes\MPF\noahgame_02\modes\base\config\base.yaml
2021-03-26 14:19:46,984 : INFO : ConfigProcessor : Config file cache created: C:\Users\Noah\AppData\Local\Temp\c6adbc38c235400b65ae43d7099eba05.mpf_cache
2021-03-26 14:19:46,985 : INFO : ConfigProcessor : Loading config from file C:\Users\Noah\work\Andy Cavatorta\pinball\notes\MPF\noahgame_02\modes\attract\shows\.\attract_display_loop.yaml.
2021-03-26 14:19:47,010 : INFO : ConfigProcessor : Loading config: C:\Users\Noah\work\Andy Cavatorta\pinball\notes\MPF\noahgame_02\modes\attract\shows\.\attract_display_loop.yaml
2021-03-26 14:19:47,011 : INFO : ConfigProcessor : Config file cache created: C:\Users\Noah\AppData\Local\Temp\9689abd61e57da3f8bc074c7a88f2b77.mpf_cache
2021-03-26 14:19:47,011 : INFO : ConfigProcessor : Loading config from file C:\Users\Noah\work\Andy Cavatorta\pinball\notes\MPF\noahgame_02\modes\attract\shows\.\attract_light_show.yaml.
2021-03-26 14:19:47,026 : INFO : ConfigProcessor : Loading config: C:\Users\Noah\work\Andy Cavatorta\pinball\notes\MPF\noahgame_02\modes\attract\shows\.\attract_light_show.yaml
2021-03-26 14:19:47,027 : INFO : ConfigProcessor : Config file cache created: C:\Users\Noah\AppData\Local\Temp\06881332f8a9c1e11264544d2c255f98.mpf_cache
2021-03-26 14:19:47,027 : INFO : Machine : Mission Pinball Framework Core Engine v0.54.6
2021-03-26 14:19:47,028 : INFO : Machine : Command line arguments: {'no_load_cache': True, 'create_config_cache': True, 'bcp': True, 'configfile': ['config.yaml'], 'force_assets_load': False, 'jsonlogging': False, 'logfile': 'logs\\2021-03-26-14-19-46-mpf-DESKTOP-VL0THH1.log', 'pause': False, 'production': False, 'text_ui': False, 'loglevel': 15, 'consoleloglevel': 20, 'force_platform': None, 'syslog_address': None, 'mc_file_name': None, 'no_sound': False}
2021-03-26 14:19:47,028 : INFO : Machine : MPF path: c:\users\noah\mpfenv\lib\site-packages\mpf
2021-03-26 14:19:47,028 : INFO : Machine : Machine path: C:\Users\Noah\work\Andy Cavatorta\pinball\notes\MPF\noahgame_02
2021-03-26 14:19:47,028 : INFO : Machine : Platform: win32
2021-03-26 14:19:47,028 : INFO : Machine : Python executable location: c:\users\noah\mpfenv\scripts\python.exe
2021-03-26 14:19:47,028 : INFO : Machine : Python version: 3.7.9 (64-bit)
2021-03-26 14:19:47,032 : INFO : Machine : Initialise MPF.
2021-03-26 14:19:47,147 : INFO : P-Roc : Connecting to P-ROC
2021-03-26 14:19:47,360 : INFO : P-Roc : Successfully connected to P-ROC/P3-ROC. Firmware Version: 2. Firmware Revision: 6. Hardware Board ID: 1
2021-03-26 14:19:47,360 : WARNING : P-Roc : Consider upgrading the firmware of your P/P3-Roc to at least 2.14. Your version contains known bugs.
2021-03-26 14:19:47,418 : INFO : EventManager : Event: ======'machine_var_p_roc_version'====== Args={'value': 2, 'prev_value': None, 'change': True}
2021-03-26 14:19:47,418 : INFO : EventManager : Event: ======'machine_var_p_roc_revision'====== Args={'value': 6, 'prev_value': None, 'change': True}
2021-03-26 14:19:47,418 : INFO : EventManager : Event: ======'machine_var_p_roc_hardware_version'====== Args={'value': 1, 'prev_value': None, 'change': True}
2021-03-26 14:19:47,419 : INFO : EventManager : Event: ======'machine_var_credits_string'====== Args={'value': 'FREE PLAY', 'prev_value': None, 'change': True}
2021-03-26 14:19:47,498 : INFO : EventManager : Event: ======'machine_var_mpf_version'====== Args={'value': 'MPF v0.54.6', 'prev_value': None, 'change': True}
2021-03-26 14:19:47,498 : INFO : EventManager : Event: ======'machine_var_mpf_extended_version'====== Args={'value': 'MPF v0.54.6, Config version:5, Show version: 5, BCP version:1.1', 'prev_value': None, 'change': True}
2021-03-26 14:19:47,498 : INFO : EventManager : Event: ======'machine_var_python_version'====== Args={'value': '3.7.9', 'prev_value': None, 'change': True}
2021-03-26 14:19:47,498 : INFO : EventManager : Event: ======'machine_var_platform'====== Args={'value': 'Windows-10-10.0.19041-SP0', 'prev_value': None, 'change': True}
2021-03-26 14:19:47,499 : INFO : EventManager : Event: ======'machine_var_platform_system'====== Args={'value': 'Windows', 'prev_value': None, 'change': True}
2021-03-26 14:19:47,499 : INFO : EventManager : Event: ======'machine_var_platform_release'====== Args={'value': '10', 'prev_value': None, 'change': True}
2021-03-26 14:19:47,499 : INFO : EventManager : Event: ======'machine_var_platform_version'====== Args={'value': '10.0.19041', 'prev_value': None, 'change': True}
2021-03-26 14:19:47,499 : INFO : EventManager : Event: ======'machine_var_platform_machine'====== Args={'value': 'AMD64', 'prev_value': None, 'change': True}
2021-03-26 14:19:47,499 : INFO : EventManager : Event: ======'init_phase_1'====== Args={}
2021-03-26 14:19:47,542 : INFO : EventManager : Event: ======'drop_target_bank_noah_up'====== Args={}
2021-03-26 14:19:47,544 : INFO : EventManager : Event: ======'init_phase_2'====== Args={}
2021-03-26 14:19:47,571 : INFO : EventManager : Event: ======'bcp_connection_attempt'====== Args={'name': 'local_display', 'host': 'localhost', 'port': 5050}
2021-03-26 14:19:47,574 : INFO : BCPClientSocket : Connecting BCP to 'local_display' at localhost:5050...
2021-03-26 14:19:49,592 : INFO : BCPClientSocket : Connected BCP to 'local_display' localhost:5050
2021-03-26 14:19:49,593 : INFO : EventManager : Event: ======'bcp_clients_connected'====== Args={}
2021-03-26 14:19:49,593 : INFO : ball_device.bd_trough : State: idle
2021-03-26 14:19:49,607 : INFO : EventManager : Event: ======'init_phase_3'====== Args={}
2021-03-26 14:19:49,615 : INFO : EventManager : Event: ======'machine_var_mc_version'====== Args={'value': 'MPF-MC v0.54.0', 'prev_value': None, 'change': True}
2021-03-26 14:19:49,616 : INFO : EventManager : Event: ======'machine_var_mc_extended_version'====== Args={'value': 'MPF-MC v0.54.0 (config_version=5, BCP v1.1, Requires MPF v0.54.0)', 'prev_value': None, 'change': True}
2021-03-26 14:19:49,619 : INFO : EventManager : Event: ======'machine_var_master_volume'====== Args={'value': 0.5, 'prev_value': None, 'change': True}
2021-03-26 14:19:49,619 : INFO : EventManager : Event: ======'init_phase_4'====== Args={}
2021-03-26 14:19:49,620 : INFO : BallController : Initial balls found: 0
2021-03-26 14:19:49,621 : INFO : EventManager : Event: ======'machine_var_audits_switches_s_drop_target'====== Args={'value': 123, 'prev_value': None, 'change': True}
2021-03-26 14:19:49,622 : INFO : EventManager : Event: ======'machine_var_audits_switches_s_left_flipper'====== Args={'value': 20, 'prev_value': None, 'change': True}
2021-03-26 14:19:49,623 : INFO : EventManager : Event: ======'machine_var_audits_switches_s_left_slingshot'====== Args={'value': 9, 'prev_value': None, 'change': True}
2021-03-26 14:19:49,623 : INFO : EventManager : Event: ======'machine_var_audits_switches_s_right_flipper'====== Args={'value': 31, 'prev_value': None, 'change': True}
2021-03-26 14:19:49,624 : INFO : EventManager : Event: ======'machine_var_audits_switches_s_right_inlane'====== Args={'value': 9, 'prev_value': None, 'change': True}
2021-03-26 14:19:49,625 : INFO : EventManager : Event: ======'machine_var_audits_switches_s_right_slingshot'====== Args={'value': 31, 'prev_value': None, 'change': True}
2021-03-26 14:19:49,625 : INFO : EventManager : Event: ======'machine_var_audits_switches_s_start'====== Args={'value': 12, 'prev_value': None, 'change': True}
2021-03-26 14:19:49,626 : INFO : EventManager : Event: ======'machine_var_audits_switches_s_trough1'====== Args={'value': 6, 'prev_value': None, 'change': True}
2021-03-26 14:19:49,626 : INFO : EventManager : Event: ======'machine_var_audits_switches_s_pop_bumper'====== Args={'value': 0, 'prev_value': None, 'change': True}
2021-03-26 14:19:49,627 : INFO : EventManager : Event: ======'init_phase_5'====== Args={}
2021-03-26 14:19:49,628 : INFO : EventManager : Event: ======'init_done'====== Args={}
2021-03-26 14:19:49,629 : INFO : EventManager : Event: ======'machine_reset_phase_1'====== Args={}
2021-03-26 14:19:49,640 : INFO : EventManager : Event: ======'slide_welcome_slide_removed'====== Args={'_from_bcp': True}
2021-03-26 14:19:49,645 : INFO : EventManager : Event: ======'slide_welcome_slide_created'====== Args={'_from_bcp': True}
2021-03-26 14:19:49,648 : INFO : EventManager : Event: ======'slide_welcome_slide_active'====== Args={'_from_bcp': True}
2021-03-26 14:19:49,649 : INFO : EventManager : Event: ======'machine_reset_phase_2'====== Args={}
2021-03-26 14:19:49,649 : INFO : EventManager : Event: ======'machine_reset_phase_3'====== Args={}
2021-03-26 14:19:49,650 : INFO : drop_target_bank.noah : All targets are already up. Will not reset bank.
2021-03-26 14:19:49,660 : INFO : EventManager : Event: ======'reset_complete'====== Args={}
2021-03-26 14:19:49,662 : INFO : EventManager : Event: ======'mode_attract_will_start'====== Args={}
2021-03-26 14:19:49,664 : INFO : EventManager : Event: ======'mode_attract_starting'====== Args={}
2021-03-26 14:19:49,664 : INFO : Mode.attract : Started. Priority: 10
2021-03-26 14:19:49,664 : INFO : EventManager : Event: ======'modes_active_modes_changed'====== Args={}
2021-03-26 14:19:49,664 : INFO : EventManager : Event: ======'mode_attract_started'====== Args={}
2021-03-26 14:19:49,666 : INFO : EventManager : Event: ======'collecting_balls_complete'====== Args={}
2021-03-26 14:19:49,667 : INFO : Machine : Starting the main run loop.
2021-03-26 14:19:49,680 : INFO : EventManager : Event: ======'slide_awesome_slide_created'====== Args={'_from_bcp': True}
2021-03-26 14:19:49,683 : INFO : EventManager : Event: ======'slide_awesome_slide_active'====== Args={'_from_bcp': True}
2021-03-26 14:19:51,141 : INFO : SwitchController : <<<<<<< 's_left_slingshot' active >>>>>>>
2021-03-26 14:19:51,141 : INFO : EventManager : Event: ======'playfield_active'====== Args={}
2021-03-26 14:19:51,142 : INFO : EventManager : Event: ======'unexpected_ball_on_playfield'====== Args={}
2021-03-26 14:19:51,540 : INFO : SwitchController : <<<<<<< 's_left_slingshot' inactive >>>>>>>
2021-03-26 14:19:51,747 : INFO : SwitchController : <<<<<<< 's_left_slingshot' active >>>>>>>
2021-03-26 14:19:51,747 : INFO : EventManager : Event: ======'playfield_active'====== Args={}
2021-03-26 14:19:51,747 : INFO : EventManager : Event: ======'unexpected_ball_on_playfield'====== Args={}
2021-03-26 14:19:51,887 : INFO : SwitchController : <<<<<<< 's_left_slingshot' inactive >>>>>>>
2021-03-26 14:19:52,003 : INFO : SwitchController : <<<<<<< 's_left_slingshot' active >>>>>>>
2021-03-26 14:19:52,003 : INFO : EventManager : Event: ======'playfield_active'====== Args={}
2021-03-26 14:19:52,004 : INFO : EventManager : Event: ======'unexpected_ball_on_playfield'====== Args={}
2021-03-26 14:19:52,111 : INFO : SwitchController : <<<<<<< 's_left_slingshot' inactive >>>>>>>
2021-03-26 14:19:52,684 : INFO : EventManager : Event: ======'slide_press_start_created'====== Args={'_from_bcp': True}
2021-03-26 14:19:52,686 : INFO : EventManager : Event: ======'slide_press_start_active'====== Args={'_from_bcp': True}
2021-03-26 14:19:53,041 : INFO : SwitchController : <<<<<<< 's_left_flipper' active >>>>>>>
2021-03-26 14:19:53,312 : INFO : SwitchController : <<<<<<< 's_left_flipper' inactive >>>>>>>
2021-03-26 14:19:53,536 : INFO : SwitchController : <<<<<<< 's_left_flipper' active >>>>>>>
2021-03-26 14:19:53,726 : INFO : SwitchController : <<<<<<< 's_left_flipper' inactive >>>>>>>
2021-03-26 14:19:55,676 : INFO : EventManager : Event: ======'slide_mission_pinball_created'====== Args={'_from_bcp': True}
2021-03-26 14:19:55,677 : INFO : EventManager : Event: ======'slide_mission_pinball_active'====== Args={'_from_bcp': True}
2021-03-26 14:19:56,706 : INFO : SwitchController : <<<<<<< 's_left_slingshot' active >>>>>>>
2021-03-26 14:19:56,707 : INFO : EventManager : Event: ======'playfield_active'====== Args={}
2021-03-26 14:19:56,707 : INFO : EventManager : Event: ======'unexpected_ball_on_playfield'====== Args={}
2021-03-26 14:19:57,171 : INFO : SwitchController : <<<<<<< 's_left_slingshot' inactive >>>>>>>
2021-03-26 14:19:58,663 : INFO : Machine : Shutting down...
2021-03-26 14:19:58,663 : INFO : EventManager : Event: ======'shutdown'====== Args={}
2021-03-26 14:19:58,666 : INFO : root : MPF run loop ended.
