2021-03-18 17:23:49,094 : kivy : Factory: 184 symbols loaded
2021-03-18 17:23:49,272 : kivy : ImageLoaderFFPy: Using ffpyplayer 4.3.1
2021-03-18 17:23:49,273 : kivy : Image: Providers: img_tex, img_dds, img_sdl2, img_pil, img_ffpyplayer, img_gif 
2021-03-18 17:23:49,351 : kivy : VideoGstplayer: Using Gstreamer 1.16.0.0
2021-03-18 17:23:49,352 : kivy : Video: Provider: gstplayer
2021-03-18 17:23:49,439 : kivy : Loading MPF-MC controller
2021-03-18 17:23:49,442 : YamlMultifileConfigLoader : Machine config file #1: config
2021-03-18 17:23:49,443 : ConfigProcessor : Config file in cache changed: C:\Users\Noah\work\Andy Cavatorta\pinball\notes\MPF\noahgame_02\config\config
2021-03-18 17:23:49,445 : ConfigProcessor : Loading config from file c:\users\noah\mpfenv\lib\site-packages\mpfmc\mcconfig.yaml.
2021-03-18 17:23:49,497 : ConfigProcessor : Loading config: c:\users\noah\mpfenv\lib\site-packages\mpfmc\mcconfig.yaml
2021-03-18 17:23:49,498 : ConfigProcessor : Loading config from file C:\Users\Noah\work\Andy Cavatorta\pinball\notes\MPF\noahgame_02\config\config.
2021-03-18 17:23:49,524 : ConfigProcessor : Loading config: C:\Users\Noah\work\Andy Cavatorta\pinball\notes\MPF\noahgame_02\config\config
2021-03-18 17:23:49,526 : ConfigProcessor : Config file cache created: C:\Users\Noah\AppData\Local\Temp\13e1228f6bf8ea03affe51e56cb3543a.mpf_cache
2021-03-18 17:23:49,526 : ConfigProcessor : Loading config from cache: C:\Users\Noah\AppData\Local\Temp\74774f186c18434d8d39d0d4b0a3afeb.mpf_cache
2021-03-18 17:23:49,528 : ConfigProcessor : Loading config from cache: C:\Users\Noah\AppData\Local\Temp\a7eac71e9da1e9cfd4db34c71351dbda.mpf_cache
2021-03-18 17:23:49,529 : mpfmc : Mission Pinball Framework Media Controller v0.54.0
2021-03-18 17:23:49,529 : mpfmc : Mission Pinball Framework Game Engine v0.54.6
2021-03-18 17:23:49,529 : mpfmc : Machine path: C:\Users\Noah\work\Andy Cavatorta\pinball\notes\MPF\noahgame_02
2021-03-18 17:23:49,530 : mpfmc : Starting clock at 60.0Hz
2021-03-18 17:23:49,565 : kivy : Text: Provider: sdl2
2021-03-18 17:23:49,631 : kivy : Window: Provider: sdl2
2021-03-18 17:23:49,788 : kivy : GL: Using the "OpenGL" graphics system
2021-03-18 17:23:49,790 : kivy : GL: GLEW initialization succeeded
2021-03-18 17:23:49,790 : kivy : GL: Backend used <glew>
2021-03-18 17:23:49,791 : kivy : GL: OpenGL version <b'4.4.0 - Build 20.19.15.4835'>
2021-03-18 17:23:49,791 : kivy : GL: OpenGL vendor <b'Intel'>
2021-03-18 17:23:49,791 : kivy : GL: OpenGL renderer <b'Intel(R) HD Graphics 5500'>
2021-03-18 17:23:49,791 : kivy : GL: OpenGL parsed version: 4, 4
2021-03-18 17:23:49,798 : kivy : GL: Shading version <b'4.40 - Build 20.19.15.4835'>
2021-03-18 17:23:49,799 : kivy : GL: Texture max size <16384>
2021-03-18 17:23:49,804 : kivy : GL: Texture max units <32>
2021-03-18 17:23:49,834 : kivy : Window: auto add sdl2 input provider
2021-03-18 17:23:49,835 : kivy : Window: virtual keyboard not allowed, single mode, not docked
2021-03-18 17:23:49,847 : SoundSystem : SoundSystem: Using default 'sound_system' settings
2021-03-18 17:23:50,353 : AudioInterface : Initialized
2021-03-18 17:23:50,353 : SoundSystem : No audio tracks are specified in your machine config file. a track named 'default' has been created.
2021-03-18 17:23:50,357 : kivy : Base: Start application main loop
2021-03-18 17:23:50,357 : EventManager : Event: ======'display_window_initialized'====== Args={}
2021-03-18 17:23:50,377 : mpfmc : Display: Setting 'window' as default display
2021-03-18 17:23:50,392 : EventManager : Event: ======'displays_initialized'====== Args={}
2021-03-18 17:23:50,393 : EventManager : Event: ======'slide_window_blank_created'====== Args={}
2021-03-18 17:23:50,393 : EventManager : Event: ======'display_window_ready'====== Args={}
2021-03-18 17:23:50,408 : EventManager : Event: ======'init_phase_1'====== Args={}
2021-03-18 17:23:50,417 : EventManager : Event: ======'mc_ready'====== Args={}
2021-03-18 17:23:50,417 : EventManager : Event: ======'init_phase_2'====== Args={}
2021-03-18 17:23:50,418 : EventManager : Event: ======'init_phase_3'====== Args={}
2021-03-18 17:23:50,420 : EventManager : Event: ======'init_phase_4'====== Args={}
2021-03-18 17:23:50,420 : EventManager : Event: ======'init_phase_5'====== Args={}
2021-03-18 17:23:50,420 : EventManager : Event: ======'init_done'====== Args={}
2021-03-18 17:23:50,420 : MPF-MC BCP Server : Starting up on localhost port 5050
2021-03-18 17:23:50,425 : MPF-MC BCP Server : Waiting for a connection...
2021-03-18 17:23:50,425 : mpfmc : SlidePlayer: Play called with settings={'slides': {welcome_slide-None-None: {'priority': None, 'target': None, 'background_color': [0.0, 0.0, 0.0, 1.0], 'show': True, 'force': False, 'expire': None, 'slide': None, 'tokens': {}, 'action': 'play', 'transition': None, 'transition_out': None}}}
2021-03-18 17:23:50,432 : kivy : GL: NPOT texture support is available
2021-03-18 17:23:50,433 : EventManager : Event: ======'slide_welcome_slide_created'====== Args={}
2021-03-18 17:23:50,438 : EventManager : Event: ======'slide_welcome_slide_active'====== Args={}
2021-03-18 17:23:50,448 : EventManager : Event: ======'client_disconnected'====== Args={'host': '127.0.0.1', 'port': 5050}
2021-03-18 17:23:51,471 : MPF-MC BCP Server : Received connection from: 127.0.0.1:62776
2021-03-18 17:23:51,483 : EventManager : Event: ======'client_connected'====== Args={'host': '127.0.0.1', 'port': 62776}
2021-03-18 17:23:51,496 : EventManager : Event: ======'machine_var_p_roc_version'====== Args={'value': 2, 'prev_value': None, 'change': True}
2021-03-18 17:23:51,497 : EventManager : Event: ======'machine_var_p_roc_revision'====== Args={'value': 6, 'prev_value': None, 'change': True}
2021-03-18 17:23:51,497 : EventManager : Event: ======'machine_var_p_roc_hardware_version'====== Args={'value': 1, 'prev_value': None, 'change': True}
2021-03-18 17:23:51,497 : EventManager : Event: ======'machine_var_credits_string'====== Args={'value': 'FREE PLAY', 'prev_value': None, 'change': True}
2021-03-18 17:23:51,498 : EventManager : Event: ======'machine_var_mpf_version'====== Args={'value': 'MPF v0.54.6', 'prev_value': None, 'change': True}
2021-03-18 17:23:51,498 : EventManager : Event: ======'machine_var_mpf_extended_version'====== Args={'value': 'MPF v0.54.6, Config version:5, Show version: 5, BCP version:1.1', 'prev_value': None, 'change': True}
2021-03-18 17:23:51,498 : EventManager : Event: ======'machine_var_python_version'====== Args={'value': '3.7.9', 'prev_value': None, 'change': True}
2021-03-18 17:23:51,499 : EventManager : Event: ======'machine_var_platform'====== Args={'value': 'Windows-10-10.0.19041-SP0', 'prev_value': None, 'change': True}
2021-03-18 17:23:51,499 : EventManager : Event: ======'machine_var_platform_system'====== Args={'value': 'Windows', 'prev_value': None, 'change': True}
2021-03-18 17:23:51,499 : EventManager : Event: ======'machine_var_platform_release'====== Args={'value': '10', 'prev_value': None, 'change': True}
2021-03-18 17:23:51,499 : EventManager : Event: ======'machine_var_platform_version'====== Args={'value': '10.0.19041', 'prev_value': None, 'change': True}
2021-03-18 17:23:51,499 : EventManager : Event: ======'machine_var_platform_machine'====== Args={'value': 'AMD64', 'prev_value': None, 'change': True}
2021-03-18 17:23:51,500 : EventManager : Event: ======'machine_var_mc_version'====== Args={'value': 'MPF-MC v0.54.0', 'prev_value': None, 'change': True}
2021-03-18 17:23:51,500 : EventManager : Event: ======'machine_var_mc_extended_version'====== Args={'value': 'MPF-MC v0.54.0 (config_version=5, BCP v1.1, Requires MPF v0.54.0)', 'prev_value': None, 'change': True}
2021-03-18 17:23:51,500 : EventManager : Event: ======'machine_var_master_volume'====== Args={'value': 0.5, 'prev_value': None, 'change': True}
2021-03-18 17:23:51,500 : EventManager : Event: ======'machine_var_audits_switches_s_start'====== Args={'value': 0, 'prev_value': None, 'change': True}
2021-03-18 17:23:51,501 : EventManager : Event: ======'machine_var_audits_switches_s_right_inlane'====== Args={'value': 0, 'prev_value': None, 'change': True}
2021-03-18 17:23:51,503 : EventManager : Event: ======'machine_var_audits_switches_s_left_flipper'====== Args={'value': 0, 'prev_value': None, 'change': True}
2021-03-18 17:23:51,503 : EventManager : Event: ======'machine_var_audits_switches_s_right_flipper'====== Args={'value': 0, 'prev_value': None, 'change': True}
2021-03-18 17:23:51,503 : EventManager : Event: ======'machine_var_audits_switches_s_left_slingshot'====== Args={'value': 0, 'prev_value': None, 'change': True}
2021-03-18 17:23:51,503 : EventManager : Event: ======'machine_var_audits_switches_s_right_slingshot'====== Args={'value': 0, 'prev_value': None, 'change': True}
2021-03-18 17:23:51,503 : EventManager : Event: ======'machine_var_audits_switches_s_drop_target'====== Args={'value': 0, 'prev_value': None, 'change': True}
2021-03-18 17:23:51,503 : EventManager : Event: ======'slides_play'====== Args={'settings': {'welcome_slide': {'target': None, 'background_color': [0.0, 0.0, 0.0, 1.0], 'priority': None, 'show': True, 'force': False, 'expire': None, 'slide': None, 'tokens': {}, 'action': 'play'}}, 'context': '_global', 'calling_context': 'init_done', 'priority': 0}
2021-03-18 17:23:51,504 : EventManager : Event: ======'mc_reset_phase_1'====== Args={}
2021-03-18 17:23:51,504 : mpfmc : SlidePlayer: Play called with settings={'welcome_slide': {'target': None, 'background_color': [0.0, 0.0, 0.0, 1.0], 'priority': None, 'show': True, 'force': False, 'expire': None, 'slide': None, 'tokens': {}, 'action': 'play'}}
2021-03-18 17:23:51,505 : EventManager : Event: ======'slide_welcome_slide_removed'====== Args={}
2021-03-18 17:23:51,509 : EventManager : Event: ======'slide_welcome_slide_created'====== Args={}
2021-03-18 17:23:51,510 : EventManager : Event: ======'mc_reset_phase_2'====== Args={}
2021-03-18 17:23:51,511 : EventManager : Event: ======'mc_reset_phase_3'====== Args={}
2021-03-18 17:23:51,513 : EventManager : Event: ======'mc_reset_complete'====== Args={}
2021-03-18 17:23:51,514 : EventManager : Event: ======'slide_welcome_slide_active'====== Args={}
2021-03-18 17:23:51,534 : EventManager : Event: ======'slides_play'====== Args={'settings': {'attract_started': {'target': None, 'background_color': [0.0, 0.0, 0.0, 1.0], 'priority': None, 'show': True, 'force': False, 'expire': None, 'slide': None, 'tokens': {}, 'action': 'play'}}, 'context': '_global', 'calling_context': 'mode_attract_started', 'priority': 0}
2021-03-18 17:23:51,535 : mpfmc : SlidePlayer: Play called with settings={'attract_started': {'target': None, 'background_color': [0.0, 0.0, 0.0, 1.0], 'priority': None, 'show': True, 'force': False, 'expire': None, 'slide': None, 'tokens': {}, 'action': 'play'}}
2021-03-18 17:23:51,540 : EventManager : Event: ======'slide_attract_started_created'====== Args={}
2021-03-18 17:23:51,542 : EventManager : Event: ======'slide_attract_started_active'====== Args={}
2021-03-18 17:24:47,892 : kivy : Base: Leaving application in progress...
2021-03-18 17:24:48,069 : kivy : WindowSDL: exiting mainloop and closing.
2021-03-18 17:24:48,090 : mpfmc : Stopping...
2021-03-18 17:24:48,091 : EventManager : Event: ======'shutdown'====== Args={}
2021-03-18 17:24:48,092 : mpfmc : Loop rate 78.58 Hz
2021-03-18 17:24:48,092 : kivy : MC run loop ended.
2021-03-18 17:24:48,092 : kivy : Stopping child threads... (3 remaining)
2021-03-18 17:24:48,555 : mpfmc : Stopping...
2021-03-18 17:24:48,555 : EventManager : Event: ======'shutdown'====== Args={}
2021-03-18 17:24:48,556 : mpfmc : Loop rate 77.96 Hz
2021-03-18 17:24:48,570 : MPF-MC BCP Server : Stopping BCP sending thread
2021-03-18 17:24:48,596 : kivy : All child threads stopped.
