2021-03-19 15:46:39,390 : kivy : Factory: 184 symbols loaded
2021-03-19 15:46:39,623 : kivy : ImageLoaderFFPy: Using ffpyplayer 4.3.1
2021-03-19 15:46:39,626 : kivy : Image: Providers: img_tex, img_dds, img_sdl2, img_pil, img_ffpyplayer, img_gif 
2021-03-19 15:46:39,710 : kivy : VideoGstplayer: Using Gstreamer 1.16.0.0
2021-03-19 15:46:39,710 : kivy : Video: Provider: gstplayer
2021-03-19 15:46:39,804 : kivy : Loading MPF-MC controller
2021-03-19 15:46:39,811 : YamlMultifileConfigLoader : Machine config file #1: config
2021-03-19 15:46:39,812 : ConfigProcessor : Config file in cache changed: C:\Users\Noah\work\Andy Cavatorta\pinball\notes\MPF\noahgame_02\config\config
2021-03-19 15:46:39,813 : ConfigProcessor : Loading config from file c:\users\noah\mpfenv\lib\site-packages\mpfmc\mcconfig.yaml.
2021-03-19 15:46:39,880 : ConfigProcessor : Loading config: c:\users\noah\mpfenv\lib\site-packages\mpfmc\mcconfig.yaml
2021-03-19 15:46:39,880 : ConfigProcessor : Loading config from file C:\Users\Noah\work\Andy Cavatorta\pinball\notes\MPF\noahgame_02\config\config.
2021-03-19 15:46:39,924 : ConfigProcessor : Loading config: C:\Users\Noah\work\Andy Cavatorta\pinball\notes\MPF\noahgame_02\config\config
2021-03-19 15:46:39,927 : ConfigProcessor : Config file cache created: C:\Users\Noah\AppData\Local\Temp\13e1228f6bf8ea03affe51e56cb3543a.mpf_cache
2021-03-19 15:46:39,928 : ConfigProcessor : Loading config from cache: C:\Users\Noah\AppData\Local\Temp\98acf0898e619a6798c45a0e5cbb339b.mpf_cache
2021-03-19 15:46:39,929 : ConfigProcessor : Loading config from cache: C:\Users\Noah\AppData\Local\Temp\a7eac71e9da1e9cfd4db34c71351dbda.mpf_cache
2021-03-19 15:46:39,929 : ConfigProcessor : Loading config from cache: C:\Users\Noah\AppData\Local\Temp\c6adbc38c235400b65ae43d7099eba05.mpf_cache
2021-03-19 15:46:39,931 : mpfmc : Mission Pinball Framework Media Controller v0.54.0
2021-03-19 15:46:39,931 : mpfmc : Mission Pinball Framework Game Engine v0.54.6
2021-03-19 15:46:39,932 : mpfmc : Machine path: C:\Users\Noah\work\Andy Cavatorta\pinball\notes\MPF\noahgame_02
2021-03-19 15:46:39,932 : mpfmc : Starting clock at 60.0Hz
2021-03-19 15:46:39,972 : kivy : Text: Provider: sdl2
2021-03-19 15:46:40,036 : kivy : Window: Provider: sdl2
2021-03-19 15:46:40,324 : kivy : GL: Using the "OpenGL" graphics system
2021-03-19 15:46:40,332 : kivy : GL: GLEW initialization succeeded
2021-03-19 15:46:40,336 : kivy : GL: Backend used <glew>
2021-03-19 15:46:40,336 : kivy : GL: OpenGL version <b'4.4.0 - Build 20.19.15.4835'>
2021-03-19 15:46:40,337 : kivy : GL: OpenGL vendor <b'Intel'>
2021-03-19 15:46:40,337 : kivy : GL: OpenGL renderer <b'Intel(R) HD Graphics 5500'>
2021-03-19 15:46:40,337 : kivy : GL: OpenGL parsed version: 4, 4
2021-03-19 15:46:40,338 : kivy : GL: Shading version <b'4.40 - Build 20.19.15.4835'>
2021-03-19 15:46:40,338 : kivy : GL: Texture max size <16384>
2021-03-19 15:46:40,339 : kivy : GL: Texture max units <32>
2021-03-19 15:46:40,379 : kivy : Window: auto add sdl2 input provider
2021-03-19 15:46:40,379 : kivy : Window: virtual keyboard not allowed, single mode, not docked
2021-03-19 15:46:40,393 : SoundSystem : SoundSystem: Using default 'sound_system' settings
2021-03-19 15:46:40,927 : AudioInterface : Initialized
2021-03-19 15:46:40,927 : SoundSystem : No audio tracks are specified in your machine config file. a track named 'default' has been created.
2021-03-19 15:46:40,931 : kivy : Base: Start application main loop
2021-03-19 15:46:40,933 : EventManager : Event: ======'display_window_initialized'====== Args={}
2021-03-19 15:46:40,960 : mpfmc : Display: Setting 'window' as default display
2021-03-19 15:46:40,971 : EventManager : Event: ======'displays_initialized'====== Args={}
2021-03-19 15:46:40,974 : EventManager : Event: ======'slide_window_blank_created'====== Args={}
2021-03-19 15:46:40,975 : EventManager : Event: ======'display_window_ready'====== Args={}
2021-03-19 15:46:40,991 : EventManager : Event: ======'init_phase_1'====== Args={}
2021-03-19 15:46:41,001 : EventManager : Event: ======'mc_ready'====== Args={}
2021-03-19 15:46:41,001 : EventManager : Event: ======'init_phase_2'====== Args={}
2021-03-19 15:46:41,005 : EventManager : Event: ======'init_phase_3'====== Args={}
2021-03-19 15:46:41,006 : EventManager : Event: ======'init_phase_4'====== Args={}
2021-03-19 15:46:41,007 : EventManager : Event: ======'init_phase_5'====== Args={}
2021-03-19 15:46:41,008 : EventManager : Event: ======'init_done'====== Args={}
2021-03-19 15:46:41,009 : MPF-MC BCP Server : Starting up on localhost port 5050
2021-03-19 15:46:41,015 : MPF-MC BCP Server : Waiting for a connection...
2021-03-19 15:46:41,016 : mpfmc : SlidePlayer: Play called with settings={'slides': {welcome_slide-None-None: {'priority': None, 'target': None, 'background_color': [0.0, 0.0, 0.0, 1.0], 'show': True, 'force': False, 'expire': None, 'slide': None, 'tokens': {}, 'action': 'play', 'transition': None, 'transition_out': None}}}
2021-03-19 15:46:41,024 : kivy : GL: NPOT texture support is available
2021-03-19 15:46:41,028 : EventManager : Event: ======'slide_welcome_slide_created'====== Args={}
2021-03-19 15:46:41,033 : EventManager : Event: ======'slide_welcome_slide_active'====== Args={}
2021-03-19 15:46:41,047 : EventManager : Event: ======'client_disconnected'====== Args={'host': '127.0.0.1', 'port': 5050}
2021-03-19 15:46:41,563 : MPF-MC BCP Server : Received connection from: 127.0.0.1:49419
2021-03-19 15:46:41,571 : EventManager : Event: ======'client_connected'====== Args={'host': '127.0.0.1', 'port': 49419}
2021-03-19 15:46:41,597 : EventManager : Event: ======'machine_var_p_roc_version'====== Args={'value': 2, 'prev_value': None, 'change': True}
2021-03-19 15:46:41,598 : EventManager : Event: ======'machine_var_p_roc_revision'====== Args={'value': 6, 'prev_value': None, 'change': True}
2021-03-19 15:46:41,599 : EventManager : Event: ======'machine_var_p_roc_hardware_version'====== Args={'value': 1, 'prev_value': None, 'change': True}
2021-03-19 15:46:41,599 : EventManager : Event: ======'machine_var_credits_string'====== Args={'value': 'FREE PLAY', 'prev_value': None, 'change': True}
2021-03-19 15:46:41,600 : EventManager : Event: ======'machine_var_mpf_version'====== Args={'value': 'MPF v0.54.6', 'prev_value': None, 'change': True}
2021-03-19 15:46:41,602 : EventManager : Event: ======'machine_var_mpf_extended_version'====== Args={'value': 'MPF v0.54.6, Config version:5, Show version: 5, BCP version:1.1', 'prev_value': None, 'change': True}
2021-03-19 15:46:41,602 : EventManager : Event: ======'machine_var_python_version'====== Args={'value': '3.7.9', 'prev_value': None, 'change': True}
2021-03-19 15:46:41,603 : EventManager : Event: ======'machine_var_platform'====== Args={'value': 'Windows-10-10.0.19041-SP0', 'prev_value': None, 'change': True}
2021-03-19 15:46:41,603 : EventManager : Event: ======'machine_var_platform_system'====== Args={'value': 'Windows', 'prev_value': None, 'change': True}
2021-03-19 15:46:41,604 : EventManager : Event: ======'machine_var_platform_release'====== Args={'value': '10', 'prev_value': None, 'change': True}
2021-03-19 15:46:41,604 : EventManager : Event: ======'machine_var_platform_version'====== Args={'value': '10.0.19041', 'prev_value': None, 'change': True}
2021-03-19 15:46:41,604 : EventManager : Event: ======'machine_var_platform_machine'====== Args={'value': 'AMD64', 'prev_value': None, 'change': True}
2021-03-19 15:46:41,604 : EventManager : Event: ======'machine_var_mc_version'====== Args={'value': 'MPF-MC v0.54.0', 'prev_value': None, 'change': True}
2021-03-19 15:46:41,604 : EventManager : Event: ======'machine_var_mc_extended_version'====== Args={'value': 'MPF-MC v0.54.0 (config_version=5, BCP v1.1, Requires MPF v0.54.0)', 'prev_value': None, 'change': True}
2021-03-19 15:46:41,605 : EventManager : Event: ======'machine_var_master_volume'====== Args={'value': 0.5, 'prev_value': None, 'change': True}
2021-03-19 15:46:41,605 : EventManager : Event: ======'machine_var_audits_switches_s_drop_target'====== Args={'value': 123, 'prev_value': None, 'change': True}
2021-03-19 15:46:41,605 : EventManager : Event: ======'machine_var_audits_switches_s_left_flipper'====== Args={'value': 20, 'prev_value': None, 'change': True}
2021-03-19 15:46:41,606 : EventManager : Event: ======'machine_var_audits_switches_s_left_slingshot'====== Args={'value': 9, 'prev_value': None, 'change': True}
2021-03-19 15:46:41,606 : EventManager : Event: ======'machine_var_audits_switches_s_right_flipper'====== Args={'value': 31, 'prev_value': None, 'change': True}
2021-03-19 15:46:41,613 : EventManager : Event: ======'machine_var_audits_switches_s_right_inlane'====== Args={'value': 9, 'prev_value': None, 'change': True}
2021-03-19 15:46:41,614 : EventManager : Event: ======'machine_var_audits_switches_s_right_slingshot'====== Args={'value': 31, 'prev_value': None, 'change': True}
2021-03-19 15:46:41,614 : EventManager : Event: ======'machine_var_audits_switches_s_start'====== Args={'value': 12, 'prev_value': None, 'change': True}
2021-03-19 15:46:41,614 : EventManager : Event: ======'machine_var_audits_switches_s_trough1'====== Args={'value': 6, 'prev_value': None, 'change': True}
2021-03-19 15:46:41,615 : EventManager : Event: ======'machine_var_audits_switches_s_pop_bumper'====== Args={'value': 0, 'prev_value': None, 'change': True}
2021-03-19 15:46:41,615 : EventManager : Event: ======'slides_play'====== Args={'settings': {'welcome_slide': {'target': None, 'background_color': [0.0, 0.0, 0.0, 1.0], 'priority': None, 'show': True, 'force': False, 'expire': None, 'slide': None, 'tokens': {}, 'action': 'play'}}, 'context': '_global', 'calling_context': 'init_done', 'priority': 0}
2021-03-19 15:46:41,615 : EventManager : Event: ======'mc_reset_phase_1'====== Args={}
2021-03-19 15:46:41,616 : mpfmc : SlidePlayer: Play called with settings={'welcome_slide': {'target': None, 'background_color': [0.0, 0.0, 0.0, 1.0], 'priority': None, 'show': True, 'force': False, 'expire': None, 'slide': None, 'tokens': {}, 'action': 'play'}}
2021-03-19 15:46:41,617 : EventManager : Event: ======'slide_welcome_slide_removed'====== Args={}
2021-03-19 15:46:41,620 : EventManager : Event: ======'slide_welcome_slide_created'====== Args={}
2021-03-19 15:46:41,621 : EventManager : Event: ======'mc_reset_phase_2'====== Args={}
2021-03-19 15:46:41,621 : EventManager : Event: ======'mc_reset_phase_3'====== Args={}
2021-03-19 15:46:41,622 : EventManager : Event: ======'mc_reset_complete'====== Args={}
2021-03-19 15:46:41,626 : EventManager : Event: ======'slide_welcome_slide_active'====== Args={}
2021-03-19 15:46:41,650 : EventManager : Event: ======'slides_play'====== Args={'settings': {'awesome_slide': {'widgets': [{'type': 'text', 'text': 'YOU ARE AWESOME', 'font_size': 50, '_default_settings': ['type', 'text', 'font_size'], 'x': None, 'y': None, 'anchor_x': 'center', 'anchor_y': 'center', 'round_anchor_x': None, 'round_anchor_y': None, 'opacity': 1.0, 'z': 0, 'reset_animations_events': {}, 'color': [1.0, 1.0, 1.0, 1.0], 'style': [], 'adjust_top': 0, 'adjust_bottom': 0, 'adjust_left': 0, 'adjust_right': 0, 'expire': None, 'key': None, 'widget': None, 'events_when_added': [], 'events_when_removed': [], 'bitmap_font': False, 'font_kerning': True, 'bold': False, 'italic': False, 'number_grouping': False, 'min_digits': 0, 'halign': 'center', 'valign': 'middle', 'rotation': 0, 'scale': 1.0, 'casing': None, 'animations': None}], 'transition': {'type': 'push', 'duration': 1.0, 'direction': 'left', 'easing': 'out_quad'}, 'target': None, 'background_color': [0.0, 0.0, 0.0, 1.0], 'priority': None, 'show': True, 'force': False, 'expire': None, 'slide': None, 'tokens': {}, 'action': 'play'}}, 'context': 'show_2', 'calling_context': 0, 'priority': 10, 'show_tokens': {}, 'start_time': 131507.765}
2021-03-19 15:46:41,651 : mpfmc : SlidePlayer: Play called with settings={'awesome_slide': {'widgets': [{'type': 'text', 'text': 'YOU ARE AWESOME', 'font_size': 50, '_default_settings': ['type', 'text', 'font_size'], 'x': None, 'y': None, 'anchor_x': 'center', 'anchor_y': 'center', 'round_anchor_x': None, 'round_anchor_y': None, 'opacity': 1.0, 'z': 0, 'reset_animations_events': {}, 'color': [1.0, 1.0, 1.0, 1.0], 'style': [], 'adjust_top': 0, 'adjust_bottom': 0, 'adjust_left': 0, 'adjust_right': 0, 'expire': None, 'key': None, 'widget': None, 'events_when_added': [], 'events_when_removed': [], 'bitmap_font': False, 'font_kerning': True, 'bold': False, 'italic': False, 'number_grouping': False, 'min_digits': 0, 'halign': 'center', 'valign': 'middle', 'rotation': 0, 'scale': 1.0, 'casing': None, 'animations': None}], 'transition': {'type': 'push', 'duration': 1.0, 'direction': 'left', 'easing': 'out_quad'}, 'target': None, 'background_color': [0.0, 0.0, 0.0, 1.0], 'priority': None, 'show': True, 'force': False, 'expire': None, 'slide': None, 'tokens': {}, 'action': 'play'}}
2021-03-19 15:46:41,656 : EventManager : Event: ======'slide_awesome_slide_created'====== Args={}
2021-03-19 15:46:41,662 : EventManager : Event: ======'slide_awesome_slide_active'====== Args={}
2021-03-19 15:46:44,643 : EventManager : Event: ======'slides_play'====== Args={'settings': {'press_start': {'widgets': [{'type': 'Text', 'text': 'PRESS START', 'animations': {'pre_show_slide': [{'property': ['opacity'], 'value': ['0'], 'duration': 0.5, 'relative': False, 'timing': 'after_previous', 'repeat': False, 'easing': 'linear'}, {'property': ['opacity'], 'value': ['1'], 'duration': 0.5, 'repeat': False, 'relative': False, 'timing': 'after_previous', 'easing': 'linear'}]}, '_default_settings': ['type', 'text', 'animations'], 'x': None, 'y': None, 'anchor_x': 'center', 'anchor_y': 'center', 'round_anchor_x': None, 'round_anchor_y': None, 'opacity': 1.0, 'z': 0, 'reset_animations_events': {}, 'color': [1.0, 1.0, 1.0, 1.0], 'style': [], 'adjust_top': 0, 'adjust_bottom': 0, 'adjust_left': 0, 'adjust_right': 0, 'expire': None, 'key': None, 'widget': None, 'events_when_added': [], 'events_when_removed': [], 'font_size': 15, 'bitmap_font': False, 'font_kerning': True, 'bold': False, 'italic': False, 'number_grouping': False, 'min_digits': 0, 'halign': 'center', 'valign': 'middle', 'rotation': 0, 'scale': 1.0, 'casing': None}, {'type': 'Text', 'text': 'FREE PLAY', 'color': [0.0, 0.5019607843137255, 0.0, 1], 'y': '10', 'anchor_y': 'bottom', '_default_settings': ['type', 'text', 'color', 'y', 'anchor_y'], 'x': None, 'anchor_x': 'center', 'round_anchor_x': None, 'round_anchor_y': None, 'opacity': 1.0, 'z': 0, 'reset_animations_events': {}, 'style': [], 'adjust_top': 0, 'adjust_bottom': 0, 'adjust_left': 0, 'adjust_right': 0, 'expire': None, 'key': None, 'widget': None, 'events_when_added': [], 'events_when_removed': [], 'font_size': 15, 'bitmap_font': False, 'font_kerning': True, 'bold': False, 'italic': False, 'number_grouping': False, 'min_digits': 0, 'halign': 'center', 'valign': 'middle', 'rotation': 0, 'scale': 1.0, 'casing': None, 'animations': None}], 'transition': {'type': 'move_in', 'duration': 1.0, 'direction': 'right', 'easing': 'out_quad'}, 'target': None, 'background_color': [0.0, 0.0, 0.0, 1.0], 'priority': None, 'show': True, 'force': False, 'expire': None, 'slide': None, 'tokens': {}, 'action': 'play'}}, 'context': 'show_2', 'calling_context': 1, 'priority': 10, 'show_tokens': {}, 'start_time': 131510.765}
2021-03-19 15:46:44,644 : mpfmc : SlidePlayer: Play called with settings={'press_start': {'widgets': [{'type': 'Text', 'text': 'PRESS START', 'animations': {'pre_show_slide': [{'property': ['opacity'], 'value': ['0'], 'duration': 0.5, 'relative': False, 'timing': 'after_previous', 'repeat': False, 'easing': 'linear'}, {'property': ['opacity'], 'value': ['1'], 'duration': 0.5, 'repeat': False, 'relative': False, 'timing': 'after_previous', 'easing': 'linear'}]}, '_default_settings': ['type', 'text', 'animations'], 'x': None, 'y': None, 'anchor_x': 'center', 'anchor_y': 'center', 'round_anchor_x': None, 'round_anchor_y': None, 'opacity': 1.0, 'z': 0, 'reset_animations_events': {}, 'color': [1.0, 1.0, 1.0, 1.0], 'style': [], 'adjust_top': 0, 'adjust_bottom': 0, 'adjust_left': 0, 'adjust_right': 0, 'expire': None, 'key': None, 'widget': None, 'events_when_added': [], 'events_when_removed': [], 'font_size': 15, 'bitmap_font': False, 'font_kerning': True, 'bold': False, 'italic': False, 'number_grouping': False, 'min_digits': 0, 'halign': 'center', 'valign': 'middle', 'rotation': 0, 'scale': 1.0, 'casing': None}, {'type': 'Text', 'text': 'FREE PLAY', 'color': [0.0, 0.5019607843137255, 0.0, 1], 'y': '10', 'anchor_y': 'bottom', '_default_settings': ['type', 'text', 'color', 'y', 'anchor_y'], 'x': None, 'anchor_x': 'center', 'round_anchor_x': None, 'round_anchor_y': None, 'opacity': 1.0, 'z': 0, 'reset_animations_events': {}, 'style': [], 'adjust_top': 0, 'adjust_bottom': 0, 'adjust_left': 0, 'adjust_right': 0, 'expire': None, 'key': None, 'widget': None, 'events_when_added': [], 'events_when_removed': [], 'font_size': 15, 'bitmap_font': False, 'font_kerning': True, 'bold': False, 'italic': False, 'number_grouping': False, 'min_digits': 0, 'halign': 'center', 'valign': 'middle', 'rotation': 0, 'scale': 1.0, 'casing': None, 'animations': None}], 'transition': {'type': 'move_in', 'duration': 1.0, 'direction': 'right', 'easing': 'out_quad'}, 'target': None, 'background_color': [0.0, 0.0, 0.0, 1.0], 'priority': None, 'show': True, 'force': False, 'expire': None, 'slide': None, 'tokens': {}, 'action': 'play'}}
2021-03-19 15:46:44,650 : EventManager : Event: ======'slide_press_start_created'====== Args={}
2021-03-19 15:46:44,653 : EventManager : Event: ======'slide_press_start_active'====== Args={}
2021-03-19 15:46:46,063 : kivy : Base: Leaving application in progress...
2021-03-19 15:46:46,255 : kivy : WindowSDL: exiting mainloop and closing.
2021-03-19 15:46:46,287 : mpfmc : Stopping...
2021-03-19 15:46:46,287 : EventManager : Event: ======'shutdown'====== Args={}
2021-03-19 15:46:46,288 : mpfmc : Loop rate 75.22 Hz
2021-03-19 15:46:46,289 : kivy : MC run loop ended.
2021-03-19 15:46:46,290 : kivy : Stopping child threads... (3 remaining)
2021-03-19 15:46:46,640 : mpfmc : Stopping...
2021-03-19 15:46:46,642 : EventManager : Event: ======'shutdown'====== Args={}
2021-03-19 15:46:46,642 : mpfmc : Loop rate 70.56 Hz
2021-03-19 15:46:46,654 : MPF-MC BCP Server : Stopping BCP sending thread
2021-03-19 15:46:46,996 : kivy : All child threads stopped.
