2021-03-19 13:59:59,907 : INFO : root : Loading config.
2021-03-19 13:59:59,915 : INFO : YamlMultifileConfigLoader : Machine config file #1: config.yaml
2021-03-19 13:59:59,915 : WARNING : ConfigProcessor : Config file in cache changed: C:\Users\Noah\work\Andy Cavatorta\pinball\notes\MPF\noahgame_02\config\config.yaml
2021-03-19 13:59:59,916 : INFO : ConfigProcessor : Loading config from file c:\users\noah\mpfenv\lib\site-packages\mpf\mpfconfig.yaml.
2021-03-19 14:00:00,025 : INFO : ConfigProcessor : Loading config: c:\users\noah\mpfenv\lib\site-packages\mpf\mpfconfig.yaml
2021-03-19 14:00:00,028 : INFO : ConfigProcessor : Loading config from file C:\Users\Noah\work\Andy Cavatorta\pinball\notes\MPF\noahgame_02\config\config.yaml.
2021-03-19 14:00:00,062 : INFO : ConfigProcessor : Loading config: C:\Users\Noah\work\Andy Cavatorta\pinball\notes\MPF\noahgame_02\config\config.yaml
2021-03-19 14:00:00,066 : INFO : ConfigProcessor : Config file cache created: C:\Users\Noah\AppData\Local\Temp\d1f6a309ab2e3c3e66b0fef93f7a960f.mpf_cache
2021-03-19 14:00:00,192 : INFO : ConfigProcessor : Loading config from cache: C:\Users\Noah\AppData\Local\Temp\98acf0898e619a6798c45a0e5cbb339b.mpf_cache
2021-03-19 14:00:00,193 : INFO : ConfigProcessor : Loading config from cache: C:\Users\Noah\AppData\Local\Temp\a7eac71e9da1e9cfd4db34c71351dbda.mpf_cache
2021-03-19 14:00:00,194 : INFO : ConfigProcessor : Loading config from cache: C:\Users\Noah\AppData\Local\Temp\c6adbc38c235400b65ae43d7099eba05.mpf_cache
2021-03-19 14:00:00,195 : INFO : ConfigProcessor : Loading config from cache: C:\Users\Noah\AppData\Local\Temp\9689abd61e57da3f8bc074c7a88f2b77.mpf_cache
2021-03-19 14:00:00,196 : INFO : ConfigProcessor : Loading config from cache: C:\Users\Noah\AppData\Local\Temp\06881332f8a9c1e11264544d2c255f98.mpf_cache
2021-03-19 14:00:00,197 : INFO : Machine : Mission Pinball Framework Core Engine v0.54.6
2021-03-19 14:00:00,197 : INFO : Machine : Command line arguments: {'no_load_cache': False, 'create_config_cache': True, 'bcp': True, 'configfile': ['config.yaml'], 'force_assets_load': False, 'jsonlogging': False, 'logfile': 'logs\\2021-03-19-13-59-59-mpf-DESKTOP-VL0THH1.log', 'pause': False, 'production': False, 'text_ui': False, 'loglevel': 15, 'consoleloglevel': 20, 'force_platform': None, 'syslog_address': None, 'mc_file_name': None, 'no_sound': False}
2021-03-19 14:00:00,197 : INFO : Machine : MPF path: c:\users\noah\mpfenv\lib\site-packages\mpf
2021-03-19 14:00:00,197 : INFO : Machine : Machine path: C:\Users\Noah\work\Andy Cavatorta\pinball\notes\MPF\noahgame_02
2021-03-19 14:00:00,197 : INFO : Machine : Platform: win32
2021-03-19 14:00:00,197 : INFO : Machine : Python executable location: c:\users\noah\mpfenv\scripts\python.exe
2021-03-19 14:00:00,197 : INFO : Machine : Python version: 3.7.9 (64-bit)
2021-03-19 14:00:00,200 : INFO : Machine : Initialise MPF.
2021-03-19 14:00:00,308 : INFO : P-Roc : Connecting to P-ROC
2021-03-19 14:00:00,515 : INFO : P-Roc : Successfully connected to P-ROC/P3-ROC. Firmware Version: 2. Firmware Revision: 6. Hardware Board ID: 1
2021-03-19 14:00:00,515 : WARNING : P-Roc : Consider upgrading the firmware of your P/P3-Roc to at least 2.14. Your version contains known bugs.
2021-03-19 14:00:00,585 : INFO : EventManager : Event: ======'machine_var_p_roc_version'====== Args={'value': 2, 'prev_value': None, 'change': True}
2021-03-19 14:00:00,585 : INFO : EventManager : Event: ======'machine_var_p_roc_revision'====== Args={'value': 6, 'prev_value': None, 'change': True}
2021-03-19 14:00:00,585 : INFO : EventManager : Event: ======'machine_var_p_roc_hardware_version'====== Args={'value': 1, 'prev_value': None, 'change': True}
2021-03-19 14:00:00,586 : INFO : EventManager : Event: ======'machine_var_credits_string'====== Args={'value': 'FREE PLAY', 'prev_value': None, 'change': True}
2021-03-19 14:00:00,675 : INFO : EventManager : Event: ======'machine_var_mpf_version'====== Args={'value': 'MPF v0.54.6', 'prev_value': None, 'change': True}
2021-03-19 14:00:00,675 : INFO : EventManager : Event: ======'machine_var_mpf_extended_version'====== Args={'value': 'MPF v0.54.6, Config version:5, Show version: 5, BCP version:1.1', 'prev_value': None, 'change': True}
2021-03-19 14:00:00,675 : INFO : EventManager : Event: ======'machine_var_python_version'====== Args={'value': '3.7.9', 'prev_value': None, 'change': True}
2021-03-19 14:00:00,676 : INFO : EventManager : Event: ======'machine_var_platform'====== Args={'value': 'Windows-10-10.0.19041-SP0', 'prev_value': None, 'change': True}
2021-03-19 14:00:00,676 : INFO : EventManager : Event: ======'machine_var_platform_system'====== Args={'value': 'Windows', 'prev_value': None, 'change': True}
2021-03-19 14:00:00,676 : INFO : EventManager : Event: ======'machine_var_platform_release'====== Args={'value': '10', 'prev_value': None, 'change': True}
2021-03-19 14:00:00,676 : INFO : EventManager : Event: ======'machine_var_platform_version'====== Args={'value': '10.0.19041', 'prev_value': None, 'change': True}
2021-03-19 14:00:00,676 : INFO : EventManager : Event: ======'machine_var_platform_machine'====== Args={'value': 'AMD64', 'prev_value': None, 'change': True}
2021-03-19 14:00:00,676 : INFO : EventManager : Event: ======'init_phase_1'====== Args={}
2021-03-19 14:00:00,710 : INFO : EventManager : Event: ======'drop_target_bank_noah_up'====== Args={}
2021-03-19 14:00:00,714 : INFO : EventManager : Event: ======'init_phase_2'====== Args={}
2021-03-19 14:00:00,738 : INFO : SwitchController : Found active switch: (6, <Platform.P3-ROC>) <switch.s_right_inlane>
2021-03-19 14:00:00,739 : INFO : SwitchController : Found active switch: (15, <Platform.P3-ROC>) <switch.s_trough1>
2021-03-19 14:00:00,739 : INFO : SwitchController : Found active switch: (4, <Platform.P3-ROC>) <switch.s_drop_target>
2021-03-19 14:00:00,744 : INFO : EventManager : Event: ======'bcp_connection_attempt'====== Args={'name': 'local_display', 'host': 'localhost', 'port': 5050}
2021-03-19 14:00:00,746 : INFO : BCPClientSocket : Connecting BCP to 'local_display' at localhost:5050...
2021-03-19 14:00:02,769 : INFO : BCPClientSocket : Connected BCP to 'local_display' localhost:5050
2021-03-19 14:00:02,770 : INFO : EventManager : Event: ======'bcp_clients_connected'====== Args={}
2021-03-19 14:00:02,771 : INFO : ball_device.bd_trough : State: idle
2021-03-19 14:00:02,798 : INFO : EventManager : Event: ======'init_phase_3'====== Args={}
2021-03-19 14:00:02,806 : INFO : EventManager : Event: ======'machine_var_mc_version'====== Args={'value': 'MPF-MC v0.54.0', 'prev_value': None, 'change': True}
2021-03-19 14:00:02,806 : INFO : EventManager : Event: ======'machine_var_mc_extended_version'====== Args={'value': 'MPF-MC v0.54.0 (config_version=5, BCP v1.1, Requires MPF v0.54.0)', 'prev_value': None, 'change': True}
2021-03-19 14:00:02,809 : INFO : EventManager : Event: ======'machine_var_master_volume'====== Args={'value': 0.5, 'prev_value': None, 'change': True}
2021-03-19 14:00:02,809 : INFO : EventManager : Event: ======'init_phase_4'====== Args={}
2021-03-19 14:00:02,810 : INFO : EventManager : Event: ======'playfield_active'====== Args={}
2021-03-19 14:00:02,810 : INFO : EventManager : Event: ======'unexpected_ball_on_playfield'====== Args={}
2021-03-19 14:00:02,810 : INFO : EventManager : Event: ======'drop_target_d_drop_target_down'====== Args={'device': <drop_target.d_drop_target>}
2021-03-19 14:00:02,810 : INFO : EventManager : Event: ======'drop_target_bank_noah_down'====== Args={}
2021-03-19 14:00:02,811 : INFO : BallController : Initial balls found: 1
2021-03-19 14:00:02,813 : INFO : EventManager : Event: ======'machine_var_audits_switches_s_drop_target'====== Args={'value': 76, 'prev_value': None, 'change': True}
2021-03-19 14:00:02,813 : INFO : EventManager : Event: ======'machine_var_audits_switches_s_left_flipper'====== Args={'value': 14, 'prev_value': None, 'change': True}
2021-03-19 14:00:02,814 : INFO : EventManager : Event: ======'machine_var_audits_switches_s_left_slingshot'====== Args={'value': 9, 'prev_value': None, 'change': True}
2021-03-19 14:00:02,814 : INFO : EventManager : Event: ======'machine_var_audits_switches_s_right_flipper'====== Args={'value': 25, 'prev_value': None, 'change': True}
2021-03-19 14:00:02,814 : INFO : EventManager : Event: ======'machine_var_audits_switches_s_right_inlane'====== Args={'value': 7, 'prev_value': None, 'change': True}
2021-03-19 14:00:02,815 : INFO : EventManager : Event: ======'machine_var_audits_switches_s_right_slingshot'====== Args={'value': 31, 'prev_value': None, 'change': True}
2021-03-19 14:00:02,815 : INFO : EventManager : Event: ======'machine_var_audits_switches_s_start'====== Args={'value': 11, 'prev_value': None, 'change': True}
2021-03-19 14:00:02,816 : INFO : EventManager : Event: ======'machine_var_audits_switches_s_trough1'====== Args={'value': 4, 'prev_value': None, 'change': True}
2021-03-19 14:00:02,817 : INFO : EventManager : Event: ======'init_phase_5'====== Args={}
2021-03-19 14:00:02,818 : INFO : EventManager : Event: ======'init_done'====== Args={}
2021-03-19 14:00:02,819 : INFO : EventManager : Event: ======'machine_reset_phase_1'====== Args={}
2021-03-19 14:00:02,826 : INFO : EventManager : Event: ======'slide_welcome_slide_removed'====== Args={'_from_bcp': True}
2021-03-19 14:00:02,830 : INFO : EventManager : Event: ======'slide_welcome_slide_created'====== Args={'_from_bcp': True}
2021-03-19 14:00:02,832 : INFO : EventManager : Event: ======'machine_reset_phase_2'====== Args={}
2021-03-19 14:00:02,833 : INFO : EventManager : Event: ======'machine_reset_phase_3'====== Args={}
2021-03-19 14:00:02,833 : INFO : drop_target_bank.noah : 1 targets are down. Will reset those.
2021-03-19 14:00:02,833 : INFO : coil.c_reset_drop_target : Pulsing Driver for 10ms (1.0 pulse_power)
2021-03-19 14:00:02,842 : INFO : EventManager : Event: ======'slide_welcome_slide_active'====== Args={'_from_bcp': True}
2021-03-19 14:00:02,843 : INFO : EventManager : Event: ======'reset_complete'====== Args={}
2021-03-19 14:00:02,844 : INFO : EventManager : Event: ======'mode_attract_will_start'====== Args={}
2021-03-19 14:00:02,846 : INFO : EventManager : Event: ======'mode_attract_starting'====== Args={}
2021-03-19 14:00:02,846 : INFO : Mode.attract : Started. Priority: 10
2021-03-19 14:00:02,846 : INFO : EventManager : Event: ======'modes_active_modes_changed'====== Args={}
2021-03-19 14:00:02,847 : INFO : EventManager : Event: ======'mode_attract_started'====== Args={}
2021-03-19 14:00:02,849 : INFO : EventManager : Event: ======'collecting_balls_complete'====== Args={}
2021-03-19 14:00:02,850 : INFO : coil.c_reset_drop_target : Pulsing Driver for 10ms (1.0 pulse_power)
2021-03-19 14:00:02,851 : INFO : Machine : Starting the main run loop.
2021-03-19 14:00:02,863 : INFO : SwitchController : <<<<<<< 's_drop_target' inactive >>>>>>>
2021-03-19 14:00:02,864 : INFO : EventManager : Event: ======'slide_awesome_slide_created'====== Args={'_from_bcp': True}
2021-03-19 14:00:02,866 : INFO : EventManager : Event: ======'slide_awesome_slide_active'====== Args={'_from_bcp': True}
2021-03-19 14:00:03,341 : INFO : EventManager : Event: ======'drop_target_d_drop_target_up'====== Args={'device': <drop_target.d_drop_target>}
2021-03-19 14:00:03,341 : INFO : EventManager : Event: ======'restore'====== Args={}
2021-03-19 14:00:03,341 : INFO : EventManager : Event: ======'drop_target_bank_noah_up'====== Args={}
2021-03-19 14:00:03,801 : INFO : drop_target_bank.noah : All targets are already up. Will not reset bank.
2021-03-19 14:00:05,687 : INFO : SwitchController : <<<<<<< 's_right_flipper' active >>>>>>>
2021-03-19 14:00:05,721 : INFO : SwitchController : <<<<<<< 's_right_flipper' inactive >>>>>>>
2021-03-19 14:00:05,796 : INFO : SwitchController : <<<<<<< 's_right_flipper' active >>>>>>>
2021-03-19 14:00:05,854 : INFO : EventManager : Event: ======'slide_press_start_created'====== Args={'_from_bcp': True}
2021-03-19 14:00:05,857 : INFO : EventManager : Event: ======'slide_press_start_active'====== Args={'_from_bcp': True}
2021-03-19 14:00:05,858 : INFO : SwitchController : <<<<<<< 's_right_flipper' inactive >>>>>>>
2021-03-19 14:00:05,913 : INFO : SwitchController : <<<<<<< 's_right_flipper' active >>>>>>>
2021-03-19 14:00:05,968 : INFO : SwitchController : <<<<<<< 's_right_flipper' inactive >>>>>>>
2021-03-19 14:00:06,343 : INFO : SwitchController : <<<<<<< 's_left_flipper' active >>>>>>>
2021-03-19 14:00:06,419 : INFO : SwitchController : <<<<<<< 's_left_flipper' inactive >>>>>>>
2021-03-19 14:00:06,518 : INFO : SwitchController : <<<<<<< 's_left_flipper' active >>>>>>>
2021-03-19 14:00:06,569 : INFO : SwitchController : <<<<<<< 's_left_flipper' inactive >>>>>>>
2021-03-19 14:00:06,658 : INFO : SwitchController : <<<<<<< 's_left_flipper' active >>>>>>>
2021-03-19 14:00:06,711 : INFO : SwitchController : <<<<<<< 's_left_flipper' inactive >>>>>>>
2021-03-19 14:00:08,578 : INFO : SwitchController : <<<<<<< 's_start' active >>>>>>>
2021-03-19 14:00:08,634 : INFO : SwitchController : <<<<<<< 's_start' inactive >>>>>>>
2021-03-19 14:00:08,634 : INFO : EventManager : Event: ======'request_to_start_game'====== Args={}
2021-03-19 14:00:08,634 : INFO : EventManager : Event: ======'game_start'====== Args={'buttons': [], 'hold_time': 0.0629999999946449}
2021-03-19 14:00:08,634 : INFO : EventManager : Event: ======'mode_game_will_start'====== Args={'buttons': [], 'hold_time': 0.0629999999946449}
2021-03-19 14:00:08,635 : INFO : EventManager : Event: ======'mode_game_starting'====== Args={'buttons': [], 'hold_time': 0.0629999999946449}
2021-03-19 14:00:08,635 : INFO : EventManager : Event: ======'mode_attract_will_stop'====== Args={}
2021-03-19 14:00:08,635 : INFO : EventManager : Event: ======'mode_attract_stopping'====== Args={}
2021-03-19 14:00:08,635 : INFO : Mode.attract : Stopped.
2021-03-19 14:00:08,635 : INFO : EventManager : Event: ======'modes_active_modes_changed'====== Args={}
2021-03-19 14:00:08,637 : INFO : EventManager : Event: ======'mode_attract_stopped'====== Args={}
2021-03-19 14:00:08,637 : INFO : EventManager : Event: ======'clear'====== Args={'key': 'attract'}
2021-03-19 14:00:08,637 : INFO : Mode.game : Started. Priority: 20
2021-03-19 14:00:08,637 : INFO : EventManager : Event: ======'modes_active_modes_changed'====== Args={}
2021-03-19 14:00:08,637 : INFO : EventManager : Event: ======'mode_game_started'====== Args={'buttons': [], 'hold_time': 0.0629999999946449}
2021-03-19 14:00:08,639 : INFO : EventManager : Event: ======'game_will_start'====== Args={}
2021-03-19 14:00:08,639 : INFO : EventManager : Event: ======'game_starting'====== Args={'game': <Mode.game>}
2021-03-19 14:00:08,639 : INFO : EventManager : Event: ======'slide_awesome_slide_removed'====== Args={'_from_bcp': True}
2021-03-19 14:00:08,640 : INFO : EventManager : Event: ======'player_add_request'====== Args={}
2021-03-19 14:00:08,640 : INFO : EventManager : Event: ======'player_will_add'====== Args={'number': 1}
2021-03-19 14:00:08,640 : INFO : EventManager : Event: ======'player_adding'====== Args={'player': <Player 1>, 'number': 1}
2021-03-19 14:00:08,640 : INFO : EventManager : Event: ======'player_added'====== Args={'player': <Player 1>, 'num': 1}
2021-03-19 14:00:08,640 : INFO : Mode.game : Player added successfully. Total players: 1
2021-03-19 14:00:08,641 : INFO : EventManager : Event: ======'player_index'====== Args={'value': 0, 'prev_value': 0, 'change': 0, 'player_num': 1}
2021-03-19 14:00:08,641 : INFO : EventManager : Event: ======'player_number'====== Args={'value': 1, 'prev_value': 1, 'change': 0, 'player_num': 1}
2021-03-19 14:00:08,642 : INFO : EventManager : Event: ======'player_score'====== Args={'value': 0, 'prev_value': 0, 'change': 0, 'player_num': 1}
2021-03-19 14:00:08,642 : INFO : EventManager : Event: ======'game_started'====== Args={}
2021-03-19 14:00:08,643 : INFO : EventManager : Event: ======'slide_press_start_removed'====== Args={'_from_bcp': True}
2021-03-19 14:00:08,643 : INFO : EventManager : Event: ======'slide_welcome_slide_active'====== Args={'_from_bcp': True}
2021-03-19 14:00:08,644 : INFO : EventManager : Event: ======'player_turn_will_start'====== Args={'player': <Player 1>, 'number': 1}
2021-03-19 14:00:08,645 : INFO : EventManager : Event: ======'player_turn_starting'====== Args={'player': <Player 1>, 'number': 1}
2021-03-19 14:00:08,646 : INFO : EventManager : Event: ======'player_ball'====== Args={'value': 1, 'prev_value': 0, 'change': 1, 'player_num': 1}
2021-03-19 14:00:08,646 : INFO : EventManager : Event: ======'player_turn_started'====== Args={'player': <Player 1>, 'number': 1}
2021-03-19 14:00:08,647 : INFO : EventManager : Event: ======'ball_will_start'====== Args={'player': 1, 'ball': 1, 'balls_remaining': 2, 'is_extra_ball': False}
2021-03-19 14:00:08,647 : INFO : EventManager : Event: ======'ball_starting'====== Args={'player': 1, 'ball': 1, 'balls_remaining': 2, 'is_extra_ball': False}
2021-03-19 14:00:08,648 : INFO : EventManager : Event: ======'balls_in_play'====== Args={'balls': 1}
2021-03-19 14:00:08,648 : INFO : EventManager : Event: ======'ball_started'====== Args={'player': 1, 'ball': 1, 'balls_remaining': 2, 'is_extra_ball': False}
2021-03-19 14:00:08,648 : INFO : EventManager : Event: ======'mode_base_will_start'====== Args={'player': 1, 'ball': 1, 'balls_remaining': 2, 'is_extra_ball': False}
2021-03-19 14:00:08,649 : INFO : EventManager : Event: ======'mode_base_starting'====== Args={'player': 1, 'ball': 1, 'balls_remaining': 2, 'is_extra_ball': False}
2021-03-19 14:00:08,649 : INFO : drop_target_bank.noah : All targets are already up. Will not reset bank.
2021-03-19 14:00:08,649 : INFO : Mode.base : Started. Priority: 100
2021-03-19 14:00:08,649 : INFO : EventManager : Event: ======'modes_active_modes_changed'====== Args={}
2021-03-19 14:00:08,649 : INFO : EventManager : Event: ======'mode_base_started'====== Args={'player': 1, 'ball': 1, 'balls_remaining': 2, 'is_extra_ball': False}
2021-03-19 14:00:08,650 : INFO : EventManager : Event: ======'single_player_ball_started'====== Args={}
2021-03-19 14:00:08,651 : INFO : ball_device.bd_trough : Setting up player-controlled eject. Balls: 1, Target: <playfield.playfield>, player_controlled_eject_event: None
2021-03-19 14:00:08,651 : INFO : ball_device.bd_trough : Adding 1 ball(s) to the eject_queue with target <playfield.playfield>.
2021-03-19 14:00:08,651 : INFO : EventManager : Event: ======'balldevice_balls_available'====== Args={}
2021-03-19 14:00:08,653 : INFO : ball_device.bd_trough : State: waiting_for_target_ready
2021-03-19 14:00:08,653 : INFO : EventManager : Event: ======'balldevice_bd_trough_ball_eject_attempt'====== Args={'balls': 1, 'target': <playfield.playfield>, 'source': <ball_device.bd_trough>, 'mechanical_eject': False, 'num_attempts': 0}
2021-03-19 14:00:08,654 : INFO : ball_device.bd_trough : State: ejecting
2021-03-19 14:00:08,654 : INFO : ball_device.bd_trough : Ejecting ball to <playfield.playfield>
2021-03-19 14:00:08,654 : INFO : EventManager : Event: ======'balldevice_bd_trough_ejecting_ball'====== Args={'balls': 1, 'target': <playfield.playfield>, 'source': <ball_device.bd_trough>, 'mechanical_eject': False, 'num_attempts': 0}
2021-03-19 14:00:08,655 : INFO : ball_device.bd_trough : Wait for ball to leave device
2021-03-19 14:00:08,656 : INFO : coil.c_trough_eject : Pulsing Driver for 10ms (1.0 pulse_power)
2021-03-19 14:00:08,668 : INFO : EventManager : Event: ======'slide_base.slide_player-mode_base_started_created'====== Args={'_from_bcp': True}
2021-03-19 14:00:08,673 : INFO : EventManager : Event: ======'slide_base.slide_player-mode_base_started_active'====== Args={'_from_bcp': True}
2021-03-19 14:00:09,639 : INFO : drop_target_bank.noah : All targets are already up. Will not reset bank.
2021-03-19 14:00:09,882 : INFO : SwitchController : <<<<<<< 's_right_flipper' active >>>>>>>
2021-03-19 14:00:09,882 : INFO : EventManager : Event: ======'machine_var_audits_switches_s_right_flipper'====== Args={'value': 26, 'prev_value': 25, 'change': 1}
2021-03-19 14:00:09,948 : INFO : SwitchController : <<<<<<< 's_right_flipper' inactive >>>>>>>
2021-03-19 14:00:10,034 : INFO : SwitchController : <<<<<<< 's_right_flipper' active >>>>>>>
2021-03-19 14:00:10,035 : INFO : EventManager : Event: ======'machine_var_audits_switches_s_right_flipper'====== Args={'value': 27, 'prev_value': 26, 'change': 1}
2021-03-19 14:00:10,099 : INFO : SwitchController : <<<<<<< 's_right_flipper' inactive >>>>>>>
2021-03-19 14:00:10,186 : INFO : SwitchController : <<<<<<< 's_right_flipper' active >>>>>>>
2021-03-19 14:00:10,186 : INFO : EventManager : Event: ======'machine_var_audits_switches_s_right_flipper'====== Args={'value': 28, 'prev_value': 27, 'change': 1}
2021-03-19 14:00:10,230 : INFO : SwitchController : <<<<<<< 's_right_flipper' inactive >>>>>>>
2021-03-19 14:00:10,630 : INFO : drop_target_bank.noah : All targets are already up. Will not reset bank.
2021-03-19 14:00:10,971 : INFO : SwitchController : <<<<<<< 's_left_flipper' active >>>>>>>
2021-03-19 14:00:10,971 : INFO : EventManager : Event: ======'s_left_flipper_active'====== Args={}
2021-03-19 14:00:10,972 : INFO : EventManager : Event: ======'machine_var_audits_switches_s_left_flipper'====== Args={'value': 15, 'prev_value': 14, 'change': 1}
2021-03-19 14:00:10,972 : INFO : EventManager : Event: ======'player_score'====== Args={'value': 1000, 'prev_value': 0, 'change': 1000, 'player_num': 1}
2021-03-19 14:00:10,996 : INFO : SwitchController : <<<<<<< 's_left_flipper' inactive >>>>>>>
2021-03-19 14:00:11,115 : INFO : SwitchController : <<<<<<< 's_left_flipper' active >>>>>>>
2021-03-19 14:00:11,115 : INFO : EventManager : Event: ======'s_left_flipper_active'====== Args={}
2021-03-19 14:00:11,116 : INFO : EventManager : Event: ======'machine_var_audits_switches_s_left_flipper'====== Args={'value': 16, 'prev_value': 15, 'change': 1}
2021-03-19 14:00:11,116 : INFO : EventManager : Event: ======'player_score'====== Args={'value': 2000, 'prev_value': 1000, 'change': 1000, 'player_num': 1}
2021-03-19 14:00:11,171 : INFO : SwitchController : <<<<<<< 's_left_flipper' inactive >>>>>>>
2021-03-19 14:00:11,258 : INFO : SwitchController : <<<<<<< 's_left_flipper' active >>>>>>>
2021-03-19 14:00:11,259 : INFO : EventManager : Event: ======'s_left_flipper_active'====== Args={}
2021-03-19 14:00:11,259 : INFO : EventManager : Event: ======'machine_var_audits_switches_s_left_flipper'====== Args={'value': 17, 'prev_value': 16, 'change': 1}
2021-03-19 14:00:11,259 : INFO : EventManager : Event: ======'player_score'====== Args={'value': 3000, 'prev_value': 2000, 'change': 1000, 'player_num': 1}
2021-03-19 14:00:11,315 : INFO : SwitchController : <<<<<<< 's_left_flipper' inactive >>>>>>>
2021-03-19 14:00:12,670 : INFO : SwitchController : <<<<<<< 's_drop_target' active >>>>>>>
2021-03-19 14:00:12,671 : INFO : EventManager : Event: ======'playfield_active'====== Args={}
2021-03-19 14:00:12,671 : INFO : EventManager : Event: ======'drop_target_d_drop_target_down'====== Args={'device': <drop_target.d_drop_target>}
2021-03-19 14:00:12,671 : INFO : EventManager : Event: ======'drop_target_bank_noah_down'====== Args={}
2021-03-19 14:00:12,671 : INFO : EventManager : Event: ======'machine_var_audits_switches_s_drop_target'====== Args={'value': 77, 'prev_value': 76, 'change': 1}
2021-03-19 14:00:13,670 : INFO : drop_target_bank.noah : 1 targets are down. Will reset those.
2021-03-19 14:00:13,670 : INFO : coil.c_reset_drop_target : Pulsing Driver for 10ms (1.0 pulse_power)
2021-03-19 14:00:13,703 : INFO : SwitchController : <<<<<<< 's_drop_target' inactive >>>>>>>
2021-03-19 14:00:13,768 : INFO : SwitchController : <<<<<<< 's_drop_target' active >>>>>>>
2021-03-19 14:00:13,769 : INFO : EventManager : Event: ======'machine_var_audits_switches_s_drop_target'====== Args={'value': 78, 'prev_value': 77, 'change': 1}
2021-03-19 14:00:14,169 : INFO : EventManager : Event: ======'restore'====== Args={}
2021-03-19 14:00:14,169 : INFO : EventManager : Event: ======'drop_target_bank_noah_down'====== Args={}
2021-03-19 14:00:15,166 : INFO : drop_target_bank.noah : 1 targets are down. Will reset those.
2021-03-19 14:00:15,166 : INFO : coil.c_reset_drop_target : Pulsing Driver for 10ms (1.0 pulse_power)
2021-03-19 14:00:15,200 : INFO : SwitchController : <<<<<<< 's_drop_target' inactive >>>>>>>
2021-03-19 14:00:15,254 : INFO : SwitchController : <<<<<<< 's_drop_target' active >>>>>>>
2021-03-19 14:00:15,254 : INFO : EventManager : Event: ======'machine_var_audits_switches_s_drop_target'====== Args={'value': 79, 'prev_value': 78, 'change': 1}
2021-03-19 14:00:15,660 : INFO : EventManager : Event: ======'restore'====== Args={}
2021-03-19 14:00:15,660 : INFO : EventManager : Event: ======'drop_target_bank_noah_down'====== Args={}
2021-03-19 14:00:16,660 : INFO : drop_target_bank.noah : 1 targets are down. Will reset those.
2021-03-19 14:00:16,660 : INFO : coil.c_reset_drop_target : Pulsing Driver for 10ms (1.0 pulse_power)
2021-03-19 14:00:16,684 : INFO : SwitchController : <<<<<<< 's_drop_target' inactive >>>>>>>
2021-03-19 14:00:16,759 : INFO : SwitchController : <<<<<<< 's_drop_target' active >>>>>>>
2021-03-19 14:00:16,759 : INFO : EventManager : Event: ======'machine_var_audits_switches_s_drop_target'====== Args={'value': 80, 'prev_value': 79, 'change': 1}
2021-03-19 14:00:17,160 : INFO : EventManager : Event: ======'restore'====== Args={}
2021-03-19 14:00:17,160 : INFO : EventManager : Event: ======'drop_target_bank_noah_down'====== Args={}
2021-03-19 14:00:18,156 : INFO : SwitchController : <<<<<<< 's_right_flipper' active >>>>>>>
2021-03-19 14:00:18,157 : INFO : EventManager : Event: ======'machine_var_audits_switches_s_right_flipper'====== Args={'value': 29, 'prev_value': 28, 'change': 1}
2021-03-19 14:00:18,168 : INFO : drop_target_bank.noah : 1 targets are down. Will reset those.
2021-03-19 14:00:18,169 : INFO : coil.c_reset_drop_target : Pulsing Driver for 10ms (1.0 pulse_power)
2021-03-19 14:00:18,202 : INFO : SwitchController : <<<<<<< 's_drop_target' inactive >>>>>>>
2021-03-19 14:00:18,235 : INFO : SwitchController : <<<<<<< 's_right_flipper' inactive >>>>>>>
2021-03-19 14:00:18,269 : INFO : SwitchController : <<<<<<< 's_drop_target' active >>>>>>>
2021-03-19 14:00:18,269 : INFO : EventManager : Event: ======'machine_var_audits_switches_s_drop_target'====== Args={'value': 81, 'prev_value': 80, 'change': 1}
2021-03-19 14:00:18,313 : INFO : SwitchController : <<<<<<< 's_right_flipper' active >>>>>>>
2021-03-19 14:00:18,313 : INFO : EventManager : Event: ======'machine_var_audits_switches_s_right_flipper'====== Args={'value': 30, 'prev_value': 29, 'change': 1}
2021-03-19 14:00:18,367 : INFO : SwitchController : <<<<<<< 's_right_flipper' inactive >>>>>>>
2021-03-19 14:00:18,443 : INFO : SwitchController : <<<<<<< 's_right_flipper' active >>>>>>>
2021-03-19 14:00:18,444 : INFO : EventManager : Event: ======'machine_var_audits_switches_s_right_flipper'====== Args={'value': 31, 'prev_value': 30, 'change': 1}
2021-03-19 14:00:18,509 : INFO : SwitchController : <<<<<<< 's_right_flipper' inactive >>>>>>>
2021-03-19 14:00:18,630 : INFO : EventManager : Event: ======'balldevice_bd_trough_ball_eject_failed'====== Args={'target': <playfield.playfield>, 'balls': 1, 'retry': True, 'num_attempts': 1}
2021-03-19 14:00:18,631 : INFO : ball_device.bd_trough : State: waiting_for_target_ready
2021-03-19 14:00:18,631 : INFO : EventManager : Event: ======'balldevice_bd_trough_ball_eject_attempt'====== Args={'balls': 1, 'target': <playfield.playfield>, 'source': <ball_device.bd_trough>, 'mechanical_eject': False, 'num_attempts': 1}
2021-03-19 14:00:18,631 : INFO : ball_device.bd_trough : State: ejecting
2021-03-19 14:00:18,631 : INFO : ball_device.bd_trough : Ejecting ball to <playfield.playfield>
2021-03-19 14:00:18,632 : INFO : EventManager : Event: ======'balldevice_bd_trough_ejecting_ball'====== Args={'balls': 1, 'target': <playfield.playfield>, 'source': <ball_device.bd_trough>, 'mechanical_eject': False, 'num_attempts': 1}
2021-03-19 14:00:18,632 : INFO : ball_device.bd_trough : Wait for ball to leave device
2021-03-19 14:00:18,632 : INFO : coil.c_trough_eject : Pulsing Driver for 10ms (1.0 pulse_power)
2021-03-19 14:00:18,665 : INFO : EventManager : Event: ======'restore'====== Args={}
2021-03-19 14:00:18,665 : INFO : EventManager : Event: ======'drop_target_bank_noah_down'====== Args={}
2021-03-19 14:00:19,228 : INFO : SwitchController : <<<<<<< 's_left_flipper' active >>>>>>>
2021-03-19 14:00:19,229 : INFO : EventManager : Event: ======'s_left_flipper_active'====== Args={}
2021-03-19 14:00:19,229 : INFO : EventManager : Event: ======'machine_var_audits_switches_s_left_flipper'====== Args={'value': 18, 'prev_value': 17, 'change': 1}
2021-03-19 14:00:19,229 : INFO : EventManager : Event: ======'player_score'====== Args={'value': 4000, 'prev_value': 3000, 'change': 1000, 'player_num': 1}
2021-03-19 14:00:19,296 : INFO : SwitchController : <<<<<<< 's_left_flipper' inactive >>>>>>>
2021-03-19 14:00:19,404 : INFO : SwitchController : <<<<<<< 's_left_flipper' active >>>>>>>
2021-03-19 14:00:19,404 : INFO : EventManager : Event: ======'s_left_flipper_active'====== Args={}
2021-03-19 14:00:19,405 : INFO : EventManager : Event: ======'machine_var_audits_switches_s_left_flipper'====== Args={'value': 19, 'prev_value': 18, 'change': 1}
2021-03-19 14:00:19,405 : INFO : EventManager : Event: ======'player_score'====== Args={'value': 5000, 'prev_value': 4000, 'change': 1000, 'player_num': 1}
2021-03-19 14:00:19,472 : INFO : SwitchController : <<<<<<< 's_left_flipper' inactive >>>>>>>
2021-03-19 14:00:19,538 : INFO : SwitchController : <<<<<<< 's_left_flipper' active >>>>>>>
2021-03-19 14:00:19,539 : INFO : EventManager : Event: ======'s_left_flipper_active'====== Args={}
2021-03-19 14:00:19,539 : INFO : EventManager : Event: ======'machine_var_audits_switches_s_left_flipper'====== Args={'value': 20, 'prev_value': 19, 'change': 1}
2021-03-19 14:00:19,539 : INFO : EventManager : Event: ======'player_score'====== Args={'value': 6000, 'prev_value': 5000, 'change': 1000, 'player_num': 1}
2021-03-19 14:00:19,595 : INFO : SwitchController : <<<<<<< 's_left_flipper' inactive >>>>>>>
2021-03-19 14:00:19,663 : INFO : drop_target_bank.noah : 1 targets are down. Will reset those.
2021-03-19 14:00:19,663 : INFO : coil.c_reset_drop_target : Pulsing Driver for 10ms (1.0 pulse_power)
2021-03-19 14:00:19,696 : INFO : SwitchController : <<<<<<< 's_drop_target' inactive >>>>>>>
2021-03-19 14:00:19,762 : INFO : SwitchController : <<<<<<< 's_drop_target' active >>>>>>>
2021-03-19 14:00:19,762 : INFO : EventManager : Event: ======'machine_var_audits_switches_s_drop_target'====== Args={'value': 82, 'prev_value': 81, 'change': 1}
2021-03-19 14:00:20,161 : INFO : EventManager : Event: ======'restore'====== Args={}
2021-03-19 14:00:20,161 : INFO : EventManager : Event: ======'drop_target_bank_noah_down'====== Args={}
2021-03-19 14:00:21,171 : INFO : drop_target_bank.noah : 1 targets are down. Will reset those.
2021-03-19 14:00:21,171 : INFO : coil.c_reset_drop_target : Pulsing Driver for 10ms (1.0 pulse_power)
2021-03-19 14:00:21,193 : INFO : SwitchController : <<<<<<< 's_drop_target' inactive >>>>>>>
2021-03-19 14:00:21,258 : INFO : SwitchController : <<<<<<< 's_drop_target' active >>>>>>>
2021-03-19 14:00:21,259 : INFO : EventManager : Event: ======'machine_var_audits_switches_s_drop_target'====== Args={'value': 83, 'prev_value': 82, 'change': 1}
2021-03-19 14:00:21,670 : INFO : EventManager : Event: ======'restore'====== Args={}
2021-03-19 14:00:21,670 : INFO : EventManager : Event: ======'drop_target_bank_noah_down'====== Args={}
2021-03-19 14:00:22,257 : INFO : SwitchController : <<<<<<< 's_right_inlane' inactive >>>>>>>
2021-03-19 14:00:22,670 : INFO : drop_target_bank.noah : 1 targets are down. Will reset those.
2021-03-19 14:00:22,670 : INFO : coil.c_reset_drop_target : Pulsing Driver for 10ms (1.0 pulse_power)
2021-03-19 14:00:22,703 : INFO : SwitchController : <<<<<<< 's_drop_target' inactive >>>>>>>
2021-03-19 14:00:22,769 : INFO : SwitchController : <<<<<<< 's_drop_target' active >>>>>>>
2021-03-19 14:00:22,770 : INFO : EventManager : Event: ======'machine_var_audits_switches_s_drop_target'====== Args={'value': 84, 'prev_value': 83, 'change': 1}
2021-03-19 14:00:23,169 : INFO : EventManager : Event: ======'restore'====== Args={}
2021-03-19 14:00:23,169 : INFO : EventManager : Event: ======'drop_target_bank_noah_down'====== Args={}
2021-03-19 14:00:24,170 : INFO : drop_target_bank.noah : 1 targets are down. Will reset those.
2021-03-19 14:00:24,170 : INFO : coil.c_reset_drop_target : Pulsing Driver for 10ms (1.0 pulse_power)
2021-03-19 14:00:24,192 : INFO : SwitchController : <<<<<<< 's_drop_target' inactive >>>>>>>
2021-03-19 14:00:24,257 : INFO : SwitchController : <<<<<<< 's_drop_target' active >>>>>>>
2021-03-19 14:00:24,258 : INFO : EventManager : Event: ======'machine_var_audits_switches_s_drop_target'====== Args={'value': 85, 'prev_value': 84, 'change': 1}
2021-03-19 14:00:24,670 : INFO : EventManager : Event: ======'restore'====== Args={}
2021-03-19 14:00:24,670 : INFO : EventManager : Event: ======'drop_target_bank_noah_down'====== Args={}
2021-03-19 14:00:25,670 : INFO : drop_target_bank.noah : 1 targets are down. Will reset those.
2021-03-19 14:00:25,670 : INFO : coil.c_reset_drop_target : Pulsing Driver for 10ms (1.0 pulse_power)
2021-03-19 14:00:25,693 : INFO : SwitchController : <<<<<<< 's_drop_target' inactive >>>>>>>
2021-03-19 14:00:25,758 : INFO : SwitchController : <<<<<<< 's_drop_target' active >>>>>>>
2021-03-19 14:00:25,758 : INFO : EventManager : Event: ======'machine_var_audits_switches_s_drop_target'====== Args={'value': 86, 'prev_value': 85, 'change': 1}
2021-03-19 14:00:26,169 : INFO : EventManager : Event: ======'restore'====== Args={}
2021-03-19 14:00:26,169 : INFO : EventManager : Event: ======'drop_target_bank_noah_down'====== Args={}
2021-03-19 14:00:27,167 : INFO : drop_target_bank.noah : 1 targets are down. Will reset those.
2021-03-19 14:00:27,167 : INFO : coil.c_reset_drop_target : Pulsing Driver for 10ms (1.0 pulse_power)
2021-03-19 14:00:27,200 : INFO : SwitchController : <<<<<<< 's_drop_target' inactive >>>>>>>
2021-03-19 14:00:27,253 : INFO : SwitchController : <<<<<<< 's_drop_target' active >>>>>>>
2021-03-19 14:00:27,254 : INFO : EventManager : Event: ======'machine_var_audits_switches_s_drop_target'====== Args={'value': 87, 'prev_value': 86, 'change': 1}
2021-03-19 14:00:27,661 : INFO : EventManager : Event: ======'restore'====== Args={}
2021-03-19 14:00:27,661 : INFO : EventManager : Event: ======'drop_target_bank_noah_down'====== Args={}
2021-03-19 14:00:28,631 : INFO : EventManager : Event: ======'balldevice_bd_trough_ball_eject_failed'====== Args={'target': <playfield.playfield>, 'balls': 1, 'retry': True, 'num_attempts': 2}
2021-03-19 14:00:28,632 : INFO : ball_device.bd_trough : State: waiting_for_target_ready
2021-03-19 14:00:28,632 : INFO : EventManager : Event: ======'balldevice_bd_trough_ball_eject_attempt'====== Args={'balls': 1, 'target': <playfield.playfield>, 'source': <ball_device.bd_trough>, 'mechanical_eject': False, 'num_attempts': 2}
2021-03-19 14:00:28,632 : INFO : ball_device.bd_trough : State: ejecting
2021-03-19 14:00:28,632 : INFO : ball_device.bd_trough : Ejecting ball to <playfield.playfield>
2021-03-19 14:00:28,632 : INFO : EventManager : Event: ======'balldevice_bd_trough_ejecting_ball'====== Args={'balls': 1, 'target': <playfield.playfield>, 'source': <ball_device.bd_trough>, 'mechanical_eject': False, 'num_attempts': 2}
2021-03-19 14:00:28,633 : INFO : ball_device.bd_trough : Wait for ball to leave device
2021-03-19 14:00:28,633 : INFO : coil.c_trough_eject : Pulsing Driver for 10ms (1.0 pulse_power)
2021-03-19 14:00:28,664 : INFO : drop_target_bank.noah : 1 targets are down. Will reset those.
2021-03-19 14:00:28,664 : INFO : coil.c_reset_drop_target : Pulsing Driver for 10ms (1.0 pulse_power)
2021-03-19 14:00:28,688 : INFO : SwitchController : <<<<<<< 's_drop_target' inactive >>>>>>>
2021-03-19 14:00:28,753 : INFO : SwitchController : <<<<<<< 's_drop_target' active >>>>>>>
2021-03-19 14:00:28,754 : INFO : EventManager : Event: ======'machine_var_audits_switches_s_drop_target'====== Args={'value': 88, 'prev_value': 87, 'change': 1}
2021-03-19 14:00:29,159 : INFO : EventManager : Event: ======'restore'====== Args={}
2021-03-19 14:00:29,159 : INFO : EventManager : Event: ======'drop_target_bank_noah_down'====== Args={}
2021-03-19 14:00:29,185 : INFO : SwitchController : <<<<<<< 's_right_inlane' active >>>>>>>
2021-03-19 14:00:29,185 : INFO : EventManager : Event: ======'sw_playfield_active'====== Args={}
2021-03-19 14:00:29,186 : INFO : EventManager : Event: ======'machine_var_audits_switches_s_right_inlane'====== Args={'value': 8, 'prev_value': 7, 'change': 1}
2021-03-19 14:00:29,186 : INFO : EventManager : Event: ======'playfield_active'====== Args={}
2021-03-19 14:00:30,160 : INFO : drop_target_bank.noah : 1 targets are down. Will reset those.
2021-03-19 14:00:30,160 : INFO : coil.c_reset_drop_target : Pulsing Driver for 10ms (1.0 pulse_power)
2021-03-19 14:00:30,194 : INFO : SwitchController : <<<<<<< 's_drop_target' inactive >>>>>>>
2021-03-19 14:00:30,248 : INFO : SwitchController : <<<<<<< 's_drop_target' active >>>>>>>
2021-03-19 14:00:30,249 : INFO : EventManager : Event: ======'machine_var_audits_switches_s_drop_target'====== Args={'value': 89, 'prev_value': 88, 'change': 1}
2021-03-19 14:00:30,669 : INFO : EventManager : Event: ======'restore'====== Args={}
2021-03-19 14:00:30,669 : INFO : EventManager : Event: ======'drop_target_bank_noah_down'====== Args={}
2021-03-19 14:00:31,666 : INFO : drop_target_bank.noah : 1 targets are down. Will reset those.
2021-03-19 14:00:31,666 : INFO : coil.c_reset_drop_target : Pulsing Driver for 10ms (1.0 pulse_power)
2021-03-19 14:00:31,699 : INFO : SwitchController : <<<<<<< 's_drop_target' inactive >>>>>>>
2021-03-19 14:00:31,753 : INFO : SwitchController : <<<<<<< 's_drop_target' active >>>>>>>
2021-03-19 14:00:31,754 : INFO : EventManager : Event: ======'machine_var_audits_switches_s_drop_target'====== Args={'value': 90, 'prev_value': 89, 'change': 1}
2021-03-19 14:00:32,099 : INFO : SwitchController : <<<<<<< 's_trough1' inactive >>>>>>>
2021-03-19 14:00:32,100 : INFO : ball_device.bd_trough : State: ball_left
2021-03-19 14:00:32,100 : INFO : ball_device.bd_trough : Ball left
2021-03-19 14:00:32,100 : INFO : ball_device.bd_trough : Wait for confirm with timeout 10.0
2021-03-19 14:00:32,171 : INFO : EventManager : Event: ======'restore'====== Args={}
2021-03-19 14:00:32,171 : INFO : EventManager : Event: ======'drop_target_bank_noah_down'====== Args={}
2021-03-19 14:00:33,168 : INFO : drop_target_bank.noah : 1 targets are down. Will reset those.
2021-03-19 14:00:33,168 : INFO : coil.c_reset_drop_target : Pulsing Driver for 10ms (1.0 pulse_power)
2021-03-19 14:00:33,202 : INFO : SwitchController : <<<<<<< 's_drop_target' inactive >>>>>>>
2021-03-19 14:00:33,255 : INFO : SwitchController : <<<<<<< 's_drop_target' active >>>>>>>
2021-03-19 14:00:33,256 : INFO : EventManager : Event: ======'machine_var_audits_switches_s_drop_target'====== Args={'value': 91, 'prev_value': 90, 'change': 1}
2021-03-19 14:00:33,661 : INFO : EventManager : Event: ======'restore'====== Args={}
2021-03-19 14:00:33,661 : INFO : EventManager : Event: ======'drop_target_bank_noah_down'====== Args={}
2021-03-19 14:00:34,660 : INFO : drop_target_bank.noah : 1 targets are down. Will reset those.
2021-03-19 14:00:34,660 : INFO : coil.c_reset_drop_target : Pulsing Driver for 10ms (1.0 pulse_power)
2021-03-19 14:00:34,693 : INFO : SwitchController : <<<<<<< 's_drop_target' inactive >>>>>>>
2021-03-19 14:00:34,747 : INFO : SwitchController : <<<<<<< 's_drop_target' active >>>>>>>
2021-03-19 14:00:34,747 : INFO : EventManager : Event: ======'machine_var_audits_switches_s_drop_target'====== Args={'value': 92, 'prev_value': 91, 'change': 1}
2021-03-19 14:00:35,124 : INFO : SwitchController : <<<<<<< 's_trough1' active >>>>>>>
2021-03-19 14:00:35,124 : INFO : EventManager : Event: ======'machine_var_audits_switches_s_trough1'====== Args={'value': 5, 'prev_value': 4, 'change': 1}
2021-03-19 14:00:35,166 : INFO : EventManager : Event: ======'restore'====== Args={}
2021-03-19 14:00:35,166 : INFO : EventManager : Event: ======'drop_target_bank_noah_down'====== Args={}
2021-03-19 14:00:36,170 : INFO : drop_target_bank.noah : 1 targets are down. Will reset those.
2021-03-19 14:00:36,170 : INFO : coil.c_reset_drop_target : Pulsing Driver for 10ms (1.0 pulse_power)
2021-03-19 14:00:36,203 : INFO : SwitchController : <<<<<<< 's_drop_target' inactive >>>>>>>
2021-03-19 14:00:36,268 : INFO : SwitchController : <<<<<<< 's_drop_target' active >>>>>>>
2021-03-19 14:00:36,268 : INFO : EventManager : Event: ======'machine_var_audits_switches_s_drop_target'====== Args={'value': 93, 'prev_value': 92, 'change': 1}
2021-03-19 14:00:36,668 : INFO : EventManager : Event: ======'restore'====== Args={}
2021-03-19 14:00:36,668 : INFO : EventManager : Event: ======'drop_target_bank_noah_down'====== Args={}
2021-03-19 14:00:37,669 : INFO : drop_target_bank.noah : 1 targets are down. Will reset those.
2021-03-19 14:00:37,669 : INFO : coil.c_reset_drop_target : Pulsing Driver for 10ms (1.0 pulse_power)
2021-03-19 14:00:37,702 : INFO : SwitchController : <<<<<<< 's_drop_target' inactive >>>>>>>
2021-03-19 14:00:37,757 : INFO : SwitchController : <<<<<<< 's_drop_target' active >>>>>>>
2021-03-19 14:00:37,757 : INFO : EventManager : Event: ======'machine_var_audits_switches_s_drop_target'====== Args={'value': 94, 'prev_value': 93, 'change': 1}
2021-03-19 14:00:38,171 : INFO : EventManager : Event: ======'restore'====== Args={}
2021-03-19 14:00:38,171 : INFO : EventManager : Event: ======'drop_target_bank_noah_down'====== Args={}
2021-03-19 14:00:39,168 : INFO : drop_target_bank.noah : 1 targets are down. Will reset those.
2021-03-19 14:00:39,168 : INFO : coil.c_reset_drop_target : Pulsing Driver for 10ms (1.0 pulse_power)
2021-03-19 14:00:39,191 : INFO : SwitchController : <<<<<<< 's_drop_target' inactive >>>>>>>
2021-03-19 14:00:39,256 : INFO : SwitchController : <<<<<<< 's_drop_target' active >>>>>>>
2021-03-19 14:00:39,257 : INFO : EventManager : Event: ======'machine_var_audits_switches_s_drop_target'====== Args={'value': 95, 'prev_value': 94, 'change': 1}
2021-03-19 14:00:39,661 : INFO : EventManager : Event: ======'restore'====== Args={}
2021-03-19 14:00:39,661 : INFO : EventManager : Event: ======'drop_target_bank_noah_down'====== Args={}
2021-03-19 14:00:40,671 : INFO : drop_target_bank.noah : 1 targets are down. Will reset those.
2021-03-19 14:00:40,671 : INFO : coil.c_reset_drop_target : Pulsing Driver for 10ms (1.0 pulse_power)
2021-03-19 14:00:40,693 : INFO : SwitchController : <<<<<<< 's_drop_target' inactive >>>>>>>
2021-03-19 14:00:40,757 : INFO : SwitchController : <<<<<<< 's_drop_target' active >>>>>>>
2021-03-19 14:00:40,757 : INFO : EventManager : Event: ======'machine_var_audits_switches_s_drop_target'====== Args={'value': 96, 'prev_value': 95, 'change': 1}
2021-03-19 14:00:41,160 : INFO : EventManager : Event: ======'restore'====== Args={}
2021-03-19 14:00:41,160 : INFO : EventManager : Event: ======'drop_target_bank_noah_down'====== Args={}
2021-03-19 14:00:42,081 : INFO : ball_device.bd_trough : State: failed_confirm
2021-03-19 14:00:42,081 : INFO : ball_device.bd_trough : Got timeout (10.0s) before confirm from <playfield.playfield>
2021-03-19 14:00:42,168 : INFO : drop_target_bank.noah : 1 targets are down. Will reset those.
2021-03-19 14:00:42,168 : INFO : coil.c_reset_drop_target : Pulsing Driver for 10ms (1.0 pulse_power)
2021-03-19 14:00:42,175 : INFO : ball_device.bd_trough : Got unknown balls. Assuming a ball returned.
2021-03-19 14:00:42,175 : INFO : EventManager : Event: ======'balldevice_bd_trough_ball_eject_failed'====== Args={'target': <playfield.playfield>, 'balls': 1, 'retry': True, 'num_attempts': 3}
2021-03-19 14:00:42,176 : INFO : ball_device.bd_trough : State: waiting_for_target_ready
2021-03-19 14:00:42,176 : INFO : EventManager : Event: ======'balldevice_bd_trough_ball_eject_attempt'====== Args={'balls': 1, 'target': <playfield.playfield>, 'source': <ball_device.bd_trough>, 'mechanical_eject': False, 'num_attempts': 3}
2021-03-19 14:00:42,176 : INFO : ball_device.bd_trough : State: ejecting
2021-03-19 14:00:42,176 : INFO : ball_device.bd_trough : Ejecting ball to <playfield.playfield>
2021-03-19 14:00:42,176 : INFO : EventManager : Event: ======'balldevice_bd_trough_ejecting_ball'====== Args={'balls': 1, 'target': <playfield.playfield>, 'source': <ball_device.bd_trough>, 'mechanical_eject': False, 'num_attempts': 3}
2021-03-19 14:00:42,177 : INFO : ball_device.bd_trough : Wait for ball to leave device
2021-03-19 14:00:42,177 : INFO : coil.c_trough_eject : Pulsing Driver for 10ms (1.0 pulse_power)
2021-03-19 14:00:42,201 : INFO : SwitchController : <<<<<<< 's_drop_target' inactive >>>>>>>
2021-03-19 14:00:42,246 : INFO : SwitchController : <<<<<<< 's_drop_target' active >>>>>>>
2021-03-19 14:00:42,247 : INFO : EventManager : Event: ======'machine_var_audits_switches_s_drop_target'====== Args={'value': 97, 'prev_value': 96, 'change': 1}
2021-03-19 14:00:42,377 : INFO : Machine : Shutting down...
2021-03-19 14:00:42,377 : INFO : EventManager : Event: ======'shutdown'====== Args={}
2021-03-19 14:00:42,380 : INFO : root : MPF run loop ended.
