2021-03-26 13:47:29,402 : INFO : root : Loading config.
2021-03-26 13:47:29,408 : INFO : YamlMultifileConfigLoader : Machine config file #1: config.yaml
2021-03-26 13:47:29,409 : INFO : ConfigProcessor : Loading config from cache: C:\Users\Noah\AppData\Local\Temp\d1f6a309ab2e3c3e66b0fef93f7a960f.mpf_cache
2021-03-26 13:47:29,556 : INFO : ConfigProcessor : Loading config from cache: C:\Users\Noah\AppData\Local\Temp\98acf0898e619a6798c45a0e5cbb339b.mpf_cache
2021-03-26 13:47:29,557 : INFO : ConfigProcessor : Loading config from cache: C:\Users\Noah\AppData\Local\Temp\a7eac71e9da1e9cfd4db34c71351dbda.mpf_cache
2021-03-26 13:47:29,558 : INFO : ConfigProcessor : Loading config from cache: C:\Users\Noah\AppData\Local\Temp\c6adbc38c235400b65ae43d7099eba05.mpf_cache
2021-03-26 13:47:29,560 : INFO : ConfigProcessor : Loading config from cache: C:\Users\Noah\AppData\Local\Temp\9689abd61e57da3f8bc074c7a88f2b77.mpf_cache
2021-03-26 13:47:29,561 : INFO : ConfigProcessor : Loading config from cache: C:\Users\Noah\AppData\Local\Temp\06881332f8a9c1e11264544d2c255f98.mpf_cache
2021-03-26 13:47:29,562 : INFO : Machine : Mission Pinball Framework Core Engine v0.54.6
2021-03-26 13:47:29,562 : INFO : Machine : Command line arguments: {'no_load_cache': False, 'create_config_cache': True, 'bcp': True, 'configfile': ['config.yaml'], 'force_assets_load': False, 'jsonlogging': False, 'logfile': 'logs\\2021-03-26-13-47-29-mpf-DESKTOP-VL0THH1.log', 'pause': False, 'production': False, 'text_ui': False, 'loglevel': 15, 'consoleloglevel': 20, 'force_platform': None, 'syslog_address': None, 'mc_file_name': None, 'no_sound': False}
2021-03-26 13:47:29,563 : INFO : Machine : MPF path: c:\users\noah\mpfenv\lib\site-packages\mpf
2021-03-26 13:47:29,563 : INFO : Machine : Machine path: C:\Users\Noah\work\Andy Cavatorta\pinball\notes\MPF\noahgame_02
2021-03-26 13:47:29,563 : INFO : Machine : Platform: win32
2021-03-26 13:47:29,563 : INFO : Machine : Python executable location: c:\users\noah\mpfenv\scripts\python.exe
2021-03-26 13:47:29,563 : INFO : Machine : Python version: 3.7.9 (64-bit)
2021-03-26 13:47:29,568 : INFO : Machine : Initialise MPF.
2021-03-26 13:47:29,708 : INFO : P-Roc : Connecting to P-ROC
2021-03-26 13:47:29,909 : INFO : P-Roc : Successfully connected to P-ROC/P3-ROC. Firmware Version: 2. Firmware Revision: 6. Hardware Board ID: 1
2021-03-26 13:47:29,909 : WARNING : P-Roc : Consider upgrading the firmware of your P/P3-Roc to at least 2.14. Your version contains known bugs.
2021-03-26 13:47:29,983 : INFO : EventManager : Event: ======'machine_var_p_roc_version'====== Args={'value': 2, 'prev_value': None, 'change': True}
2021-03-26 13:47:29,983 : INFO : EventManager : Event: ======'machine_var_p_roc_revision'====== Args={'value': 6, 'prev_value': None, 'change': True}
2021-03-26 13:47:29,983 : INFO : EventManager : Event: ======'machine_var_p_roc_hardware_version'====== Args={'value': 1, 'prev_value': None, 'change': True}
2021-03-26 13:47:29,984 : INFO : EventManager : Event: ======'machine_var_credits_string'====== Args={'value': 'FREE PLAY', 'prev_value': None, 'change': True}
2021-03-26 13:47:30,082 : INFO : EventManager : Event: ======'machine_var_mpf_version'====== Args={'value': 'MPF v0.54.6', 'prev_value': None, 'change': True}
2021-03-26 13:47:30,082 : INFO : EventManager : Event: ======'machine_var_mpf_extended_version'====== Args={'value': 'MPF v0.54.6, Config version:5, Show version: 5, BCP version:1.1', 'prev_value': None, 'change': True}
2021-03-26 13:47:30,082 : INFO : EventManager : Event: ======'machine_var_python_version'====== Args={'value': '3.7.9', 'prev_value': None, 'change': True}
2021-03-26 13:47:30,083 : INFO : EventManager : Event: ======'machine_var_platform'====== Args={'value': 'Windows-10-10.0.19041-SP0', 'prev_value': None, 'change': True}
2021-03-26 13:47:30,083 : INFO : EventManager : Event: ======'machine_var_platform_system'====== Args={'value': 'Windows', 'prev_value': None, 'change': True}
2021-03-26 13:47:30,083 : INFO : EventManager : Event: ======'machine_var_platform_release'====== Args={'value': '10', 'prev_value': None, 'change': True}
2021-03-26 13:47:30,083 : INFO : EventManager : Event: ======'machine_var_platform_version'====== Args={'value': '10.0.19041', 'prev_value': None, 'change': True}
2021-03-26 13:47:30,083 : INFO : EventManager : Event: ======'machine_var_platform_machine'====== Args={'value': 'AMD64', 'prev_value': None, 'change': True}
2021-03-26 13:47:30,084 : INFO : EventManager : Event: ======'init_phase_1'====== Args={}
2021-03-26 13:47:30,126 : INFO : EventManager : Event: ======'drop_target_bank_noah_up'====== Args={}
2021-03-26 13:47:30,130 : INFO : EventManager : Event: ======'init_phase_2'====== Args={}
2021-03-26 13:47:30,158 : INFO : EventManager : Event: ======'bcp_connection_attempt'====== Args={'name': 'local_display', 'host': 'localhost', 'port': 5050}
2021-03-26 13:47:30,160 : INFO : BCPClientSocket : Connecting BCP to 'local_display' at localhost:5050...
2021-03-26 13:47:32,174 : INFO : BCPClientSocket : Connected BCP to 'local_display' localhost:5050
2021-03-26 13:47:32,174 : INFO : EventManager : Event: ======'bcp_clients_connected'====== Args={}
2021-03-26 13:47:32,175 : INFO : ball_device.bd_trough : State: idle
2021-03-26 13:47:32,189 : INFO : EventManager : Event: ======'init_phase_3'====== Args={}
2021-03-26 13:47:32,195 : INFO : EventManager : Event: ======'machine_var_mc_version'====== Args={'value': 'MPF-MC v0.54.0', 'prev_value': None, 'change': True}
2021-03-26 13:47:32,195 : INFO : EventManager : Event: ======'machine_var_mc_extended_version'====== Args={'value': 'MPF-MC v0.54.0 (config_version=5, BCP v1.1, Requires MPF v0.54.0)', 'prev_value': None, 'change': True}
2021-03-26 13:47:32,198 : INFO : EventManager : Event: ======'machine_var_master_volume'====== Args={'value': 0.5, 'prev_value': None, 'change': True}
2021-03-26 13:47:32,199 : INFO : EventManager : Event: ======'init_phase_4'====== Args={}
2021-03-26 13:47:32,200 : INFO : BallController : Initial balls found: 0
2021-03-26 13:47:32,202 : INFO : EventManager : Event: ======'machine_var_audits_switches_s_drop_target'====== Args={'value': 123, 'prev_value': None, 'change': True}
2021-03-26 13:47:32,202 : INFO : EventManager : Event: ======'machine_var_audits_switches_s_left_flipper'====== Args={'value': 20, 'prev_value': None, 'change': True}
2021-03-26 13:47:32,203 : INFO : EventManager : Event: ======'machine_var_audits_switches_s_left_slingshot'====== Args={'value': 9, 'prev_value': None, 'change': True}
2021-03-26 13:47:32,203 : INFO : EventManager : Event: ======'machine_var_audits_switches_s_right_flipper'====== Args={'value': 31, 'prev_value': None, 'change': True}
2021-03-26 13:47:32,204 : INFO : EventManager : Event: ======'machine_var_audits_switches_s_right_inlane'====== Args={'value': 9, 'prev_value': None, 'change': True}
2021-03-26 13:47:32,204 : INFO : EventManager : Event: ======'machine_var_audits_switches_s_right_slingshot'====== Args={'value': 31, 'prev_value': None, 'change': True}
2021-03-26 13:47:32,204 : INFO : EventManager : Event: ======'machine_var_audits_switches_s_start'====== Args={'value': 12, 'prev_value': None, 'change': True}
2021-03-26 13:47:32,205 : INFO : EventManager : Event: ======'machine_var_audits_switches_s_trough1'====== Args={'value': 6, 'prev_value': None, 'change': True}
2021-03-26 13:47:32,205 : INFO : EventManager : Event: ======'machine_var_audits_switches_s_pop_bumper'====== Args={'value': 0, 'prev_value': None, 'change': True}
2021-03-26 13:47:32,206 : INFO : EventManager : Event: ======'init_phase_5'====== Args={}
2021-03-26 13:47:32,206 : INFO : EventManager : Event: ======'init_done'====== Args={}
2021-03-26 13:47:32,207 : INFO : EventManager : Event: ======'machine_reset_phase_1'====== Args={}
2021-03-26 13:47:32,213 : INFO : EventManager : Event: ======'slide_welcome_slide_removed'====== Args={'_from_bcp': True}
2021-03-26 13:47:32,218 : INFO : EventManager : Event: ======'slide_welcome_slide_created'====== Args={'_from_bcp': True}
2021-03-26 13:47:32,221 : INFO : EventManager : Event: ======'machine_reset_phase_2'====== Args={}
2021-03-26 13:47:32,222 : INFO : EventManager : Event: ======'machine_reset_phase_3'====== Args={}
2021-03-26 13:47:32,222 : INFO : drop_target_bank.noah : All targets are already up. Will not reset bank.
2021-03-26 13:47:32,233 : INFO : EventManager : Event: ======'slide_welcome_slide_active'====== Args={'_from_bcp': True}
2021-03-26 13:47:32,235 : INFO : EventManager : Event: ======'reset_complete'====== Args={}
2021-03-26 13:47:32,235 : INFO : EventManager : Event: ======'mode_attract_will_start'====== Args={}
2021-03-26 13:47:32,237 : INFO : EventManager : Event: ======'mode_attract_starting'====== Args={}
2021-03-26 13:47:32,237 : INFO : Mode.attract : Started. Priority: 10
2021-03-26 13:47:32,237 : INFO : EventManager : Event: ======'modes_active_modes_changed'====== Args={}
2021-03-26 13:47:32,237 : INFO : EventManager : Event: ======'mode_attract_started'====== Args={}
2021-03-26 13:47:32,238 : INFO : EventManager : Event: ======'collecting_balls_complete'====== Args={}
2021-03-26 13:47:32,240 : INFO : Machine : Starting the main run loop.
2021-03-26 13:47:32,248 : INFO : EventManager : Event: ======'slide_awesome_slide_created'====== Args={'_from_bcp': True}
2021-03-26 13:47:32,252 : INFO : EventManager : Event: ======'slide_awesome_slide_active'====== Args={'_from_bcp': True}
2021-03-26 13:47:33,818 : INFO : SwitchController : <<<<<<< 's_left_flipper' active >>>>>>>
2021-03-26 13:47:34,175 : INFO : SwitchController : <<<<<<< 's_left_flipper' inactive >>>>>>>
2021-03-26 13:47:34,445 : INFO : SwitchController : <<<<<<< 's_left_flipper' active >>>>>>>
2021-03-26 13:47:34,545 : INFO : SwitchController : <<<<<<< 's_left_flipper' inactive >>>>>>>
2021-03-26 13:47:34,877 : INFO : SwitchController : <<<<<<< 's_left_flipper' active >>>>>>>
2021-03-26 13:47:34,952 : INFO : SwitchController : <<<<<<< 's_left_flipper' inactive >>>>>>>
2021-03-26 13:47:35,258 : INFO : SwitchController : <<<<<<< 's_left_slingshot' active >>>>>>>
2021-03-26 13:47:35,258 : INFO : EventManager : Event: ======'playfield_active'====== Args={}
2021-03-26 13:47:35,258 : INFO : EventManager : Event: ======'unexpected_ball_on_playfield'====== Args={}
2021-03-26 13:47:35,261 : INFO : EventManager : Event: ======'slide_press_start_created'====== Args={'_from_bcp': True}
2021-03-26 13:47:35,263 : INFO : EventManager : Event: ======'slide_press_start_active'====== Args={'_from_bcp': True}
2021-03-26 13:47:35,403 : INFO : SwitchController : <<<<<<< 's_left_slingshot' inactive >>>>>>>
2021-03-26 13:47:35,624 : INFO : SwitchController : <<<<<<< 's_left_slingshot' active >>>>>>>
2021-03-26 13:47:35,624 : INFO : EventManager : Event: ======'playfield_active'====== Args={}
2021-03-26 13:47:35,624 : INFO : EventManager : Event: ======'unexpected_ball_on_playfield'====== Args={}
2021-03-26 13:47:35,692 : INFO : SwitchController : <<<<<<< 's_left_slingshot' inactive >>>>>>>
2021-03-26 13:47:35,867 : INFO : SwitchController : <<<<<<< 's_left_slingshot' active >>>>>>>
2021-03-26 13:47:35,867 : INFO : EventManager : Event: ======'playfield_active'====== Args={}
2021-03-26 13:47:35,867 : INFO : EventManager : Event: ======'unexpected_ball_on_playfield'====== Args={}
2021-03-26 13:47:35,934 : INFO : SwitchController : <<<<<<< 's_left_slingshot' inactive >>>>>>>
2021-03-26 13:47:36,045 : INFO : SwitchController : <<<<<<< 's_left_slingshot' active >>>>>>>
2021-03-26 13:47:36,046 : INFO : EventManager : Event: ======'playfield_active'====== Args={}
2021-03-26 13:47:36,046 : INFO : EventManager : Event: ======'unexpected_ball_on_playfield'====== Args={}
2021-03-26 13:47:36,090 : INFO : SwitchController : <<<<<<< 's_left_slingshot' inactive >>>>>>>
2021-03-26 13:47:36,222 : INFO : SwitchController : <<<<<<< 's_left_slingshot' active >>>>>>>
2021-03-26 13:47:36,222 : INFO : EventManager : Event: ======'playfield_active'====== Args={}
2021-03-26 13:47:36,222 : INFO : EventManager : Event: ======'unexpected_ball_on_playfield'====== Args={}
2021-03-26 13:47:36,563 : INFO : SwitchController : <<<<<<< 's_left_slingshot' inactive >>>>>>>
2021-03-26 13:47:36,782 : INFO : SwitchController : <<<<<<< 's_left_slingshot' active >>>>>>>
2021-03-26 13:47:36,783 : INFO : EventManager : Event: ======'playfield_active'====== Args={}
2021-03-26 13:47:36,783 : INFO : EventManager : Event: ======'unexpected_ball_on_playfield'====== Args={}
2021-03-26 13:47:37,918 : INFO : SwitchController : <<<<<<< 's_left_slingshot' inactive >>>>>>>
2021-03-26 13:47:38,252 : INFO : EventManager : Event: ======'slide_mission_pinball_created'====== Args={'_from_bcp': True}
2021-03-26 13:47:38,254 : INFO : EventManager : Event: ======'slide_mission_pinball_active'====== Args={'_from_bcp': True}
2021-03-26 13:47:38,654 : INFO : SwitchController : <<<<<<< 's_left_slingshot' active >>>>>>>
2021-03-26 13:47:38,654 : INFO : EventManager : Event: ======'playfield_active'====== Args={}
2021-03-26 13:47:38,654 : INFO : EventManager : Event: ======'unexpected_ball_on_playfield'====== Args={}
2021-03-26 13:47:39,779 : INFO : SwitchController : <<<<<<< 's_left_slingshot' inactive >>>>>>>
2021-03-26 13:47:40,066 : INFO : SwitchController : <<<<<<< 's_left_slingshot' active >>>>>>>
2021-03-26 13:47:40,066 : INFO : EventManager : Event: ======'playfield_active'====== Args={}
2021-03-26 13:47:40,066 : INFO : EventManager : Event: ======'unexpected_ball_on_playfield'====== Args={}
2021-03-26 13:47:40,131 : INFO : SwitchController : <<<<<<< 's_left_slingshot' inactive >>>>>>>
2021-03-26 13:47:41,260 : INFO : EventManager : Event: ======'slide_last_game_score_slide_created'====== Args={'_from_bcp': True}
2021-03-26 13:47:41,262 : INFO : EventManager : Event: ======'slide_last_game_score_slide_active'====== Args={'_from_bcp': True}
2021-03-26 13:47:44,254 : INFO : EventManager : Event: ======'slide_awesome_slide_removed'====== Args={'_from_bcp': True}
2021-03-26 13:47:44,257 : INFO : EventManager : Event: ======'slide_awesome_slide_created'====== Args={'_from_bcp': True}
2021-03-26 13:47:44,258 : INFO : EventManager : Event: ======'slide_awesome_slide_active'====== Args={'_from_bcp': True}
2021-03-26 13:47:47,265 : INFO : EventManager : Event: ======'slide_press_start_removed'====== Args={'_from_bcp': True}
2021-03-26 13:47:47,269 : INFO : EventManager : Event: ======'slide_press_start_created'====== Args={'_from_bcp': True}
2021-03-26 13:47:47,272 : INFO : EventManager : Event: ======'slide_press_start_active'====== Args={'_from_bcp': True}
2021-03-26 13:47:50,254 : INFO : EventManager : Event: ======'slide_mission_pinball_removed'====== Args={'_from_bcp': True}
2021-03-26 13:47:50,256 : INFO : EventManager : Event: ======'slide_mission_pinball_created'====== Args={'_from_bcp': True}
2021-03-26 13:47:50,258 : INFO : EventManager : Event: ======'slide_mission_pinball_active'====== Args={'_from_bcp': True}
2021-03-26 13:47:53,254 : INFO : EventManager : Event: ======'slide_last_game_score_slide_removed'====== Args={'_from_bcp': True}
2021-03-26 13:47:53,257 : INFO : EventManager : Event: ======'slide_last_game_score_slide_created'====== Args={'_from_bcp': True}
2021-03-26 13:47:53,259 : INFO : EventManager : Event: ======'slide_last_game_score_slide_active'====== Args={'_from_bcp': True}
2021-03-26 13:47:55,247 : INFO : Machine : Shutting down...
2021-03-26 13:47:55,248 : INFO : EventManager : Event: ======'shutdown'====== Args={}
2021-03-26 13:47:55,250 : INFO : root : MPF run loop ended.
