2021-03-18 19:24:03,281 : kivy : Factory: 184 symbols loaded
2021-03-18 19:24:03,523 : kivy : ImageLoaderFFPy: Using ffpyplayer 4.3.1
2021-03-18 19:24:03,525 : kivy : Image: Providers: img_tex, img_dds, img_sdl2, img_pil, img_ffpyplayer, img_gif 
2021-03-18 19:24:03,592 : kivy : VideoGstplayer: Using Gstreamer 1.16.0.0
2021-03-18 19:24:03,592 : kivy : Video: Provider: gstplayer
2021-03-18 19:24:03,670 : kivy : Loading MPF-MC controller
2021-03-18 19:24:03,675 : YamlMultifileConfigLoader : Machine config file #1: config
2021-03-18 19:24:03,676 : ConfigProcessor : Config file in cache changed: C:\Users\Noah\work\Andy Cavatorta\pinball\notes\MPF\noahgame_02\config\config
2021-03-18 19:24:03,677 : ConfigProcessor : Loading config from file c:\users\noah\mpfenv\lib\site-packages\mpfmc\mcconfig.yaml.
2021-03-18 19:24:03,729 : ConfigProcessor : Loading config: c:\users\noah\mpfenv\lib\site-packages\mpfmc\mcconfig.yaml
2021-03-18 19:24:03,730 : ConfigProcessor : Loading config from file C:\Users\Noah\work\Andy Cavatorta\pinball\notes\MPF\noahgame_02\config\config.
2021-03-18 19:24:03,769 : ConfigProcessor : Loading config: C:\Users\Noah\work\Andy Cavatorta\pinball\notes\MPF\noahgame_02\config\config
2021-03-18 19:24:03,772 : ConfigProcessor : Config file cache created: C:\Users\Noah\AppData\Local\Temp\13e1228f6bf8ea03affe51e56cb3543a.mpf_cache
2021-03-18 19:24:03,774 : ConfigProcessor : Loading config from cache: C:\Users\Noah\AppData\Local\Temp\74774f186c18434d8d39d0d4b0a3afeb.mpf_cache
2021-03-18 19:24:03,775 : ConfigProcessor : Loading config from cache: C:\Users\Noah\AppData\Local\Temp\a7eac71e9da1e9cfd4db34c71351dbda.mpf_cache
2021-03-18 19:24:03,776 : mpfmc : Mission Pinball Framework Media Controller v0.54.0
2021-03-18 19:24:03,776 : mpfmc : Mission Pinball Framework Game Engine v0.54.6
2021-03-18 19:24:03,776 : mpfmc : Machine path: C:\Users\Noah\work\Andy Cavatorta\pinball\notes\MPF\noahgame_02
2021-03-18 19:24:03,777 : mpfmc : Starting clock at 60.0Hz
2021-03-18 19:24:03,829 : kivy : Text: Provider: sdl2
2021-03-18 19:24:03,890 : kivy : Window: Provider: sdl2
2021-03-18 19:24:04,048 : kivy : GL: Using the "OpenGL" graphics system
2021-03-18 19:24:04,050 : kivy : GL: GLEW initialization succeeded
2021-03-18 19:24:04,052 : kivy : GL: Backend used <glew>
2021-03-18 19:24:04,052 : kivy : GL: OpenGL version <b'4.4.0 - Build 20.19.15.4835'>
2021-03-18 19:24:04,053 : kivy : GL: OpenGL vendor <b'Intel'>
2021-03-18 19:24:04,053 : kivy : GL: OpenGL renderer <b'Intel(R) HD Graphics 5500'>
2021-03-18 19:24:04,053 : kivy : GL: OpenGL parsed version: 4, 4
2021-03-18 19:24:04,054 : kivy : GL: Shading version <b'4.40 - Build 20.19.15.4835'>
2021-03-18 19:24:04,054 : kivy : GL: Texture max size <16384>
2021-03-18 19:24:04,055 : kivy : GL: Texture max units <32>
2021-03-18 19:24:04,082 : kivy : Window: auto add sdl2 input provider
2021-03-18 19:24:04,082 : kivy : Window: virtual keyboard not allowed, single mode, not docked
2021-03-18 19:24:04,095 : SoundSystem : SoundSystem: Using default 'sound_system' settings
2021-03-18 19:24:04,537 : AudioInterface : Initialized
2021-03-18 19:24:04,538 : SoundSystem : No audio tracks are specified in your machine config file. a track named 'default' has been created.
2021-03-18 19:24:04,541 : kivy : Base: Start application main loop
2021-03-18 19:24:04,542 : EventManager : Event: ======'display_window_initialized'====== Args={}
2021-03-18 19:24:04,563 : mpfmc : Display: Setting 'window' as default display
2021-03-18 19:24:04,573 : EventManager : Event: ======'displays_initialized'====== Args={}
2021-03-18 19:24:04,575 : EventManager : Event: ======'slide_window_blank_created'====== Args={}
2021-03-18 19:24:04,575 : EventManager : Event: ======'display_window_ready'====== Args={}
2021-03-18 19:24:04,589 : EventManager : Event: ======'init_phase_1'====== Args={}
2021-03-18 19:24:04,595 : EventManager : Event: ======'mc_ready'====== Args={}
2021-03-18 19:24:04,595 : EventManager : Event: ======'init_phase_2'====== Args={}
2021-03-18 19:24:04,596 : EventManager : Event: ======'init_phase_3'====== Args={}
2021-03-18 19:24:04,597 : EventManager : Event: ======'init_phase_4'====== Args={}
2021-03-18 19:24:04,598 : EventManager : Event: ======'init_phase_5'====== Args={}
2021-03-18 19:24:04,598 : EventManager : Event: ======'init_done'====== Args={}
2021-03-18 19:24:04,598 : MPF-MC BCP Server : Starting up on localhost port 5050
2021-03-18 19:24:04,602 : MPF-MC BCP Server : Waiting for a connection...
2021-03-18 19:24:04,602 : mpfmc : SlidePlayer: Play called with settings={'slides': {welcome_slide-None-None: {'priority': None, 'target': None, 'background_color': [0.0, 0.0, 0.0, 1.0], 'show': True, 'force': False, 'expire': None, 'slide': None, 'tokens': {}, 'action': 'play', 'transition': None, 'transition_out': None}}}
2021-03-18 19:24:04,609 : kivy : GL: NPOT texture support is available
2021-03-18 19:24:04,612 : EventManager : Event: ======'slide_welcome_slide_created'====== Args={}
2021-03-18 19:24:04,616 : EventManager : Event: ======'slide_welcome_slide_active'====== Args={}
2021-03-18 19:24:04,627 : EventManager : Event: ======'client_disconnected'====== Args={'host': '127.0.0.1', 'port': 5050}
2021-03-18 19:24:05,456 : MPF-MC BCP Server : Received connection from: 127.0.0.1:54344
2021-03-18 19:24:05,466 : EventManager : Event: ======'client_connected'====== Args={'host': '127.0.0.1', 'port': 54344}
2021-03-18 19:24:05,478 : EventManager : Event: ======'machine_var_p_roc_version'====== Args={'value': 2, 'prev_value': None, 'change': True}
2021-03-18 19:24:05,479 : EventManager : Event: ======'machine_var_p_roc_revision'====== Args={'value': 6, 'prev_value': None, 'change': True}
2021-03-18 19:24:05,479 : EventManager : Event: ======'machine_var_p_roc_hardware_version'====== Args={'value': 1, 'prev_value': None, 'change': True}
2021-03-18 19:24:05,479 : EventManager : Event: ======'machine_var_credits_string'====== Args={'value': 'FREE PLAY', 'prev_value': None, 'change': True}
2021-03-18 19:24:05,480 : EventManager : Event: ======'machine_var_mpf_version'====== Args={'value': 'MPF v0.54.6', 'prev_value': None, 'change': True}
2021-03-18 19:24:05,480 : EventManager : Event: ======'machine_var_mpf_extended_version'====== Args={'value': 'MPF v0.54.6, Config version:5, Show version: 5, BCP version:1.1', 'prev_value': None, 'change': True}
2021-03-18 19:24:05,480 : EventManager : Event: ======'machine_var_python_version'====== Args={'value': '3.7.9', 'prev_value': None, 'change': True}
2021-03-18 19:24:05,480 : EventManager : Event: ======'machine_var_platform'====== Args={'value': 'Windows-10-10.0.19041-SP0', 'prev_value': None, 'change': True}
2021-03-18 19:24:05,480 : EventManager : Event: ======'machine_var_platform_system'====== Args={'value': 'Windows', 'prev_value': None, 'change': True}
2021-03-18 19:24:05,480 : EventManager : Event: ======'machine_var_platform_release'====== Args={'value': '10', 'prev_value': None, 'change': True}
2021-03-18 19:24:05,480 : EventManager : Event: ======'machine_var_platform_version'====== Args={'value': '10.0.19041', 'prev_value': None, 'change': True}
2021-03-18 19:24:05,481 : EventManager : Event: ======'machine_var_platform_machine'====== Args={'value': 'AMD64', 'prev_value': None, 'change': True}
2021-03-18 19:24:05,481 : EventManager : Event: ======'machine_var_mc_version'====== Args={'value': 'MPF-MC v0.54.0', 'prev_value': None, 'change': True}
2021-03-18 19:24:05,481 : EventManager : Event: ======'machine_var_mc_extended_version'====== Args={'value': 'MPF-MC v0.54.0 (config_version=5, BCP v1.1, Requires MPF v0.54.0)', 'prev_value': None, 'change': True}
2021-03-18 19:24:05,481 : EventManager : Event: ======'machine_var_master_volume'====== Args={'value': 0.5, 'prev_value': None, 'change': True}
2021-03-18 19:24:05,482 : EventManager : Event: ======'machine_var_audits_switches_s_start'====== Args={'value': 0, 'prev_value': None, 'change': True}
2021-03-18 19:24:05,482 : EventManager : Event: ======'machine_var_audits_switches_s_right_inlane'====== Args={'value': 0, 'prev_value': None, 'change': True}
2021-03-18 19:24:05,483 : EventManager : Event: ======'machine_var_audits_switches_s_trough1'====== Args={'value': 0, 'prev_value': None, 'change': True}
2021-03-18 19:24:05,483 : EventManager : Event: ======'machine_var_audits_switches_s_left_flipper'====== Args={'value': 0, 'prev_value': None, 'change': True}
2021-03-18 19:24:05,483 : EventManager : Event: ======'machine_var_audits_switches_s_right_flipper'====== Args={'value': 0, 'prev_value': None, 'change': True}
2021-03-18 19:24:05,484 : EventManager : Event: ======'machine_var_audits_switches_s_left_slingshot'====== Args={'value': 0, 'prev_value': None, 'change': True}
2021-03-18 19:24:05,484 : EventManager : Event: ======'machine_var_audits_switches_s_right_slingshot'====== Args={'value': 0, 'prev_value': None, 'change': True}
2021-03-18 19:24:05,484 : EventManager : Event: ======'machine_var_audits_switches_s_drop_target'====== Args={'value': 0, 'prev_value': None, 'change': True}
2021-03-18 19:24:05,498 : EventManager : Event: ======'slides_play'====== Args={'settings': {'welcome_slide': {'target': None, 'background_color': [0.0, 0.0, 0.0, 1.0], 'priority': None, 'show': True, 'force': False, 'expire': None, 'slide': None, 'tokens': {}, 'action': 'play'}}, 'context': '_global', 'calling_context': 'init_done', 'priority': 0}
2021-03-18 19:24:05,499 : EventManager : Event: ======'mc_reset_phase_1'====== Args={}
2021-03-18 19:24:05,499 : mpfmc : SlidePlayer: Play called with settings={'welcome_slide': {'target': None, 'background_color': [0.0, 0.0, 0.0, 1.0], 'priority': None, 'show': True, 'force': False, 'expire': None, 'slide': None, 'tokens': {}, 'action': 'play'}}
2021-03-18 19:24:05,500 : EventManager : Event: ======'slide_welcome_slide_removed'====== Args={}
2021-03-18 19:24:05,504 : EventManager : Event: ======'slide_welcome_slide_created'====== Args={}
2021-03-18 19:24:05,504 : EventManager : Event: ======'mc_reset_phase_2'====== Args={}
2021-03-18 19:24:05,505 : EventManager : Event: ======'mc_reset_phase_3'====== Args={}
2021-03-18 19:24:05,505 : EventManager : Event: ======'mc_reset_complete'====== Args={}
2021-03-18 19:24:05,507 : EventManager : Event: ======'slide_welcome_slide_active'====== Args={}
2021-03-18 19:24:05,530 : EventManager : Event: ======'slides_play'====== Args={'settings': {'attract_started': {'target': None, 'background_color': [0.0, 0.0, 0.0, 1.0], 'priority': None, 'show': True, 'force': False, 'expire': None, 'slide': None, 'tokens': {}, 'action': 'play'}}, 'context': '_global', 'calling_context': 'mode_attract_started', 'priority': 0}
2021-03-18 19:24:05,530 : mpfmc : SlidePlayer: Play called with settings={'attract_started': {'target': None, 'background_color': [0.0, 0.0, 0.0, 1.0], 'priority': None, 'show': True, 'force': False, 'expire': None, 'slide': None, 'tokens': {}, 'action': 'play'}}
2021-03-18 19:24:05,535 : EventManager : Event: ======'slide_attract_started_created'====== Args={}
2021-03-18 19:24:05,537 : EventManager : Event: ======'slide_attract_started_active'====== Args={}
2021-03-18 19:24:30,791 : EventManager : Event: ======'game_started'====== Args={}
2021-03-18 19:24:30,791 : EventManager : Event: ======'player_added'====== Args={'player': <Player 1>, 'num': 1}
2021-03-18 19:24:30,792 : EventManager : Event: ======'player_index'====== Args={'value': 0, 'prev_value': 0, 'change': 0, 'player_num': 1}
2021-03-18 19:24:30,792 : EventManager : Event: ======'player_number'====== Args={'value': 1, 'prev_value': 1, 'change': 0, 'player_num': 1}
2021-03-18 19:24:30,793 : EventManager : Event: ======'player_score'====== Args={'value': 0, 'prev_value': 0, 'change': 0, 'player_num': 1}
2021-03-18 19:24:30,793 : EventManager : Event: ======'player_ball'====== Args={'value': 1, 'prev_value': 0, 'change': 1, 'player_num': 1}
2021-03-18 19:24:30,794 : EventManager : Event: ======'player_turn_start'====== Args={'number': 1, 'player': <Player 1>}
2021-03-18 19:24:30,794 : EventManager : Event: ======'slides_play'====== Args={'settings': {'widgets': {'widgets': [{'type': 'text', 'text': 'PLAYER (number) BALL (ball)', '_default_settings': ['type', 'text'], 'x': None, 'y': None, 'anchor_x': 'center', 'anchor_y': 'center', 'round_anchor_x': None, 'round_anchor_y': None, 'opacity': 1.0, 'z': 0, 'reset_animations_events': {}, 'color': [1.0, 1.0, 1.0, 1.0], 'style': [], 'adjust_top': 0, 'adjust_bottom': 0, 'adjust_left': 0, 'adjust_right': 0, 'expire': None, 'key': None, 'widget': None, 'events_when_added': [], 'events_when_removed': [], 'font_size': 15, 'bitmap_font': False, 'font_kerning': True, 'bold': False, 'italic': False, 'number_grouping': False, 'min_digits': 0, 'halign': 'center', 'valign': 'middle', 'rotation': 0, 'scale': 1.0, 'casing': None, 'animations': None}], 'target': None, 'background_color': [0.0, 0.0, 0.0, 1.0], 'priority': None, 'show': True, 'force': False, 'expire': None, 'slide': None, 'tokens': {}, 'action': 'play'}}, 'context': '_global', 'calling_context': 'ball_started', 'priority': 0, 'player': 1, 'ball': 1, 'balls_remaining': 2, 'is_extra_ball': False}
2021-03-18 19:24:30,795 : mpfmc : SlidePlayer: Play called with settings={'widgets': {'widgets': [{'type': 'text', 'text': 'PLAYER (number) BALL (ball)', '_default_settings': ['type', 'text'], 'x': None, 'y': None, 'anchor_x': 'center', 'anchor_y': 'center', 'round_anchor_x': None, 'round_anchor_y': None, 'opacity': 1.0, 'z': 0, 'reset_animations_events': {}, 'color': [1.0, 1.0, 1.0, 1.0], 'style': [], 'adjust_top': 0, 'adjust_bottom': 0, 'adjust_left': 0, 'adjust_right': 0, 'expire': None, 'key': None, 'widget': None, 'events_when_added': [], 'events_when_removed': [], 'font_size': 15, 'bitmap_font': False, 'font_kerning': True, 'bold': False, 'italic': False, 'number_grouping': False, 'min_digits': 0, 'halign': 'center', 'valign': 'middle', 'rotation': 0, 'scale': 1.0, 'casing': None, 'animations': None}], 'target': None, 'background_color': [0.0, 0.0, 0.0, 1.0], 'priority': None, 'show': True, 'force': False, 'expire': None, 'slide': None, 'tokens': {}, 'action': 'play'}}
2021-03-18 19:24:30,808 : mpfmc : Stopping...
2021-03-18 19:24:30,809 : EventManager : Event: ======'slide__global.slide_player-ball_started_created'====== Args={}
2021-03-18 19:24:30,810 : EventManager : Event: ======'shutdown'====== Args={}
2021-03-18 19:24:30,820 : EventManager : Event: ======'slide__global.slide_player-ball_started_active'====== Args={}
2021-03-18 19:24:30,946 : mpfmc : Loop rate 74.68 Hz
2021-03-18 19:24:30,947 : kivy : Base: Leaving application in progress...
2021-03-18 19:24:30,951 : kivy : WindowSDL: exiting mainloop and closing.
2021-03-18 19:24:30,990 : mpfmc : Stopping...
2021-03-18 19:24:30,990 : EventManager : Event: ======'shutdown'====== Args={}
2021-03-18 19:24:30,991 : mpfmc : Loop rate 74.56 Hz
2021-03-18 19:24:30,991 : kivy : MC run loop ended.
2021-03-18 19:24:30,991 : kivy : Stopping child threads... (1 remaining)
2021-03-18 19:24:31,595 : kivy : All child threads stopped.
