2021-03-18 20:20:45,263 : INFO : root : Loading config.
2021-03-18 20:20:45,269 : INFO : YamlMultifileConfigLoader : Machine config file #1: config.yaml
2021-03-18 20:20:45,270 : INFO : ConfigProcessor : Loading config from cache: C:\Users\Noah\AppData\Local\Temp\d1f6a309ab2e3c3e66b0fef93f7a960f.mpf_cache
2021-03-18 20:20:45,404 : INFO : ConfigProcessor : Loading config from cache: C:\Users\Noah\AppData\Local\Temp\74774f186c18434d8d39d0d4b0a3afeb.mpf_cache
2021-03-18 20:20:45,406 : INFO : ConfigProcessor : Loading config from cache: C:\Users\Noah\AppData\Local\Temp\a7eac71e9da1e9cfd4db34c71351dbda.mpf_cache
2021-03-18 20:20:45,408 : WARNING : ConfigProcessor : Config file in cache changed: C:\Users\Noah\work\Andy Cavatorta\pinball\notes\MPF\noahgame_02\modes\base\config\base.yaml
2021-03-18 20:20:45,408 : INFO : ConfigProcessor : Loading config from file C:\Users\Noah\work\Andy Cavatorta\pinball\notes\MPF\noahgame_02\modes\base\config\base.yaml.
2021-03-18 20:20:45,419 : INFO : ConfigProcessor : Loading config: C:\Users\Noah\work\Andy Cavatorta\pinball\notes\MPF\noahgame_02\modes\base\config\base.yaml
2021-03-18 20:20:45,420 : INFO : ConfigProcessor : Config file cache created: C:\Users\Noah\AppData\Local\Temp\c6adbc38c235400b65ae43d7099eba05.mpf_cache
2021-03-18 20:20:45,422 : INFO : ConfigProcessor : Loading config from cache: C:\Users\Noah\AppData\Local\Temp\06881332f8a9c1e11264544d2c255f98.mpf_cache
2021-03-18 20:20:45,423 : INFO : Machine : Mission Pinball Framework Core Engine v0.54.6
2021-03-18 20:20:45,423 : INFO : Machine : Command line arguments: {'no_load_cache': False, 'create_config_cache': True, 'bcp': True, 'configfile': ['config.yaml'], 'force_assets_load': False, 'jsonlogging': False, 'logfile': 'logs\\2021-03-18-20-20-45-mpf-DESKTOP-VL0THH1.log', 'pause': False, 'production': False, 'text_ui': False, 'loglevel': 15, 'consoleloglevel': 20, 'force_platform': None, 'syslog_address': None, 'mc_file_name': None, 'no_sound': False}
2021-03-18 20:20:45,424 : INFO : Machine : MPF path: c:\users\noah\mpfenv\lib\site-packages\mpf
2021-03-18 20:20:45,424 : INFO : Machine : Machine path: C:\Users\Noah\work\Andy Cavatorta\pinball\notes\MPF\noahgame_02
2021-03-18 20:20:45,424 : INFO : Machine : Platform: win32
2021-03-18 20:20:45,424 : INFO : Machine : Python executable location: c:\users\noah\mpfenv\scripts\python.exe
2021-03-18 20:20:45,424 : INFO : Machine : Python version: 3.7.9 (64-bit)
2021-03-18 20:20:45,428 : INFO : Machine : Initialise MPF.
2021-03-18 20:20:45,567 : INFO : P-Roc : Connecting to P-ROC
2021-03-18 20:20:45,777 : INFO : P-Roc : Successfully connected to P-ROC/P3-ROC. Firmware Version: 2. Firmware Revision: 6. Hardware Board ID: 1
2021-03-18 20:20:45,777 : WARNING : P-Roc : Consider upgrading the firmware of your P/P3-Roc to at least 2.14. Your version contains known bugs.
2021-03-18 20:20:45,840 : INFO : EventManager : Event: ======'machine_var_p_roc_version'====== Args={'value': 2, 'prev_value': None, 'change': True}
2021-03-18 20:20:45,840 : INFO : EventManager : Event: ======'machine_var_p_roc_revision'====== Args={'value': 6, 'prev_value': None, 'change': True}
2021-03-18 20:20:45,840 : INFO : EventManager : Event: ======'machine_var_p_roc_hardware_version'====== Args={'value': 1, 'prev_value': None, 'change': True}
2021-03-18 20:20:45,841 : INFO : EventManager : Event: ======'machine_var_credits_string'====== Args={'value': 'FREE PLAY', 'prev_value': None, 'change': True}
2021-03-18 20:20:45,930 : INFO : EventManager : Event: ======'machine_var_mpf_version'====== Args={'value': 'MPF v0.54.6', 'prev_value': None, 'change': True}
2021-03-18 20:20:45,930 : INFO : EventManager : Event: ======'machine_var_mpf_extended_version'====== Args={'value': 'MPF v0.54.6, Config version:5, Show version: 5, BCP version:1.1', 'prev_value': None, 'change': True}
2021-03-18 20:20:45,930 : INFO : EventManager : Event: ======'machine_var_python_version'====== Args={'value': '3.7.9', 'prev_value': None, 'change': True}
2021-03-18 20:20:45,931 : INFO : EventManager : Event: ======'machine_var_platform'====== Args={'value': 'Windows-10-10.0.19041-SP0', 'prev_value': None, 'change': True}
2021-03-18 20:20:45,931 : INFO : EventManager : Event: ======'machine_var_platform_system'====== Args={'value': 'Windows', 'prev_value': None, 'change': True}
2021-03-18 20:20:45,931 : INFO : EventManager : Event: ======'machine_var_platform_release'====== Args={'value': '10', 'prev_value': None, 'change': True}
2021-03-18 20:20:45,931 : INFO : EventManager : Event: ======'machine_var_platform_version'====== Args={'value': '10.0.19041', 'prev_value': None, 'change': True}
2021-03-18 20:20:45,931 : INFO : EventManager : Event: ======'machine_var_platform_machine'====== Args={'value': 'AMD64', 'prev_value': None, 'change': True}
2021-03-18 20:20:45,931 : INFO : EventManager : Event: ======'init_phase_1'====== Args={}
2021-03-18 20:20:45,969 : INFO : EventManager : Event: ======'drop_target_bank_noah_up'====== Args={}
2021-03-18 20:20:45,974 : INFO : EventManager : Event: ======'init_phase_2'====== Args={}
2021-03-18 20:20:46,001 : INFO : EventManager : Event: ======'bcp_connection_attempt'====== Args={'name': 'local_display', 'host': 'localhost', 'port': 5050}
2021-03-18 20:20:46,003 : INFO : BCPClientSocket : Connecting BCP to 'local_display' at localhost:5050...
2021-03-18 20:20:48,019 : INFO : BCPClientSocket : Connected BCP to 'local_display' localhost:5050
2021-03-18 20:20:48,020 : INFO : EventManager : Event: ======'bcp_clients_connected'====== Args={}
2021-03-18 20:20:48,021 : INFO : ball_device.bd_trough : State: idle
2021-03-18 20:20:48,043 : INFO : EventManager : Event: ======'init_phase_3'====== Args={}
2021-03-18 20:20:48,049 : INFO : EventManager : Event: ======'machine_var_mc_version'====== Args={'value': 'MPF-MC v0.54.0', 'prev_value': None, 'change': True}
2021-03-18 20:20:48,049 : INFO : EventManager : Event: ======'machine_var_mc_extended_version'====== Args={'value': 'MPF-MC v0.54.0 (config_version=5, BCP v1.1, Requires MPF v0.54.0)', 'prev_value': None, 'change': True}
2021-03-18 20:20:48,053 : INFO : EventManager : Event: ======'machine_var_master_volume'====== Args={'value': 0.5, 'prev_value': None, 'change': True}
2021-03-18 20:20:48,053 : INFO : EventManager : Event: ======'init_phase_4'====== Args={}
2021-03-18 20:20:48,054 : INFO : BallController : Initial balls found: 0
2021-03-18 20:20:48,056 : INFO : EventManager : Event: ======'machine_var_audits_switches_s_drop_target'====== Args={'value': 0, 'prev_value': None, 'change': True}
2021-03-18 20:20:48,056 : INFO : EventManager : Event: ======'machine_var_audits_switches_s_left_flipper'====== Args={'value': 0, 'prev_value': None, 'change': True}
2021-03-18 20:20:48,057 : INFO : EventManager : Event: ======'machine_var_audits_switches_s_left_slingshot'====== Args={'value': 0, 'prev_value': None, 'change': True}
2021-03-18 20:20:48,057 : INFO : EventManager : Event: ======'machine_var_audits_switches_s_right_flipper'====== Args={'value': 6, 'prev_value': None, 'change': True}
2021-03-18 20:20:48,058 : INFO : EventManager : Event: ======'machine_var_audits_switches_s_right_inlane'====== Args={'value': 3, 'prev_value': None, 'change': True}
2021-03-18 20:20:48,058 : INFO : EventManager : Event: ======'machine_var_audits_switches_s_right_slingshot'====== Args={'value': 8, 'prev_value': None, 'change': True}
2021-03-18 20:20:48,059 : INFO : EventManager : Event: ======'machine_var_audits_switches_s_start'====== Args={'value': 3, 'prev_value': None, 'change': True}
2021-03-18 20:20:48,059 : INFO : EventManager : Event: ======'machine_var_audits_switches_s_trough1'====== Args={'value': 2, 'prev_value': None, 'change': True}
2021-03-18 20:20:48,060 : INFO : EventManager : Event: ======'init_phase_5'====== Args={}
2021-03-18 20:20:48,061 : INFO : EventManager : Event: ======'init_done'====== Args={}
2021-03-18 20:20:48,062 : INFO : EventManager : Event: ======'machine_reset_phase_1'====== Args={}
2021-03-18 20:20:48,096 : INFO : EventManager : Event: ======'slide_welcome_slide_removed'====== Args={'_from_bcp': True}
2021-03-18 20:20:48,101 : INFO : EventManager : Event: ======'slide_welcome_slide_created'====== Args={'_from_bcp': True}
2021-03-18 20:20:48,103 : INFO : EventManager : Event: ======'machine_reset_phase_2'====== Args={}
2021-03-18 20:20:48,104 : INFO : EventManager : Event: ======'machine_reset_phase_3'====== Args={}
2021-03-18 20:20:48,104 : INFO : drop_target_bank.noah : All targets are already up. Will not reset bank.
2021-03-18 20:20:48,114 : INFO : EventManager : Event: ======'reset_complete'====== Args={}
2021-03-18 20:20:48,116 : INFO : EventManager : Event: ======'mode_attract_will_start'====== Args={}
2021-03-18 20:20:48,117 : INFO : EventManager : Event: ======'mode_attract_starting'====== Args={}
2021-03-18 20:20:48,117 : INFO : Mode.attract : Started. Priority: 10
2021-03-18 20:20:48,117 : INFO : EventManager : Event: ======'modes_active_modes_changed'====== Args={}
2021-03-18 20:20:48,117 : INFO : EventManager : Event: ======'mode_attract_started'====== Args={}
2021-03-18 20:20:48,120 : INFO : EventManager : Event: ======'collecting_balls_complete'====== Args={}
2021-03-18 20:20:48,120 : INFO : EventManager : Event: ======'slide_welcome_slide_active'====== Args={'_from_bcp': True}
2021-03-18 20:20:48,121 : INFO : Machine : Starting the main run loop.
2021-03-18 20:20:48,134 : INFO : EventManager : Event: ======'slide_attract_started_created'====== Args={'_from_bcp': True}
2021-03-18 20:20:48,137 : INFO : EventManager : Event: ======'slide_attract_started_active'====== Args={'_from_bcp': True}
2021-03-18 20:20:53,606 : INFO : SwitchController : <<<<<<< 's_start' active >>>>>>>
2021-03-18 20:20:53,681 : INFO : SwitchController : <<<<<<< 's_start' inactive >>>>>>>
2021-03-18 20:20:53,681 : INFO : EventManager : Event: ======'request_to_start_game'====== Args={}
2021-03-18 20:20:53,682 : INFO : BallController : bd_trough contains 0 balls. Tags ['trough', 'home', 'drain']
2021-03-18 20:20:53,682 : INFO : BallController : playfield contains 0 balls. Tags ['default']
2021-03-18 20:20:53,682 : WARNING : BallController : BallController denies game start. Not enough balls. 0 found. 1 required
2021-03-18 20:20:57,558 : INFO : SwitchController : <<<<<<< 's_trough1' active >>>>>>>
2021-03-18 20:20:58,055 : INFO : EventManager : Event: ======'balldevice_bd_trough_ball_count_changed'====== Args={'balls': 1}
2021-03-18 20:20:58,055 : INFO : ball_device.bd_trough : Received unexpected ball
2021-03-18 20:20:58,055 : INFO : EventManager : Event: ======'balldevice_captured_from_playfield'====== Args={'balls': 1}
2021-03-18 20:20:58,055 : INFO : EventManager : Event: ======'sw_playfield_active'====== Args={'balls': 1}
2021-03-18 20:20:58,055 : INFO : EventManager : Event: ======'playfield_active'====== Args={}
2021-03-18 20:20:58,055 : INFO : EventManager : Event: ======'unexpected_ball_on_playfield'====== Args={}
2021-03-18 20:20:58,056 : INFO : EventManager : Event: ======'playfield_ball_count_change'====== Args={'balls': -1, 'change': -1}
2021-03-18 20:20:58,056 : INFO : EventManager : Event: ======'balldevice_playfield_ball_enter'====== Args={'new_balls': 1, 'unclaimed_balls': 1, 'device': <playfield.playfield>}
2021-03-18 20:20:58,056 : INFO : EventManager : Event: ======'playfield_ball_count_change'====== Args={'balls': 0, 'change': 1}
2021-03-18 20:20:58,056 : INFO : BallController : Found a new ball which was captured from playfield. Known balls: 1
2021-03-18 20:20:58,056 : INFO : EventManager : Event: ======'found_new_ball'====== Args={}
2021-03-18 20:20:58,056 : INFO : EventManager : Event: ======'balldevice_bd_trough_ball_enter'====== Args={'new_balls': 1, 'unclaimed_balls': 1, 'new_available_balls': 1, 'device': <ball_device.bd_trough>}
2021-03-18 20:20:58,056 : INFO : EventManager : Event: ======'ball_drain'====== Args={'device': <ball_device.bd_trough>, 'balls': 1}
2021-03-18 20:20:58,056 : INFO : EventManager : Event: ======'balldevice_balls_available'====== Args={}
2021-03-18 20:20:58,056 : INFO : EventManager : Event: ======'balldevice_bd_trough_ball_entered'====== Args={'new_balls': 1, 'device': <ball_device.bd_trough>}
2021-03-18 20:20:58,245 : INFO : SwitchController : <<<<<<< 's_start' active >>>>>>>
2021-03-18 20:20:58,342 : INFO : SwitchController : <<<<<<< 's_start' inactive >>>>>>>
2021-03-18 20:20:58,342 : INFO : EventManager : Event: ======'request_to_start_game'====== Args={}
2021-03-18 20:20:58,343 : INFO : EventManager : Event: ======'game_start'====== Args={'buttons': [], 'hold_time': 0.0940000000045984}
2021-03-18 20:20:58,343 : INFO : EventManager : Event: ======'mode_game_will_start'====== Args={'buttons': [], 'hold_time': 0.0940000000045984}
2021-03-18 20:20:58,344 : INFO : EventManager : Event: ======'mode_game_starting'====== Args={'buttons': [], 'hold_time': 0.0940000000045984}
2021-03-18 20:20:58,344 : INFO : EventManager : Event: ======'mode_attract_will_stop'====== Args={}
2021-03-18 20:20:58,344 : INFO : EventManager : Event: ======'mode_attract_stopping'====== Args={}
2021-03-18 20:20:58,344 : INFO : Mode.attract : Stopped.
2021-03-18 20:20:58,344 : INFO : EventManager : Event: ======'modes_active_modes_changed'====== Args={}
2021-03-18 20:20:58,345 : INFO : EventManager : Event: ======'mode_attract_stopped'====== Args={}
2021-03-18 20:20:58,345 : INFO : EventManager : Event: ======'clear'====== Args={'key': 'attract'}
2021-03-18 20:20:58,345 : INFO : Mode.game : Started. Priority: 20
2021-03-18 20:20:58,345 : INFO : EventManager : Event: ======'modes_active_modes_changed'====== Args={}
2021-03-18 20:20:58,346 : INFO : EventManager : Event: ======'mode_game_started'====== Args={'buttons': [], 'hold_time': 0.0940000000045984}
2021-03-18 20:20:58,347 : INFO : EventManager : Event: ======'game_will_start'====== Args={}
2021-03-18 20:20:58,348 : INFO : EventManager : Event: ======'game_starting'====== Args={'game': <Mode.game>}
2021-03-18 20:20:58,348 : INFO : EventManager : Event: ======'player_add_request'====== Args={}
2021-03-18 20:20:58,349 : INFO : EventManager : Event: ======'player_will_add'====== Args={'number': 1}
2021-03-18 20:20:58,349 : INFO : EventManager : Event: ======'player_adding'====== Args={'player': <Player 1>, 'number': 1}
2021-03-18 20:20:58,349 : INFO : EventManager : Event: ======'player_added'====== Args={'player': <Player 1>, 'num': 1}
2021-03-18 20:20:58,349 : INFO : Mode.game : Player added successfully. Total players: 1
2021-03-18 20:20:58,350 : INFO : EventManager : Event: ======'player_index'====== Args={'value': 0, 'prev_value': 0, 'change': 0, 'player_num': 1}
2021-03-18 20:20:58,350 : INFO : EventManager : Event: ======'player_number'====== Args={'value': 1, 'prev_value': 1, 'change': 0, 'player_num': 1}
2021-03-18 20:20:58,351 : INFO : EventManager : Event: ======'player_score'====== Args={'value': 0, 'prev_value': 0, 'change': 0, 'player_num': 1}
2021-03-18 20:20:58,351 : INFO : EventManager : Event: ======'game_started'====== Args={}
2021-03-18 20:20:58,352 : INFO : EventManager : Event: ======'player_turn_will_start'====== Args={'player': <Player 1>, 'number': 1}
2021-03-18 20:20:58,352 : INFO : EventManager : Event: ======'player_turn_starting'====== Args={'player': <Player 1>, 'number': 1}
2021-03-18 20:20:58,353 : INFO : EventManager : Event: ======'player_ball'====== Args={'value': 1, 'prev_value': 0, 'change': 1, 'player_num': 1}
2021-03-18 20:20:58,354 : INFO : EventManager : Event: ======'player_turn_started'====== Args={'player': <Player 1>, 'number': 1}
2021-03-18 20:20:58,354 : INFO : EventManager : Event: ======'ball_will_start'====== Args={'player': 1, 'ball': 1, 'balls_remaining': 2, 'is_extra_ball': False}
2021-03-18 20:20:58,354 : INFO : EventManager : Event: ======'ball_starting'====== Args={'player': 1, 'ball': 1, 'balls_remaining': 2, 'is_extra_ball': False}
2021-03-18 20:20:58,355 : INFO : EventManager : Event: ======'balls_in_play'====== Args={'balls': 1}
2021-03-18 20:20:58,355 : INFO : EventManager : Event: ======'ball_started'====== Args={'player': 1, 'ball': 1, 'balls_remaining': 2, 'is_extra_ball': False}
2021-03-18 20:20:58,355 : INFO : EventManager : Event: ======'mode_base_will_start'====== Args={'player': 1, 'ball': 1, 'balls_remaining': 2, 'is_extra_ball': False}
2021-03-18 20:20:58,356 : INFO : EventManager : Event: ======'mode_base_starting'====== Args={'player': 1, 'ball': 1, 'balls_remaining': 2, 'is_extra_ball': False}
2021-03-18 20:20:58,357 : INFO : Mode.base : Started. Priority: 100
2021-03-18 20:20:58,357 : INFO : EventManager : Event: ======'modes_active_modes_changed'====== Args={}
2021-03-18 20:20:58,357 : INFO : EventManager : Event: ======'mode_base_started'====== Args={'player': 1, 'ball': 1, 'balls_remaining': 2, 'is_extra_ball': False}
2021-03-18 20:20:58,359 : INFO : EventManager : Event: ======'single_player_ball_started'====== Args={}
2021-03-18 20:20:58,360 : INFO : ball_device.bd_trough : Setting up player-controlled eject. Balls: 1, Target: <playfield.playfield>, player_controlled_eject_event: None
2021-03-18 20:20:58,360 : INFO : ball_device.bd_trough : Adding 1 ball(s) to the eject_queue with target <playfield.playfield>.
2021-03-18 20:20:58,360 : INFO : EventManager : Event: ======'balldevice_balls_available'====== Args={}
2021-03-18 20:20:58,361 : INFO : ball_device.bd_trough : State: waiting_for_target_ready
2021-03-18 20:20:58,361 : INFO : EventManager : Event: ======'balldevice_bd_trough_ball_eject_attempt'====== Args={'balls': 1, 'target': <playfield.playfield>, 'source': <ball_device.bd_trough>, 'mechanical_eject': False, 'num_attempts': 0}
2021-03-18 20:20:58,362 : INFO : ball_device.bd_trough : State: ejecting
2021-03-18 20:20:58,362 : INFO : ball_device.bd_trough : Ejecting ball to <playfield.playfield>
2021-03-18 20:20:58,362 : INFO : EventManager : Event: ======'balldevice_bd_trough_ejecting_ball'====== Args={'balls': 1, 'target': <playfield.playfield>, 'source': <ball_device.bd_trough>, 'mechanical_eject': False, 'num_attempts': 0}
2021-03-18 20:20:58,363 : INFO : ball_device.bd_trough : Wait for ball to leave device
2021-03-18 20:20:58,364 : INFO : coil.c_trough_eject : Pulsing Driver for 10ms (1.0 pulse_power)
2021-03-18 20:20:58,399 : INFO : EventManager : Event: ======'slide_base.slide_player-mode_base_started_created'====== Args={'_from_bcp': True}
2021-03-18 20:20:58,404 : INFO : EventManager : Event: ======'slide_base.slide_player-mode_base_started_active'====== Args={'_from_bcp': True}
2021-03-18 20:21:01,909 : INFO : SwitchController : <<<<<<< 's_right_inlane' active >>>>>>>
2021-03-18 20:21:01,909 : INFO : EventManager : Event: ======'sw_playfield_active'====== Args={}
2021-03-18 20:21:01,910 : INFO : EventManager : Event: ======'machine_var_audits_switches_s_right_inlane'====== Args={'value': 4, 'prev_value': 3, 'change': 1}
2021-03-18 20:21:01,910 : INFO : EventManager : Event: ======'playfield_active'====== Args={}
2021-03-18 20:21:05,156 : INFO : SwitchController : <<<<<<< 's_right_flipper' active >>>>>>>
2021-03-18 20:21:05,157 : INFO : EventManager : Event: ======'machine_var_audits_switches_s_right_flipper'====== Args={'value': 7, 'prev_value': 6, 'change': 1}
2021-03-18 20:21:05,254 : INFO : SwitchController : <<<<<<< 's_right_flipper' inactive >>>>>>>
2021-03-18 20:21:05,748 : INFO : SwitchController : <<<<<<< 's_right_flipper' active >>>>>>>
2021-03-18 20:21:05,749 : INFO : EventManager : Event: ======'machine_var_audits_switches_s_right_flipper'====== Args={'value': 8, 'prev_value': 7, 'change': 1}
2021-03-18 20:21:05,802 : INFO : SwitchController : <<<<<<< 's_right_flipper' inactive >>>>>>>
2021-03-18 20:21:07,605 : INFO : SwitchController : <<<<<<< 's_left_flipper' active >>>>>>>
2021-03-18 20:21:07,606 : INFO : EventManager : Event: ======'s_left_flipper_active'====== Args={}
2021-03-18 20:21:07,606 : INFO : EventManager : Event: ======'machine_var_audits_switches_s_left_flipper'====== Args={'value': 1, 'prev_value': 0, 'change': 1}
2021-03-18 20:21:07,607 : INFO : EventManager : Event: ======'player_score'====== Args={'value': 1000, 'prev_value': 0, 'change': 1000, 'player_num': 1}
2021-03-18 20:21:07,685 : INFO : SwitchController : <<<<<<< 's_left_flipper' inactive >>>>>>>
2021-03-18 20:21:07,998 : INFO : SwitchController : <<<<<<< 's_left_flipper' active >>>>>>>
2021-03-18 20:21:07,999 : INFO : EventManager : Event: ======'s_left_flipper_active'====== Args={}
2021-03-18 20:21:07,999 : INFO : EventManager : Event: ======'machine_var_audits_switches_s_left_flipper'====== Args={'value': 2, 'prev_value': 1, 'change': 1}
2021-03-18 20:21:07,999 : INFO : EventManager : Event: ======'player_score'====== Args={'value': 2000, 'prev_value': 1000, 'change': 1000, 'player_num': 1}
2021-03-18 20:21:08,076 : INFO : SwitchController : <<<<<<< 's_left_flipper' inactive >>>>>>>
2021-03-18 20:21:08,366 : INFO : EventManager : Event: ======'balldevice_bd_trough_ball_eject_failed'====== Args={'target': <playfield.playfield>, 'balls': 1, 'retry': True, 'num_attempts': 1}
2021-03-18 20:21:08,367 : INFO : ball_device.bd_trough : State: waiting_for_target_ready
2021-03-18 20:21:08,367 : INFO : EventManager : Event: ======'balldevice_bd_trough_ball_eject_attempt'====== Args={'balls': 1, 'target': <playfield.playfield>, 'source': <ball_device.bd_trough>, 'mechanical_eject': False, 'num_attempts': 1}
2021-03-18 20:21:08,368 : INFO : ball_device.bd_trough : State: ejecting
2021-03-18 20:21:08,368 : INFO : ball_device.bd_trough : Ejecting ball to <playfield.playfield>
2021-03-18 20:21:08,368 : INFO : EventManager : Event: ======'balldevice_bd_trough_ejecting_ball'====== Args={'balls': 1, 'target': <playfield.playfield>, 'source': <ball_device.bd_trough>, 'mechanical_eject': False, 'num_attempts': 1}
2021-03-18 20:21:08,368 : INFO : ball_device.bd_trough : Wait for ball to leave device
2021-03-18 20:21:08,368 : INFO : coil.c_trough_eject : Pulsing Driver for 10ms (1.0 pulse_power)
2021-03-18 20:21:10,591 : INFO : SwitchController : <<<<<<< 's_right_inlane' inactive >>>>>>>
2021-03-18 20:21:11,309 : INFO : SwitchController : <<<<<<< 's_right_inlane' active >>>>>>>
2021-03-18 20:21:11,309 : INFO : EventManager : Event: ======'sw_playfield_active'====== Args={}
2021-03-18 20:21:11,310 : INFO : EventManager : Event: ======'machine_var_audits_switches_s_right_inlane'====== Args={'value': 5, 'prev_value': 4, 'change': 1}
2021-03-18 20:21:11,310 : INFO : EventManager : Event: ======'playfield_active'====== Args={}
2021-03-18 20:21:12,141 : INFO : SwitchController : <<<<<<< 's_right_inlane' inactive >>>>>>>
2021-03-18 20:21:12,625 : INFO : SwitchController : <<<<<<< 's_right_inlane' active >>>>>>>
2021-03-18 20:21:12,626 : INFO : EventManager : Event: ======'sw_playfield_active'====== Args={}
2021-03-18 20:21:12,626 : INFO : EventManager : Event: ======'machine_var_audits_switches_s_right_inlane'====== Args={'value': 6, 'prev_value': 5, 'change': 1}
2021-03-18 20:21:12,626 : INFO : EventManager : Event: ======'playfield_active'====== Args={}
2021-03-18 20:21:13,340 : INFO : SwitchController : <<<<<<< 's_right_inlane' inactive >>>>>>>
2021-03-18 20:21:14,672 : INFO : SwitchController : <<<<<<< 's_right_inlane' active >>>>>>>
2021-03-18 20:21:14,672 : INFO : EventManager : Event: ======'sw_playfield_active'====== Args={}
2021-03-18 20:21:14,672 : INFO : EventManager : Event: ======'machine_var_audits_switches_s_right_inlane'====== Args={'value': 7, 'prev_value': 6, 'change': 1}
2021-03-18 20:21:14,675 : INFO : EventManager : Event: ======'playfield_active'====== Args={}
2021-03-18 20:21:17,695 : INFO : SwitchController : <<<<<<< 's_trough1' inactive >>>>>>>
2021-03-18 20:21:17,696 : INFO : ball_device.bd_trough : State: ball_left
2021-03-18 20:21:17,696 : INFO : ball_device.bd_trough : Ball left
2021-03-18 20:21:17,696 : INFO : ball_device.bd_trough : Wait for confirm with timeout 10.0
2021-03-18 20:21:19,586 : INFO : SwitchController : <<<<<<< 's_trough1' active >>>>>>>
2021-03-18 20:21:19,587 : INFO : EventManager : Event: ======'machine_var_audits_switches_s_trough1'====== Args={'value': 3, 'prev_value': 2, 'change': 1}
2021-03-18 20:21:23,709 : INFO : SwitchController : <<<<<<< 's_start' active >>>>>>>
2021-03-18 20:21:23,710 : INFO : EventManager : Event: ======'sw_start'====== Args={}
2021-03-18 20:21:23,710 : INFO : EventManager : Event: ======'machine_var_audits_switches_s_start'====== Args={'value': 4, 'prev_value': 3, 'change': 1}
2021-03-18 20:21:23,710 : INFO : EventManager : Event: ======'player_add_request'====== Args={}
2021-03-18 20:21:23,710 : INFO : EventManager : Event: ======'player_will_add'====== Args={'number': 2}
2021-03-18 20:21:23,710 : INFO : EventManager : Event: ======'player_adding'====== Args={'player': <Player 2>, 'number': 2}
2021-03-18 20:21:23,711 : INFO : EventManager : Event: ======'player_added'====== Args={'player': <Player 2>, 'num': 2}
2021-03-18 20:21:23,711 : INFO : Mode.game : Player added successfully. Total players: 2
2021-03-18 20:21:23,711 : INFO : EventManager : Event: ======'multiplayer_game'====== Args={}
2021-03-18 20:21:23,713 : INFO : EventManager : Event: ======'player_index'====== Args={'value': 1, 'prev_value': 1, 'change': 0, 'player_num': 2}
2021-03-18 20:21:23,714 : INFO : EventManager : Event: ======'player_number'====== Args={'value': 2, 'prev_value': 2, 'change': 0, 'player_num': 2}
2021-03-18 20:21:23,715 : INFO : EventManager : Event: ======'player_score'====== Args={'value': 0, 'prev_value': 0, 'change': 0, 'player_num': 2}
2021-03-18 20:21:23,823 : INFO : SwitchController : <<<<<<< 's_start' inactive >>>>>>>
2021-03-18 20:21:24,038 : INFO : SwitchController : <<<<<<< 's_start' active >>>>>>>
2021-03-18 20:21:24,038 : INFO : EventManager : Event: ======'sw_start'====== Args={}
2021-03-18 20:21:24,039 : INFO : EventManager : Event: ======'machine_var_audits_switches_s_start'====== Args={'value': 5, 'prev_value': 4, 'change': 1}
2021-03-18 20:21:24,039 : INFO : EventManager : Event: ======'player_add_request'====== Args={}
2021-03-18 20:21:24,040 : INFO : EventManager : Event: ======'player_will_add'====== Args={'number': 3}
2021-03-18 20:21:24,040 : INFO : EventManager : Event: ======'player_adding'====== Args={'player': <Player 3>, 'number': 3}
2021-03-18 20:21:24,040 : INFO : EventManager : Event: ======'player_added'====== Args={'player': <Player 3>, 'num': 3}
2021-03-18 20:21:24,040 : INFO : Mode.game : Player added successfully. Total players: 3
2021-03-18 20:21:24,040 : INFO : EventManager : Event: ======'player_index'====== Args={'value': 2, 'prev_value': 2, 'change': 0, 'player_num': 3}
2021-03-18 20:21:24,041 : INFO : EventManager : Event: ======'player_number'====== Args={'value': 3, 'prev_value': 3, 'change': 0, 'player_num': 3}
2021-03-18 20:21:24,041 : INFO : EventManager : Event: ======'player_score'====== Args={'value': 0, 'prev_value': 0, 'change': 0, 'player_num': 3}
2021-03-18 20:21:24,225 : INFO : SwitchController : <<<<<<< 's_start' inactive >>>>>>>
2021-03-18 20:21:24,871 : INFO : SwitchController : <<<<<<< 's_right_flipper' active >>>>>>>
2021-03-18 20:21:24,871 : INFO : EventManager : Event: ======'machine_var_audits_switches_s_right_flipper'====== Args={'value': 9, 'prev_value': 8, 'change': 1}
2021-03-18 20:21:24,936 : INFO : SwitchController : <<<<<<< 's_right_flipper' inactive >>>>>>>
2021-03-18 20:21:25,216 : INFO : SwitchController : <<<<<<< 's_right_flipper' active >>>>>>>
2021-03-18 20:21:25,216 : INFO : EventManager : Event: ======'machine_var_audits_switches_s_right_flipper'====== Args={'value': 10, 'prev_value': 9, 'change': 1}
2021-03-18 20:21:25,303 : INFO : SwitchController : <<<<<<< 's_right_flipper' inactive >>>>>>>
2021-03-18 20:21:25,496 : INFO : SwitchController : <<<<<<< 's_right_flipper' active >>>>>>>
2021-03-18 20:21:25,496 : INFO : EventManager : Event: ======'machine_var_audits_switches_s_right_flipper'====== Args={'value': 11, 'prev_value': 10, 'change': 1}
2021-03-18 20:21:25,551 : INFO : SwitchController : <<<<<<< 's_right_flipper' inactive >>>>>>>
2021-03-18 20:21:26,292 : INFO : SwitchController : <<<<<<< 's_left_flipper' active >>>>>>>
2021-03-18 20:21:26,292 : INFO : EventManager : Event: ======'s_left_flipper_active'====== Args={}
2021-03-18 20:21:26,293 : INFO : EventManager : Event: ======'machine_var_audits_switches_s_left_flipper'====== Args={'value': 3, 'prev_value': 2, 'change': 1}
2021-03-18 20:21:26,293 : INFO : EventManager : Event: ======'player_score'====== Args={'value': 3000, 'prev_value': 2000, 'change': 1000, 'player_num': 1}
2021-03-18 20:21:26,370 : INFO : SwitchController : <<<<<<< 's_left_flipper' inactive >>>>>>>
2021-03-18 20:21:26,575 : INFO : SwitchController : <<<<<<< 's_left_flipper' active >>>>>>>
2021-03-18 20:21:26,575 : INFO : EventManager : Event: ======'s_left_flipper_active'====== Args={}
2021-03-18 20:21:26,575 : INFO : EventManager : Event: ======'machine_var_audits_switches_s_left_flipper'====== Args={'value': 4, 'prev_value': 3, 'change': 1}
2021-03-18 20:21:26,576 : INFO : EventManager : Event: ======'player_score'====== Args={'value': 4000, 'prev_value': 3000, 'change': 1000, 'player_num': 1}
2021-03-18 20:21:26,642 : INFO : SwitchController : <<<<<<< 's_left_flipper' inactive >>>>>>>
2021-03-18 20:21:27,588 : INFO : SwitchController : <<<<<<< 's_right_slingshot' active >>>>>>>
2021-03-18 20:21:27,589 : INFO : EventManager : Event: ======'playfield_active'====== Args={}
2021-03-18 20:21:27,589 : INFO : EventManager : Event: ======'machine_var_audits_switches_s_right_slingshot'====== Args={'value': 9, 'prev_value': 8, 'change': 1}
2021-03-18 20:21:27,589 : INFO : SwitchController : <<<<<<< 's_right_slingshot' inactive >>>>>>>
2021-03-18 20:21:27,590 : INFO : ball_device.bd_trough : Got eject confirm
2021-03-18 20:21:27,590 : INFO : ball_device.bd_trough : Eject successful
2021-03-18 20:21:27,590 : INFO : EventManager : Event: ======'balldevice_bd_trough_ball_eject_success'====== Args={'balls': 1, 'target': <playfield.playfield>}
2021-03-18 20:21:27,591 : INFO : EventManager : Event: ======'balldevice_playfield_ball_enter'====== Args={'new_balls': 1, 'unclaimed_balls': 1, 'device': <playfield.playfield>}
2021-03-18 20:21:27,591 : INFO : EventManager : Event: ======'playfield_ball_count_change'====== Args={'balls': 1, 'change': 1}
2021-03-18 20:21:27,592 : INFO : EventManager : Event: ======'balldevice_bd_trough_ball_count_changed'====== Args={'balls': 0}
2021-03-18 20:21:27,592 : INFO : ball_device.bd_trough : State: idle
2021-03-18 20:21:27,592 : INFO : EventManager : Event: ======'balldevice_bd_trough_ball_count_changed'====== Args={'balls': 1}
2021-03-18 20:21:27,593 : INFO : ball_device.bd_trough : Received unexpected ball
2021-03-18 20:21:27,593 : INFO : EventManager : Event: ======'balldevice_captured_from_playfield'====== Args={'balls': 1}
2021-03-18 20:21:27,593 : INFO : EventManager : Event: ======'sw_playfield_active'====== Args={'balls': 1}
2021-03-18 20:21:27,594 : INFO : EventManager : Event: ======'playfield_ball_count_change'====== Args={'balls': 0, 'change': -1}
2021-03-18 20:21:27,594 : INFO : EventManager : Event: ======'balldevice_bd_trough_ball_enter'====== Args={'new_balls': 1, 'unclaimed_balls': 1, 'new_available_balls': 1, 'device': <ball_device.bd_trough>}
2021-03-18 20:21:27,595 : INFO : EventManager : Event: ======'ball_drain'====== Args={'device': <ball_device.bd_trough>, 'balls': 1}
2021-03-18 20:21:27,595 : INFO : EventManager : Event: ======'ball_will_end'====== Args={}
2021-03-18 20:21:27,596 : INFO : EventManager : Event: ======'balldevice_balls_available'====== Args={}
2021-03-18 20:21:27,596 : INFO : EventManager : Event: ======'balldevice_bd_trough_ball_entered'====== Args={'new_balls': 1, 'device': <ball_device.bd_trough>}
2021-03-18 20:21:27,607 : INFO : EventManager : Event: ======'ball_ending'====== Args={}
2021-03-18 20:21:27,608 : INFO : EventManager : Event: ======'mode_base_will_stop'====== Args={}
2021-03-18 20:21:27,608 : INFO : EventManager : Event: ======'mode_base_stopping'====== Args={}
2021-03-18 20:21:27,608 : INFO : Mode.base : Stopped.
2021-03-18 20:21:27,608 : INFO : EventManager : Event: ======'modes_active_modes_changed'====== Args={}
2021-03-18 20:21:27,609 : INFO : EventManager : Event: ======'mode_base_stopped'====== Args={}
2021-03-18 20:21:27,610 : INFO : EventManager : Event: ======'clear'====== Args={'key': 'base'}
2021-03-18 20:21:27,610 : INFO : EventManager : Event: ======'ball_ended'====== Args={}
2021-03-18 20:21:27,611 : INFO : EventManager : Event: ======'player_turn_will_end'====== Args={'player': <Player 1>, 'number': 1}
2021-03-18 20:21:27,612 : INFO : EventManager : Event: ======'player_turn_ending'====== Args={'player': <Player 1>, 'number': 1}
2021-03-18 20:21:27,612 : INFO : EventManager : Event: ======'player_turn_ended'====== Args={'player': <Player 1>, 'number': 1}
2021-03-18 20:21:27,612 : INFO : EventManager : Event: ======'player_turn_will_start'====== Args={'player': <Player 2>, 'number': 2}
2021-03-18 20:21:27,612 : INFO : EventManager : Event: ======'player_turn_starting'====== Args={'player': <Player 2>, 'number': 2}
2021-03-18 20:21:27,612 : INFO : EventManager : Event: ======'player_ball'====== Args={'value': 1, 'prev_value': 0, 'change': 1, 'player_num': 2}
2021-03-18 20:21:27,613 : INFO : EventManager : Event: ======'player_turn_started'====== Args={'player': <Player 2>, 'number': 2}
2021-03-18 20:21:27,613 : INFO : EventManager : Event: ======'ball_will_start'====== Args={'player': 2, 'ball': 1, 'balls_remaining': 2, 'is_extra_ball': False}
2021-03-18 20:21:27,614 : INFO : EventManager : Event: ======'ball_starting'====== Args={'player': 2, 'ball': 1, 'balls_remaining': 2, 'is_extra_ball': False}
2021-03-18 20:21:27,615 : INFO : EventManager : Event: ======'balls_in_play'====== Args={'balls': 1}
2021-03-18 20:21:27,615 : INFO : EventManager : Event: ======'ball_started'====== Args={'player': 2, 'ball': 1, 'balls_remaining': 2, 'is_extra_ball': False}
2021-03-18 20:21:27,615 : INFO : EventManager : Event: ======'mode_base_will_start'====== Args={'player': 2, 'ball': 1, 'balls_remaining': 2, 'is_extra_ball': False}
2021-03-18 20:21:27,615 : INFO : EventManager : Event: ======'mode_base_starting'====== Args={'player': 2, 'ball': 1, 'balls_remaining': 2, 'is_extra_ball': False}
2021-03-18 20:21:27,616 : INFO : Mode.base : Started. Priority: 100
2021-03-18 20:21:27,616 : INFO : EventManager : Event: ======'modes_active_modes_changed'====== Args={}
2021-03-18 20:21:27,616 : INFO : EventManager : Event: ======'mode_base_started'====== Args={'player': 2, 'ball': 1, 'balls_remaining': 2, 'is_extra_ball': False}
2021-03-18 20:21:27,617 : INFO : EventManager : Event: ======'multi_player_ball_started'====== Args={}
2021-03-18 20:21:27,618 : INFO : EventManager : Event: ======'player_2_ball_started'====== Args={}
2021-03-18 20:21:27,618 : INFO : ball_device.bd_trough : Setting up player-controlled eject. Balls: 1, Target: <playfield.playfield>, player_controlled_eject_event: None
2021-03-18 20:21:27,618 : INFO : ball_device.bd_trough : Adding 1 ball(s) to the eject_queue with target <playfield.playfield>.
2021-03-18 20:21:27,618 : INFO : EventManager : Event: ======'balldevice_balls_available'====== Args={}
2021-03-18 20:21:27,620 : WARNING : SwitchController : Received duplicate switch state 0 for switch s_right_slingshot from the platform interface. Log Code: Log-SwitchController-1 (https://docs.missionpinball.org/en/0.54/logs/Log-SwitchController-1.html)
2021-03-18 20:21:27,621 : INFO : ball_device.bd_trough : State: waiting_for_target_ready
2021-03-18 20:21:27,622 : INFO : EventManager : Event: ======'balldevice_bd_trough_ball_eject_attempt'====== Args={'balls': 1, 'target': <playfield.playfield>, 'source': <ball_device.bd_trough>, 'mechanical_eject': False, 'num_attempts': 0}
2021-03-18 20:21:27,622 : INFO : ball_device.bd_trough : State: ejecting
2021-03-18 20:21:27,622 : INFO : ball_device.bd_trough : Ejecting ball to <playfield.playfield>
2021-03-18 20:21:27,622 : INFO : EventManager : Event: ======'balldevice_bd_trough_ejecting_ball'====== Args={'balls': 1, 'target': <playfield.playfield>, 'source': <ball_device.bd_trough>, 'mechanical_eject': False, 'num_attempts': 0}
2021-03-18 20:21:27,622 : INFO : EventManager : Event: ======'slide_base.slide_player-mode_base_started_removed'====== Args={'_from_bcp': True}
2021-03-18 20:21:27,623 : INFO : ball_device.bd_trough : Wait for ball to leave device
2021-03-18 20:21:27,623 : INFO : coil.c_trough_eject : Pulsing Driver for 10ms (1.0 pulse_power)
2021-03-18 20:21:27,637 : WARNING : SwitchController : Received duplicate switch state 0 for switch s_right_slingshot from the platform interface. Log Code: Log-SwitchController-1 (https://docs.missionpinball.org/en/0.54/logs/Log-SwitchController-1.html)
2021-03-18 20:21:27,642 : INFO : EventManager : Event: ======'slide_base.slide_player-mode_base_started_created'====== Args={'_from_bcp': True}
2021-03-18 20:21:27,646 : INFO : EventManager : Event: ======'slide_base.slide_player-mode_base_started_active'====== Args={'_from_bcp': True}
2021-03-18 20:21:28,437 : INFO : SwitchController : <<<<<<< 's_right_slingshot' active >>>>>>>
2021-03-18 20:21:28,437 : INFO : EventManager : Event: ======'machine_var_audits_switches_s_right_slingshot'====== Args={'value': 10, 'prev_value': 9, 'change': 1}
2021-03-18 20:21:28,438 : INFO : SwitchController : <<<<<<< 's_right_slingshot' inactive >>>>>>>
2021-03-18 20:21:28,642 : INFO : SwitchController : <<<<<<< 's_right_slingshot' active >>>>>>>
2021-03-18 20:21:28,643 : INFO : EventManager : Event: ======'machine_var_audits_switches_s_right_slingshot'====== Args={'value': 11, 'prev_value': 10, 'change': 1}
2021-03-18 20:21:28,661 : INFO : SwitchController : <<<<<<< 's_right_slingshot' inactive >>>>>>>
2021-03-18 20:21:28,866 : WARNING : SwitchController : Received duplicate switch state 0 for switch s_right_slingshot from the platform interface. Log Code: Log-SwitchController-1 (https://docs.missionpinball.org/en/0.54/logs/Log-SwitchController-1.html)
2021-03-18 20:21:28,887 : INFO : SwitchController : <<<<<<< 's_right_slingshot' active >>>>>>>
2021-03-18 20:21:28,887 : INFO : EventManager : Event: ======'machine_var_audits_switches_s_right_slingshot'====== Args={'value': 12, 'prev_value': 11, 'change': 1}
2021-03-18 20:21:28,900 : INFO : SwitchController : <<<<<<< 's_right_slingshot' inactive >>>>>>>
2021-03-18 20:21:28,922 : INFO : SwitchController : <<<<<<< 's_right_slingshot' active >>>>>>>
2021-03-18 20:21:28,922 : INFO : EventManager : Event: ======'machine_var_audits_switches_s_right_slingshot'====== Args={'value': 13, 'prev_value': 12, 'change': 1}
2021-03-18 20:21:28,923 : INFO : SwitchController : <<<<<<< 's_right_slingshot' inactive >>>>>>>
2021-03-18 20:21:34,022 : INFO : SwitchController : <<<<<<< 's_right_slingshot' active >>>>>>>
2021-03-18 20:21:34,022 : INFO : EventManager : Event: ======'machine_var_audits_switches_s_right_slingshot'====== Args={'value': 14, 'prev_value': 13, 'change': 1}
2021-03-18 20:21:34,141 : INFO : SwitchController : <<<<<<< 's_right_slingshot' inactive >>>>>>>
2021-03-18 20:21:34,250 : INFO : SwitchController : <<<<<<< 's_right_slingshot' active >>>>>>>
2021-03-18 20:21:34,250 : INFO : EventManager : Event: ======'machine_var_audits_switches_s_right_slingshot'====== Args={'value': 15, 'prev_value': 14, 'change': 1}
2021-03-18 20:21:34,347 : INFO : SwitchController : <<<<<<< 's_right_slingshot' inactive >>>>>>>
2021-03-18 20:21:34,680 : INFO : SwitchController : <<<<<<< 's_left_slingshot' active >>>>>>>
2021-03-18 20:21:34,680 : INFO : EventManager : Event: ======'machine_var_audits_switches_s_left_slingshot'====== Args={'value': 1, 'prev_value': 0, 'change': 1}
2021-03-18 20:21:34,777 : INFO : SwitchController : <<<<<<< 's_left_slingshot' inactive >>>>>>>
2021-03-18 20:21:34,854 : INFO : SwitchController : <<<<<<< 's_left_slingshot' active >>>>>>>
2021-03-18 20:21:34,855 : INFO : EventManager : Event: ======'machine_var_audits_switches_s_left_slingshot'====== Args={'value': 2, 'prev_value': 1, 'change': 1}
2021-03-18 20:21:34,951 : INFO : SwitchController : <<<<<<< 's_left_slingshot' inactive >>>>>>>
2021-03-18 20:21:36,681 : INFO : SwitchController : <<<<<<< 's_start' active >>>>>>>
2021-03-18 20:21:36,681 : INFO : EventManager : Event: ======'sw_start'====== Args={}
2021-03-18 20:21:36,682 : INFO : EventManager : Event: ======'machine_var_audits_switches_s_start'====== Args={'value': 6, 'prev_value': 5, 'change': 1}
2021-03-18 20:21:36,685 : INFO : EventManager : Event: ======'player_add_request'====== Args={}
2021-03-18 20:21:36,685 : INFO : EventManager : Event: ======'player_will_add'====== Args={'number': 4}
2021-03-18 20:21:36,685 : INFO : EventManager : Event: ======'player_adding'====== Args={'player': <Player 4>, 'number': 4}
2021-03-18 20:21:36,686 : INFO : EventManager : Event: ======'player_added'====== Args={'player': <Player 4>, 'num': 4}
2021-03-18 20:21:36,686 : INFO : Mode.game : Player added successfully. Total players: 4
2021-03-18 20:21:36,686 : INFO : EventManager : Event: ======'player_index'====== Args={'value': 3, 'prev_value': 3, 'change': 0, 'player_num': 4}
2021-03-18 20:21:36,687 : INFO : EventManager : Event: ======'player_number'====== Args={'value': 4, 'prev_value': 4, 'change': 0, 'player_num': 4}
2021-03-18 20:21:36,687 : INFO : EventManager : Event: ======'player_score'====== Args={'value': 0, 'prev_value': 0, 'change': 0, 'player_num': 4}
2021-03-18 20:21:36,699 : INFO : SwitchController : <<<<<<< 's_start' inactive >>>>>>>
2021-03-18 20:21:37,451 : INFO : SwitchController : <<<<<<< 's_start' active >>>>>>>
2021-03-18 20:21:37,451 : INFO : EventManager : Event: ======'sw_start'====== Args={}
2021-03-18 20:21:37,452 : INFO : EventManager : Event: ======'machine_var_audits_switches_s_start'====== Args={'value': 7, 'prev_value': 6, 'change': 1}
2021-03-18 20:21:37,582 : INFO : SwitchController : <<<<<<< 's_start' inactive >>>>>>>
2021-03-18 20:21:37,624 : INFO : EventManager : Event: ======'balldevice_bd_trough_ball_eject_failed'====== Args={'target': <playfield.playfield>, 'balls': 1, 'retry': True, 'num_attempts': 1}
2021-03-18 20:21:37,625 : INFO : ball_device.bd_trough : State: waiting_for_target_ready
2021-03-18 20:21:37,625 : INFO : EventManager : Event: ======'balldevice_bd_trough_ball_eject_attempt'====== Args={'balls': 1, 'target': <playfield.playfield>, 'source': <ball_device.bd_trough>, 'mechanical_eject': False, 'num_attempts': 1}
2021-03-18 20:21:37,625 : INFO : ball_device.bd_trough : State: ejecting
2021-03-18 20:21:37,625 : INFO : ball_device.bd_trough : Ejecting ball to <playfield.playfield>
2021-03-18 20:21:37,625 : INFO : EventManager : Event: ======'balldevice_bd_trough_ejecting_ball'====== Args={'balls': 1, 'target': <playfield.playfield>, 'source': <ball_device.bd_trough>, 'mechanical_eject': False, 'num_attempts': 1}
2021-03-18 20:21:37,625 : INFO : ball_device.bd_trough : Wait for ball to leave device
2021-03-18 20:21:37,626 : INFO : coil.c_trough_eject : Pulsing Driver for 10ms (1.0 pulse_power)
2021-03-18 20:21:39,754 : INFO : SwitchController : <<<<<<< 's_trough1' inactive >>>>>>>
2021-03-18 20:21:39,755 : INFO : ball_device.bd_trough : State: ball_left
2021-03-18 20:21:39,756 : INFO : ball_device.bd_trough : Ball left
2021-03-18 20:21:39,756 : INFO : ball_device.bd_trough : Wait for confirm with timeout 10.0
2021-03-18 20:21:40,443 : INFO : SwitchController : <<<<<<< 's_trough1' active >>>>>>>
2021-03-18 20:21:40,443 : INFO : EventManager : Event: ======'machine_var_audits_switches_s_trough1'====== Args={'value': 4, 'prev_value': 3, 'change': 1}
2021-03-18 20:21:49,757 : INFO : ball_device.bd_trough : State: failed_confirm
2021-03-18 20:21:49,757 : INFO : ball_device.bd_trough : Got timeout (10.0s) before confirm from <playfield.playfield>
2021-03-18 20:21:49,864 : INFO : ball_device.bd_trough : Got unknown balls. Assuming a ball returned.
2021-03-18 20:21:49,864 : INFO : EventManager : Event: ======'balldevice_bd_trough_ball_eject_failed'====== Args={'target': <playfield.playfield>, 'balls': 1, 'retry': True, 'num_attempts': 2}
2021-03-18 20:21:49,865 : INFO : ball_device.bd_trough : State: waiting_for_target_ready
2021-03-18 20:21:49,865 : INFO : EventManager : Event: ======'balldevice_bd_trough_ball_eject_attempt'====== Args={'balls': 1, 'target': <playfield.playfield>, 'source': <ball_device.bd_trough>, 'mechanical_eject': False, 'num_attempts': 2}
2021-03-18 20:21:49,865 : INFO : ball_device.bd_trough : State: ejecting
2021-03-18 20:21:49,865 : INFO : ball_device.bd_trough : Ejecting ball to <playfield.playfield>
2021-03-18 20:21:49,865 : INFO : EventManager : Event: ======'balldevice_bd_trough_ejecting_ball'====== Args={'balls': 1, 'target': <playfield.playfield>, 'source': <ball_device.bd_trough>, 'mechanical_eject': False, 'num_attempts': 2}
2021-03-18 20:21:49,866 : INFO : ball_device.bd_trough : Wait for ball to leave device
2021-03-18 20:21:49,866 : INFO : coil.c_trough_eject : Pulsing Driver for 10ms (1.0 pulse_power)
2021-03-18 20:21:52,210 : INFO : Machine : Shutting down...
2021-03-18 20:21:52,210 : INFO : EventManager : Event: ======'shutdown'====== Args={}
2021-03-18 20:21:52,215 : INFO : root : MPF run loop ended.
