2021-03-18 15:11:39,587 : kivy : Factory: 184 symbols loaded
2021-03-18 15:11:39,776 : kivy : ImageLoaderFFPy: Using ffpyplayer 4.3.1
2021-03-18 15:11:39,778 : kivy : Image: Providers: img_tex, img_dds, img_sdl2, img_pil, img_ffpyplayer, img_gif 
2021-03-18 15:11:39,845 : kivy : VideoGstplayer: Using Gstreamer 1.16.0.0
2021-03-18 15:11:39,846 : kivy : Video: Provider: gstplayer
2021-03-18 15:11:39,926 : kivy : Loading MPF-MC controller
2021-03-18 15:11:39,932 : YamlMultifileConfigLoader : Machine config file #1: config
2021-03-18 15:11:39,933 : ConfigProcessor : Config file in cache changed: C:\Users\Noah\work\Andy Cavatorta\pinball\notes\MPF\noahgame_02\config\config
2021-03-18 15:11:39,934 : ConfigProcessor : Loading config from file c:\users\noah\mpfenv\lib\site-packages\mpfmc\mcconfig.yaml.
2021-03-18 15:11:39,986 : ConfigProcessor : Loading config: c:\users\noah\mpfenv\lib\site-packages\mpfmc\mcconfig.yaml
2021-03-18 15:11:39,988 : ConfigProcessor : Loading config from file C:\Users\Noah\work\Andy Cavatorta\pinball\notes\MPF\noahgame_02\config\config.
2021-03-18 15:11:40,023 : ConfigProcessor : Loading config: C:\Users\Noah\work\Andy Cavatorta\pinball\notes\MPF\noahgame_02\config\config
2021-03-18 15:11:40,027 : ConfigProcessor : Config file cache created: C:\Users\Noah\AppData\Local\Temp\13e1228f6bf8ea03affe51e56cb3543a.mpf_cache
2021-03-18 15:11:40,030 : ConfigProcessor : Loading config from cache: C:\Users\Noah\AppData\Local\Temp\74774f186c18434d8d39d0d4b0a3afeb.mpf_cache
2021-03-18 15:11:40,031 : ConfigProcessor : Loading config from cache: C:\Users\Noah\AppData\Local\Temp\a7eac71e9da1e9cfd4db34c71351dbda.mpf_cache
2021-03-18 15:11:40,033 : mpfmc : Mission Pinball Framework Media Controller v0.54.0
2021-03-18 15:11:40,035 : mpfmc : Mission Pinball Framework Game Engine v0.54.6
2021-03-18 15:11:40,036 : mpfmc : Machine path: C:\Users\Noah\work\Andy Cavatorta\pinball\notes\MPF\noahgame_02
2021-03-18 15:11:40,037 : mpfmc : Starting clock at 60.0Hz
2021-03-18 15:11:40,078 : kivy : Text: Provider: sdl2
2021-03-18 15:11:40,133 : kivy : Window: Provider: sdl2
2021-03-18 15:11:40,291 : kivy : GL: Using the "OpenGL" graphics system
2021-03-18 15:11:40,292 : kivy : GL: GLEW initialization succeeded
2021-03-18 15:11:40,293 : kivy : GL: Backend used <glew>
2021-03-18 15:11:40,294 : kivy : GL: OpenGL version <b'4.4.0 - Build 20.19.15.4835'>
2021-03-18 15:11:40,295 : kivy : GL: OpenGL vendor <b'Intel'>
2021-03-18 15:11:40,297 : kivy : GL: OpenGL renderer <b'Intel(R) HD Graphics 5500'>
2021-03-18 15:11:40,298 : kivy : GL: OpenGL parsed version: 4, 4
2021-03-18 15:11:40,298 : kivy : GL: Shading version <b'4.40 - Build 20.19.15.4835'>
2021-03-18 15:11:40,299 : kivy : GL: Texture max size <16384>
2021-03-18 15:11:40,300 : kivy : GL: Texture max units <32>
2021-03-18 15:11:40,329 : kivy : Window: auto add sdl2 input provider
2021-03-18 15:11:40,331 : kivy : Window: virtual keyboard not allowed, single mode, not docked
2021-03-18 15:11:40,350 : SoundSystem : SoundSystem: Using default 'sound_system' settings
2021-03-18 15:11:40,821 : AudioInterface : Initialized
2021-03-18 15:11:40,821 : SoundSystem : No audio tracks are specified in your machine config file. a track named 'default' has been created.
2021-03-18 15:11:40,825 : kivy : Base: Start application main loop
2021-03-18 15:11:40,827 : EventManager : Event: ======'display_window_initialized'====== Args={}
2021-03-18 15:11:40,850 : mpfmc : Display: Setting 'window' as default display
2021-03-18 15:11:40,860 : EventManager : Event: ======'displays_initialized'====== Args={}
2021-03-18 15:11:40,862 : EventManager : Event: ======'slide_window_blank_created'====== Args={}
2021-03-18 15:11:40,863 : EventManager : Event: ======'display_window_ready'====== Args={}
2021-03-18 15:11:40,875 : EventManager : Event: ======'init_phase_1'====== Args={}
2021-03-18 15:11:40,879 : EventManager : Event: ======'mc_ready'====== Args={}
2021-03-18 15:11:40,880 : EventManager : Event: ======'init_phase_2'====== Args={}
2021-03-18 15:11:40,881 : EventManager : Event: ======'init_phase_3'====== Args={}
2021-03-18 15:11:40,882 : EventManager : Event: ======'init_phase_4'====== Args={}
2021-03-18 15:11:40,883 : EventManager : Event: ======'init_phase_5'====== Args={}
2021-03-18 15:11:40,883 : EventManager : Event: ======'init_done'====== Args={}
2021-03-18 15:11:40,884 : MPF-MC BCP Server : Starting up on localhost port 5050
2021-03-18 15:11:40,889 : MPF-MC BCP Server : Waiting for a connection...
2021-03-18 15:11:40,889 : mpfmc : SlidePlayer: Play called with settings={'slides': {welcome_slide-None-None: {'priority': None, 'target': None, 'background_color': [0.0, 0.0, 0.0, 1.0], 'show': True, 'force': False, 'expire': None, 'slide': None, 'tokens': {}, 'action': 'play', 'transition': None, 'transition_out': None}}}
2021-03-18 15:11:40,896 : kivy : GL: NPOT texture support is available
2021-03-18 15:11:40,899 : EventManager : Event: ======'slide_welcome_slide_created'====== Args={}
2021-03-18 15:11:40,902 : EventManager : Event: ======'slide_welcome_slide_active'====== Args={}
2021-03-18 15:11:40,911 : EventManager : Event: ======'client_disconnected'====== Args={'host': '127.0.0.1', 'port': 5050}
2021-03-18 15:11:41,716 : MPF-MC BCP Server : Received connection from: 127.0.0.1:55062
2021-03-18 15:11:41,719 : EventManager : Event: ======'client_connected'====== Args={'host': '127.0.0.1', 'port': 55062}
2021-03-18 15:11:41,744 : EventManager : Event: ======'machine_var_p_roc_version'====== Args={'value': 2, 'prev_value': None, 'change': True}
2021-03-18 15:11:41,744 : EventManager : Event: ======'machine_var_p_roc_revision'====== Args={'value': 6, 'prev_value': None, 'change': True}
2021-03-18 15:11:41,745 : EventManager : Event: ======'machine_var_p_roc_hardware_version'====== Args={'value': 1, 'prev_value': None, 'change': True}
2021-03-18 15:11:41,746 : EventManager : Event: ======'machine_var_credits_string'====== Args={'value': 'FREE PLAY', 'prev_value': None, 'change': True}
2021-03-18 15:11:41,748 : EventManager : Event: ======'machine_var_mpf_version'====== Args={'value': 'MPF v0.54.6', 'prev_value': None, 'change': True}
2021-03-18 15:11:41,749 : EventManager : Event: ======'machine_var_mpf_extended_version'====== Args={'value': 'MPF v0.54.6, Config version:5, Show version: 5, BCP version:1.1', 'prev_value': None, 'change': True}
2021-03-18 15:11:41,750 : EventManager : Event: ======'machine_var_python_version'====== Args={'value': '3.7.9', 'prev_value': None, 'change': True}
2021-03-18 15:11:41,750 : EventManager : Event: ======'machine_var_platform'====== Args={'value': 'Windows-10-10.0.19041-SP0', 'prev_value': None, 'change': True}
2021-03-18 15:11:41,751 : EventManager : Event: ======'machine_var_platform_system'====== Args={'value': 'Windows', 'prev_value': None, 'change': True}
2021-03-18 15:11:41,751 : EventManager : Event: ======'machine_var_platform_release'====== Args={'value': '10', 'prev_value': None, 'change': True}
2021-03-18 15:11:41,752 : EventManager : Event: ======'machine_var_platform_version'====== Args={'value': '10.0.19041', 'prev_value': None, 'change': True}
2021-03-18 15:11:41,753 : EventManager : Event: ======'machine_var_platform_machine'====== Args={'value': 'AMD64', 'prev_value': None, 'change': True}
2021-03-18 15:11:41,753 : EventManager : Event: ======'machine_var_mc_version'====== Args={'value': 'MPF-MC v0.54.0', 'prev_value': None, 'change': True}
2021-03-18 15:11:41,754 : EventManager : Event: ======'machine_var_mc_extended_version'====== Args={'value': 'MPF-MC v0.54.0 (config_version=5, BCP v1.1, Requires MPF v0.54.0)', 'prev_value': None, 'change': True}
2021-03-18 15:11:41,754 : EventManager : Event: ======'machine_var_master_volume'====== Args={'value': 0.5, 'prev_value': None, 'change': True}
2021-03-18 15:11:41,755 : EventManager : Event: ======'machine_var_audits_switches_s_left_flipper'====== Args={'value': 0, 'prev_value': None, 'change': True}
2021-03-18 15:11:41,756 : EventManager : Event: ======'machine_var_audits_switches_s_right_flipper'====== Args={'value': 0, 'prev_value': None, 'change': True}
2021-03-18 15:11:41,757 : EventManager : Event: ======'machine_var_audits_switches_s_left_slingshot'====== Args={'value': 0, 'prev_value': None, 'change': True}
2021-03-18 15:11:41,759 : EventManager : Event: ======'machine_var_audits_switches_s_right_slingshot'====== Args={'value': 0, 'prev_value': None, 'change': True}
2021-03-18 15:11:41,760 : EventManager : Event: ======'machine_var_audits_switches_s_drop_target'====== Args={'value': 0, 'prev_value': None, 'change': True}
2021-03-18 15:11:41,761 : EventManager : Event: ======'slides_play'====== Args={'settings': {'welcome_slide': {'target': None, 'background_color': [0.0, 0.0, 0.0, 1.0], 'priority': None, 'show': True, 'force': False, 'expire': None, 'slide': None, 'tokens': {}, 'action': 'play'}}, 'context': '_global', 'calling_context': 'init_done', 'priority': 0}
2021-03-18 15:11:41,762 : EventManager : Event: ======'mc_reset_phase_1'====== Args={}
2021-03-18 15:11:41,762 : mpfmc : SlidePlayer: Play called with settings={'welcome_slide': {'target': None, 'background_color': [0.0, 0.0, 0.0, 1.0], 'priority': None, 'show': True, 'force': False, 'expire': None, 'slide': None, 'tokens': {}, 'action': 'play'}}
2021-03-18 15:11:41,764 : EventManager : Event: ======'slide_welcome_slide_removed'====== Args={}
2021-03-18 15:11:41,768 : EventManager : Event: ======'slide_welcome_slide_created'====== Args={}
2021-03-18 15:11:41,770 : EventManager : Event: ======'mc_reset_phase_2'====== Args={}
2021-03-18 15:11:41,771 : EventManager : Event: ======'mc_reset_phase_3'====== Args={}
2021-03-18 15:11:41,771 : EventManager : Event: ======'mc_reset_complete'====== Args={}
2021-03-18 15:11:41,773 : EventManager : Event: ======'slide_welcome_slide_active'====== Args={}
2021-03-18 15:11:41,798 : EventManager : Event: ======'slides_play'====== Args={'settings': {'attract_started': {'target': None, 'background_color': [0.0, 0.0, 0.0, 1.0], 'priority': None, 'show': True, 'force': False, 'expire': None, 'slide': None, 'tokens': {}, 'action': 'play'}}, 'context': '_global', 'calling_context': 'mode_attract_started', 'priority': 0}
2021-03-18 15:11:41,798 : mpfmc : SlidePlayer: Play called with settings={'attract_started': {'target': None, 'background_color': [0.0, 0.0, 0.0, 1.0], 'priority': None, 'show': True, 'force': False, 'expire': None, 'slide': None, 'tokens': {}, 'action': 'play'}}
2021-03-18 15:11:41,803 : EventManager : Event: ======'slide_attract_started_created'====== Args={}
2021-03-18 15:11:41,806 : EventManager : Event: ======'slide_attract_started_active'====== Args={}
2021-03-18 15:11:50,313 : kivy : Base: Leaving application in progress...
2021-03-18 15:11:50,510 : kivy : WindowSDL: exiting mainloop and closing.
2021-03-18 15:11:50,532 : mpfmc : Stopping...
2021-03-18 15:11:50,533 : EventManager : Event: ======'shutdown'====== Args={}
2021-03-18 15:11:50,535 : mpfmc : Loop rate 76.51 Hz
2021-03-18 15:11:50,536 : kivy : MC run loop ended.
2021-03-18 15:11:50,537 : kivy : Stopping child threads... (3 remaining)
2021-03-18 15:11:50,792 : mpfmc : Stopping...
2021-03-18 15:11:50,794 : EventManager : Event: ======'shutdown'====== Args={}
2021-03-18 15:11:50,798 : mpfmc : Loop rate 74.5 Hz
2021-03-18 15:11:50,811 : MPF-MC BCP Server : Stopping BCP sending thread
2021-03-18 15:11:50,839 : kivy : All child threads stopped.
