2021-03-18 17:23:13,269 : kivy : Factory: 184 symbols loaded
2021-03-18 17:23:13,510 : kivy : ImageLoaderFFPy: Using ffpyplayer 4.3.1
2021-03-18 17:23:13,511 : kivy : Image: Providers: img_tex, img_dds, img_sdl2, img_pil, img_ffpyplayer, img_gif 
2021-03-18 17:23:13,577 : kivy : VideoGstplayer: Using Gstreamer 1.16.0.0
2021-03-18 17:23:13,578 : kivy : Video: Provider: gstplayer
2021-03-18 17:23:13,660 : kivy : Loading MPF-MC controller
2021-03-18 17:23:13,665 : YamlMultifileConfigLoader : Machine config file #1: config
2021-03-18 17:23:13,666 : ConfigProcessor : Config file in cache changed: C:\Users\Noah\work\Andy Cavatorta\pinball\notes\MPF\noahgame_02\config\config
2021-03-18 17:23:13,667 : ConfigProcessor : Loading config from file c:\users\noah\mpfenv\lib\site-packages\mpfmc\mcconfig.yaml.
2021-03-18 17:23:13,726 : ConfigProcessor : Loading config: c:\users\noah\mpfenv\lib\site-packages\mpfmc\mcconfig.yaml
2021-03-18 17:23:13,727 : ConfigProcessor : Loading config from file C:\Users\Noah\work\Andy Cavatorta\pinball\notes\MPF\noahgame_02\config\config.
2021-03-18 17:23:13,765 : ConfigProcessor : Loading config: C:\Users\Noah\work\Andy Cavatorta\pinball\notes\MPF\noahgame_02\config\config
2021-03-18 17:23:13,767 : ConfigProcessor : Config file cache created: C:\Users\Noah\AppData\Local\Temp\13e1228f6bf8ea03affe51e56cb3543a.mpf_cache
2021-03-18 17:23:13,774 : ConfigProcessor : Loading config from cache: C:\Users\Noah\AppData\Local\Temp\74774f186c18434d8d39d0d4b0a3afeb.mpf_cache
2021-03-18 17:23:13,776 : ConfigProcessor : Loading config from cache: C:\Users\Noah\AppData\Local\Temp\a7eac71e9da1e9cfd4db34c71351dbda.mpf_cache
2021-03-18 17:23:13,777 : mpfmc : Mission Pinball Framework Media Controller v0.54.0
2021-03-18 17:23:13,778 : mpfmc : Mission Pinball Framework Game Engine v0.54.6
2021-03-18 17:23:13,778 : mpfmc : Machine path: C:\Users\Noah\work\Andy Cavatorta\pinball\notes\MPF\noahgame_02
2021-03-18 17:23:13,778 : mpfmc : Starting clock at 60.0Hz
2021-03-18 17:23:13,819 : kivy : Text: Provider: sdl2
2021-03-18 17:23:13,874 : kivy : Window: Provider: sdl2
2021-03-18 17:23:14,035 : kivy : GL: Using the "OpenGL" graphics system
2021-03-18 17:23:14,041 : kivy : GL: GLEW initialization succeeded
2021-03-18 17:23:14,042 : kivy : GL: Backend used <glew>
2021-03-18 17:23:14,042 : kivy : GL: OpenGL version <b'4.4.0 - Build 20.19.15.4835'>
2021-03-18 17:23:14,043 : kivy : GL: OpenGL vendor <b'Intel'>
2021-03-18 17:23:14,043 : kivy : GL: OpenGL renderer <b'Intel(R) HD Graphics 5500'>
2021-03-18 17:23:14,043 : kivy : GL: OpenGL parsed version: 4, 4
2021-03-18 17:23:14,043 : kivy : GL: Shading version <b'4.40 - Build 20.19.15.4835'>
2021-03-18 17:23:14,044 : kivy : GL: Texture max size <16384>
2021-03-18 17:23:14,044 : kivy : GL: Texture max units <32>
2021-03-18 17:23:14,069 : kivy : Window: auto add sdl2 input provider
2021-03-18 17:23:14,071 : kivy : Window: virtual keyboard not allowed, single mode, not docked
2021-03-18 17:23:14,084 : SoundSystem : SoundSystem: Using default 'sound_system' settings
2021-03-18 17:23:14,525 : AudioInterface : Initialized
2021-03-18 17:23:14,525 : SoundSystem : No audio tracks are specified in your machine config file. a track named 'default' has been created.
2021-03-18 17:23:14,528 : kivy : Base: Start application main loop
2021-03-18 17:23:14,529 : EventManager : Event: ======'display_window_initialized'====== Args={}
2021-03-18 17:23:14,549 : mpfmc : Display: Setting 'window' as default display
2021-03-18 17:23:14,561 : EventManager : Event: ======'displays_initialized'====== Args={}
2021-03-18 17:23:14,562 : EventManager : Event: ======'slide_window_blank_created'====== Args={}
2021-03-18 17:23:14,562 : EventManager : Event: ======'display_window_ready'====== Args={}
2021-03-18 17:23:14,578 : EventManager : Event: ======'init_phase_1'====== Args={}
2021-03-18 17:23:14,584 : EventManager : Event: ======'mc_ready'====== Args={}
2021-03-18 17:23:14,584 : EventManager : Event: ======'init_phase_2'====== Args={}
2021-03-18 17:23:14,588 : EventManager : Event: ======'init_phase_3'====== Args={}
2021-03-18 17:23:14,590 : EventManager : Event: ======'init_phase_4'====== Args={}
2021-03-18 17:23:14,590 : EventManager : Event: ======'init_phase_5'====== Args={}
2021-03-18 17:23:14,590 : EventManager : Event: ======'init_done'====== Args={}
2021-03-18 17:23:14,591 : MPF-MC BCP Server : Starting up on localhost port 5050
2021-03-18 17:23:14,595 : MPF-MC BCP Server : Waiting for a connection...
2021-03-18 17:23:14,596 : mpfmc : SlidePlayer: Play called with settings={'slides': {welcome_slide-None-None: {'priority': None, 'target': None, 'background_color': [0.0, 0.0, 0.0, 1.0], 'show': True, 'force': False, 'expire': None, 'slide': None, 'tokens': {}, 'action': 'play', 'transition': None, 'transition_out': None}}}
2021-03-18 17:23:14,604 : kivy : GL: NPOT texture support is available
2021-03-18 17:23:14,606 : EventManager : Event: ======'slide_welcome_slide_created'====== Args={}
2021-03-18 17:23:14,611 : EventManager : Event: ======'slide_welcome_slide_active'====== Args={}
2021-03-18 17:23:14,623 : EventManager : Event: ======'client_disconnected'====== Args={'host': '127.0.0.1', 'port': 5050}
2021-03-18 17:23:15,473 : MPF-MC BCP Server : Received connection from: 127.0.0.1:62735
2021-03-18 17:23:15,477 : EventManager : Event: ======'client_connected'====== Args={'host': '127.0.0.1', 'port': 62735}
2021-03-18 17:23:15,489 : EventManager : Event: ======'machine_var_p_roc_version'====== Args={'value': 2, 'prev_value': None, 'change': True}
2021-03-18 17:23:15,489 : EventManager : Event: ======'machine_var_p_roc_revision'====== Args={'value': 6, 'prev_value': None, 'change': True}
2021-03-18 17:23:15,489 : EventManager : Event: ======'machine_var_p_roc_hardware_version'====== Args={'value': 1, 'prev_value': None, 'change': True}
2021-03-18 17:23:15,490 : EventManager : Event: ======'machine_var_credits_string'====== Args={'value': 'FREE PLAY', 'prev_value': None, 'change': True}
2021-03-18 17:23:15,490 : EventManager : Event: ======'machine_var_mpf_version'====== Args={'value': 'MPF v0.54.6', 'prev_value': None, 'change': True}
2021-03-18 17:23:15,490 : EventManager : Event: ======'machine_var_mpf_extended_version'====== Args={'value': 'MPF v0.54.6, Config version:5, Show version: 5, BCP version:1.1', 'prev_value': None, 'change': True}
2021-03-18 17:23:15,491 : EventManager : Event: ======'machine_var_python_version'====== Args={'value': '3.7.9', 'prev_value': None, 'change': True}
2021-03-18 17:23:15,491 : EventManager : Event: ======'machine_var_platform'====== Args={'value': 'Windows-10-10.0.19041-SP0', 'prev_value': None, 'change': True}
2021-03-18 17:23:15,491 : EventManager : Event: ======'machine_var_platform_system'====== Args={'value': 'Windows', 'prev_value': None, 'change': True}
2021-03-18 17:23:15,491 : EventManager : Event: ======'machine_var_platform_release'====== Args={'value': '10', 'prev_value': None, 'change': True}
2021-03-18 17:23:15,491 : EventManager : Event: ======'machine_var_platform_version'====== Args={'value': '10.0.19041', 'prev_value': None, 'change': True}
2021-03-18 17:23:15,492 : EventManager : Event: ======'machine_var_platform_machine'====== Args={'value': 'AMD64', 'prev_value': None, 'change': True}
2021-03-18 17:23:15,492 : EventManager : Event: ======'machine_var_mc_version'====== Args={'value': 'MPF-MC v0.54.0', 'prev_value': None, 'change': True}
2021-03-18 17:23:15,492 : EventManager : Event: ======'machine_var_mc_extended_version'====== Args={'value': 'MPF-MC v0.54.0 (config_version=5, BCP v1.1, Requires MPF v0.54.0)', 'prev_value': None, 'change': True}
2021-03-18 17:23:15,502 : EventManager : Event: ======'machine_var_master_volume'====== Args={'value': 0.5, 'prev_value': None, 'change': True}
2021-03-18 17:23:15,502 : EventManager : Event: ======'machine_var_audits_switches_s_start'====== Args={'value': 0, 'prev_value': None, 'change': True}
2021-03-18 17:23:15,503 : EventManager : Event: ======'machine_var_audits_switches_s_right_inlane'====== Args={'value': 0, 'prev_value': None, 'change': True}
2021-03-18 17:23:15,503 : EventManager : Event: ======'machine_var_audits_switches_s_left_flipper'====== Args={'value': 0, 'prev_value': None, 'change': True}
2021-03-18 17:23:15,506 : EventManager : Event: ======'machine_var_audits_switches_s_right_flipper'====== Args={'value': 0, 'prev_value': None, 'change': True}
2021-03-18 17:23:15,506 : EventManager : Event: ======'machine_var_audits_switches_s_left_slingshot'====== Args={'value': 0, 'prev_value': None, 'change': True}
2021-03-18 17:23:15,507 : EventManager : Event: ======'machine_var_audits_switches_s_right_slingshot'====== Args={'value': 0, 'prev_value': None, 'change': True}
2021-03-18 17:23:15,507 : EventManager : Event: ======'machine_var_audits_switches_s_drop_target'====== Args={'value': 0, 'prev_value': None, 'change': True}
2021-03-18 17:23:15,507 : EventManager : Event: ======'slides_play'====== Args={'settings': {'welcome_slide': {'target': None, 'background_color': [0.0, 0.0, 0.0, 1.0], 'priority': None, 'show': True, 'force': False, 'expire': None, 'slide': None, 'tokens': {}, 'action': 'play'}}, 'context': '_global', 'calling_context': 'init_done', 'priority': 0}
2021-03-18 17:23:15,508 : EventManager : Event: ======'mc_reset_phase_1'====== Args={}
2021-03-18 17:23:15,508 : mpfmc : SlidePlayer: Play called with settings={'welcome_slide': {'target': None, 'background_color': [0.0, 0.0, 0.0, 1.0], 'priority': None, 'show': True, 'force': False, 'expire': None, 'slide': None, 'tokens': {}, 'action': 'play'}}
2021-03-18 17:23:15,509 : EventManager : Event: ======'slide_welcome_slide_removed'====== Args={}
2021-03-18 17:23:15,513 : EventManager : Event: ======'slide_welcome_slide_created'====== Args={}
2021-03-18 17:23:15,513 : EventManager : Event: ======'mc_reset_phase_2'====== Args={}
2021-03-18 17:23:15,514 : EventManager : Event: ======'mc_reset_phase_3'====== Args={}
2021-03-18 17:23:15,514 : EventManager : Event: ======'mc_reset_complete'====== Args={}
2021-03-18 17:23:15,515 : EventManager : Event: ======'slide_welcome_slide_active'====== Args={}
2021-03-18 17:23:15,538 : EventManager : Event: ======'slides_play'====== Args={'settings': {'attract_started': {'target': None, 'background_color': [0.0, 0.0, 0.0, 1.0], 'priority': None, 'show': True, 'force': False, 'expire': None, 'slide': None, 'tokens': {}, 'action': 'play'}}, 'context': '_global', 'calling_context': 'mode_attract_started', 'priority': 0}
2021-03-18 17:23:15,538 : mpfmc : SlidePlayer: Play called with settings={'attract_started': {'target': None, 'background_color': [0.0, 0.0, 0.0, 1.0], 'priority': None, 'show': True, 'force': False, 'expire': None, 'slide': None, 'tokens': {}, 'action': 'play'}}
2021-03-18 17:23:15,543 : EventManager : Event: ======'slide_attract_started_created'====== Args={}
2021-03-18 17:23:15,544 : EventManager : Event: ======'slide_attract_started_active'====== Args={}
2021-03-18 17:23:38,207 : kivy : Base: Leaving application in progress...
2021-03-18 17:23:38,412 : kivy : WindowSDL: exiting mainloop and closing.
2021-03-18 17:23:38,428 : mpfmc : Stopping...
2021-03-18 17:23:38,428 : EventManager : Event: ======'shutdown'====== Args={}
2021-03-18 17:23:38,429 : mpfmc : Loop rate 77.95 Hz
2021-03-18 17:23:38,429 : kivy : MC run loop ended.
2021-03-18 17:23:38,430 : kivy : Stopping child threads... (3 remaining)
2021-03-18 17:23:38,543 : mpfmc : Stopping...
2021-03-18 17:23:38,544 : EventManager : Event: ======'shutdown'====== Args={}
2021-03-18 17:23:38,544 : mpfmc : Loop rate 77.58 Hz
2021-03-18 17:23:38,558 : MPF-MC BCP Server : Stopping BCP sending thread
2021-03-18 17:23:38,632 : kivy : All child threads stopped.
