2021-03-17 17:56:48,622 : kivy : Factory: 184 symbols loaded
2021-03-17 17:56:49,040 : kivy : ImageLoaderFFPy: Using ffpyplayer 4.3.1
2021-03-17 17:56:49,042 : kivy : Image: Providers: img_tex, img_dds, img_sdl2, img_pil, img_ffpyplayer, img_gif 
2021-03-17 17:56:49,137 : kivy : VideoGstplayer: Using Gstreamer 1.16.0.0
2021-03-17 17:56:49,138 : kivy : Video: Provider: gstplayer
2021-03-17 17:56:49,256 : kivy : Loading MPF-MC controller
2021-03-17 17:56:49,264 : YamlMultifileConfigLoader : Machine config file #1: config
2021-03-17 17:56:49,265 : ConfigProcessor : Config file in cache changed: C:\Users\Noah\work\Andy Cavatorta\thirtybirds_2_0\MPF\noahgame_02\config\config
2021-03-17 17:56:49,273 : ConfigProcessor : Loading config from file c:\users\noah\mpfenv\lib\site-packages\mpfmc\mcconfig.yaml.
2021-03-17 17:56:49,347 : ConfigProcessor : Loading config: c:\users\noah\mpfenv\lib\site-packages\mpfmc\mcconfig.yaml
2021-03-17 17:56:49,348 : ConfigProcessor : Loading config from file C:\Users\Noah\work\Andy Cavatorta\thirtybirds_2_0\MPF\noahgame_02\config\config.
2021-03-17 17:56:49,365 : ConfigProcessor : Loading config: C:\Users\Noah\work\Andy Cavatorta\thirtybirds_2_0\MPF\noahgame_02\config\config
2021-03-17 17:56:49,369 : ConfigProcessor : Config file cache created: C:\Users\Noah\AppData\Local\Temp\7d9abdebdf139223dac953a17fe732d8.mpf_cache
2021-03-17 17:56:49,373 : ConfigProcessor : Loading config from cache: C:\Users\Noah\AppData\Local\Temp\74774f186c18434d8d39d0d4b0a3afeb.mpf_cache
2021-03-17 17:56:49,375 : ConfigProcessor : Loading config from cache: C:\Users\Noah\AppData\Local\Temp\a7eac71e9da1e9cfd4db34c71351dbda.mpf_cache
2021-03-17 17:56:49,375 : mpfmc : Mission Pinball Framework Media Controller v0.54.0
2021-03-17 17:56:49,376 : mpfmc : Mission Pinball Framework Game Engine v0.54.6
2021-03-17 17:56:49,377 : mpfmc : Machine path: C:\Users\Noah\work\Andy Cavatorta\thirtybirds_2_0\MPF\noahgame_02
2021-03-17 17:56:49,378 : mpfmc : Starting clock at 60.0Hz
2021-03-17 17:56:49,421 : kivy : Text: Provider: sdl2
2021-03-17 17:56:49,509 : kivy : Window: Provider: sdl2
2021-03-17 17:56:49,713 : kivy : GL: Using the "OpenGL" graphics system
2021-03-17 17:56:49,717 : kivy : GL: GLEW initialization succeeded
2021-03-17 17:56:49,718 : kivy : GL: Backend used <glew>
2021-03-17 17:56:49,719 : kivy : GL: OpenGL version <b'4.4.0 - Build 20.19.15.4835'>
2021-03-17 17:56:49,721 : kivy : GL: OpenGL vendor <b'Intel'>
2021-03-17 17:56:49,722 : kivy : GL: OpenGL renderer <b'Intel(R) HD Graphics 5500'>
2021-03-17 17:56:49,723 : kivy : GL: OpenGL parsed version: 4, 4
2021-03-17 17:56:49,724 : kivy : GL: Shading version <b'4.40 - Build 20.19.15.4835'>
2021-03-17 17:56:49,725 : kivy : GL: Texture max size <16384>
2021-03-17 17:56:49,727 : kivy : GL: Texture max units <32>
2021-03-17 17:56:49,767 : kivy : Window: auto add sdl2 input provider
2021-03-17 17:56:49,770 : kivy : Window: virtual keyboard not allowed, single mode, not docked
2021-03-17 17:56:49,793 : SoundSystem : SoundSystem: Using default 'sound_system' settings
2021-03-17 17:56:50,410 : AudioInterface : Initialized
2021-03-17 17:56:50,410 : SoundSystem : No audio tracks are specified in your machine config file. a track named 'default' has been created.
2021-03-17 17:56:50,419 : kivy : Base: Start application main loop
2021-03-17 17:56:50,421 : EventManager : Event: ======'display_default_initialized'====== Args={}
2021-03-17 17:56:50,447 : mpfmc : Display: Setting 'default' as default display
2021-03-17 17:56:50,464 : EventManager : Event: ======'displays_initialized'====== Args={}
2021-03-17 17:56:50,466 : EventManager : Event: ======'slide_default_blank_created'====== Args={}
2021-03-17 17:56:50,468 : EventManager : Event: ======'display_default_ready'====== Args={}
2021-03-17 17:56:50,487 : EventManager : Event: ======'init_phase_1'====== Args={}
2021-03-17 17:56:50,494 : EventManager : Event: ======'mc_ready'====== Args={}
2021-03-17 17:56:50,495 : EventManager : Event: ======'init_phase_2'====== Args={}
2021-03-17 17:56:50,497 : EventManager : Event: ======'init_phase_3'====== Args={}
2021-03-17 17:56:50,499 : EventManager : Event: ======'init_phase_4'====== Args={}
2021-03-17 17:56:50,499 : EventManager : Event: ======'init_phase_5'====== Args={}
2021-03-17 17:56:50,502 : EventManager : Event: ======'init_done'====== Args={}
2021-03-17 17:56:50,503 : MPF-MC BCP Server : Starting up on localhost port 5050
2021-03-17 17:56:50,510 : MPF-MC BCP Server : Waiting for a connection...
2021-03-17 17:56:50,526 : EventManager : Event: ======'client_disconnected'====== Args={'host': '127.0.0.1', 'port': 5050}
2021-03-17 17:56:51,044 : MPF-MC BCP Server : Received connection from: 127.0.0.1:65056
2021-03-17 17:56:51,052 : EventManager : Event: ======'client_connected'====== Args={'host': '127.0.0.1', 'port': 65056}
2021-03-17 17:56:51,077 : EventManager : Event: ======'machine_var_p_roc_version'====== Args={'value': 2, 'prev_value': None, 'change': True}
2021-03-17 17:56:51,078 : EventManager : Event: ======'machine_var_p_roc_revision'====== Args={'value': 6, 'prev_value': None, 'change': True}
2021-03-17 17:56:51,079 : EventManager : Event: ======'machine_var_p_roc_hardware_version'====== Args={'value': 1, 'prev_value': None, 'change': True}
2021-03-17 17:56:51,080 : EventManager : Event: ======'machine_var_credits_string'====== Args={'value': 'FREE PLAY', 'prev_value': None, 'change': True}
2021-03-17 17:56:51,082 : EventManager : Event: ======'machine_var_mpf_version'====== Args={'value': 'MPF v0.54.6', 'prev_value': None, 'change': True}
2021-03-17 17:56:51,086 : EventManager : Event: ======'machine_var_mpf_extended_version'====== Args={'value': 'MPF v0.54.6, Config version:5, Show version: 5, BCP version:1.1', 'prev_value': None, 'change': True}
2021-03-17 17:56:51,087 : EventManager : Event: ======'machine_var_python_version'====== Args={'value': '3.7.9', 'prev_value': None, 'change': True}
2021-03-17 17:56:51,088 : EventManager : Event: ======'machine_var_platform'====== Args={'value': 'Windows-10-10.0.19041-SP0', 'prev_value': None, 'change': True}
2021-03-17 17:56:51,088 : EventManager : Event: ======'machine_var_platform_system'====== Args={'value': 'Windows', 'prev_value': None, 'change': True}
2021-03-17 17:56:51,089 : EventManager : Event: ======'machine_var_platform_release'====== Args={'value': '10', 'prev_value': None, 'change': True}
2021-03-17 17:56:51,090 : EventManager : Event: ======'machine_var_platform_version'====== Args={'value': '10.0.19041', 'prev_value': None, 'change': True}
2021-03-17 17:56:51,091 : EventManager : Event: ======'machine_var_platform_machine'====== Args={'value': 'AMD64', 'prev_value': None, 'change': True}
2021-03-17 17:56:51,092 : EventManager : Event: ======'machine_var_mc_version'====== Args={'value': 'MPF-MC v0.54.0', 'prev_value': None, 'change': True}
2021-03-17 17:56:51,096 : EventManager : Event: ======'machine_var_mc_extended_version'====== Args={'value': 'MPF-MC v0.54.0 (config_version=5, BCP v1.1, Requires MPF v0.54.0)', 'prev_value': None, 'change': True}
2021-03-17 17:56:51,097 : EventManager : Event: ======'machine_var_master_volume'====== Args={'value': 0.5, 'prev_value': None, 'change': True}
2021-03-17 17:56:51,097 : EventManager : Event: ======'machine_var_audits_switches_s_left_slingshot'====== Args={'value': 0, 'prev_value': None, 'change': True}
2021-03-17 17:56:51,098 : EventManager : Event: ======'machine_var_audits_switches_s_right_slignshot'====== Args={'value': 0, 'prev_value': None, 'change': True}
2021-03-17 17:56:51,099 : EventManager : Event: ======'machine_var_audits_switches_s_left_flipper'====== Args={'value': 0, 'prev_value': None, 'change': True}
2021-03-17 17:56:51,103 : EventManager : Event: ======'machine_var_audits_switches_s_right_flipper'====== Args={'value': 0, 'prev_value': None, 'change': True}
2021-03-17 17:56:51,103 : EventManager : Event: ======'mc_reset_phase_1'====== Args={}
2021-03-17 17:56:51,105 : EventManager : Event: ======'mc_reset_phase_2'====== Args={}
2021-03-17 17:56:51,107 : EventManager : Event: ======'mc_reset_phase_3'====== Args={}
2021-03-17 17:56:51,107 : EventManager : Event: ======'mc_reset_complete'====== Args={}
2021-03-17 17:59:38,710 : mpfmc : Stopping...
2021-03-17 17:59:38,745 : EventManager : Event: ======'shutdown'====== Args={}
2021-03-17 17:59:38,913 : mpfmc : Loop rate 78.81 Hz
2021-03-17 17:59:38,914 : kivy : Base: Leaving application in progress...
2021-03-17 17:59:39,199 : MPF-MC BCP Server : Stopping BCP sending thread
2021-03-17 17:59:39,209 : kivy : WindowSDL: exiting mainloop and closing.
2021-03-17 17:59:39,342 : mpfmc : Stopping...
2021-03-17 17:59:39,345 : EventManager : Event: ======'shutdown'====== Args={}
2021-03-17 17:59:39,348 : mpfmc : Loop rate 78.62 Hz
2021-03-17 17:59:39,348 : kivy : MC run loop ended.
2021-03-17 17:59:39,349 : kivy : Stopping child threads... (1 remaining)
2021-03-17 17:59:39,556 : kivy : All child threads stopped.
