2021-03-18 21:23:16,663 : INFO : root : Loading config.
2021-03-18 21:23:16,670 : INFO : YamlMultifileConfigLoader : Machine config file #1: config.yaml
2021-03-18 21:23:16,672 : INFO : ConfigProcessor : Loading config from cache: C:\Users\Noah\AppData\Local\Temp\d1f6a309ab2e3c3e66b0fef93f7a960f.mpf_cache
2021-03-18 21:23:16,808 : INFO : ConfigProcessor : Loading config from cache: C:\Users\Noah\AppData\Local\Temp\98acf0898e619a6798c45a0e5cbb339b.mpf_cache
2021-03-18 21:23:16,810 : INFO : ConfigProcessor : Loading config from cache: C:\Users\Noah\AppData\Local\Temp\a7eac71e9da1e9cfd4db34c71351dbda.mpf_cache
2021-03-18 21:23:16,810 : INFO : ConfigProcessor : Loading config from cache: C:\Users\Noah\AppData\Local\Temp\c6adbc38c235400b65ae43d7099eba05.mpf_cache
2021-03-18 21:23:16,813 : INFO : ConfigProcessor : Loading config from cache: C:\Users\Noah\AppData\Local\Temp\9689abd61e57da3f8bc074c7a88f2b77.mpf_cache
2021-03-18 21:23:16,816 : INFO : ConfigProcessor : Loading config from cache: C:\Users\Noah\AppData\Local\Temp\06881332f8a9c1e11264544d2c255f98.mpf_cache
2021-03-18 21:23:16,828 : INFO : Machine : Mission Pinball Framework Core Engine v0.54.6
2021-03-18 21:23:16,828 : INFO : Machine : Command line arguments: {'no_load_cache': False, 'create_config_cache': True, 'bcp': True, 'configfile': ['config.yaml'], 'force_assets_load': False, 'jsonlogging': False, 'logfile': 'logs\\2021-03-18-21-23-16-mpf-DESKTOP-VL0THH1.log', 'pause': False, 'production': False, 'text_ui': False, 'loglevel': 15, 'consoleloglevel': 20, 'force_platform': None, 'syslog_address': None, 'mc_file_name': None, 'no_sound': False}
2021-03-18 21:23:16,828 : INFO : Machine : MPF path: c:\users\noah\mpfenv\lib\site-packages\mpf
2021-03-18 21:23:16,828 : INFO : Machine : Machine path: C:\Users\Noah\work\Andy Cavatorta\pinball\notes\MPF\noahgame_02
2021-03-18 21:23:16,828 : INFO : Machine : Platform: win32
2021-03-18 21:23:16,828 : INFO : Machine : Python executable location: c:\users\noah\mpfenv\scripts\python.exe
2021-03-18 21:23:16,828 : INFO : Machine : Python version: 3.7.9 (64-bit)
2021-03-18 21:23:16,835 : INFO : Machine : Initialise MPF.
2021-03-18 21:23:16,967 : INFO : P-Roc : Connecting to P-ROC
2021-03-18 21:23:17,176 : INFO : P-Roc : Successfully connected to P-ROC/P3-ROC. Firmware Version: 2. Firmware Revision: 6. Hardware Board ID: 1
2021-03-18 21:23:17,176 : WARNING : P-Roc : Consider upgrading the firmware of your P/P3-Roc to at least 2.14. Your version contains known bugs.
2021-03-18 21:23:17,254 : INFO : EventManager : Event: ======'machine_var_p_roc_version'====== Args={'value': 2, 'prev_value': None, 'change': True}
2021-03-18 21:23:17,255 : INFO : EventManager : Event: ======'machine_var_p_roc_revision'====== Args={'value': 6, 'prev_value': None, 'change': True}
2021-03-18 21:23:17,255 : INFO : EventManager : Event: ======'machine_var_p_roc_hardware_version'====== Args={'value': 1, 'prev_value': None, 'change': True}
2021-03-18 21:23:17,255 : INFO : EventManager : Event: ======'machine_var_credits_string'====== Args={'value': 'FREE PLAY', 'prev_value': None, 'change': True}
2021-03-18 21:23:17,349 : INFO : EventManager : Event: ======'machine_var_mpf_version'====== Args={'value': 'MPF v0.54.6', 'prev_value': None, 'change': True}
2021-03-18 21:23:17,349 : INFO : EventManager : Event: ======'machine_var_mpf_extended_version'====== Args={'value': 'MPF v0.54.6, Config version:5, Show version: 5, BCP version:1.1', 'prev_value': None, 'change': True}
2021-03-18 21:23:17,349 : INFO : EventManager : Event: ======'machine_var_python_version'====== Args={'value': '3.7.9', 'prev_value': None, 'change': True}
2021-03-18 21:23:17,351 : INFO : EventManager : Event: ======'machine_var_platform'====== Args={'value': 'Windows-10-10.0.19041-SP0', 'prev_value': None, 'change': True}
2021-03-18 21:23:17,351 : INFO : EventManager : Event: ======'machine_var_platform_system'====== Args={'value': 'Windows', 'prev_value': None, 'change': True}
2021-03-18 21:23:17,351 : INFO : EventManager : Event: ======'machine_var_platform_release'====== Args={'value': '10', 'prev_value': None, 'change': True}
2021-03-18 21:23:17,351 : INFO : EventManager : Event: ======'machine_var_platform_version'====== Args={'value': '10.0.19041', 'prev_value': None, 'change': True}
2021-03-18 21:23:17,351 : INFO : EventManager : Event: ======'machine_var_platform_machine'====== Args={'value': 'AMD64', 'prev_value': None, 'change': True}
2021-03-18 21:23:17,351 : INFO : EventManager : Event: ======'init_phase_1'====== Args={}
2021-03-18 21:23:17,393 : INFO : EventManager : Event: ======'drop_target_bank_noah_up'====== Args={}
2021-03-18 21:23:17,393 : INFO : EventManager : Event: ======'init_phase_2'====== Args={}
2021-03-18 21:23:17,417 : INFO : SwitchController : Found active switch: (6, <Platform.P3-ROC>) <switch.s_right_inlane>
2021-03-18 21:23:17,418 : INFO : SwitchController : Found active switch: (15, <Platform.P3-ROC>) <switch.s_trough1>
2021-03-18 21:23:17,423 : INFO : EventManager : Event: ======'bcp_connection_attempt'====== Args={'name': 'local_display', 'host': 'localhost', 'port': 5050}
2021-03-18 21:23:17,425 : INFO : BCPClientSocket : Connecting BCP to 'local_display' at localhost:5050...
2021-03-18 21:23:19,442 : INFO : BCPClientSocket : Connected BCP to 'local_display' localhost:5050
2021-03-18 21:23:19,443 : INFO : EventManager : Event: ======'bcp_clients_connected'====== Args={}
2021-03-18 21:23:19,444 : INFO : ball_device.bd_trough : State: idle
2021-03-18 21:23:19,460 : INFO : EventManager : Event: ======'init_phase_3'====== Args={}
2021-03-18 21:23:19,466 : INFO : EventManager : Event: ======'machine_var_mc_version'====== Args={'value': 'MPF-MC v0.54.0', 'prev_value': None, 'change': True}
2021-03-18 21:23:19,467 : INFO : EventManager : Event: ======'machine_var_mc_extended_version'====== Args={'value': 'MPF-MC v0.54.0 (config_version=5, BCP v1.1, Requires MPF v0.54.0)', 'prev_value': None, 'change': True}
2021-03-18 21:23:19,470 : INFO : EventManager : Event: ======'machine_var_master_volume'====== Args={'value': 0.5, 'prev_value': None, 'change': True}
2021-03-18 21:23:19,471 : ERROR : asyncio : Exception in callback EventManager._queue_task_done(<Task finishe...ring: fffff')>)
handle: <Handle EventManager._queue_task_done(<Task finishe...ring: fffff')>)>
Traceback (most recent call last):
  File "C:\Users\Noah\AppData\Local\Programs\Python\Python37\lib\asyncio\events.py", line 88, in _run
    self._context.run(self._callback, *self._args)
  File "c:\users\noah\mpfenv\lib\site-packages\mpf\core\events.py", line 716, in _queue_task_done
    future.result()
  File "c:\users\noah\mpfenv\lib\site-packages\mpf\core\events.py", line 633, in _run_handlers_sequential
    handler.callback(queue=queue, **merged_kwargs)
  File "c:\users\noah\mpfenv\lib\site-packages\mpf\core\show_controller.py", line 51, in _load_shows
    self.machine.shows[show_name].load(show_config)
  File "c:\users\noah\mpfenv\lib\site-packages\mpf\assets\show.py", line 170, in load
    self._process_step_actions(step, actions)
  File "c:\users\noah\mpfenv\lib\site-packages\mpf\assets\show.py", line 197, in _process_step_actions
    self.machine.show_controller.show_players[key].validate_config_entry(value, self.name)
  File "c:\users\noah\mpfenv\lib\site-packages\mpf\config_players\device_config_player.py", line 51, in validate_config_entry
    self._validate_config_item(device, device_settings))
  File "c:\users\noah\mpfenv\lib\site-packages\mpf\config_players\device_config_player.py", line 79, in _validate_config_item
    device_settings = self._expand_device_config(device_settings)
  File "c:\users\noah\mpfenv\lib\site-packages\mpf\config_players\light_player.py", line 129, in _expand_device_config
    device_settings['color'] = RGBColor(color)
  File "c:\users\noah\mpfenv\lib\site-packages\mpf\core\rgb_color.py", line 177, in __init__
    self._color = RGBColor.string_to_rgb(color)
  File "c:\users\noah\mpfenv\lib\site-packages\mpf\core\rgb_color.py", line 407, in string_to_rgb
    raise ColorException("Invalid RGB string: {}".format(value))
mpf.core.rgb_color.ColorException: Invalid RGB string: fffff
2021-03-18 21:23:19,475 : INFO : Machine : Starting the main run loop.
2021-03-18 21:23:19,476 : INFO : Machine : Shutting down...
2021-03-18 21:23:19,476 : INFO : EventManager : Event: ======'shutdown'====== Args={}
2021-03-18 21:23:19,480 : ERROR : Machine : Runtime Exception
Traceback (most recent call last):
  File "c:\users\noah\mpfenv\lib\site-packages\mpf\core\machine.py", line 745, in _run_loop
    raise self._exception['exception']
  File "C:\Users\Noah\AppData\Local\Programs\Python\Python37\lib\asyncio\events.py", line 88, in _run
    self._context.run(self._callback, *self._args)
  File "c:\users\noah\mpfenv\lib\site-packages\mpf\core\events.py", line 716, in _queue_task_done
    future.result()
  File "c:\users\noah\mpfenv\lib\site-packages\mpf\core\events.py", line 633, in _run_handlers_sequential
    handler.callback(queue=queue, **merged_kwargs)
  File "c:\users\noah\mpfenv\lib\site-packages\mpf\core\show_controller.py", line 51, in _load_shows
    self.machine.shows[show_name].load(show_config)
  File "c:\users\noah\mpfenv\lib\site-packages\mpf\assets\show.py", line 170, in load
    self._process_step_actions(step, actions)
  File "c:\users\noah\mpfenv\lib\site-packages\mpf\assets\show.py", line 197, in _process_step_actions
    self.machine.show_controller.show_players[key].validate_config_entry(value, self.name)
  File "c:\users\noah\mpfenv\lib\site-packages\mpf\config_players\device_config_player.py", line 51, in validate_config_entry
    self._validate_config_item(device, device_settings))
  File "c:\users\noah\mpfenv\lib\site-packages\mpf\config_players\device_config_player.py", line 79, in _validate_config_item
    device_settings = self._expand_device_config(device_settings)
  File "c:\users\noah\mpfenv\lib\site-packages\mpf\config_players\light_player.py", line 129, in _expand_device_config
    device_settings['color'] = RGBColor(color)
  File "c:\users\noah\mpfenv\lib\site-packages\mpf\core\rgb_color.py", line 177, in __init__
    self._color = RGBColor.string_to_rgb(color)
  File "c:\users\noah\mpfenv\lib\site-packages\mpf\core\rgb_color.py", line 407, in string_to_rgb
    raise ColorException("Invalid RGB string: {}".format(value))
mpf.core.rgb_color.ColorException: Invalid RGB string: fffff
2021-03-18 21:23:19,483 : INFO : root : MPF run loop ended.
