2021-03-18 19:21:40,431 : INFO : root : Loading config.
2021-03-18 19:21:40,439 : INFO : YamlMultifileConfigLoader : Machine config file #1: config.yaml
2021-03-18 19:21:40,440 : WARNING : ConfigProcessor : Config file in cache changed: C:\Users\Noah\work\Andy Cavatorta\pinball\notes\MPF\noahgame_02\config\config.yaml
2021-03-18 19:21:40,440 : INFO : ConfigProcessor : Loading config from file c:\users\noah\mpfenv\lib\site-packages\mpf\mpfconfig.yaml.
2021-03-18 19:21:40,568 : INFO : ConfigProcessor : Loading config: c:\users\noah\mpfenv\lib\site-packages\mpf\mpfconfig.yaml
2021-03-18 19:21:40,570 : INFO : ConfigProcessor : Loading config from file C:\Users\Noah\work\Andy Cavatorta\pinball\notes\MPF\noahgame_02\config\config.yaml.
2021-03-18 19:21:40,603 : INFO : ConfigProcessor : Loading config: C:\Users\Noah\work\Andy Cavatorta\pinball\notes\MPF\noahgame_02\config\config.yaml
2021-03-18 19:21:40,606 : INFO : ConfigProcessor : Config file cache created: C:\Users\Noah\AppData\Local\Temp\d1f6a309ab2e3c3e66b0fef93f7a960f.mpf_cache
2021-03-18 19:21:40,721 : INFO : ConfigProcessor : Loading config from cache: C:\Users\Noah\AppData\Local\Temp\74774f186c18434d8d39d0d4b0a3afeb.mpf_cache
2021-03-18 19:21:40,723 : INFO : ConfigProcessor : Loading config from cache: C:\Users\Noah\AppData\Local\Temp\a7eac71e9da1e9cfd4db34c71351dbda.mpf_cache
2021-03-18 19:21:40,724 : INFO : ConfigProcessor : Loading config from cache: C:\Users\Noah\AppData\Local\Temp\06881332f8a9c1e11264544d2c255f98.mpf_cache
2021-03-18 19:21:40,725 : INFO : Machine : Mission Pinball Framework Core Engine v0.54.6
2021-03-18 19:21:40,725 : INFO : Machine : Command line arguments: {'no_load_cache': False, 'create_config_cache': True, 'bcp': True, 'configfile': ['config.yaml'], 'force_assets_load': False, 'jsonlogging': False, 'logfile': 'logs\\2021-03-18-19-21-40-mpf-DESKTOP-VL0THH1.log', 'pause': False, 'production': False, 'text_ui': False, 'loglevel': 15, 'consoleloglevel': 20, 'force_platform': None, 'syslog_address': None, 'mc_file_name': None, 'no_sound': False}
2021-03-18 19:21:40,725 : INFO : Machine : MPF path: c:\users\noah\mpfenv\lib\site-packages\mpf
2021-03-18 19:21:40,725 : INFO : Machine : Machine path: C:\Users\Noah\work\Andy Cavatorta\pinball\notes\MPF\noahgame_02
2021-03-18 19:21:40,725 : INFO : Machine : Platform: win32
2021-03-18 19:21:40,725 : INFO : Machine : Python executable location: c:\users\noah\mpfenv\scripts\python.exe
2021-03-18 19:21:40,725 : INFO : Machine : Python version: 3.7.9 (64-bit)
2021-03-18 19:21:40,728 : INFO : Machine : Initialise MPF.
2021-03-18 19:21:40,835 : INFO : P-Roc : Connecting to P-ROC
2021-03-18 19:21:41,038 : INFO : P-Roc : Successfully connected to P-ROC/P3-ROC. Firmware Version: 2. Firmware Revision: 6. Hardware Board ID: 1
2021-03-18 19:21:41,038 : WARNING : P-Roc : Consider upgrading the firmware of your P/P3-Roc to at least 2.14. Your version contains known bugs.
2021-03-18 19:21:41,105 : INFO : EventManager : Event: ======'machine_var_p_roc_version'====== Args={'value': 2, 'prev_value': None, 'change': True}
2021-03-18 19:21:41,105 : INFO : EventManager : Event: ======'machine_var_p_roc_revision'====== Args={'value': 6, 'prev_value': None, 'change': True}
2021-03-18 19:21:41,106 : INFO : EventManager : Event: ======'machine_var_p_roc_hardware_version'====== Args={'value': 1, 'prev_value': None, 'change': True}
2021-03-18 19:21:41,107 : INFO : EventManager : Event: ======'machine_var_credits_string'====== Args={'value': 'FREE PLAY', 'prev_value': None, 'change': True}
2021-03-18 19:21:41,185 : INFO : EventManager : Event: ======'machine_var_mpf_version'====== Args={'value': 'MPF v0.54.6', 'prev_value': None, 'change': True}
2021-03-18 19:21:41,185 : INFO : EventManager : Event: ======'machine_var_mpf_extended_version'====== Args={'value': 'MPF v0.54.6, Config version:5, Show version: 5, BCP version:1.1', 'prev_value': None, 'change': True}
2021-03-18 19:21:41,185 : INFO : EventManager : Event: ======'machine_var_python_version'====== Args={'value': '3.7.9', 'prev_value': None, 'change': True}
2021-03-18 19:21:41,186 : INFO : EventManager : Event: ======'machine_var_platform'====== Args={'value': 'Windows-10-10.0.19041-SP0', 'prev_value': None, 'change': True}
2021-03-18 19:21:41,186 : INFO : EventManager : Event: ======'machine_var_platform_system'====== Args={'value': 'Windows', 'prev_value': None, 'change': True}
2021-03-18 19:21:41,186 : INFO : EventManager : Event: ======'machine_var_platform_release'====== Args={'value': '10', 'prev_value': None, 'change': True}
2021-03-18 19:21:41,186 : INFO : EventManager : Event: ======'machine_var_platform_version'====== Args={'value': '10.0.19041', 'prev_value': None, 'change': True}
2021-03-18 19:21:41,186 : INFO : EventManager : Event: ======'machine_var_platform_machine'====== Args={'value': 'AMD64', 'prev_value': None, 'change': True}
2021-03-18 19:21:41,186 : INFO : EventManager : Event: ======'init_phase_1'====== Args={}
2021-03-18 19:21:41,216 : INFO : EventManager : Event: ======'drop_target_bank_noah_up'====== Args={}
2021-03-18 19:21:41,223 : INFO : EventManager : Event: ======'init_phase_2'====== Args={}
2021-03-18 19:21:41,245 : INFO : SwitchController : Found active switch: (6, <Platform.P3-ROC>) <switch.s_right_inlane>
2021-03-18 19:21:41,248 : INFO : EventManager : Event: ======'bcp_connection_attempt'====== Args={'name': 'local_display', 'host': 'localhost', 'port': 5050}
2021-03-18 19:21:41,249 : INFO : BCPClientSocket : Connecting BCP to 'local_display' at localhost:5050...
2021-03-18 19:21:43,265 : INFO : BCPClientSocket : Connected BCP to 'local_display' localhost:5050
2021-03-18 19:21:43,265 : INFO : EventManager : Event: ======'bcp_clients_connected'====== Args={}
2021-03-18 19:21:43,266 : INFO : ball_device.bd_trough : State: idle
2021-03-18 19:21:43,276 : INFO : EventManager : Event: ======'init_phase_3'====== Args={}
2021-03-18 19:21:43,281 : INFO : EventManager : Event: ======'machine_var_mc_version'====== Args={'value': 'MPF-MC v0.54.0', 'prev_value': None, 'change': True}
2021-03-18 19:21:43,281 : INFO : EventManager : Event: ======'machine_var_mc_extended_version'====== Args={'value': 'MPF-MC v0.54.0 (config_version=5, BCP v1.1, Requires MPF v0.54.0)', 'prev_value': None, 'change': True}
2021-03-18 19:21:43,285 : INFO : EventManager : Event: ======'machine_var_master_volume'====== Args={'value': 0.5, 'prev_value': None, 'change': True}
2021-03-18 19:21:43,285 : INFO : EventManager : Event: ======'init_phase_4'====== Args={}
2021-03-18 19:21:43,286 : INFO : BallController : Initial balls found: 0
2021-03-18 19:21:43,287 : INFO : EventManager : Event: ======'machine_var_audits_switches_s_start'====== Args={'value': 0, 'prev_value': None, 'change': True}
2021-03-18 19:21:43,288 : INFO : EventManager : Event: ======'machine_var_audits_switches_s_right_inlane'====== Args={'value': 0, 'prev_value': None, 'change': True}
2021-03-18 19:21:43,288 : INFO : EventManager : Event: ======'machine_var_audits_switches_s_trough1'====== Args={'value': 0, 'prev_value': None, 'change': True}
2021-03-18 19:21:43,289 : INFO : EventManager : Event: ======'machine_var_audits_switches_s_left_flipper'====== Args={'value': 0, 'prev_value': None, 'change': True}
2021-03-18 19:21:43,289 : INFO : EventManager : Event: ======'machine_var_audits_switches_s_right_flipper'====== Args={'value': 0, 'prev_value': None, 'change': True}
2021-03-18 19:21:43,290 : INFO : EventManager : Event: ======'machine_var_audits_switches_s_left_slingshot'====== Args={'value': 0, 'prev_value': None, 'change': True}
2021-03-18 19:21:43,290 : INFO : EventManager : Event: ======'machine_var_audits_switches_s_right_slingshot'====== Args={'value': 0, 'prev_value': None, 'change': True}
2021-03-18 19:21:43,290 : INFO : EventManager : Event: ======'machine_var_audits_switches_s_drop_target'====== Args={'value': 0, 'prev_value': None, 'change': True}
2021-03-18 19:21:43,291 : INFO : EventManager : Event: ======'init_phase_5'====== Args={}
2021-03-18 19:21:43,291 : INFO : EventManager : Event: ======'init_done'====== Args={}
2021-03-18 19:21:43,293 : INFO : EventManager : Event: ======'machine_reset_phase_1'====== Args={}
2021-03-18 19:21:43,297 : INFO : EventManager : Event: ======'slide_welcome_slide_removed'====== Args={'_from_bcp': True}
2021-03-18 19:21:43,302 : INFO : EventManager : Event: ======'slide_welcome_slide_created'====== Args={'_from_bcp': True}
2021-03-18 19:21:43,305 : INFO : EventManager : Event: ======'machine_reset_phase_2'====== Args={}
2021-03-18 19:21:43,305 : INFO : EventManager : Event: ======'machine_reset_phase_3'====== Args={}
2021-03-18 19:21:43,306 : INFO : drop_target_bank.noah : All targets are already up. Will not reset bank.
2021-03-18 19:21:43,316 : INFO : EventManager : Event: ======'reset_complete'====== Args={}
2021-03-18 19:21:43,316 : INFO : EventManager : Event: ======'mode_attract_will_start'====== Args={}
2021-03-18 19:21:43,317 : INFO : EventManager : Event: ======'mode_attract_starting'====== Args={}
2021-03-18 19:21:43,317 : INFO : Mode.attract : Started. Priority: 10
2021-03-18 19:21:43,317 : INFO : EventManager : Event: ======'modes_active_modes_changed'====== Args={}
2021-03-18 19:21:43,317 : INFO : EventManager : Event: ======'mode_attract_started'====== Args={}
2021-03-18 19:21:43,319 : INFO : EventManager : Event: ======'collecting_balls_complete'====== Args={}
2021-03-18 19:21:43,320 : INFO : EventManager : Event: ======'slide_welcome_slide_active'====== Args={'_from_bcp': True}
2021-03-18 19:21:43,320 : INFO : Machine : Starting the main run loop.
2021-03-18 19:21:43,330 : INFO : EventManager : Event: ======'slide_attract_started_created'====== Args={'_from_bcp': True}
2021-03-18 19:21:43,332 : INFO : EventManager : Event: ======'slide_attract_started_active'====== Args={'_from_bcp': True}
2021-03-18 19:21:47,582 : INFO : SwitchController : <<<<<<< 's_trough1' active >>>>>>>
2021-03-18 19:21:48,081 : INFO : EventManager : Event: ======'balldevice_bd_trough_ball_count_changed'====== Args={'balls': 1}
2021-03-18 19:21:48,081 : INFO : ball_device.bd_trough : Received unexpected ball
2021-03-18 19:21:48,081 : INFO : EventManager : Event: ======'balldevice_captured_from_playfield'====== Args={'balls': 1}
2021-03-18 19:21:48,082 : INFO : EventManager : Event: ======'sw_playfield_active'====== Args={'balls': 1}
2021-03-18 19:21:48,082 : INFO : EventManager : Event: ======'playfield_active'====== Args={}
2021-03-18 19:21:48,082 : INFO : EventManager : Event: ======'unexpected_ball_on_playfield'====== Args={}
2021-03-18 19:21:48,082 : INFO : EventManager : Event: ======'playfield_ball_count_change'====== Args={'balls': -1, 'change': -1}
2021-03-18 19:21:48,083 : INFO : EventManager : Event: ======'balldevice_playfield_ball_enter'====== Args={'new_balls': 1, 'unclaimed_balls': 1, 'device': <playfield.playfield>}
2021-03-18 19:21:48,083 : INFO : EventManager : Event: ======'playfield_ball_count_change'====== Args={'balls': 0, 'change': 1}
2021-03-18 19:21:48,083 : INFO : BallController : Found a new ball which was captured from playfield. Known balls: 1
2021-03-18 19:21:48,084 : INFO : EventManager : Event: ======'found_new_ball'====== Args={}
2021-03-18 19:21:48,084 : INFO : EventManager : Event: ======'balldevice_bd_trough_ball_enter'====== Args={'new_balls': 1, 'unclaimed_balls': 1, 'new_available_balls': 1, 'device': <ball_device.bd_trough>}
2021-03-18 19:21:48,084 : INFO : EventManager : Event: ======'ball_drain'====== Args={'device': <ball_device.bd_trough>, 'balls': 1}
2021-03-18 19:21:48,084 : INFO : EventManager : Event: ======'balldevice_balls_available'====== Args={}
2021-03-18 19:21:48,084 : INFO : EventManager : Event: ======'balldevice_bd_trough_ball_entered'====== Args={'new_balls': 1, 'device': <ball_device.bd_trough>}
2021-03-18 19:21:48,302 : INFO : SwitchController : <<<<<<< 's_trough1' inactive >>>>>>>
2021-03-18 19:21:53,800 : INFO : EventManager : Event: ======'balldevice_bd_trough_ball_count_changed'====== Args={'balls': 0}
2021-03-18 19:21:53,800 : WARNING : ball_device.bd_trough : Ball disappeared while idle. This should not normally happen.
2021-03-18 19:21:53,800 : INFO : EventManager : Event: ======'balldevice_playfield_ball_enter'====== Args={'new_balls': 1, 'unclaimed_balls': 1, 'device': <playfield.playfield>}
2021-03-18 19:21:53,800 : INFO : EventManager : Event: ======'playfield_ball_count_change'====== Args={'balls': 1, 'change': 1}
2021-03-18 19:21:53,800 : INFO : ball_device.bd_trough : 1 ball(s) missing from device. Mechanical eject? False
2021-03-18 19:21:53,800 : INFO : EventManager : Event: ======'balldevice_bd_trough_ball_missing'====== Args={'balls': 1}
2021-03-18 19:21:53,801 : INFO : EventManager : Event: ======'balldevice_ball_missing'====== Args={'balls': 1, 'name': 'bd_trough'}
2021-03-18 19:21:53,962 : INFO : SwitchController : <<<<<<< 's_start' active >>>>>>>
2021-03-18 19:21:54,069 : INFO : SwitchController : <<<<<<< 's_start' inactive >>>>>>>
2021-03-18 19:21:54,069 : INFO : EventManager : Event: ======'request_to_start_game'====== Args={}
2021-03-18 19:21:54,070 : INFO : BallController : bd_trough contains 0 balls. Tags ['trough', 'home', 'drain']
2021-03-18 19:21:54,070 : INFO : BallController : playfield contains 1 balls. Tags ['default']
2021-03-18 19:21:54,070 : WARNING : BallController : BallController denies game start. Not enough balls. 0 found. 1 required
2021-03-18 19:21:57,862 : INFO : SwitchController : <<<<<<< 's_right_inlane' inactive >>>>>>>
2021-03-18 19:22:01,845 : INFO : SwitchController : <<<<<<< 's_trough1' active >>>>>>>
2021-03-18 19:22:02,335 : INFO : EventManager : Event: ======'balldevice_bd_trough_ball_count_changed'====== Args={'balls': 1}
2021-03-18 19:22:02,335 : INFO : ball_device.bd_trough : Received unexpected ball
2021-03-18 19:22:02,335 : INFO : EventManager : Event: ======'balldevice_captured_from_playfield'====== Args={'balls': 1}
2021-03-18 19:22:02,335 : INFO : EventManager : Event: ======'sw_playfield_active'====== Args={'balls': 1}
2021-03-18 19:22:02,336 : INFO : EventManager : Event: ======'playfield_ball_count_change'====== Args={'balls': 0, 'change': -1}
2021-03-18 19:22:02,336 : INFO : EventManager : Event: ======'balldevice_bd_trough_ball_enter'====== Args={'new_balls': 1, 'unclaimed_balls': 1, 'new_available_balls': 1, 'device': <ball_device.bd_trough>}
2021-03-18 19:22:02,336 : INFO : EventManager : Event: ======'ball_drain'====== Args={'device': <ball_device.bd_trough>, 'balls': 1}
2021-03-18 19:22:02,337 : INFO : EventManager : Event: ======'balldevice_balls_available'====== Args={}
2021-03-18 19:22:02,337 : INFO : EventManager : Event: ======'balldevice_bd_trough_ball_entered'====== Args={'new_balls': 1, 'device': <ball_device.bd_trough>}
2021-03-18 19:22:07,007 : INFO : SwitchController : <<<<<<< 's_start' active >>>>>>>
2021-03-18 19:22:07,104 : INFO : SwitchController : <<<<<<< 's_start' inactive >>>>>>>
2021-03-18 19:22:07,104 : INFO : EventManager : Event: ======'request_to_start_game'====== Args={}
2021-03-18 19:22:07,105 : INFO : EventManager : Event: ======'game_start'====== Args={'buttons': [], 'hold_time': 0.0930000000007567}
2021-03-18 19:22:07,105 : INFO : EventManager : Event: ======'mode_game_will_start'====== Args={'buttons': [], 'hold_time': 0.0930000000007567}
2021-03-18 19:22:07,105 : INFO : EventManager : Event: ======'mode_game_starting'====== Args={'buttons': [], 'hold_time': 0.0930000000007567}
2021-03-18 19:22:07,106 : INFO : EventManager : Event: ======'mode_attract_will_stop'====== Args={}
2021-03-18 19:22:07,106 : INFO : EventManager : Event: ======'mode_attract_stopping'====== Args={}
2021-03-18 19:22:07,106 : INFO : Mode.attract : Stopped.
2021-03-18 19:22:07,106 : INFO : EventManager : Event: ======'modes_active_modes_changed'====== Args={}
2021-03-18 19:22:07,106 : INFO : EventManager : Event: ======'mode_attract_stopped'====== Args={}
2021-03-18 19:22:07,107 : INFO : EventManager : Event: ======'clear'====== Args={'key': 'attract'}
2021-03-18 19:22:07,107 : INFO : Mode.game : Started. Priority: 20
2021-03-18 19:22:07,107 : INFO : EventManager : Event: ======'modes_active_modes_changed'====== Args={}
2021-03-18 19:22:07,107 : INFO : EventManager : Event: ======'mode_game_started'====== Args={'buttons': [], 'hold_time': 0.0930000000007567}
2021-03-18 19:22:07,108 : INFO : EventManager : Event: ======'game_will_start'====== Args={}
2021-03-18 19:22:07,108 : INFO : EventManager : Event: ======'game_starting'====== Args={'game': <Mode.game>}
2021-03-18 19:22:07,109 : INFO : EventManager : Event: ======'player_add_request'====== Args={}
2021-03-18 19:22:07,109 : INFO : EventManager : Event: ======'player_will_add'====== Args={'number': 1}
2021-03-18 19:22:07,109 : INFO : EventManager : Event: ======'player_adding'====== Args={'player': <Player 1>, 'number': 1}
2021-03-18 19:22:07,109 : INFO : EventManager : Event: ======'player_added'====== Args={'player': <Player 1>, 'num': 1}
2021-03-18 19:22:07,109 : INFO : Mode.game : Player added successfully. Total players: 1
2021-03-18 19:22:07,109 : INFO : EventManager : Event: ======'player_index'====== Args={'value': 0, 'prev_value': 0, 'change': 0, 'player_num': 1}
2021-03-18 19:22:07,110 : INFO : EventManager : Event: ======'player_number'====== Args={'value': 1, 'prev_value': 1, 'change': 0, 'player_num': 1}
2021-03-18 19:22:07,110 : INFO : EventManager : Event: ======'player_score'====== Args={'value': 0, 'prev_value': 0, 'change': 0, 'player_num': 1}
2021-03-18 19:22:07,111 : INFO : EventManager : Event: ======'game_started'====== Args={}
2021-03-18 19:22:07,112 : INFO : EventManager : Event: ======'player_turn_will_start'====== Args={'player': <Player 1>, 'number': 1}
2021-03-18 19:22:07,112 : INFO : EventManager : Event: ======'player_turn_starting'====== Args={'player': <Player 1>, 'number': 1}
2021-03-18 19:22:07,112 : INFO : EventManager : Event: ======'player_ball'====== Args={'value': 1, 'prev_value': 0, 'change': 1, 'player_num': 1}
2021-03-18 19:22:07,113 : INFO : EventManager : Event: ======'player_turn_started'====== Args={'player': <Player 1>, 'number': 1}
2021-03-18 19:22:07,114 : INFO : EventManager : Event: ======'ball_will_start'====== Args={'player': 1, 'ball': 1, 'balls_remaining': 2, 'is_extra_ball': False}
2021-03-18 19:22:07,114 : INFO : EventManager : Event: ======'ball_starting'====== Args={'player': 1, 'ball': 1, 'balls_remaining': 2, 'is_extra_ball': False}
2021-03-18 19:22:07,114 : INFO : EventManager : Event: ======'balls_in_play'====== Args={'balls': 1}
2021-03-18 19:22:07,115 : INFO : EventManager : Event: ======'ball_started'====== Args={'player': 1, 'ball': 1, 'balls_remaining': 2, 'is_extra_ball': False}
2021-03-18 19:22:07,115 : INFO : EventManager : Event: ======'single_player_ball_started'====== Args={}
2021-03-18 19:22:07,116 : ERROR : asyncio : Exception in callback AsyncMode._mode_ended(<Task finishe... playfield?')>)
handle: <Handle AsyncMode._mode_ended(<Task finishe... playfield?')>)>
Traceback (most recent call last):
  File "C:\Users\Noah\AppData\Local\Programs\Python\Python37\lib\asyncio\events.py", line 88, in _run
    self._context.run(self._callback, *self._args)
  File "c:\users\noah\mpfenv\lib\site-packages\mpf\core\async_mode.py", line 40, in _mode_ended
    future.result()
  File "c:\users\noah\mpfenv\lib\site-packages\mpf\modes\game\code\game.py", line 89, in _run
    await self._run_ball()
  File "c:\users\noah\mpfenv\lib\site-packages\mpf\modes\game\code\game.py", line 106, in _run_ball
    await self._start_ball(is_extra_ball)
  File "c:\users\noah\mpfenv\lib\site-packages\mpf\modes\game\code\game.py", line 387, in _start_ball
    self.machine.playfield.add_ball(player_controlled=True)
  File "c:\users\noah\mpfenv\lib\site-packages\mpf\devices\playfield.py", line 237, in add_ball
    "in your playfield?", 1)
  File "c:\users\noah\mpfenv\lib\site-packages\mpf\core\logging.py", line 171, in raise_config_error
    raise ConfigFileError(msg, error_no, self.log.name if self.log else "", context, self._url_base)
mpf.exceptions.config_file_error.ConfigFileError: Config File Error in playfield.playfield: Missing a source device to request a ball. Did you define a default_source_device in your playfield? Error Code: CFE-playfield-1 (https://docs.missionpinball.org/en/0.54/logs/CFE-playfield-1.html)
2021-03-18 19:22:07,158 : INFO : EventManager : Event: ======'slide__global.slide_player-ball_started_created'====== Args={'_from_bcp': True}
2021-03-18 19:22:07,159 : INFO : EventManager : Event: ======'slide__global.slide_player-ball_started_active'====== Args={'_from_bcp': True}
2021-03-18 19:22:07,159 : INFO : Machine : Shutting down...
2021-03-18 19:22:07,159 : INFO : EventManager : Event: ======'shutdown'====== Args={}
2021-03-18 19:22:07,162 : ERROR : Machine : Runtime Exception
Traceback (most recent call last):
  File "c:\users\noah\mpfenv\lib\site-packages\mpf\core\machine.py", line 745, in _run_loop
    raise self._exception['exception']
  File "C:\Users\Noah\AppData\Local\Programs\Python\Python37\lib\asyncio\events.py", line 88, in _run
    self._context.run(self._callback, *self._args)
  File "c:\users\noah\mpfenv\lib\site-packages\mpf\core\async_mode.py", line 40, in _mode_ended
    future.result()
  File "c:\users\noah\mpfenv\lib\site-packages\mpf\modes\game\code\game.py", line 89, in _run
    await self._run_ball()
  File "c:\users\noah\mpfenv\lib\site-packages\mpf\modes\game\code\game.py", line 106, in _run_ball
    await self._start_ball(is_extra_ball)
  File "c:\users\noah\mpfenv\lib\site-packages\mpf\modes\game\code\game.py", line 387, in _start_ball
    self.machine.playfield.add_ball(player_controlled=True)
  File "c:\users\noah\mpfenv\lib\site-packages\mpf\devices\playfield.py", line 237, in add_ball
    "in your playfield?", 1)
  File "c:\users\noah\mpfenv\lib\site-packages\mpf\core\logging.py", line 171, in raise_config_error
    raise ConfigFileError(msg, error_no, self.log.name if self.log else "", context, self._url_base)
mpf.exceptions.config_file_error.ConfigFileError: Config File Error in playfield.playfield: Missing a source device to request a ball. Did you define a default_source_device in your playfield? Error Code: CFE-playfield-1 (https://docs.missionpinball.org/en/0.54/logs/CFE-playfield-1.html)
2021-03-18 19:22:07,164 : INFO : root : MPF run loop ended.
