2021-03-19 15:32:35,455 : INFO : root : Loading config.
2021-03-19 15:32:35,464 : INFO : YamlMultifileConfigLoader : Machine config file #1: config.yaml
2021-03-19 15:32:35,465 : WARNING : ConfigProcessor : Config file in cache changed: C:\Users\Noah\work\Andy Cavatorta\pinball\notes\MPF\noahgame_02\config\config.yaml
2021-03-19 15:32:35,465 : INFO : ConfigProcessor : Loading config from file c:\users\noah\mpfenv\lib\site-packages\mpf\mpfconfig.yaml.
2021-03-19 15:32:35,613 : INFO : ConfigProcessor : Loading config: c:\users\noah\mpfenv\lib\site-packages\mpf\mpfconfig.yaml
2021-03-19 15:32:35,615 : INFO : ConfigProcessor : Loading config from file C:\Users\Noah\work\Andy Cavatorta\pinball\notes\MPF\noahgame_02\config\config.yaml.
2021-03-19 15:32:35,659 : INFO : ConfigProcessor : Loading config: C:\Users\Noah\work\Andy Cavatorta\pinball\notes\MPF\noahgame_02\config\config.yaml
2021-03-19 15:32:35,662 : INFO : ConfigProcessor : Config file cache created: C:\Users\Noah\AppData\Local\Temp\d1f6a309ab2e3c3e66b0fef93f7a960f.mpf_cache
2021-03-19 15:32:35,808 : INFO : ConfigProcessor : Loading config from cache: C:\Users\Noah\AppData\Local\Temp\98acf0898e619a6798c45a0e5cbb339b.mpf_cache
2021-03-19 15:32:35,810 : INFO : ConfigProcessor : Loading config from cache: C:\Users\Noah\AppData\Local\Temp\a7eac71e9da1e9cfd4db34c71351dbda.mpf_cache
2021-03-19 15:32:35,811 : INFO : ConfigProcessor : Loading config from cache: C:\Users\Noah\AppData\Local\Temp\c6adbc38c235400b65ae43d7099eba05.mpf_cache
2021-03-19 15:32:35,812 : INFO : ConfigProcessor : Loading config from cache: C:\Users\Noah\AppData\Local\Temp\9689abd61e57da3f8bc074c7a88f2b77.mpf_cache
2021-03-19 15:32:35,813 : INFO : ConfigProcessor : Loading config from cache: C:\Users\Noah\AppData\Local\Temp\06881332f8a9c1e11264544d2c255f98.mpf_cache
2021-03-19 15:32:35,814 : INFO : Machine : Mission Pinball Framework Core Engine v0.54.6
2021-03-19 15:32:35,814 : INFO : Machine : Command line arguments: {'no_load_cache': False, 'create_config_cache': True, 'bcp': True, 'configfile': ['config.yaml'], 'force_assets_load': False, 'jsonlogging': False, 'logfile': 'logs\\2021-03-19-15-32-35-mpf-DESKTOP-VL0THH1.log', 'pause': False, 'production': False, 'text_ui': False, 'loglevel': 15, 'consoleloglevel': 20, 'force_platform': None, 'syslog_address': None, 'mc_file_name': None, 'no_sound': False}
2021-03-19 15:32:35,814 : INFO : Machine : MPF path: c:\users\noah\mpfenv\lib\site-packages\mpf
2021-03-19 15:32:35,814 : INFO : Machine : Machine path: C:\Users\Noah\work\Andy Cavatorta\pinball\notes\MPF\noahgame_02
2021-03-19 15:32:35,814 : INFO : Machine : Platform: win32
2021-03-19 15:32:35,814 : INFO : Machine : Python executable location: c:\users\noah\mpfenv\scripts\python.exe
2021-03-19 15:32:35,814 : INFO : Machine : Python version: 3.7.9 (64-bit)
2021-03-19 15:32:35,818 : INFO : Machine : Initialise MPF.
2021-03-19 15:32:36,052 : INFO : P-Roc : Connecting to P-ROC
2021-03-19 15:32:36,473 : INFO : P-Roc : Successfully connected to P-ROC/P3-ROC. Firmware Version: 2. Firmware Revision: 6. Hardware Board ID: 1
2021-03-19 15:32:36,473 : WARNING : P-Roc : Consider upgrading the firmware of your P/P3-Roc to at least 2.14. Your version contains known bugs.
2021-03-19 15:32:36,540 : INFO : EventManager : Event: ======'machine_var_p_roc_version'====== Args={'value': 2, 'prev_value': None, 'change': True}
2021-03-19 15:32:36,540 : INFO : EventManager : Event: ======'machine_var_p_roc_revision'====== Args={'value': 6, 'prev_value': None, 'change': True}
2021-03-19 15:32:36,540 : INFO : EventManager : Event: ======'machine_var_p_roc_hardware_version'====== Args={'value': 1, 'prev_value': None, 'change': True}
2021-03-19 15:32:36,541 : INFO : EventManager : Event: ======'machine_var_credits_string'====== Args={'value': 'FREE PLAY', 'prev_value': None, 'change': True}
2021-03-19 15:32:36,649 : INFO : EventManager : Event: ======'machine_var_mpf_version'====== Args={'value': 'MPF v0.54.6', 'prev_value': None, 'change': True}
2021-03-19 15:32:36,649 : INFO : EventManager : Event: ======'machine_var_mpf_extended_version'====== Args={'value': 'MPF v0.54.6, Config version:5, Show version: 5, BCP version:1.1', 'prev_value': None, 'change': True}
2021-03-19 15:32:36,649 : INFO : EventManager : Event: ======'machine_var_python_version'====== Args={'value': '3.7.9', 'prev_value': None, 'change': True}
2021-03-19 15:32:36,650 : INFO : EventManager : Event: ======'machine_var_platform'====== Args={'value': 'Windows-10-10.0.19041-SP0', 'prev_value': None, 'change': True}
2021-03-19 15:32:36,650 : INFO : EventManager : Event: ======'machine_var_platform_system'====== Args={'value': 'Windows', 'prev_value': None, 'change': True}
2021-03-19 15:32:36,650 : INFO : EventManager : Event: ======'machine_var_platform_release'====== Args={'value': '10', 'prev_value': None, 'change': True}
2021-03-19 15:32:36,650 : INFO : EventManager : Event: ======'machine_var_platform_version'====== Args={'value': '10.0.19041', 'prev_value': None, 'change': True}
2021-03-19 15:32:36,650 : INFO : EventManager : Event: ======'machine_var_platform_machine'====== Args={'value': 'AMD64', 'prev_value': None, 'change': True}
2021-03-19 15:32:36,650 : INFO : EventManager : Event: ======'init_phase_1'====== Args={}
2021-03-19 15:32:36,696 : INFO : EventManager : Event: ======'drop_target_bank_noah_up'====== Args={}
2021-03-19 15:32:36,699 : INFO : EventManager : Event: ======'init_phase_2'====== Args={}
2021-03-19 15:32:36,723 : INFO : SwitchController : Found active switch: (6, <Platform.P3-ROC>) <switch.s_right_inlane>
2021-03-19 15:32:36,723 : INFO : SwitchController : Found active switch: (15, <Platform.P3-ROC>) <switch.s_trough1>
2021-03-19 15:32:36,723 : INFO : SwitchController : Found active switch: (4, <Platform.P3-ROC>) <switch.s_drop_target>
2021-03-19 15:32:36,729 : INFO : EventManager : Event: ======'bcp_connection_attempt'====== Args={'name': 'local_display', 'host': 'localhost', 'port': 5050}
2021-03-19 15:32:36,731 : INFO : BCPClientSocket : Connecting BCP to 'local_display' at localhost:5050...
2021-03-19 15:32:38,748 : INFO : BCPClientSocket : Connected BCP to 'local_display' localhost:5050
2021-03-19 15:32:38,748 : INFO : EventManager : Event: ======'bcp_clients_connected'====== Args={}
2021-03-19 15:32:38,749 : INFO : ball_device.bd_trough : State: idle
2021-03-19 15:32:38,762 : INFO : EventManager : Event: ======'init_phase_3'====== Args={}
2021-03-19 15:32:38,769 : INFO : EventManager : Event: ======'machine_var_mc_version'====== Args={'value': 'MPF-MC v0.54.0', 'prev_value': None, 'change': True}
2021-03-19 15:32:38,769 : INFO : EventManager : Event: ======'machine_var_mc_extended_version'====== Args={'value': 'MPF-MC v0.54.0 (config_version=5, BCP v1.1, Requires MPF v0.54.0)', 'prev_value': None, 'change': True}
2021-03-19 15:32:38,773 : INFO : EventManager : Event: ======'machine_var_master_volume'====== Args={'value': 0.5, 'prev_value': None, 'change': True}
2021-03-19 15:32:38,774 : INFO : EventManager : Event: ======'init_phase_4'====== Args={}
2021-03-19 15:32:38,775 : INFO : EventManager : Event: ======'playfield_active'====== Args={}
2021-03-19 15:32:38,775 : INFO : EventManager : Event: ======'unexpected_ball_on_playfield'====== Args={}
2021-03-19 15:32:38,776 : INFO : EventManager : Event: ======'drop_target_d_drop_target_down'====== Args={'device': <drop_target.d_drop_target>}
2021-03-19 15:32:38,776 : INFO : EventManager : Event: ======'drop_target_bank_noah_down'====== Args={}
2021-03-19 15:32:38,776 : INFO : BallController : Initial balls found: 1
2021-03-19 15:32:38,778 : INFO : EventManager : Event: ======'machine_var_audits_switches_s_drop_target'====== Args={'value': 123, 'prev_value': None, 'change': True}
2021-03-19 15:32:38,778 : INFO : EventManager : Event: ======'machine_var_audits_switches_s_left_flipper'====== Args={'value': 20, 'prev_value': None, 'change': True}
2021-03-19 15:32:38,778 : INFO : EventManager : Event: ======'machine_var_audits_switches_s_left_slingshot'====== Args={'value': 9, 'prev_value': None, 'change': True}
2021-03-19 15:32:38,779 : INFO : EventManager : Event: ======'machine_var_audits_switches_s_right_flipper'====== Args={'value': 31, 'prev_value': None, 'change': True}
2021-03-19 15:32:38,779 : INFO : EventManager : Event: ======'machine_var_audits_switches_s_right_inlane'====== Args={'value': 9, 'prev_value': None, 'change': True}
2021-03-19 15:32:38,779 : INFO : EventManager : Event: ======'machine_var_audits_switches_s_right_slingshot'====== Args={'value': 31, 'prev_value': None, 'change': True}
2021-03-19 15:32:38,780 : INFO : EventManager : Event: ======'machine_var_audits_switches_s_start'====== Args={'value': 12, 'prev_value': None, 'change': True}
2021-03-19 15:32:38,780 : INFO : EventManager : Event: ======'machine_var_audits_switches_s_trough1'====== Args={'value': 6, 'prev_value': None, 'change': True}
2021-03-19 15:32:38,780 : INFO : EventManager : Event: ======'machine_var_audits_switches_s_pop_bumper'====== Args={'value': 0, 'prev_value': None, 'change': True}
2021-03-19 15:32:38,781 : INFO : EventManager : Event: ======'init_phase_5'====== Args={}
2021-03-19 15:32:38,781 : INFO : EventManager : Event: ======'init_done'====== Args={}
2021-03-19 15:32:38,783 : INFO : EventManager : Event: ======'machine_reset_phase_1'====== Args={}
2021-03-19 15:32:38,796 : INFO : EventManager : Event: ======'slide_welcome_slide_removed'====== Args={'_from_bcp': True}
2021-03-19 15:32:38,801 : INFO : EventManager : Event: ======'slide_welcome_slide_created'====== Args={'_from_bcp': True}
2021-03-19 15:32:38,805 : INFO : EventManager : Event: ======'machine_reset_phase_2'====== Args={}
2021-03-19 15:32:38,806 : INFO : EventManager : Event: ======'machine_reset_phase_3'====== Args={}
2021-03-19 15:32:38,806 : INFO : drop_target_bank.noah : 1 targets are down. Will reset those.
2021-03-19 15:32:38,807 : INFO : coil.c_reset_drop_target : Pulsing Driver for 15ms (1.0 pulse_power)
2021-03-19 15:32:38,815 : INFO : EventManager : Event: ======'slide_welcome_slide_active'====== Args={'_from_bcp': True}
2021-03-19 15:32:38,815 : INFO : EventManager : Event: ======'reset_complete'====== Args={}
2021-03-19 15:32:38,816 : INFO : EventManager : Event: ======'mode_attract_will_start'====== Args={}
2021-03-19 15:32:38,816 : INFO : EventManager : Event: ======'mode_attract_starting'====== Args={}
2021-03-19 15:32:38,816 : INFO : Mode.attract : Started. Priority: 10
2021-03-19 15:32:38,816 : INFO : EventManager : Event: ======'modes_active_modes_changed'====== Args={}
2021-03-19 15:32:38,817 : INFO : EventManager : Event: ======'mode_attract_started'====== Args={}
2021-03-19 15:32:38,820 : INFO : EventManager : Event: ======'collecting_balls_complete'====== Args={}
2021-03-19 15:32:38,821 : INFO : coil.c_reset_drop_target : Pulsing Driver for 15ms (1.0 pulse_power)
2021-03-19 15:32:38,824 : INFO : Machine : Starting the main run loop.
2021-03-19 15:32:38,829 : INFO : EventManager : Event: ======'slide_awesome_slide_created'====== Args={'_from_bcp': True}
2021-03-19 15:32:38,834 : INFO : EventManager : Event: ======'slide_awesome_slide_active'====== Args={'_from_bcp': True}
2021-03-19 15:32:38,836 : INFO : SwitchController : <<<<<<< 's_drop_target' inactive >>>>>>>
2021-03-19 15:32:39,292 : INFO : EventManager : Event: ======'drop_target_d_drop_target_up'====== Args={'device': <drop_target.d_drop_target>}
2021-03-19 15:32:39,292 : INFO : EventManager : Event: ======'restore'====== Args={}
2021-03-19 15:32:39,292 : INFO : EventManager : Event: ======'drop_target_bank_noah_up'====== Args={}
2021-03-19 15:32:39,759 : INFO : drop_target_bank.noah : All targets are already up. Will not reset bank.
2021-03-19 15:32:41,842 : INFO : EventManager : Event: ======'slide_press_start_created'====== Args={'_from_bcp': True}
2021-03-19 15:32:41,844 : INFO : EventManager : Event: ======'slide_press_start_active'====== Args={'_from_bcp': True}
2021-03-19 15:32:43,525 : INFO : SwitchController : <<<<<<< 's_pop_bumper' active >>>>>>>
2021-03-19 15:32:43,620 : INFO : SwitchController : <<<<<<< 's_pop_bumper' inactive >>>>>>>
2021-03-19 15:32:43,834 : INFO : SwitchController : <<<<<<< 's_pop_bumper' active >>>>>>>
2021-03-19 15:32:43,898 : INFO : SwitchController : <<<<<<< 's_pop_bumper' inactive >>>>>>>
2021-03-19 15:32:44,804 : INFO : SwitchController : <<<<<<< 's_pop_bumper' active >>>>>>>
2021-03-19 15:32:44,828 : INFO : EventManager : Event: ======'slide_mission_pinball_created'====== Args={'_from_bcp': True}
2021-03-19 15:32:44,830 : INFO : EventManager : Event: ======'slide_mission_pinball_active'====== Args={'_from_bcp': True}
2021-03-19 15:32:44,965 : INFO : SwitchController : <<<<<<< 's_pop_bumper' inactive >>>>>>>
2021-03-19 15:32:45,206 : INFO : SwitchController : <<<<<<< 's_pop_bumper' active >>>>>>>
2021-03-19 15:32:45,290 : INFO : SwitchController : <<<<<<< 's_pop_bumper' inactive >>>>>>>
2021-03-19 15:32:45,608 : INFO : SwitchController : <<<<<<< 's_pop_bumper' active >>>>>>>
2021-03-19 15:32:45,851 : INFO : SwitchController : <<<<<<< 's_pop_bumper' inactive >>>>>>>
2021-03-19 15:32:46,188 : INFO : SwitchController : <<<<<<< 's_pop_bumper' active >>>>>>>
2021-03-19 15:32:46,262 : INFO : SwitchController : <<<<<<< 's_pop_bumper' inactive >>>>>>>
2021-03-19 15:32:47,836 : INFO : EventManager : Event: ======'slide_last_game_score_slide_created'====== Args={'_from_bcp': True}
2021-03-19 15:32:47,839 : INFO : EventManager : Event: ======'slide_last_game_score_slide_active'====== Args={'_from_bcp': True}
2021-03-19 15:32:49,998 : INFO : Machine : Shutting down...
2021-03-19 15:32:49,999 : INFO : EventManager : Event: ======'shutdown'====== Args={}
2021-03-19 15:32:50,002 : INFO : root : MPF run loop ended.
