2021-03-18 20:17:42,003 : INFO : root : Loading config.
2021-03-18 20:17:42,009 : INFO : YamlMultifileConfigLoader : Machine config file #1: config.yaml
2021-03-18 20:17:42,010 : INFO : ConfigProcessor : Loading config from cache: C:\Users\Noah\AppData\Local\Temp\d1f6a309ab2e3c3e66b0fef93f7a960f.mpf_cache
2021-03-18 20:17:42,140 : INFO : ConfigProcessor : Loading config from cache: C:\Users\Noah\AppData\Local\Temp\74774f186c18434d8d39d0d4b0a3afeb.mpf_cache
2021-03-18 20:17:42,141 : INFO : ConfigProcessor : Loading config from cache: C:\Users\Noah\AppData\Local\Temp\a7eac71e9da1e9cfd4db34c71351dbda.mpf_cache
2021-03-18 20:17:42,143 : WARNING : ConfigProcessor : Config file in cache changed: C:\Users\Noah\work\Andy Cavatorta\pinball\notes\MPF\noahgame_02\modes\base\config\base.yaml
2021-03-18 20:17:42,144 : INFO : ConfigProcessor : Loading config from file C:\Users\Noah\work\Andy Cavatorta\pinball\notes\MPF\noahgame_02\modes\base\config\base.yaml.
2021-03-18 20:17:42,155 : INFO : ConfigProcessor : Loading config: C:\Users\Noah\work\Andy Cavatorta\pinball\notes\MPF\noahgame_02\modes\base\config\base.yaml
2021-03-18 20:17:42,156 : INFO : ConfigProcessor : Config file cache created: C:\Users\Noah\AppData\Local\Temp\c6adbc38c235400b65ae43d7099eba05.mpf_cache
2021-03-18 20:17:42,157 : INFO : ConfigProcessor : Loading config from cache: C:\Users\Noah\AppData\Local\Temp\06881332f8a9c1e11264544d2c255f98.mpf_cache
2021-03-18 20:17:42,158 : INFO : Machine : Mission Pinball Framework Core Engine v0.54.6
2021-03-18 20:17:42,158 : INFO : Machine : Command line arguments: {'no_load_cache': False, 'create_config_cache': True, 'bcp': True, 'configfile': ['config.yaml'], 'force_assets_load': False, 'jsonlogging': False, 'logfile': 'logs\\2021-03-18-20-17-42-mpf-DESKTOP-VL0THH1.log', 'pause': False, 'production': False, 'text_ui': False, 'loglevel': 15, 'consoleloglevel': 20, 'force_platform': None, 'syslog_address': None, 'mc_file_name': None, 'no_sound': False}
2021-03-18 20:17:42,158 : INFO : Machine : MPF path: c:\users\noah\mpfenv\lib\site-packages\mpf
2021-03-18 20:17:42,158 : INFO : Machine : Machine path: C:\Users\Noah\work\Andy Cavatorta\pinball\notes\MPF\noahgame_02
2021-03-18 20:17:42,159 : INFO : Machine : Platform: win32
2021-03-18 20:17:42,159 : INFO : Machine : Python executable location: c:\users\noah\mpfenv\scripts\python.exe
2021-03-18 20:17:42,159 : INFO : Machine : Python version: 3.7.9 (64-bit)
2021-03-18 20:17:42,162 : INFO : Machine : Initialise MPF.
2021-03-18 20:17:42,291 : INFO : P-Roc : Connecting to P-ROC
2021-03-18 20:17:42,491 : INFO : P-Roc : Successfully connected to P-ROC/P3-ROC. Firmware Version: 2. Firmware Revision: 6. Hardware Board ID: 1
2021-03-18 20:17:42,491 : WARNING : P-Roc : Consider upgrading the firmware of your P/P3-Roc to at least 2.14. Your version contains known bugs.
2021-03-18 20:17:42,557 : INFO : EventManager : Event: ======'machine_var_p_roc_version'====== Args={'value': 2, 'prev_value': None, 'change': True}
2021-03-18 20:17:42,558 : INFO : EventManager : Event: ======'machine_var_p_roc_revision'====== Args={'value': 6, 'prev_value': None, 'change': True}
2021-03-18 20:17:42,558 : INFO : EventManager : Event: ======'machine_var_p_roc_hardware_version'====== Args={'value': 1, 'prev_value': None, 'change': True}
2021-03-18 20:17:42,559 : INFO : EventManager : Event: ======'machine_var_credits_string'====== Args={'value': 'FREE PLAY', 'prev_value': None, 'change': True}
2021-03-18 20:17:42,648 : INFO : EventManager : Event: ======'machine_var_mpf_version'====== Args={'value': 'MPF v0.54.6', 'prev_value': None, 'change': True}
2021-03-18 20:17:42,649 : INFO : EventManager : Event: ======'machine_var_mpf_extended_version'====== Args={'value': 'MPF v0.54.6, Config version:5, Show version: 5, BCP version:1.1', 'prev_value': None, 'change': True}
2021-03-18 20:17:42,649 : INFO : EventManager : Event: ======'machine_var_python_version'====== Args={'value': '3.7.9', 'prev_value': None, 'change': True}
2021-03-18 20:17:42,649 : INFO : EventManager : Event: ======'machine_var_platform'====== Args={'value': 'Windows-10-10.0.19041-SP0', 'prev_value': None, 'change': True}
2021-03-18 20:17:42,649 : INFO : EventManager : Event: ======'machine_var_platform_system'====== Args={'value': 'Windows', 'prev_value': None, 'change': True}
2021-03-18 20:17:42,649 : INFO : EventManager : Event: ======'machine_var_platform_release'====== Args={'value': '10', 'prev_value': None, 'change': True}
2021-03-18 20:17:42,649 : INFO : EventManager : Event: ======'machine_var_platform_version'====== Args={'value': '10.0.19041', 'prev_value': None, 'change': True}
2021-03-18 20:17:42,649 : INFO : EventManager : Event: ======'machine_var_platform_machine'====== Args={'value': 'AMD64', 'prev_value': None, 'change': True}
2021-03-18 20:17:42,650 : INFO : EventManager : Event: ======'init_phase_1'====== Args={}
2021-03-18 20:17:42,689 : INFO : EventManager : Event: ======'drop_target_bank_noah_up'====== Args={}
2021-03-18 20:17:42,693 : INFO : EventManager : Event: ======'init_phase_2'====== Args={}
2021-03-18 20:17:42,716 : INFO : SwitchController : Found active switch: (6, <Platform.P3-ROC>) <switch.s_right_inlane>
2021-03-18 20:17:42,716 : INFO : SwitchController : Found active switch: (15, <Platform.P3-ROC>) <switch.s_trough1>
2021-03-18 20:17:42,720 : INFO : EventManager : Event: ======'bcp_connection_attempt'====== Args={'name': 'local_display', 'host': 'localhost', 'port': 5050}
2021-03-18 20:17:42,722 : INFO : BCPClientSocket : Connecting BCP to 'local_display' at localhost:5050...
2021-03-18 20:17:44,737 : INFO : BCPClientSocket : Connected BCP to 'local_display' localhost:5050
2021-03-18 20:17:44,738 : INFO : EventManager : Event: ======'bcp_clients_connected'====== Args={}
2021-03-18 20:17:44,740 : INFO : ball_device.bd_trough : State: idle
2021-03-18 20:17:44,760 : INFO : EventManager : Event: ======'init_phase_3'====== Args={}
2021-03-18 20:17:44,766 : INFO : EventManager : Event: ======'machine_var_mc_version'====== Args={'value': 'MPF-MC v0.54.0', 'prev_value': None, 'change': True}
2021-03-18 20:17:44,766 : INFO : EventManager : Event: ======'machine_var_mc_extended_version'====== Args={'value': 'MPF-MC v0.54.0 (config_version=5, BCP v1.1, Requires MPF v0.54.0)', 'prev_value': None, 'change': True}
2021-03-18 20:17:44,770 : INFO : EventManager : Event: ======'machine_var_master_volume'====== Args={'value': 0.5, 'prev_value': None, 'change': True}
2021-03-18 20:17:44,771 : INFO : EventManager : Event: ======'init_phase_4'====== Args={}
2021-03-18 20:17:44,772 : INFO : BallController : Initial balls found: 1
2021-03-18 20:17:44,773 : INFO : EventManager : Event: ======'machine_var_audits_switches_s_drop_target'====== Args={'value': 0, 'prev_value': None, 'change': True}
2021-03-18 20:17:44,774 : INFO : EventManager : Event: ======'machine_var_audits_switches_s_left_flipper'====== Args={'value': 0, 'prev_value': None, 'change': True}
2021-03-18 20:17:44,774 : INFO : EventManager : Event: ======'machine_var_audits_switches_s_left_slingshot'====== Args={'value': 0, 'prev_value': None, 'change': True}
2021-03-18 20:17:44,774 : INFO : EventManager : Event: ======'machine_var_audits_switches_s_right_flipper'====== Args={'value': 3, 'prev_value': None, 'change': True}
2021-03-18 20:17:44,775 : INFO : EventManager : Event: ======'machine_var_audits_switches_s_right_inlane'====== Args={'value': 2, 'prev_value': None, 'change': True}
2021-03-18 20:17:44,775 : INFO : EventManager : Event: ======'machine_var_audits_switches_s_right_slingshot'====== Args={'value': 3, 'prev_value': None, 'change': True}
2021-03-18 20:17:44,775 : INFO : EventManager : Event: ======'machine_var_audits_switches_s_start'====== Args={'value': 3, 'prev_value': None, 'change': True}
2021-03-18 20:17:44,776 : INFO : EventManager : Event: ======'machine_var_audits_switches_s_trough1'====== Args={'value': 2, 'prev_value': None, 'change': True}
2021-03-18 20:17:44,777 : INFO : EventManager : Event: ======'init_phase_5'====== Args={}
2021-03-18 20:17:44,778 : INFO : EventManager : Event: ======'init_done'====== Args={}
2021-03-18 20:17:44,779 : INFO : EventManager : Event: ======'machine_reset_phase_1'====== Args={}
2021-03-18 20:17:44,816 : INFO : EventManager : Event: ======'slide_welcome_slide_removed'====== Args={'_from_bcp': True}
2021-03-18 20:17:44,822 : INFO : EventManager : Event: ======'slide_welcome_slide_created'====== Args={'_from_bcp': True}
2021-03-18 20:17:44,826 : INFO : EventManager : Event: ======'slide_welcome_slide_active'====== Args={'_from_bcp': True}
2021-03-18 20:17:44,827 : INFO : EventManager : Event: ======'machine_reset_phase_2'====== Args={}
2021-03-18 20:17:44,827 : INFO : EventManager : Event: ======'machine_reset_phase_3'====== Args={}
2021-03-18 20:17:44,828 : INFO : drop_target_bank.noah : All targets are already up. Will not reset bank.
2021-03-18 20:17:44,837 : INFO : EventManager : Event: ======'reset_complete'====== Args={}
2021-03-18 20:17:44,838 : INFO : EventManager : Event: ======'mode_attract_will_start'====== Args={}
2021-03-18 20:17:44,840 : INFO : EventManager : Event: ======'mode_attract_starting'====== Args={}
2021-03-18 20:17:44,840 : INFO : Mode.attract : Started. Priority: 10
2021-03-18 20:17:44,840 : INFO : EventManager : Event: ======'modes_active_modes_changed'====== Args={}
2021-03-18 20:17:44,840 : INFO : EventManager : Event: ======'mode_attract_started'====== Args={}
2021-03-18 20:17:44,843 : INFO : EventManager : Event: ======'collecting_balls_complete'====== Args={}
2021-03-18 20:17:44,843 : INFO : Machine : Starting the main run loop.
2021-03-18 20:17:44,861 : INFO : EventManager : Event: ======'slide_attract_started_created'====== Args={'_from_bcp': True}
2021-03-18 20:17:44,864 : INFO : EventManager : Event: ======'slide_attract_started_active'====== Args={'_from_bcp': True}
2021-03-18 20:17:54,335 : INFO : SwitchController : <<<<<<< 's_start' active >>>>>>>
2021-03-18 20:17:54,496 : INFO : SwitchController : <<<<<<< 's_start' inactive >>>>>>>
2021-03-18 20:17:54,496 : INFO : EventManager : Event: ======'request_to_start_game'====== Args={}
2021-03-18 20:17:54,497 : INFO : EventManager : Event: ======'game_start'====== Args={'buttons': [], 'hold_time': 0.1559999999954016}
2021-03-18 20:17:54,497 : INFO : EventManager : Event: ======'mode_game_will_start'====== Args={'buttons': [], 'hold_time': 0.1559999999954016}
2021-03-18 20:17:54,497 : INFO : EventManager : Event: ======'mode_game_starting'====== Args={'buttons': [], 'hold_time': 0.1559999999954016}
2021-03-18 20:17:54,498 : INFO : EventManager : Event: ======'mode_attract_will_stop'====== Args={}
2021-03-18 20:17:54,498 : INFO : EventManager : Event: ======'mode_attract_stopping'====== Args={}
2021-03-18 20:17:54,498 : INFO : Mode.attract : Stopped.
2021-03-18 20:17:54,498 : INFO : EventManager : Event: ======'modes_active_modes_changed'====== Args={}
2021-03-18 20:17:54,499 : INFO : EventManager : Event: ======'mode_attract_stopped'====== Args={}
2021-03-18 20:17:54,499 : INFO : EventManager : Event: ======'clear'====== Args={'key': 'attract'}
2021-03-18 20:17:54,499 : INFO : Mode.game : Started. Priority: 20
2021-03-18 20:17:54,499 : INFO : EventManager : Event: ======'modes_active_modes_changed'====== Args={}
2021-03-18 20:17:54,500 : INFO : EventManager : Event: ======'mode_game_started'====== Args={'buttons': [], 'hold_time': 0.1559999999954016}
2021-03-18 20:17:54,501 : INFO : EventManager : Event: ======'game_will_start'====== Args={}
2021-03-18 20:17:54,502 : INFO : EventManager : Event: ======'game_starting'====== Args={'game': <Mode.game>}
2021-03-18 20:17:54,502 : INFO : EventManager : Event: ======'player_add_request'====== Args={}
2021-03-18 20:17:54,502 : INFO : EventManager : Event: ======'player_will_add'====== Args={'number': 1}
2021-03-18 20:17:54,502 : INFO : EventManager : Event: ======'player_adding'====== Args={'player': <Player 1>, 'number': 1}
2021-03-18 20:17:54,503 : INFO : EventManager : Event: ======'player_added'====== Args={'player': <Player 1>, 'num': 1}
2021-03-18 20:17:54,503 : INFO : Mode.game : Player added successfully. Total players: 1
2021-03-18 20:17:54,503 : INFO : EventManager : Event: ======'player_index'====== Args={'value': 0, 'prev_value': 0, 'change': 0, 'player_num': 1}
2021-03-18 20:17:54,504 : INFO : EventManager : Event: ======'player_number'====== Args={'value': 1, 'prev_value': 1, 'change': 0, 'player_num': 1}
2021-03-18 20:17:54,504 : INFO : EventManager : Event: ======'player_score'====== Args={'value': 0, 'prev_value': 0, 'change': 0, 'player_num': 1}
2021-03-18 20:17:54,505 : INFO : EventManager : Event: ======'game_started'====== Args={}
2021-03-18 20:17:54,505 : INFO : EventManager : Event: ======'player_turn_will_start'====== Args={'player': <Player 1>, 'number': 1}
2021-03-18 20:17:54,505 : INFO : EventManager : Event: ======'player_turn_starting'====== Args={'player': <Player 1>, 'number': 1}
2021-03-18 20:17:54,506 : INFO : EventManager : Event: ======'player_ball'====== Args={'value': 1, 'prev_value': 0, 'change': 1, 'player_num': 1}
2021-03-18 20:17:54,506 : INFO : EventManager : Event: ======'player_turn_started'====== Args={'player': <Player 1>, 'number': 1}
2021-03-18 20:17:54,506 : INFO : EventManager : Event: ======'ball_will_start'====== Args={'player': 1, 'ball': 1, 'balls_remaining': 2, 'is_extra_ball': False}
2021-03-18 20:17:54,507 : INFO : EventManager : Event: ======'ball_starting'====== Args={'player': 1, 'ball': 1, 'balls_remaining': 2, 'is_extra_ball': False}
2021-03-18 20:17:54,508 : INFO : EventManager : Event: ======'balls_in_play'====== Args={'balls': 1}
2021-03-18 20:17:54,508 : INFO : EventManager : Event: ======'ball_started'====== Args={'player': 1, 'ball': 1, 'balls_remaining': 2, 'is_extra_ball': False}
2021-03-18 20:17:54,508 : INFO : EventManager : Event: ======'mode_base_will_start'====== Args={'player': 1, 'ball': 1, 'balls_remaining': 2, 'is_extra_ball': False}
2021-03-18 20:17:54,509 : INFO : EventManager : Event: ======'mode_base_starting'====== Args={'player': 1, 'ball': 1, 'balls_remaining': 2, 'is_extra_ball': False}
2021-03-18 20:17:54,510 : INFO : Mode.base : Started. Priority: 100
2021-03-18 20:17:54,510 : INFO : EventManager : Event: ======'modes_active_modes_changed'====== Args={}
2021-03-18 20:17:54,510 : INFO : EventManager : Event: ======'mode_base_started'====== Args={'player': 1, 'ball': 1, 'balls_remaining': 2, 'is_extra_ball': False}
2021-03-18 20:17:54,511 : INFO : EventManager : Event: ======'single_player_ball_started'====== Args={}
2021-03-18 20:17:54,513 : INFO : ball_device.bd_trough : Setting up player-controlled eject. Balls: 1, Target: <playfield.playfield>, player_controlled_eject_event: None
2021-03-18 20:17:54,513 : INFO : ball_device.bd_trough : Adding 1 ball(s) to the eject_queue with target <playfield.playfield>.
2021-03-18 20:17:54,513 : INFO : EventManager : Event: ======'balldevice_balls_available'====== Args={}
2021-03-18 20:17:54,514 : INFO : ball_device.bd_trough : State: waiting_for_target_ready
2021-03-18 20:17:54,514 : INFO : EventManager : Event: ======'balldevice_bd_trough_ball_eject_attempt'====== Args={'balls': 1, 'target': <playfield.playfield>, 'source': <ball_device.bd_trough>, 'mechanical_eject': False, 'num_attempts': 0}
2021-03-18 20:17:54,514 : INFO : ball_device.bd_trough : State: ejecting
2021-03-18 20:17:54,514 : INFO : ball_device.bd_trough : Ejecting ball to <playfield.playfield>
2021-03-18 20:17:54,515 : INFO : EventManager : Event: ======'balldevice_bd_trough_ejecting_ball'====== Args={'balls': 1, 'target': <playfield.playfield>, 'source': <ball_device.bd_trough>, 'mechanical_eject': False, 'num_attempts': 0}
2021-03-18 20:17:54,515 : INFO : ball_device.bd_trough : Wait for ball to leave device
2021-03-18 20:17:54,516 : INFO : coil.c_trough_eject : Pulsing Driver for 10ms (1.0 pulse_power)
2021-03-18 20:17:54,542 : INFO : EventManager : Event: ======'slide_base.slide_player-mode_base_started_created'====== Args={'_from_bcp': True}
2021-03-18 20:17:54,548 : INFO : EventManager : Event: ======'slide_base.slide_player-mode_base_started_active'====== Args={'_from_bcp': True}
2021-03-18 20:18:03,513 : INFO : SwitchController : <<<<<<< 's_trough1' inactive >>>>>>>
2021-03-18 20:18:03,514 : INFO : ball_device.bd_trough : State: ball_left
2021-03-18 20:18:03,514 : INFO : ball_device.bd_trough : Ball left
2021-03-18 20:18:03,515 : INFO : ball_device.bd_trough : Wait for confirm with timeout 10.0
2021-03-18 20:18:06,952 : INFO : SwitchController : <<<<<<< 's_right_inlane' inactive >>>>>>>
2021-03-18 20:18:08,646 : INFO : SwitchController : <<<<<<< 's_right_inlane' active >>>>>>>
2021-03-18 20:18:08,646 : INFO : EventManager : Event: ======'sw_playfield_active'====== Args={}
2021-03-18 20:18:08,647 : INFO : EventManager : Event: ======'machine_var_audits_switches_s_right_inlane'====== Args={'value': 3, 'prev_value': 2, 'change': 1}
2021-03-18 20:18:08,647 : INFO : EventManager : Event: ======'playfield_active'====== Args={}
2021-03-18 20:18:08,652 : INFO : ball_device.bd_trough : Got eject confirm
2021-03-18 20:18:08,652 : INFO : ball_device.bd_trough : Eject successful
2021-03-18 20:18:08,652 : INFO : EventManager : Event: ======'balldevice_bd_trough_ball_eject_success'====== Args={'balls': 1, 'target': <playfield.playfield>}
2021-03-18 20:18:08,652 : INFO : EventManager : Event: ======'balldevice_playfield_ball_enter'====== Args={'new_balls': 1, 'unclaimed_balls': 1, 'device': <playfield.playfield>}
2021-03-18 20:18:08,653 : INFO : EventManager : Event: ======'playfield_ball_count_change'====== Args={'balls': 1, 'change': 1}
2021-03-18 20:18:08,653 : INFO : EventManager : Event: ======'balldevice_bd_trough_ball_count_changed'====== Args={'balls': 0}
2021-03-18 20:18:08,653 : INFO : ball_device.bd_trough : State: idle
2021-03-18 20:18:17,951 : INFO : SwitchController : <<<<<<< 's_right_flipper' active >>>>>>>
2021-03-18 20:18:17,952 : INFO : EventManager : Event: ======'machine_var_audits_switches_s_right_flipper'====== Args={'value': 4, 'prev_value': 3, 'change': 1}
2021-03-18 20:18:18,038 : INFO : SwitchController : <<<<<<< 's_right_flipper' inactive >>>>>>>
2021-03-18 20:18:18,211 : INFO : SwitchController : <<<<<<< 's_right_flipper' active >>>>>>>
2021-03-18 20:18:18,212 : INFO : EventManager : Event: ======'machine_var_audits_switches_s_right_flipper'====== Args={'value': 5, 'prev_value': 4, 'change': 1}
2021-03-18 20:18:18,288 : INFO : SwitchController : <<<<<<< 's_right_flipper' inactive >>>>>>>
2021-03-18 20:18:18,578 : INFO : SwitchController : <<<<<<< 's_right_flipper' active >>>>>>>
2021-03-18 20:18:18,578 : INFO : EventManager : Event: ======'machine_var_audits_switches_s_right_flipper'====== Args={'value': 6, 'prev_value': 5, 'change': 1}
2021-03-18 20:18:18,677 : INFO : SwitchController : <<<<<<< 's_right_flipper' inactive >>>>>>>
2021-03-18 20:18:20,920 : INFO : SwitchController : <<<<<<< 's_right_slingshot' active >>>>>>>
2021-03-18 20:18:20,920 : INFO : EventManager : Event: ======'machine_var_audits_switches_s_right_slingshot'====== Args={'value': 4, 'prev_value': 3, 'change': 1}
2021-03-18 20:18:20,932 : INFO : SwitchController : <<<<<<< 's_right_slingshot' inactive >>>>>>>
2021-03-18 20:18:20,943 : INFO : SwitchController : <<<<<<< 's_right_slingshot' active >>>>>>>
2021-03-18 20:18:20,944 : INFO : EventManager : Event: ======'machine_var_audits_switches_s_right_slingshot'====== Args={'value': 5, 'prev_value': 4, 'change': 1}
2021-03-18 20:18:21,030 : INFO : SwitchController : <<<<<<< 's_right_slingshot' inactive >>>>>>>
2021-03-18 20:18:21,170 : INFO : SwitchController : <<<<<<< 's_right_slingshot' active >>>>>>>
2021-03-18 20:18:21,171 : INFO : EventManager : Event: ======'machine_var_audits_switches_s_right_slingshot'====== Args={'value': 6, 'prev_value': 5, 'change': 1}
2021-03-18 20:18:21,182 : INFO : SwitchController : <<<<<<< 's_right_slingshot' inactive >>>>>>>
2021-03-18 20:18:21,398 : INFO : SwitchController : <<<<<<< 's_right_slingshot' active >>>>>>>
2021-03-18 20:18:21,398 : INFO : EventManager : Event: ======'machine_var_audits_switches_s_right_slingshot'====== Args={'value': 7, 'prev_value': 6, 'change': 1}
2021-03-18 20:18:21,410 : INFO : SwitchController : <<<<<<< 's_right_slingshot' inactive >>>>>>>
2021-03-18 20:18:21,443 : WARNING : SwitchController : Received duplicate switch state 0 for switch s_right_slingshot from the platform interface. Log Code: Log-SwitchController-1 (https://docs.missionpinball.org/en/0.54/logs/Log-SwitchController-1.html)
2021-03-18 20:18:21,646 : INFO : SwitchController : <<<<<<< 's_right_slingshot' active >>>>>>>
2021-03-18 20:18:21,646 : INFO : EventManager : Event: ======'machine_var_audits_switches_s_right_slingshot'====== Args={'value': 8, 'prev_value': 7, 'change': 1}
2021-03-18 20:18:21,647 : INFO : SwitchController : <<<<<<< 's_right_slingshot' inactive >>>>>>>
2021-03-18 20:18:30,089 : INFO : SwitchController : <<<<<<< 's_right_inlane' inactive >>>>>>>
2021-03-18 20:18:35,429 : INFO : Machine : Shutting down...
2021-03-18 20:18:35,429 : INFO : EventManager : Event: ======'shutdown'====== Args={}
2021-03-18 20:18:35,433 : INFO : root : MPF run loop ended.
