2021-03-18 18:08:00,784 : kivy : Factory: 184 symbols loaded
2021-03-18 18:08:01,011 : kivy : ImageLoaderFFPy: Using ffpyplayer 4.3.1
2021-03-18 18:08:01,013 : kivy : Image: Providers: img_tex, img_dds, img_sdl2, img_pil, img_ffpyplayer, img_gif 
2021-03-18 18:08:01,090 : kivy : VideoGstplayer: Using Gstreamer 1.16.0.0
2021-03-18 18:08:01,090 : kivy : Video: Provider: gstplayer
2021-03-18 18:08:01,165 : kivy : Loading MPF-MC controller
2021-03-18 18:08:01,170 : YamlMultifileConfigLoader : Machine config file #1: config
2021-03-18 18:08:01,170 : ConfigProcessor : Config file in cache changed: C:\Users\Noah\work\Andy Cavatorta\pinball\notes\MPF\noahgame_02\config\config
2021-03-18 18:08:01,171 : ConfigProcessor : Loading config from file c:\users\noah\mpfenv\lib\site-packages\mpfmc\mcconfig.yaml.
2021-03-18 18:08:01,221 : ConfigProcessor : Loading config: c:\users\noah\mpfenv\lib\site-packages\mpfmc\mcconfig.yaml
2021-03-18 18:08:01,222 : ConfigProcessor : Loading config from file C:\Users\Noah\work\Andy Cavatorta\pinball\notes\MPF\noahgame_02\config\config.
2021-03-18 18:08:01,259 : ConfigProcessor : Loading config: C:\Users\Noah\work\Andy Cavatorta\pinball\notes\MPF\noahgame_02\config\config
2021-03-18 18:08:01,262 : ConfigProcessor : Config file cache created: C:\Users\Noah\AppData\Local\Temp\13e1228f6bf8ea03affe51e56cb3543a.mpf_cache
2021-03-18 18:08:01,262 : ConfigProcessor : Loading config from cache: C:\Users\Noah\AppData\Local\Temp\74774f186c18434d8d39d0d4b0a3afeb.mpf_cache
2021-03-18 18:08:01,263 : ConfigProcessor : Loading config from cache: C:\Users\Noah\AppData\Local\Temp\a7eac71e9da1e9cfd4db34c71351dbda.mpf_cache
2021-03-18 18:08:01,264 : mpfmc : Mission Pinball Framework Media Controller v0.54.0
2021-03-18 18:08:01,265 : mpfmc : Mission Pinball Framework Game Engine v0.54.6
2021-03-18 18:08:01,265 : mpfmc : Machine path: C:\Users\Noah\work\Andy Cavatorta\pinball\notes\MPF\noahgame_02
2021-03-18 18:08:01,265 : mpfmc : Starting clock at 60.0Hz
2021-03-18 18:08:01,304 : kivy : Text: Provider: sdl2
2021-03-18 18:08:01,358 : kivy : Window: Provider: sdl2
2021-03-18 18:08:01,510 : kivy : GL: Using the "OpenGL" graphics system
2021-03-18 18:08:01,511 : kivy : GL: GLEW initialization succeeded
2021-03-18 18:08:01,511 : kivy : GL: Backend used <glew>
2021-03-18 18:08:01,511 : kivy : GL: OpenGL version <b'4.4.0 - Build 20.19.15.4835'>
2021-03-18 18:08:01,513 : kivy : GL: OpenGL vendor <b'Intel'>
2021-03-18 18:08:01,513 : kivy : GL: OpenGL renderer <b'Intel(R) HD Graphics 5500'>
2021-03-18 18:08:01,513 : kivy : GL: OpenGL parsed version: 4, 4
2021-03-18 18:08:01,514 : kivy : GL: Shading version <b'4.40 - Build 20.19.15.4835'>
2021-03-18 18:08:01,514 : kivy : GL: Texture max size <16384>
2021-03-18 18:08:01,514 : kivy : GL: Texture max units <32>
2021-03-18 18:08:01,549 : kivy : Window: auto add sdl2 input provider
2021-03-18 18:08:01,551 : kivy : Window: virtual keyboard not allowed, single mode, not docked
2021-03-18 18:08:01,567 : SoundSystem : SoundSystem: Using default 'sound_system' settings
2021-03-18 18:08:02,003 : AudioInterface : Initialized
2021-03-18 18:08:02,004 : SoundSystem : No audio tracks are specified in your machine config file. a track named 'default' has been created.
2021-03-18 18:08:02,007 : kivy : Base: Start application main loop
2021-03-18 18:08:02,008 : EventManager : Event: ======'display_window_initialized'====== Args={}
2021-03-18 18:08:02,027 : mpfmc : Display: Setting 'window' as default display
2021-03-18 18:08:02,039 : EventManager : Event: ======'displays_initialized'====== Args={}
2021-03-18 18:08:02,041 : EventManager : Event: ======'slide_window_blank_created'====== Args={}
2021-03-18 18:08:02,041 : EventManager : Event: ======'display_window_ready'====== Args={}
2021-03-18 18:08:02,054 : EventManager : Event: ======'init_phase_1'====== Args={}
2021-03-18 18:08:02,059 : EventManager : Event: ======'mc_ready'====== Args={}
2021-03-18 18:08:02,059 : EventManager : Event: ======'init_phase_2'====== Args={}
2021-03-18 18:08:02,062 : EventManager : Event: ======'init_phase_3'====== Args={}
2021-03-18 18:08:02,064 : EventManager : Event: ======'init_phase_4'====== Args={}
2021-03-18 18:08:02,064 : EventManager : Event: ======'init_phase_5'====== Args={}
2021-03-18 18:08:02,064 : EventManager : Event: ======'init_done'====== Args={}
2021-03-18 18:08:02,065 : MPF-MC BCP Server : Starting up on localhost port 5050
2021-03-18 18:08:02,069 : MPF-MC BCP Server : Waiting for a connection...
2021-03-18 18:08:02,069 : mpfmc : SlidePlayer: Play called with settings={'slides': {welcome_slide-None-None: {'priority': None, 'target': None, 'background_color': [0.0, 0.0, 0.0, 1.0], 'show': True, 'force': False, 'expire': None, 'slide': None, 'tokens': {}, 'action': 'play', 'transition': None, 'transition_out': None}}}
2021-03-18 18:08:02,075 : kivy : GL: NPOT texture support is available
2021-03-18 18:08:02,078 : EventManager : Event: ======'slide_welcome_slide_created'====== Args={}
2021-03-18 18:08:02,083 : EventManager : Event: ======'slide_welcome_slide_active'====== Args={}
2021-03-18 18:08:02,092 : EventManager : Event: ======'client_disconnected'====== Args={'host': '127.0.0.1', 'port': 5050}
2021-03-18 18:08:03,095 : MPF-MC BCP Server : Received connection from: 127.0.0.1:65262
2021-03-18 18:08:03,104 : EventManager : Event: ======'client_connected'====== Args={'host': '127.0.0.1', 'port': 65262}
2021-03-18 18:08:03,117 : EventManager : Event: ======'machine_var_p_roc_version'====== Args={'value': 2, 'prev_value': None, 'change': True}
2021-03-18 18:08:03,117 : EventManager : Event: ======'machine_var_p_roc_revision'====== Args={'value': 6, 'prev_value': None, 'change': True}
2021-03-18 18:08:03,117 : EventManager : Event: ======'machine_var_p_roc_hardware_version'====== Args={'value': 1, 'prev_value': None, 'change': True}
2021-03-18 18:08:03,118 : EventManager : Event: ======'machine_var_credits_string'====== Args={'value': 'FREE PLAY', 'prev_value': None, 'change': True}
2021-03-18 18:08:03,118 : EventManager : Event: ======'machine_var_mpf_version'====== Args={'value': 'MPF v0.54.6', 'prev_value': None, 'change': True}
2021-03-18 18:08:03,118 : EventManager : Event: ======'machine_var_mpf_extended_version'====== Args={'value': 'MPF v0.54.6, Config version:5, Show version: 5, BCP version:1.1', 'prev_value': None, 'change': True}
2021-03-18 18:08:03,119 : EventManager : Event: ======'machine_var_python_version'====== Args={'value': '3.7.9', 'prev_value': None, 'change': True}
2021-03-18 18:08:03,119 : EventManager : Event: ======'machine_var_platform'====== Args={'value': 'Windows-10-10.0.19041-SP0', 'prev_value': None, 'change': True}
2021-03-18 18:08:03,120 : EventManager : Event: ======'machine_var_platform_system'====== Args={'value': 'Windows', 'prev_value': None, 'change': True}
2021-03-18 18:08:03,120 : EventManager : Event: ======'machine_var_platform_release'====== Args={'value': '10', 'prev_value': None, 'change': True}
2021-03-18 18:08:03,120 : EventManager : Event: ======'machine_var_platform_version'====== Args={'value': '10.0.19041', 'prev_value': None, 'change': True}
2021-03-18 18:08:03,121 : EventManager : Event: ======'machine_var_platform_machine'====== Args={'value': 'AMD64', 'prev_value': None, 'change': True}
2021-03-18 18:08:03,121 : EventManager : Event: ======'machine_var_mc_version'====== Args={'value': 'MPF-MC v0.54.0', 'prev_value': None, 'change': True}
2021-03-18 18:08:03,121 : EventManager : Event: ======'machine_var_mc_extended_version'====== Args={'value': 'MPF-MC v0.54.0 (config_version=5, BCP v1.1, Requires MPF v0.54.0)', 'prev_value': None, 'change': True}
2021-03-18 18:08:03,122 : EventManager : Event: ======'machine_var_master_volume'====== Args={'value': 0.5, 'prev_value': None, 'change': True}
2021-03-18 18:08:03,122 : EventManager : Event: ======'machine_var_audits_switches_s_start'====== Args={'value': 0, 'prev_value': None, 'change': True}
2021-03-18 18:08:03,122 : EventManager : Event: ======'machine_var_audits_switches_s_right_inlane'====== Args={'value': 0, 'prev_value': None, 'change': True}
2021-03-18 18:08:03,123 : EventManager : Event: ======'machine_var_audits_switches_s_left_flipper'====== Args={'value': 0, 'prev_value': None, 'change': True}
2021-03-18 18:08:03,123 : EventManager : Event: ======'machine_var_audits_switches_s_right_flipper'====== Args={'value': 0, 'prev_value': None, 'change': True}
2021-03-18 18:08:03,123 : EventManager : Event: ======'machine_var_audits_switches_s_left_slingshot'====== Args={'value': 0, 'prev_value': None, 'change': True}
2021-03-18 18:08:03,123 : EventManager : Event: ======'machine_var_audits_switches_s_right_slingshot'====== Args={'value': 0, 'prev_value': None, 'change': True}
2021-03-18 18:08:03,123 : EventManager : Event: ======'machine_var_audits_switches_s_drop_target'====== Args={'value': 0, 'prev_value': None, 'change': True}
2021-03-18 18:08:03,123 : EventManager : Event: ======'slides_play'====== Args={'settings': {'welcome_slide': {'target': None, 'background_color': [0.0, 0.0, 0.0, 1.0], 'priority': None, 'show': True, 'force': False, 'expire': None, 'slide': None, 'tokens': {}, 'action': 'play'}}, 'context': '_global', 'calling_context': 'init_done', 'priority': 0}
2021-03-18 18:08:03,124 : EventManager : Event: ======'mc_reset_phase_1'====== Args={}
2021-03-18 18:08:03,126 : mpfmc : SlidePlayer: Play called with settings={'welcome_slide': {'target': None, 'background_color': [0.0, 0.0, 0.0, 1.0], 'priority': None, 'show': True, 'force': False, 'expire': None, 'slide': None, 'tokens': {}, 'action': 'play'}}
2021-03-18 18:08:03,127 : EventManager : Event: ======'slide_welcome_slide_removed'====== Args={}
2021-03-18 18:08:03,132 : EventManager : Event: ======'slide_welcome_slide_created'====== Args={}
2021-03-18 18:08:03,133 : EventManager : Event: ======'mc_reset_phase_2'====== Args={}
2021-03-18 18:08:03,133 : EventManager : Event: ======'mc_reset_phase_3'====== Args={}
2021-03-18 18:08:03,133 : EventManager : Event: ======'mc_reset_complete'====== Args={}
2021-03-18 18:08:03,134 : EventManager : Event: ======'slide_welcome_slide_active'====== Args={}
2021-03-18 18:08:03,156 : EventManager : Event: ======'slides_play'====== Args={'settings': {'attract_started': {'target': None, 'background_color': [0.0, 0.0, 0.0, 1.0], 'priority': None, 'show': True, 'force': False, 'expire': None, 'slide': None, 'tokens': {}, 'action': 'play'}}, 'context': '_global', 'calling_context': 'mode_attract_started', 'priority': 0}
2021-03-18 18:08:03,156 : mpfmc : SlidePlayer: Play called with settings={'attract_started': {'target': None, 'background_color': [0.0, 0.0, 0.0, 1.0], 'priority': None, 'show': True, 'force': False, 'expire': None, 'slide': None, 'tokens': {}, 'action': 'play'}}
2021-03-18 18:08:03,163 : EventManager : Event: ======'slide_attract_started_created'====== Args={}
2021-03-18 18:08:03,164 : EventManager : Event: ======'slide_attract_started_active'====== Args={}
2021-03-18 18:59:09,901 : mpfmc : Stopping...
2021-03-18 18:59:09,937 : EventManager : Event: ======'shutdown'====== Args={}
2021-03-18 18:59:10,074 : mpfmc : Loop rate 78.61 Hz
2021-03-18 18:59:10,075 : kivy : Base: Leaving application in progress...
2021-03-18 18:59:10,090 : kivy : WindowSDL: exiting mainloop and closing.
2021-03-18 18:59:10,142 : mpfmc : Stopping...
2021-03-18 18:59:10,143 : EventManager : Event: ======'shutdown'====== Args={}
2021-03-18 18:59:10,143 : mpfmc : Loop rate 78.61 Hz
2021-03-18 18:59:10,144 : kivy : MC run loop ended.
2021-03-18 18:59:10,144 : kivy : Stopping child threads... (2 remaining)
2021-03-18 18:59:10,676 : MPF-MC BCP Server : Stopping BCP sending thread
2021-03-18 18:59:10,759 : kivy : All child threads stopped.
