2021-03-18 21:11:48,196 : INFO : root : Loading config.
2021-03-18 21:11:48,204 : INFO : YamlMultifileConfigLoader : Machine config file #1: config.yaml
2021-03-18 21:11:48,205 : INFO : ConfigProcessor : Loading config from cache: C:\Users\Noah\AppData\Local\Temp\d1f6a309ab2e3c3e66b0fef93f7a960f.mpf_cache
2021-03-18 21:11:48,341 : WARNING : ConfigProcessor : Config file in cache changed: C:\Users\Noah\work\Andy Cavatorta\pinball\notes\MPF\noahgame_02\modes\attract\config\attract.yaml
2021-03-18 21:11:48,342 : INFO : ConfigProcessor : Loading config from file c:\users\noah\mpfenv\lib\site-packages\mpf\modes\attract\config\attract.yaml.
2021-03-18 21:11:48,349 : INFO : ConfigProcessor : Loading config: c:\users\noah\mpfenv\lib\site-packages\mpf\modes\attract\config\attract.yaml
2021-03-18 21:11:48,350 : INFO : ConfigProcessor : Loading config from file C:\Users\Noah\work\Andy Cavatorta\pinball\notes\MPF\noahgame_02\modes\attract\config\attract.yaml.
2021-03-18 21:11:48,355 : INFO : ConfigProcessor : Loading config: C:\Users\Noah\work\Andy Cavatorta\pinball\notes\MPF\noahgame_02\modes\attract\config\attract.yaml
2021-03-18 21:11:48,356 : INFO : ConfigProcessor : Config file cache created: C:\Users\Noah\AppData\Local\Temp\98acf0898e619a6798c45a0e5cbb339b.mpf_cache
2021-03-18 21:11:48,358 : INFO : ConfigProcessor : Loading config from cache: C:\Users\Noah\AppData\Local\Temp\a7eac71e9da1e9cfd4db34c71351dbda.mpf_cache
2021-03-18 21:11:48,359 : INFO : ConfigProcessor : Loading config from cache: C:\Users\Noah\AppData\Local\Temp\c6adbc38c235400b65ae43d7099eba05.mpf_cache
2021-03-18 21:11:48,360 : INFO : ConfigProcessor : Loading config from cache: C:\Users\Noah\AppData\Local\Temp\9689abd61e57da3f8bc074c7a88f2b77.mpf_cache
2021-03-18 21:11:48,361 : WARNING : ConfigProcessor : Config file in cache changed: C:\Users\Noah\work\Andy Cavatorta\pinball\notes\MPF\noahgame_02\modes\attract\shows\.\attract_light_show.yaml
2021-03-18 21:11:48,362 : INFO : ConfigProcessor : Loading config from file C:\Users\Noah\work\Andy Cavatorta\pinball\notes\MPF\noahgame_02\modes\attract\shows\.\attract_light_show.yaml.
2021-03-18 21:11:48,371 : INFO : ConfigProcessor : Loading config: C:\Users\Noah\work\Andy Cavatorta\pinball\notes\MPF\noahgame_02\modes\attract\shows\.\attract_light_show.yaml
2021-03-18 21:11:48,372 : INFO : ConfigProcessor : Config file cache created: C:\Users\Noah\AppData\Local\Temp\06881332f8a9c1e11264544d2c255f98.mpf_cache
2021-03-18 21:11:48,373 : INFO : Machine : Mission Pinball Framework Core Engine v0.54.6
2021-03-18 21:11:48,373 : INFO : Machine : Command line arguments: {'no_load_cache': False, 'create_config_cache': True, 'bcp': True, 'configfile': ['config.yaml'], 'force_assets_load': False, 'jsonlogging': False, 'logfile': 'logs\\2021-03-18-21-11-48-mpf-DESKTOP-VL0THH1.log', 'pause': False, 'production': False, 'text_ui': False, 'loglevel': 15, 'consoleloglevel': 20, 'force_platform': None, 'syslog_address': None, 'mc_file_name': None, 'no_sound': False}
2021-03-18 21:11:48,374 : INFO : Machine : MPF path: c:\users\noah\mpfenv\lib\site-packages\mpf
2021-03-18 21:11:48,374 : INFO : Machine : Machine path: C:\Users\Noah\work\Andy Cavatorta\pinball\notes\MPF\noahgame_02
2021-03-18 21:11:48,374 : INFO : Machine : Platform: win32
2021-03-18 21:11:48,374 : INFO : Machine : Python executable location: c:\users\noah\mpfenv\scripts\python.exe
2021-03-18 21:11:48,374 : INFO : Machine : Python version: 3.7.9 (64-bit)
2021-03-18 21:11:48,378 : INFO : Machine : Initialise MPF.
2021-03-18 21:11:48,522 : INFO : P-Roc : Connecting to P-ROC
2021-03-18 21:11:48,726 : INFO : P-Roc : Successfully connected to P-ROC/P3-ROC. Firmware Version: 2. Firmware Revision: 6. Hardware Board ID: 1
2021-03-18 21:11:48,726 : WARNING : P-Roc : Consider upgrading the firmware of your P/P3-Roc to at least 2.14. Your version contains known bugs.
2021-03-18 21:11:48,794 : INFO : EventManager : Event: ======'machine_var_p_roc_version'====== Args={'value': 2, 'prev_value': None, 'change': True}
2021-03-18 21:11:48,794 : INFO : EventManager : Event: ======'machine_var_p_roc_revision'====== Args={'value': 6, 'prev_value': None, 'change': True}
2021-03-18 21:11:48,794 : INFO : EventManager : Event: ======'machine_var_p_roc_hardware_version'====== Args={'value': 1, 'prev_value': None, 'change': True}
2021-03-18 21:11:48,795 : INFO : EventManager : Event: ======'machine_var_credits_string'====== Args={'value': 'FREE PLAY', 'prev_value': None, 'change': True}
2021-03-18 21:11:48,899 : INFO : EventManager : Event: ======'machine_var_mpf_version'====== Args={'value': 'MPF v0.54.6', 'prev_value': None, 'change': True}
2021-03-18 21:11:48,899 : INFO : EventManager : Event: ======'machine_var_mpf_extended_version'====== Args={'value': 'MPF v0.54.6, Config version:5, Show version: 5, BCP version:1.1', 'prev_value': None, 'change': True}
2021-03-18 21:11:48,899 : INFO : EventManager : Event: ======'machine_var_python_version'====== Args={'value': '3.7.9', 'prev_value': None, 'change': True}
2021-03-18 21:11:48,900 : INFO : EventManager : Event: ======'machine_var_platform'====== Args={'value': 'Windows-10-10.0.19041-SP0', 'prev_value': None, 'change': True}
2021-03-18 21:11:48,900 : INFO : EventManager : Event: ======'machine_var_platform_system'====== Args={'value': 'Windows', 'prev_value': None, 'change': True}
2021-03-18 21:11:48,900 : INFO : EventManager : Event: ======'machine_var_platform_release'====== Args={'value': '10', 'prev_value': None, 'change': True}
2021-03-18 21:11:48,900 : INFO : EventManager : Event: ======'machine_var_platform_version'====== Args={'value': '10.0.19041', 'prev_value': None, 'change': True}
2021-03-18 21:11:48,900 : INFO : EventManager : Event: ======'machine_var_platform_machine'====== Args={'value': 'AMD64', 'prev_value': None, 'change': True}
2021-03-18 21:11:48,900 : INFO : EventManager : Event: ======'init_phase_1'====== Args={}
2021-03-18 21:11:48,944 : INFO : EventManager : Event: ======'drop_target_bank_noah_up'====== Args={}
2021-03-18 21:11:48,949 : INFO : EventManager : Event: ======'init_phase_2'====== Args={}
2021-03-18 21:11:48,974 : INFO : SwitchController : Found active switch: (6, <Platform.P3-ROC>) <switch.s_right_inlane>
2021-03-18 21:11:48,974 : INFO : SwitchController : Found active switch: (15, <Platform.P3-ROC>) <switch.s_trough1>
2021-03-18 21:11:48,979 : INFO : EventManager : Event: ======'bcp_connection_attempt'====== Args={'name': 'local_display', 'host': 'localhost', 'port': 5050}
2021-03-18 21:11:48,981 : INFO : BCPClientSocket : Connecting BCP to 'local_display' at localhost:5050...
2021-03-18 21:11:50,998 : INFO : BCPClientSocket : Connected BCP to 'local_display' localhost:5050
2021-03-18 21:11:50,998 : INFO : EventManager : Event: ======'bcp_clients_connected'====== Args={}
2021-03-18 21:11:50,999 : INFO : ball_device.bd_trough : State: idle
2021-03-18 21:11:51,016 : INFO : EventManager : Event: ======'init_phase_3'====== Args={}
2021-03-18 21:11:51,027 : INFO : EventManager : Event: ======'machine_var_mc_version'====== Args={'value': 'MPF-MC v0.54.0', 'prev_value': None, 'change': True}
2021-03-18 21:11:51,028 : INFO : EventManager : Event: ======'machine_var_mc_extended_version'====== Args={'value': 'MPF-MC v0.54.0 (config_version=5, BCP v1.1, Requires MPF v0.54.0)', 'prev_value': None, 'change': True}
2021-03-18 21:11:51,032 : INFO : EventManager : Event: ======'machine_var_master_volume'====== Args={'value': 0.5, 'prev_value': None, 'change': True}
2021-03-18 21:11:51,033 : INFO : EventManager : Event: ======'init_phase_4'====== Args={}
2021-03-18 21:11:51,035 : INFO : BallController : Initial balls found: 1
2021-03-18 21:11:51,036 : INFO : EventManager : Event: ======'machine_var_audits_switches_s_drop_target'====== Args={'value': 0, 'prev_value': None, 'change': True}
2021-03-18 21:11:51,037 : INFO : EventManager : Event: ======'machine_var_audits_switches_s_left_flipper'====== Args={'value': 4, 'prev_value': None, 'change': True}
2021-03-18 21:11:51,037 : INFO : EventManager : Event: ======'machine_var_audits_switches_s_left_slingshot'====== Args={'value': 2, 'prev_value': None, 'change': True}
2021-03-18 21:11:51,038 : INFO : EventManager : Event: ======'machine_var_audits_switches_s_right_flipper'====== Args={'value': 11, 'prev_value': None, 'change': True}
2021-03-18 21:11:51,038 : INFO : EventManager : Event: ======'machine_var_audits_switches_s_right_inlane'====== Args={'value': 7, 'prev_value': None, 'change': True}
2021-03-18 21:11:51,039 : INFO : EventManager : Event: ======'machine_var_audits_switches_s_right_slingshot'====== Args={'value': 15, 'prev_value': None, 'change': True}
2021-03-18 21:11:51,039 : INFO : EventManager : Event: ======'machine_var_audits_switches_s_start'====== Args={'value': 7, 'prev_value': None, 'change': True}
2021-03-18 21:11:51,040 : INFO : EventManager : Event: ======'machine_var_audits_switches_s_trough1'====== Args={'value': 4, 'prev_value': None, 'change': True}
2021-03-18 21:11:51,040 : INFO : EventManager : Event: ======'init_phase_5'====== Args={}
2021-03-18 21:11:51,041 : INFO : EventManager : Event: ======'init_done'====== Args={}
2021-03-18 21:11:51,042 : INFO : EventManager : Event: ======'machine_reset_phase_1'====== Args={}
2021-03-18 21:11:51,074 : INFO : EventManager : Event: ======'slide_welcome_slide_removed'====== Args={'_from_bcp': True}
2021-03-18 21:11:51,079 : INFO : EventManager : Event: ======'slide_welcome_slide_created'====== Args={'_from_bcp': True}
2021-03-18 21:11:51,084 : INFO : EventManager : Event: ======'slide_welcome_slide_active'====== Args={'_from_bcp': True}
2021-03-18 21:11:51,085 : INFO : EventManager : Event: ======'machine_reset_phase_2'====== Args={}
2021-03-18 21:11:51,086 : INFO : EventManager : Event: ======'machine_reset_phase_3'====== Args={}
2021-03-18 21:11:51,086 : INFO : drop_target_bank.noah : All targets are already up. Will not reset bank.
2021-03-18 21:11:51,092 : INFO : EventManager : Event: ======'reset_complete'====== Args={}
2021-03-18 21:11:51,092 : INFO : EventManager : Event: ======'mode_attract_will_start'====== Args={}
2021-03-18 21:11:51,093 : INFO : EventManager : Event: ======'mode_attract_starting'====== Args={}
2021-03-18 21:11:51,094 : INFO : Mode.attract : Started. Priority: 10
2021-03-18 21:11:51,094 : INFO : EventManager : Event: ======'modes_active_modes_changed'====== Args={}
2021-03-18 21:11:51,094 : INFO : EventManager : Event: ======'mode_attract_started'====== Args={}
2021-03-18 21:11:51,095 : INFO : EventManager : Event: ======'collecting_balls_complete'====== Args={}
2021-03-18 21:11:51,097 : INFO : Machine : Starting the main run loop.
2021-03-18 21:21:15,533 : INFO : Machine : Shutting down...
2021-03-18 21:21:15,533 : INFO : EventManager : Event: ======'shutdown'====== Args={}
2021-03-18 21:21:15,541 : INFO : root : MPF run loop ended.
