2021-03-19 12:53:42,456 : INFO : root : Loading config.
2021-03-19 12:53:42,463 : INFO : YamlMultifileConfigLoader : Machine config file #1: config.yaml
2021-03-19 12:53:42,464 : INFO : ConfigProcessor : Loading config from cache: C:\Users\Noah\AppData\Local\Temp\d1f6a309ab2e3c3e66b0fef93f7a960f.mpf_cache
2021-03-19 12:53:42,593 : INFO : ConfigProcessor : Loading config from cache: C:\Users\Noah\AppData\Local\Temp\98acf0898e619a6798c45a0e5cbb339b.mpf_cache
2021-03-19 12:53:42,595 : INFO : ConfigProcessor : Loading config from cache: C:\Users\Noah\AppData\Local\Temp\a7eac71e9da1e9cfd4db34c71351dbda.mpf_cache
2021-03-19 12:53:42,596 : INFO : ConfigProcessor : Loading config from cache: C:\Users\Noah\AppData\Local\Temp\c6adbc38c235400b65ae43d7099eba05.mpf_cache
2021-03-19 12:53:42,597 : INFO : ConfigProcessor : Loading config from cache: C:\Users\Noah\AppData\Local\Temp\9689abd61e57da3f8bc074c7a88f2b77.mpf_cache
2021-03-19 12:53:42,598 : INFO : ConfigProcessor : Loading config from cache: C:\Users\Noah\AppData\Local\Temp\06881332f8a9c1e11264544d2c255f98.mpf_cache
2021-03-19 12:53:42,599 : INFO : Machine : Mission Pinball Framework Core Engine v0.54.6
2021-03-19 12:53:42,599 : INFO : Machine : Command line arguments: {'no_load_cache': False, 'create_config_cache': True, 'bcp': True, 'configfile': ['config.yaml'], 'force_assets_load': False, 'jsonlogging': False, 'logfile': 'logs\\2021-03-19-12-53-42-mpf-DESKTOP-VL0THH1.log', 'pause': False, 'production': False, 'text_ui': False, 'loglevel': 15, 'consoleloglevel': 20, 'force_platform': None, 'syslog_address': None, 'mc_file_name': None, 'no_sound': False}
2021-03-19 12:53:42,600 : INFO : Machine : MPF path: c:\users\noah\mpfenv\lib\site-packages\mpf
2021-03-19 12:53:42,600 : INFO : Machine : Machine path: C:\Users\Noah\work\Andy Cavatorta\pinball\notes\MPF\noahgame_02
2021-03-19 12:53:42,600 : INFO : Machine : Platform: win32
2021-03-19 12:53:42,600 : INFO : Machine : Python executable location: c:\users\noah\mpfenv\scripts\python.exe
2021-03-19 12:53:42,600 : INFO : Machine : Python version: 3.7.9 (64-bit)
2021-03-19 12:53:42,603 : INFO : Machine : Initialise MPF.
2021-03-19 12:53:42,735 : INFO : P-Roc : Connecting to P-ROC
2021-03-19 12:53:43,156 : INFO : P-Roc : Successfully connected to P-ROC/P3-ROC. Firmware Version: 2. Firmware Revision: 6. Hardware Board ID: 1
2021-03-19 12:53:43,156 : WARNING : P-Roc : Consider upgrading the firmware of your P/P3-Roc to at least 2.14. Your version contains known bugs.
2021-03-19 12:53:43,220 : INFO : EventManager : Event: ======'machine_var_p_roc_version'====== Args={'value': 2, 'prev_value': None, 'change': True}
2021-03-19 12:53:43,221 : INFO : EventManager : Event: ======'machine_var_p_roc_revision'====== Args={'value': 6, 'prev_value': None, 'change': True}
2021-03-19 12:53:43,221 : INFO : EventManager : Event: ======'machine_var_p_roc_hardware_version'====== Args={'value': 1, 'prev_value': None, 'change': True}
2021-03-19 12:53:43,221 : INFO : EventManager : Event: ======'machine_var_credits_string'====== Args={'value': 'FREE PLAY', 'prev_value': None, 'change': True}
2021-03-19 12:53:43,315 : INFO : EventManager : Event: ======'machine_var_mpf_version'====== Args={'value': 'MPF v0.54.6', 'prev_value': None, 'change': True}
2021-03-19 12:53:43,315 : INFO : EventManager : Event: ======'machine_var_mpf_extended_version'====== Args={'value': 'MPF v0.54.6, Config version:5, Show version: 5, BCP version:1.1', 'prev_value': None, 'change': True}
2021-03-19 12:53:43,315 : INFO : EventManager : Event: ======'machine_var_python_version'====== Args={'value': '3.7.9', 'prev_value': None, 'change': True}
2021-03-19 12:53:43,315 : INFO : EventManager : Event: ======'machine_var_platform'====== Args={'value': 'Windows-10-10.0.19041-SP0', 'prev_value': None, 'change': True}
2021-03-19 12:53:43,316 : INFO : EventManager : Event: ======'machine_var_platform_system'====== Args={'value': 'Windows', 'prev_value': None, 'change': True}
2021-03-19 12:53:43,316 : INFO : EventManager : Event: ======'machine_var_platform_release'====== Args={'value': '10', 'prev_value': None, 'change': True}
2021-03-19 12:53:43,316 : INFO : EventManager : Event: ======'machine_var_platform_version'====== Args={'value': '10.0.19041', 'prev_value': None, 'change': True}
2021-03-19 12:53:43,316 : INFO : EventManager : Event: ======'machine_var_platform_machine'====== Args={'value': 'AMD64', 'prev_value': None, 'change': True}
2021-03-19 12:53:43,316 : INFO : EventManager : Event: ======'init_phase_1'====== Args={}
2021-03-19 12:53:43,357 : INFO : EventManager : Event: ======'drop_target_bank_noah_up'====== Args={}
2021-03-19 12:53:43,361 : INFO : EventManager : Event: ======'init_phase_2'====== Args={}
2021-03-19 12:53:43,384 : INFO : SwitchController : Found active switch: (6, <Platform.P3-ROC>) <switch.s_right_inlane>
2021-03-19 12:53:43,385 : INFO : SwitchController : Found active switch: (15, <Platform.P3-ROC>) <switch.s_trough1>
2021-03-19 12:53:43,392 : INFO : EventManager : Event: ======'bcp_connection_attempt'====== Args={'name': 'local_display', 'host': 'localhost', 'port': 5050}
2021-03-19 12:53:43,393 : INFO : BCPClientSocket : Connecting BCP to 'local_display' at localhost:5050...
2021-03-19 12:53:45,409 : INFO : BCPClientSocket : Connected BCP to 'local_display' localhost:5050
2021-03-19 12:53:45,410 : INFO : EventManager : Event: ======'bcp_clients_connected'====== Args={}
2021-03-19 12:53:45,412 : INFO : ball_device.bd_trough : State: idle
2021-03-19 12:53:45,424 : INFO : EventManager : Event: ======'init_phase_3'====== Args={}
2021-03-19 12:53:45,430 : INFO : EventManager : Event: ======'machine_var_mc_version'====== Args={'value': 'MPF-MC v0.54.0', 'prev_value': None, 'change': True}
2021-03-19 12:53:45,431 : INFO : EventManager : Event: ======'machine_var_mc_extended_version'====== Args={'value': 'MPF-MC v0.54.0 (config_version=5, BCP v1.1, Requires MPF v0.54.0)', 'prev_value': None, 'change': True}
2021-03-19 12:53:45,434 : INFO : EventManager : Event: ======'machine_var_master_volume'====== Args={'value': 0.5, 'prev_value': None, 'change': True}
2021-03-19 12:53:45,434 : INFO : EventManager : Event: ======'init_phase_4'====== Args={}
2021-03-19 12:53:45,434 : INFO : BallController : Initial balls found: 1
2021-03-19 12:53:45,435 : INFO : EventManager : Event: ======'machine_var_audits_switches_s_drop_target'====== Args={'value': 0, 'prev_value': None, 'change': True}
2021-03-19 12:53:45,435 : INFO : EventManager : Event: ======'machine_var_audits_switches_s_left_flipper'====== Args={'value': 4, 'prev_value': None, 'change': True}
2021-03-19 12:53:45,435 : INFO : EventManager : Event: ======'machine_var_audits_switches_s_left_slingshot'====== Args={'value': 2, 'prev_value': None, 'change': True}
2021-03-19 12:53:45,436 : INFO : EventManager : Event: ======'machine_var_audits_switches_s_right_flipper'====== Args={'value': 11, 'prev_value': None, 'change': True}
2021-03-19 12:53:45,436 : INFO : EventManager : Event: ======'machine_var_audits_switches_s_right_inlane'====== Args={'value': 7, 'prev_value': None, 'change': True}
2021-03-19 12:53:45,437 : INFO : EventManager : Event: ======'machine_var_audits_switches_s_right_slingshot'====== Args={'value': 15, 'prev_value': None, 'change': True}
2021-03-19 12:53:45,437 : INFO : EventManager : Event: ======'machine_var_audits_switches_s_start'====== Args={'value': 7, 'prev_value': None, 'change': True}
2021-03-19 12:53:45,437 : INFO : EventManager : Event: ======'machine_var_audits_switches_s_trough1'====== Args={'value': 4, 'prev_value': None, 'change': True}
2021-03-19 12:53:45,438 : INFO : EventManager : Event: ======'init_phase_5'====== Args={}
2021-03-19 12:53:45,439 : INFO : EventManager : Event: ======'init_done'====== Args={}
2021-03-19 12:53:45,440 : INFO : EventManager : Event: ======'machine_reset_phase_1'====== Args={}
2021-03-19 12:53:45,450 : INFO : EventManager : Event: ======'slide_welcome_slide_removed'====== Args={'_from_bcp': True}
2021-03-19 12:53:45,456 : INFO : EventManager : Event: ======'slide_welcome_slide_created'====== Args={'_from_bcp': True}
2021-03-19 12:53:45,458 : INFO : EventManager : Event: ======'slide_welcome_slide_active'====== Args={'_from_bcp': True}
2021-03-19 12:53:45,459 : INFO : EventManager : Event: ======'machine_reset_phase_2'====== Args={}
2021-03-19 12:53:45,459 : INFO : EventManager : Event: ======'machine_reset_phase_3'====== Args={}
2021-03-19 12:53:45,460 : INFO : drop_target_bank.noah : All targets are already up. Will not reset bank.
2021-03-19 12:53:45,468 : INFO : EventManager : Event: ======'reset_complete'====== Args={}
2021-03-19 12:53:45,469 : INFO : EventManager : Event: ======'mode_attract_will_start'====== Args={}
2021-03-19 12:53:45,471 : INFO : EventManager : Event: ======'mode_attract_starting'====== Args={}
2021-03-19 12:53:45,472 : INFO : Mode.attract : Started. Priority: 10
2021-03-19 12:53:45,472 : INFO : EventManager : Event: ======'modes_active_modes_changed'====== Args={}
2021-03-19 12:53:45,472 : INFO : EventManager : Event: ======'mode_attract_started'====== Args={}
2021-03-19 12:53:45,474 : INFO : EventManager : Event: ======'collecting_balls_complete'====== Args={}
2021-03-19 12:53:45,475 : INFO : Machine : Starting the main run loop.
2021-03-19 12:53:45,488 : INFO : EventManager : Event: ======'slide_awesome_slide_created'====== Args={'_from_bcp': True}
2021-03-19 12:53:45,491 : INFO : EventManager : Event: ======'slide_awesome_slide_active'====== Args={'_from_bcp': True}
2021-03-19 12:53:48,486 : INFO : EventManager : Event: ======'slide_press_start_created'====== Args={'_from_bcp': True}
2021-03-19 12:53:48,489 : INFO : EventManager : Event: ======'slide_press_start_active'====== Args={'_from_bcp': True}
2021-03-19 12:53:51,476 : INFO : EventManager : Event: ======'slide_mission_pinball_created'====== Args={'_from_bcp': True}
2021-03-19 12:53:51,479 : INFO : EventManager : Event: ======'slide_mission_pinball_active'====== Args={'_from_bcp': True}
2021-03-19 12:53:52,846 : INFO : SwitchController : <<<<<<< 's_drop_target' active >>>>>>>
2021-03-19 12:53:52,847 : INFO : EventManager : Event: ======'playfield_active'====== Args={}
2021-03-19 12:53:52,847 : INFO : EventManager : Event: ======'unexpected_ball_on_playfield'====== Args={}
2021-03-19 12:53:52,847 : INFO : EventManager : Event: ======'drop_target_d_drop_target_down'====== Args={'device': <drop_target.d_drop_target>}
2021-03-19 12:53:52,847 : INFO : EventManager : Event: ======'drop_target_bank_noah_down'====== Args={}
2021-03-19 12:53:53,273 : INFO : SwitchController : <<<<<<< 's_drop_target' inactive >>>>>>>
2021-03-19 12:53:53,273 : INFO : EventManager : Event: ======'playfield_active'====== Args={}
2021-03-19 12:53:53,274 : INFO : EventManager : Event: ======'unexpected_ball_on_playfield'====== Args={}
2021-03-19 12:53:53,274 : INFO : EventManager : Event: ======'drop_target_d_drop_target_up'====== Args={'device': <drop_target.d_drop_target>}
2021-03-19 12:53:53,274 : INFO : EventManager : Event: ======'drop_target_bank_noah_up'====== Args={}
2021-03-19 12:53:53,570 : INFO : SwitchController : <<<<<<< 's_drop_target' active >>>>>>>
2021-03-19 12:53:53,570 : INFO : EventManager : Event: ======'playfield_active'====== Args={}
2021-03-19 12:53:53,571 : INFO : EventManager : Event: ======'unexpected_ball_on_playfield'====== Args={}
2021-03-19 12:53:53,571 : INFO : EventManager : Event: ======'drop_target_d_drop_target_down'====== Args={'device': <drop_target.d_drop_target>}
2021-03-19 12:53:53,571 : INFO : EventManager : Event: ======'drop_target_bank_noah_down'====== Args={}
2021-03-19 12:53:53,774 : INFO : SwitchController : <<<<<<< 's_drop_target' inactive >>>>>>>
2021-03-19 12:53:53,774 : INFO : EventManager : Event: ======'playfield_active'====== Args={}
2021-03-19 12:53:53,775 : INFO : EventManager : Event: ======'unexpected_ball_on_playfield'====== Args={}
2021-03-19 12:53:53,775 : INFO : EventManager : Event: ======'drop_target_d_drop_target_up'====== Args={'device': <drop_target.d_drop_target>}
2021-03-19 12:53:53,775 : INFO : EventManager : Event: ======'drop_target_bank_noah_up'====== Args={}
2021-03-19 12:53:53,904 : INFO : SwitchController : <<<<<<< 's_drop_target' active >>>>>>>
2021-03-19 12:53:53,904 : INFO : EventManager : Event: ======'playfield_active'====== Args={}
2021-03-19 12:53:53,905 : INFO : EventManager : Event: ======'unexpected_ball_on_playfield'====== Args={}
2021-03-19 12:53:53,905 : INFO : EventManager : Event: ======'drop_target_d_drop_target_down'====== Args={'device': <drop_target.d_drop_target>}
2021-03-19 12:53:53,905 : INFO : EventManager : Event: ======'drop_target_bank_noah_down'====== Args={}
2021-03-19 12:53:54,058 : INFO : SwitchController : <<<<<<< 's_drop_target' inactive >>>>>>>
2021-03-19 12:53:54,058 : INFO : EventManager : Event: ======'playfield_active'====== Args={}
2021-03-19 12:53:54,059 : INFO : EventManager : Event: ======'unexpected_ball_on_playfield'====== Args={}
2021-03-19 12:53:54,059 : INFO : EventManager : Event: ======'drop_target_d_drop_target_up'====== Args={'device': <drop_target.d_drop_target>}
2021-03-19 12:53:54,059 : INFO : EventManager : Event: ======'drop_target_bank_noah_up'====== Args={}
2021-03-19 12:53:54,481 : INFO : EventManager : Event: ======'slide_last_game_score_slide_created'====== Args={'_from_bcp': True}
2021-03-19 12:53:54,483 : INFO : EventManager : Event: ======'slide_last_game_score_slide_active'====== Args={'_from_bcp': True}
2021-03-19 12:53:54,511 : INFO : SwitchController : <<<<<<< 's_drop_target' active >>>>>>>
2021-03-19 12:53:54,512 : INFO : EventManager : Event: ======'playfield_active'====== Args={}
2021-03-19 12:53:54,512 : INFO : EventManager : Event: ======'unexpected_ball_on_playfield'====== Args={}
2021-03-19 12:53:54,512 : INFO : EventManager : Event: ======'drop_target_d_drop_target_down'====== Args={'device': <drop_target.d_drop_target>}
2021-03-19 12:53:54,512 : INFO : EventManager : Event: ======'drop_target_bank_noah_down'====== Args={}
2021-03-19 12:53:54,673 : INFO : SwitchController : <<<<<<< 's_drop_target' inactive >>>>>>>
2021-03-19 12:53:54,673 : INFO : EventManager : Event: ======'playfield_active'====== Args={}
2021-03-19 12:53:54,674 : INFO : EventManager : Event: ======'unexpected_ball_on_playfield'====== Args={}
2021-03-19 12:53:54,674 : INFO : EventManager : Event: ======'drop_target_d_drop_target_up'====== Args={'device': <drop_target.d_drop_target>}
2021-03-19 12:53:54,674 : INFO : EventManager : Event: ======'drop_target_bank_noah_up'====== Args={}
2021-03-19 12:53:57,483 : INFO : EventManager : Event: ======'slide_awesome_slide_removed'====== Args={'_from_bcp': True}
2021-03-19 12:53:57,486 : INFO : EventManager : Event: ======'slide_awesome_slide_created'====== Args={'_from_bcp': True}
2021-03-19 12:53:57,487 : INFO : EventManager : Event: ======'slide_awesome_slide_active'====== Args={'_from_bcp': True}
2021-03-19 12:53:58,659 : INFO : SwitchController : <<<<<<< 's_drop_target' active >>>>>>>
2021-03-19 12:53:58,659 : INFO : EventManager : Event: ======'playfield_active'====== Args={}
2021-03-19 12:53:58,660 : INFO : EventManager : Event: ======'unexpected_ball_on_playfield'====== Args={}
2021-03-19 12:53:58,660 : INFO : EventManager : Event: ======'drop_target_d_drop_target_down'====== Args={'device': <drop_target.d_drop_target>}
2021-03-19 12:53:58,660 : INFO : EventManager : Event: ======'drop_target_bank_noah_down'====== Args={}
2021-03-19 12:54:00,480 : INFO : EventManager : Event: ======'slide_press_start_removed'====== Args={'_from_bcp': True}
2021-03-19 12:54:00,485 : INFO : EventManager : Event: ======'slide_press_start_created'====== Args={'_from_bcp': True}
2021-03-19 12:54:00,487 : INFO : EventManager : Event: ======'slide_press_start_active'====== Args={'_from_bcp': True}
2021-03-19 12:54:03,479 : INFO : EventManager : Event: ======'slide_mission_pinball_removed'====== Args={'_from_bcp': True}
2021-03-19 12:54:03,482 : INFO : EventManager : Event: ======'slide_mission_pinball_created'====== Args={'_from_bcp': True}
2021-03-19 12:54:03,484 : INFO : EventManager : Event: ======'slide_mission_pinball_active'====== Args={'_from_bcp': True}
2021-03-19 12:54:05,466 : ERROR : asyncio : Exception in callback Util.raise_exceptions(<Task finishe...wer supply.')>) at c:\users\noah\mpfenv\lib\site-packages\mpf\core\utility_functions.py:726
handle: <Handle Util.raise_exceptions(<Task finishe...wer supply.')>) at c:\users\noah\mpfenv\lib\site-packages\mpf\core\utility_functions.py:726>
Traceback (most recent call last):
  File "c:\users\noah\mpfenv\lib\site-packages\mpf\platforms\p_roc_common.py", line 143, in read_events_and_watchdog
    self.proc.flush()
OSError: Error in WriteData: wrote 0 of 8 bytes

The above exception was the direct cause of the following exception:

Traceback (most recent call last):
  File "C:\Users\Noah\AppData\Local\Programs\Python\Python37\lib\asyncio\events.py", line 88, in _run
    self._context.run(self._callback, *self._args)
  File "c:\users\noah\mpfenv\lib\site-packages\mpf\core\utility_functions.py", line 734, in raise_exceptions
    future.result()
  File "c:\users\noah\mpfenv\lib\site-packages\mpf\platforms\p_roc_common.py", line 302, in _poll_events
    loop=self.machine.clock.loop)
  File "c:\users\noah\mpfenv\lib\site-packages\mpf\platforms\p_roc_common.py", line 152, in read_events_and_watchdog
    self.log.name) from error
mpf.exceptions.runtime_error.MpfRuntimeError: Runtime Error in P-Roc: Communication with P/P3-Roc broke down. Check USB cable and power supply. Error Code: RE-P-Roc-2 (https://docs.missionpinball.org/en/0.54/logs/RE-P-Roc-2.html)
2021-03-19 12:54:05,469 : INFO : Machine : Shutting down...
2021-03-19 12:54:05,469 : INFO : EventManager : Event: ======'shutdown'====== Args={}
2021-03-19 12:54:05,473 : ERROR : Machine : Runtime Exception
Traceback (most recent call last):
  File "c:\users\noah\mpfenv\lib\site-packages\mpf\platforms\p_roc_common.py", line 143, in read_events_and_watchdog
    self.proc.flush()
OSError: Error in WriteData: wrote 0 of 8 bytes

The above exception was the direct cause of the following exception:

Traceback (most recent call last):
  File "c:\users\noah\mpfenv\lib\site-packages\mpf\core\machine.py", line 745, in _run_loop
    raise self._exception['exception']
  File "C:\Users\Noah\AppData\Local\Programs\Python\Python37\lib\asyncio\events.py", line 88, in _run
    self._context.run(self._callback, *self._args)
  File "c:\users\noah\mpfenv\lib\site-packages\mpf\core\utility_functions.py", line 734, in raise_exceptions
    future.result()
  File "c:\users\noah\mpfenv\lib\site-packages\mpf\platforms\p_roc_common.py", line 302, in _poll_events
    loop=self.machine.clock.loop)
  File "c:\users\noah\mpfenv\lib\site-packages\mpf\platforms\p_roc_common.py", line 152, in read_events_and_watchdog
    self.log.name) from error
mpf.exceptions.runtime_error.MpfRuntimeError: Runtime Error in P-Roc: Communication with P/P3-Roc broke down. Check USB cable and power supply. Error Code: RE-P-Roc-2 (https://docs.missionpinball.org/en/0.54/logs/RE-P-Roc-2.html)
2021-03-19 12:54:05,476 : INFO : root : MPF run loop ended.
