2021-03-17 17:46:45,712 : kivy : Factory: 184 symbols loaded
2021-03-17 17:46:46,336 : kivy : ImageLoaderFFPy: Using ffpyplayer 4.3.1
2021-03-17 17:46:46,339 : kivy : Image: Providers: img_tex, img_dds, img_sdl2, img_pil, img_ffpyplayer, img_gif 
2021-03-17 17:46:46,445 : kivy : VideoGstplayer: Using Gstreamer 1.16.0.0
2021-03-17 17:46:46,446 : kivy : Video: Provider: gstplayer
2021-03-17 17:46:46,578 : kivy : Loading MPF-MC controller
2021-03-17 17:46:46,587 : YamlMultifileConfigLoader : Machine config file #1: config
2021-03-17 17:46:46,588 : ConfigProcessor : Config file in cache changed: C:\Users\Noah\work\Andy Cavatorta\thirtybirds_2_0\MPF\noahgame_02\config\config
2021-03-17 17:46:46,589 : ConfigProcessor : Loading config from file c:\users\noah\mpfenv\lib\site-packages\mpfmc\mcconfig.yaml.
2021-03-17 17:46:46,698 : ConfigProcessor : Loading config: c:\users\noah\mpfenv\lib\site-packages\mpfmc\mcconfig.yaml
2021-03-17 17:46:46,699 : ConfigProcessor : Loading config from file C:\Users\Noah\work\Andy Cavatorta\thirtybirds_2_0\MPF\noahgame_02\config\config.
2021-03-17 17:46:46,721 : ConfigProcessor : Loading config: C:\Users\Noah\work\Andy Cavatorta\thirtybirds_2_0\MPF\noahgame_02\config\config
2021-03-17 17:46:46,724 : ConfigProcessor : Config file cache created: C:\Users\Noah\AppData\Local\Temp\7d9abdebdf139223dac953a17fe732d8.mpf_cache
2021-03-17 17:46:46,727 : ConfigProcessor : Loading config from cache: C:\Users\Noah\AppData\Local\Temp\74774f186c18434d8d39d0d4b0a3afeb.mpf_cache
2021-03-17 17:46:46,729 : ConfigProcessor : Loading config from cache: C:\Users\Noah\AppData\Local\Temp\a7eac71e9da1e9cfd4db34c71351dbda.mpf_cache
2021-03-17 17:46:46,731 : mpfmc : Mission Pinball Framework Media Controller v0.54.0
2021-03-17 17:46:46,732 : mpfmc : Mission Pinball Framework Game Engine v0.54.6
2021-03-17 17:46:46,732 : mpfmc : Machine path: C:\Users\Noah\work\Andy Cavatorta\thirtybirds_2_0\MPF\noahgame_02
2021-03-17 17:46:46,738 : mpfmc : Starting clock at 60.0Hz
2021-03-17 17:46:46,786 : kivy : Text: Provider: sdl2
2021-03-17 17:46:46,888 : kivy : Window: Provider: sdl2
2021-03-17 17:46:47,229 : kivy : GL: Using the "OpenGL" graphics system
2021-03-17 17:46:47,231 : kivy : GL: GLEW initialization succeeded
2021-03-17 17:46:47,233 : kivy : GL: Backend used <glew>
2021-03-17 17:46:47,234 : kivy : GL: OpenGL version <b'4.4.0 - Build 20.19.15.4835'>
2021-03-17 17:46:47,235 : kivy : GL: OpenGL vendor <b'Intel'>
2021-03-17 17:46:47,237 : kivy : GL: OpenGL renderer <b'Intel(R) HD Graphics 5500'>
2021-03-17 17:46:47,239 : kivy : GL: OpenGL parsed version: 4, 4
2021-03-17 17:46:47,240 : kivy : GL: Shading version <b'4.40 - Build 20.19.15.4835'>
2021-03-17 17:46:47,243 : kivy : GL: Texture max size <16384>
2021-03-17 17:46:47,244 : kivy : GL: Texture max units <32>
2021-03-17 17:46:47,280 : kivy : Window: auto add sdl2 input provider
2021-03-17 17:46:47,281 : kivy : Window: virtual keyboard not allowed, single mode, not docked
2021-03-17 17:46:47,300 : SoundSystem : SoundSystem: Using default 'sound_system' settings
2021-03-17 17:46:47,932 : AudioInterface : Initialized
2021-03-17 17:46:47,932 : SoundSystem : No audio tracks are specified in your machine config file. a track named 'default' has been created.
2021-03-17 17:46:47,943 : kivy : Base: Start application main loop
2021-03-17 17:46:47,944 : EventManager : Event: ======'display_default_initialized'====== Args={}
2021-03-17 17:46:47,981 : mpfmc : Display: Setting 'default' as default display
2021-03-17 17:46:48,002 : EventManager : Event: ======'displays_initialized'====== Args={}
2021-03-17 17:46:48,011 : EventManager : Event: ======'slide_default_blank_created'====== Args={}
2021-03-17 17:46:48,012 : EventManager : Event: ======'display_default_ready'====== Args={}
2021-03-17 17:46:48,038 : EventManager : Event: ======'init_phase_1'====== Args={}
2021-03-17 17:46:48,043 : EventManager : Event: ======'mc_ready'====== Args={}
2021-03-17 17:46:48,043 : EventManager : Event: ======'init_phase_2'====== Args={}
2021-03-17 17:46:48,045 : EventManager : Event: ======'init_phase_3'====== Args={}
2021-03-17 17:46:48,047 : EventManager : Event: ======'init_phase_4'====== Args={}
2021-03-17 17:46:48,048 : EventManager : Event: ======'init_phase_5'====== Args={}
2021-03-17 17:46:48,050 : EventManager : Event: ======'init_done'====== Args={}
2021-03-17 17:46:48,051 : MPF-MC BCP Server : Starting up on localhost port 5050
2021-03-17 17:46:48,061 : MPF-MC BCP Server : Waiting for a connection...
2021-03-17 17:46:48,076 : EventManager : Event: ======'client_disconnected'====== Args={'host': '127.0.0.1', 'port': 5050}
2021-03-17 17:46:48,161 : MPF-MC BCP Server : Received connection from: 127.0.0.1:57886
2021-03-17 17:46:48,162 : EventManager : Event: ======'client_connected'====== Args={'host': '127.0.0.1', 'port': 57886}
2021-03-17 17:46:48,187 : EventManager : Event: ======'machine_var_p_roc_version'====== Args={'value': 2, 'prev_value': None, 'change': True}
2021-03-17 17:46:48,188 : EventManager : Event: ======'machine_var_p_roc_revision'====== Args={'value': 6, 'prev_value': None, 'change': True}
2021-03-17 17:46:48,190 : EventManager : Event: ======'machine_var_p_roc_hardware_version'====== Args={'value': 1, 'prev_value': None, 'change': True}
2021-03-17 17:46:48,193 : EventManager : Event: ======'machine_var_credits_string'====== Args={'value': 'FREE PLAY', 'prev_value': None, 'change': True}
2021-03-17 17:46:48,195 : EventManager : Event: ======'machine_var_mpf_version'====== Args={'value': 'MPF v0.54.6', 'prev_value': None, 'change': True}
2021-03-17 17:46:48,196 : EventManager : Event: ======'machine_var_mpf_extended_version'====== Args={'value': 'MPF v0.54.6, Config version:5, Show version: 5, BCP version:1.1', 'prev_value': None, 'change': True}
2021-03-17 17:46:48,197 : EventManager : Event: ======'machine_var_python_version'====== Args={'value': '3.7.9', 'prev_value': None, 'change': True}
2021-03-17 17:46:48,198 : EventManager : Event: ======'machine_var_platform'====== Args={'value': 'Windows-10-10.0.19041-SP0', 'prev_value': None, 'change': True}
2021-03-17 17:46:48,199 : EventManager : Event: ======'machine_var_platform_system'====== Args={'value': 'Windows', 'prev_value': None, 'change': True}
2021-03-17 17:46:48,205 : EventManager : Event: ======'machine_var_platform_release'====== Args={'value': '10', 'prev_value': None, 'change': True}
2021-03-17 17:46:48,206 : EventManager : Event: ======'machine_var_platform_version'====== Args={'value': '10.0.19041', 'prev_value': None, 'change': True}
2021-03-17 17:46:48,207 : EventManager : Event: ======'machine_var_platform_machine'====== Args={'value': 'AMD64', 'prev_value': None, 'change': True}
2021-03-17 17:46:48,207 : EventManager : Event: ======'machine_var_mc_version'====== Args={'value': 'MPF-MC v0.54.0', 'prev_value': None, 'change': True}
2021-03-17 17:46:48,208 : EventManager : Event: ======'machine_var_mc_extended_version'====== Args={'value': 'MPF-MC v0.54.0 (config_version=5, BCP v1.1, Requires MPF v0.54.0)', 'prev_value': None, 'change': True}
2021-03-17 17:46:48,209 : EventManager : Event: ======'machine_var_master_volume'====== Args={'value': 0.5, 'prev_value': None, 'change': True}
2021-03-17 17:46:48,209 : EventManager : Event: ======'machine_var_audits_switches_s_left_slingshot'====== Args={'value': 0, 'prev_value': None, 'change': True}
2021-03-17 17:46:48,210 : EventManager : Event: ======'machine_var_audits_switches_s_right_slignshot'====== Args={'value': 0, 'prev_value': None, 'change': True}
2021-03-17 17:46:48,211 : EventManager : Event: ======'machine_var_audits_switches_s_left_flipper'====== Args={'value': 0, 'prev_value': None, 'change': True}
2021-03-17 17:46:48,211 : EventManager : Event: ======'machine_var_audits_switches_s_right_flipper'====== Args={'value': 0, 'prev_value': None, 'change': True}
2021-03-17 17:46:48,212 : EventManager : Event: ======'mc_reset_phase_1'====== Args={}
2021-03-17 17:46:48,213 : EventManager : Event: ======'mc_reset_phase_2'====== Args={}
2021-03-17 17:46:48,215 : EventManager : Event: ======'mc_reset_phase_3'====== Args={}
2021-03-17 17:46:48,217 : EventManager : Event: ======'mc_reset_complete'====== Args={}
2021-03-17 17:47:04,107 : mpfmc : Stopping...
2021-03-17 17:47:04,173 : EventManager : Event: ======'shutdown'====== Args={}
2021-03-17 17:47:04,677 : MPF-MC BCP Server : Stopping BCP sending thread
2021-03-17 17:47:04,678 : mpfmc : Loop rate 75.58 Hz
2021-03-17 17:47:04,687 : kivy : Base: Leaving application in progress...
2021-03-17 17:47:04,690 : kivy : WindowSDL: exiting mainloop and closing.
2021-03-17 17:47:04,858 : mpfmc : Stopping...
2021-03-17 17:47:04,862 : EventManager : Event: ======'shutdown'====== Args={}
2021-03-17 17:47:04,872 : mpfmc : Loop rate 74.78 Hz
2021-03-17 17:47:04,876 : kivy : MC run loop ended.
2021-03-17 17:47:04,879 : kivy : Stopping child threads... (1 remaining)
2021-03-17 17:47:05,274 : kivy : All child threads stopped.
