2021-03-18 19:18:53,382 : kivy : Factory: 184 symbols loaded
2021-03-18 19:18:53,580 : kivy : ImageLoaderFFPy: Using ffpyplayer 4.3.1
2021-03-18 19:18:53,582 : kivy : Image: Providers: img_tex, img_dds, img_sdl2, img_pil, img_ffpyplayer, img_gif 
2021-03-18 19:18:53,654 : kivy : VideoGstplayer: Using Gstreamer 1.16.0.0
2021-03-18 19:18:53,654 : kivy : Video: Provider: gstplayer
2021-03-18 19:18:53,770 : kivy : Loading MPF-MC controller
2021-03-18 19:18:53,777 : YamlMultifileConfigLoader : Machine config file #1: config
2021-03-18 19:18:53,778 : ConfigProcessor : Config file in cache changed: C:\Users\Noah\work\Andy Cavatorta\pinball\notes\MPF\noahgame_02\config\config
2021-03-18 19:18:53,779 : ConfigProcessor : Loading config from file c:\users\noah\mpfenv\lib\site-packages\mpfmc\mcconfig.yaml.
2021-03-18 19:18:53,862 : ConfigProcessor : Loading config: c:\users\noah\mpfenv\lib\site-packages\mpfmc\mcconfig.yaml
2021-03-18 19:18:53,863 : ConfigProcessor : Loading config from file C:\Users\Noah\work\Andy Cavatorta\pinball\notes\MPF\noahgame_02\config\config.
2021-03-18 19:18:53,920 : ConfigProcessor : Loading config: C:\Users\Noah\work\Andy Cavatorta\pinball\notes\MPF\noahgame_02\config\config
2021-03-18 19:18:53,924 : ConfigProcessor : Config file cache created: C:\Users\Noah\AppData\Local\Temp\13e1228f6bf8ea03affe51e56cb3543a.mpf_cache
2021-03-18 19:18:53,927 : ConfigProcessor : Loading config from cache: C:\Users\Noah\AppData\Local\Temp\74774f186c18434d8d39d0d4b0a3afeb.mpf_cache
2021-03-18 19:18:53,928 : ConfigProcessor : Loading config from cache: C:\Users\Noah\AppData\Local\Temp\a7eac71e9da1e9cfd4db34c71351dbda.mpf_cache
2021-03-18 19:18:53,928 : mpfmc : Mission Pinball Framework Media Controller v0.54.0
2021-03-18 19:18:53,928 : mpfmc : Mission Pinball Framework Game Engine v0.54.6
2021-03-18 19:18:53,928 : mpfmc : Machine path: C:\Users\Noah\work\Andy Cavatorta\pinball\notes\MPF\noahgame_02
2021-03-18 19:18:53,929 : mpfmc : Starting clock at 60.0Hz
2021-03-18 19:18:54,009 : kivy : Text: Provider: sdl2
2021-03-18 19:18:54,081 : kivy : Window: Provider: sdl2
2021-03-18 19:18:54,302 : kivy : GL: Using the "OpenGL" graphics system
2021-03-18 19:18:54,303 : kivy : GL: GLEW initialization succeeded
2021-03-18 19:18:54,303 : kivy : GL: Backend used <glew>
2021-03-18 19:18:54,303 : kivy : GL: OpenGL version <b'4.4.0 - Build 20.19.15.4835'>
2021-03-18 19:18:54,304 : kivy : GL: OpenGL vendor <b'Intel'>
2021-03-18 19:18:54,304 : kivy : GL: OpenGL renderer <b'Intel(R) HD Graphics 5500'>
2021-03-18 19:18:54,305 : kivy : GL: OpenGL parsed version: 4, 4
2021-03-18 19:18:54,305 : kivy : GL: Shading version <b'4.40 - Build 20.19.15.4835'>
2021-03-18 19:18:54,305 : kivy : GL: Texture max size <16384>
2021-03-18 19:18:54,305 : kivy : GL: Texture max units <32>
2021-03-18 19:18:54,341 : kivy : Window: auto add sdl2 input provider
2021-03-18 19:18:54,341 : kivy : Window: virtual keyboard not allowed, single mode, not docked
2021-03-18 19:18:54,351 : SoundSystem : SoundSystem: Using default 'sound_system' settings
2021-03-18 19:18:54,800 : AudioInterface : Initialized
2021-03-18 19:18:54,801 : SoundSystem : No audio tracks are specified in your machine config file. a track named 'default' has been created.
2021-03-18 19:18:54,804 : kivy : Base: Start application main loop
2021-03-18 19:18:54,805 : EventManager : Event: ======'display_window_initialized'====== Args={}
2021-03-18 19:18:54,827 : mpfmc : Display: Setting 'window' as default display
2021-03-18 19:18:54,840 : EventManager : Event: ======'displays_initialized'====== Args={}
2021-03-18 19:18:54,841 : EventManager : Event: ======'slide_window_blank_created'====== Args={}
2021-03-18 19:18:54,842 : EventManager : Event: ======'display_window_ready'====== Args={}
2021-03-18 19:18:54,855 : EventManager : Event: ======'init_phase_1'====== Args={}
2021-03-18 19:18:54,859 : EventManager : Event: ======'mc_ready'====== Args={}
2021-03-18 19:18:54,860 : EventManager : Event: ======'init_phase_2'====== Args={}
2021-03-18 19:18:54,861 : EventManager : Event: ======'init_phase_3'====== Args={}
2021-03-18 19:18:54,862 : EventManager : Event: ======'init_phase_4'====== Args={}
2021-03-18 19:18:54,863 : EventManager : Event: ======'init_phase_5'====== Args={}
2021-03-18 19:18:54,863 : EventManager : Event: ======'init_done'====== Args={}
2021-03-18 19:18:54,863 : MPF-MC BCP Server : Starting up on localhost port 5050
2021-03-18 19:18:54,869 : MPF-MC BCP Server : Waiting for a connection...
2021-03-18 19:18:54,869 : mpfmc : SlidePlayer: Play called with settings={'slides': {welcome_slide-None-None: {'priority': None, 'target': None, 'background_color': [0.0, 0.0, 0.0, 1.0], 'show': True, 'force': False, 'expire': None, 'slide': None, 'tokens': {}, 'action': 'play', 'transition': None, 'transition_out': None}}}
2021-03-18 19:18:54,874 : kivy : GL: NPOT texture support is available
2021-03-18 19:18:54,877 : EventManager : Event: ======'slide_welcome_slide_created'====== Args={}
2021-03-18 19:18:54,880 : EventManager : Event: ======'slide_welcome_slide_active'====== Args={}
2021-03-18 19:18:54,890 : EventManager : Event: ======'client_disconnected'====== Args={'host': '127.0.0.1', 'port': 5050}
2021-03-18 19:19:28,082 : kivy : Base: Leaving application in progress...
2021-03-18 19:19:28,251 : kivy : WindowSDL: exiting mainloop and closing.
2021-03-18 19:19:28,269 : mpfmc : Stopping...
2021-03-18 19:19:28,269 : EventManager : Event: ======'shutdown'====== Args={}
2021-03-18 19:19:28,270 : mpfmc : Loop rate 78.32 Hz
2021-03-18 19:19:28,270 : kivy : MC run loop ended.
2021-03-18 19:19:28,271 : kivy : Stopping child threads... (3 remaining)
2021-03-18 19:19:28,889 : MPF-MC BCP Server : Stopping BCP sending thread
2021-03-18 19:19:28,889 : MPF-MC BCP Server : Stopping BCP listener thread
2021-03-18 19:19:28,975 : kivy : All child threads stopped.
