2021-03-18 19:22:59,250 : kivy : Factory: 184 symbols loaded
2021-03-18 19:22:59,461 : kivy : ImageLoaderFFPy: Using ffpyplayer 4.3.1
2021-03-18 19:22:59,463 : kivy : Image: Providers: img_tex, img_dds, img_sdl2, img_pil, img_ffpyplayer, img_gif 
2021-03-18 19:22:59,536 : kivy : VideoGstplayer: Using Gstreamer 1.16.0.0
2021-03-18 19:22:59,537 : kivy : Video: Provider: gstplayer
2021-03-18 19:22:59,614 : kivy : Loading MPF-MC controller
2021-03-18 19:22:59,618 : YamlMultifileConfigLoader : Machine config file #1: config
2021-03-18 19:22:59,621 : ConfigProcessor : Config file in cache changed: C:\Users\Noah\work\Andy Cavatorta\pinball\notes\MPF\noahgame_02\config\config
2021-03-18 19:22:59,622 : ConfigProcessor : Loading config from file c:\users\noah\mpfenv\lib\site-packages\mpfmc\mcconfig.yaml.
2021-03-18 19:22:59,676 : ConfigProcessor : Loading config: c:\users\noah\mpfenv\lib\site-packages\mpfmc\mcconfig.yaml
2021-03-18 19:22:59,678 : ConfigProcessor : Loading config from file C:\Users\Noah\work\Andy Cavatorta\pinball\notes\MPF\noahgame_02\config\config.
2021-03-18 19:22:59,725 : ConfigProcessor : Loading config: C:\Users\Noah\work\Andy Cavatorta\pinball\notes\MPF\noahgame_02\config\config
2021-03-18 19:22:59,728 : ConfigProcessor : Config file cache created: C:\Users\Noah\AppData\Local\Temp\13e1228f6bf8ea03affe51e56cb3543a.mpf_cache
2021-03-18 19:22:59,729 : ConfigProcessor : Loading config from cache: C:\Users\Noah\AppData\Local\Temp\74774f186c18434d8d39d0d4b0a3afeb.mpf_cache
2021-03-18 19:22:59,730 : ConfigProcessor : Loading config from cache: C:\Users\Noah\AppData\Local\Temp\a7eac71e9da1e9cfd4db34c71351dbda.mpf_cache
2021-03-18 19:22:59,731 : mpfmc : Mission Pinball Framework Media Controller v0.54.0
2021-03-18 19:22:59,731 : mpfmc : Mission Pinball Framework Game Engine v0.54.6
2021-03-18 19:22:59,732 : mpfmc : Machine path: C:\Users\Noah\work\Andy Cavatorta\pinball\notes\MPF\noahgame_02
2021-03-18 19:22:59,732 : mpfmc : Starting clock at 60.0Hz
2021-03-18 19:22:59,775 : kivy : Text: Provider: sdl2
2021-03-18 19:22:59,827 : kivy : Window: Provider: sdl2
2021-03-18 19:22:59,999 : kivy : GL: Using the "OpenGL" graphics system
2021-03-18 19:23:00,002 : kivy : GL: GLEW initialization succeeded
2021-03-18 19:23:00,009 : kivy : GL: Backend used <glew>
2021-03-18 19:23:00,010 : kivy : GL: OpenGL version <b'4.4.0 - Build 20.19.15.4835'>
2021-03-18 19:23:00,011 : kivy : GL: OpenGL vendor <b'Intel'>
2021-03-18 19:23:00,025 : kivy : GL: OpenGL renderer <b'Intel(R) HD Graphics 5500'>
2021-03-18 19:23:00,026 : kivy : GL: OpenGL parsed version: 4, 4
2021-03-18 19:23:00,026 : kivy : GL: Shading version <b'4.40 - Build 20.19.15.4835'>
2021-03-18 19:23:00,027 : kivy : GL: Texture max size <16384>
2021-03-18 19:23:00,027 : kivy : GL: Texture max units <32>
2021-03-18 19:23:00,057 : kivy : Window: auto add sdl2 input provider
2021-03-18 19:23:00,058 : kivy : Window: virtual keyboard not allowed, single mode, not docked
2021-03-18 19:23:00,075 : SoundSystem : SoundSystem: Using default 'sound_system' settings
2021-03-18 19:23:00,562 : AudioInterface : Initialized
2021-03-18 19:23:00,563 : SoundSystem : No audio tracks are specified in your machine config file. a track named 'default' has been created.
2021-03-18 19:23:00,566 : kivy : Base: Start application main loop
2021-03-18 19:23:00,566 : EventManager : Event: ======'display_window_initialized'====== Args={}
2021-03-18 19:23:00,589 : mpfmc : Display: Setting 'window' as default display
2021-03-18 19:23:00,598 : EventManager : Event: ======'displays_initialized'====== Args={}
2021-03-18 19:23:00,600 : EventManager : Event: ======'slide_window_blank_created'====== Args={}
2021-03-18 19:23:00,600 : EventManager : Event: ======'display_window_ready'====== Args={}
2021-03-18 19:23:00,615 : EventManager : Event: ======'init_phase_1'====== Args={}
2021-03-18 19:23:00,622 : EventManager : Event: ======'mc_ready'====== Args={}
2021-03-18 19:23:00,622 : EventManager : Event: ======'init_phase_2'====== Args={}
2021-03-18 19:23:00,624 : EventManager : Event: ======'init_phase_3'====== Args={}
2021-03-18 19:23:00,625 : EventManager : Event: ======'init_phase_4'====== Args={}
2021-03-18 19:23:00,625 : EventManager : Event: ======'init_phase_5'====== Args={}
2021-03-18 19:23:00,626 : EventManager : Event: ======'init_done'====== Args={}
2021-03-18 19:23:00,626 : MPF-MC BCP Server : Starting up on localhost port 5050
2021-03-18 19:23:00,630 : MPF-MC BCP Server : Waiting for a connection...
2021-03-18 19:23:00,630 : mpfmc : SlidePlayer: Play called with settings={'slides': {welcome_slide-None-None: {'priority': None, 'target': None, 'background_color': [0.0, 0.0, 0.0, 1.0], 'show': True, 'force': False, 'expire': None, 'slide': None, 'tokens': {}, 'action': 'play', 'transition': None, 'transition_out': None}}}
2021-03-18 19:23:00,640 : kivy : GL: NPOT texture support is available
2021-03-18 19:23:00,642 : EventManager : Event: ======'slide_welcome_slide_created'====== Args={}
2021-03-18 19:23:00,648 : EventManager : Event: ======'slide_welcome_slide_active'====== Args={}
2021-03-18 19:23:00,660 : EventManager : Event: ======'client_disconnected'====== Args={'host': '127.0.0.1', 'port': 5050}
2021-03-18 19:23:01,400 : MPF-MC BCP Server : Received connection from: 127.0.0.1:54278
2021-03-18 19:23:01,414 : EventManager : Event: ======'client_connected'====== Args={'host': '127.0.0.1', 'port': 54278}
2021-03-18 19:23:01,426 : EventManager : Event: ======'machine_var_p_roc_version'====== Args={'value': 2, 'prev_value': None, 'change': True}
2021-03-18 19:23:01,426 : EventManager : Event: ======'machine_var_p_roc_revision'====== Args={'value': 6, 'prev_value': None, 'change': True}
2021-03-18 19:23:01,426 : EventManager : Event: ======'machine_var_p_roc_hardware_version'====== Args={'value': 1, 'prev_value': None, 'change': True}
2021-03-18 19:23:01,427 : EventManager : Event: ======'machine_var_credits_string'====== Args={'value': 'FREE PLAY', 'prev_value': None, 'change': True}
2021-03-18 19:23:01,427 : EventManager : Event: ======'machine_var_mpf_version'====== Args={'value': 'MPF v0.54.6', 'prev_value': None, 'change': True}
2021-03-18 19:23:01,427 : EventManager : Event: ======'machine_var_mpf_extended_version'====== Args={'value': 'MPF v0.54.6, Config version:5, Show version: 5, BCP version:1.1', 'prev_value': None, 'change': True}
2021-03-18 19:23:01,428 : EventManager : Event: ======'machine_var_python_version'====== Args={'value': '3.7.9', 'prev_value': None, 'change': True}
2021-03-18 19:23:01,428 : EventManager : Event: ======'machine_var_platform'====== Args={'value': 'Windows-10-10.0.19041-SP0', 'prev_value': None, 'change': True}
2021-03-18 19:23:01,428 : EventManager : Event: ======'machine_var_platform_system'====== Args={'value': 'Windows', 'prev_value': None, 'change': True}
2021-03-18 19:23:01,429 : EventManager : Event: ======'machine_var_platform_release'====== Args={'value': '10', 'prev_value': None, 'change': True}
2021-03-18 19:23:01,429 : EventManager : Event: ======'machine_var_platform_version'====== Args={'value': '10.0.19041', 'prev_value': None, 'change': True}
2021-03-18 19:23:01,430 : EventManager : Event: ======'machine_var_platform_machine'====== Args={'value': 'AMD64', 'prev_value': None, 'change': True}
2021-03-18 19:23:01,432 : EventManager : Event: ======'machine_var_mc_version'====== Args={'value': 'MPF-MC v0.54.0', 'prev_value': None, 'change': True}
2021-03-18 19:23:01,433 : EventManager : Event: ======'machine_var_mc_extended_version'====== Args={'value': 'MPF-MC v0.54.0 (config_version=5, BCP v1.1, Requires MPF v0.54.0)', 'prev_value': None, 'change': True}
2021-03-18 19:23:01,433 : EventManager : Event: ======'machine_var_master_volume'====== Args={'value': 0.5, 'prev_value': None, 'change': True}
2021-03-18 19:23:01,433 : EventManager : Event: ======'machine_var_audits_switches_s_start'====== Args={'value': 0, 'prev_value': None, 'change': True}
2021-03-18 19:23:01,433 : EventManager : Event: ======'machine_var_audits_switches_s_right_inlane'====== Args={'value': 0, 'prev_value': None, 'change': True}
2021-03-18 19:23:01,434 : EventManager : Event: ======'machine_var_audits_switches_s_trough1'====== Args={'value': 0, 'prev_value': None, 'change': True}
2021-03-18 19:23:01,434 : EventManager : Event: ======'machine_var_audits_switches_s_left_flipper'====== Args={'value': 0, 'prev_value': None, 'change': True}
2021-03-18 19:23:01,434 : EventManager : Event: ======'machine_var_audits_switches_s_right_flipper'====== Args={'value': 0, 'prev_value': None, 'change': True}
2021-03-18 19:23:01,434 : EventManager : Event: ======'machine_var_audits_switches_s_left_slingshot'====== Args={'value': 0, 'prev_value': None, 'change': True}
2021-03-18 19:23:01,435 : EventManager : Event: ======'machine_var_audits_switches_s_right_slingshot'====== Args={'value': 0, 'prev_value': None, 'change': True}
2021-03-18 19:23:01,435 : EventManager : Event: ======'machine_var_audits_switches_s_drop_target'====== Args={'value': 0, 'prev_value': None, 'change': True}
2021-03-18 19:23:01,435 : EventManager : Event: ======'slides_play'====== Args={'settings': {'welcome_slide': {'target': None, 'background_color': [0.0, 0.0, 0.0, 1.0], 'priority': None, 'show': True, 'force': False, 'expire': None, 'slide': None, 'tokens': {}, 'action': 'play'}}, 'context': '_global', 'calling_context': 'init_done', 'priority': 0}
2021-03-18 19:23:01,436 : EventManager : Event: ======'mc_reset_phase_1'====== Args={}
2021-03-18 19:23:01,436 : mpfmc : SlidePlayer: Play called with settings={'welcome_slide': {'target': None, 'background_color': [0.0, 0.0, 0.0, 1.0], 'priority': None, 'show': True, 'force': False, 'expire': None, 'slide': None, 'tokens': {}, 'action': 'play'}}
2021-03-18 19:23:01,437 : EventManager : Event: ======'slide_welcome_slide_removed'====== Args={}
2021-03-18 19:23:01,442 : EventManager : Event: ======'slide_welcome_slide_created'====== Args={}
2021-03-18 19:23:01,444 : EventManager : Event: ======'mc_reset_phase_2'====== Args={}
2021-03-18 19:23:01,444 : EventManager : Event: ======'mc_reset_phase_3'====== Args={}
2021-03-18 19:23:01,445 : EventManager : Event: ======'mc_reset_complete'====== Args={}
2021-03-18 19:23:01,446 : EventManager : Event: ======'slide_welcome_slide_active'====== Args={}
2021-03-18 19:23:01,468 : EventManager : Event: ======'slides_play'====== Args={'settings': {'attract_started': {'target': None, 'background_color': [0.0, 0.0, 0.0, 1.0], 'priority': None, 'show': True, 'force': False, 'expire': None, 'slide': None, 'tokens': {}, 'action': 'play'}}, 'context': '_global', 'calling_context': 'mode_attract_started', 'priority': 0}
2021-03-18 19:23:01,469 : mpfmc : SlidePlayer: Play called with settings={'attract_started': {'target': None, 'background_color': [0.0, 0.0, 0.0, 1.0], 'priority': None, 'show': True, 'force': False, 'expire': None, 'slide': None, 'tokens': {}, 'action': 'play'}}
2021-03-18 19:23:01,475 : EventManager : Event: ======'slide_attract_started_created'====== Args={}
2021-03-18 19:23:01,477 : EventManager : Event: ======'slide_attract_started_active'====== Args={}
2021-03-18 19:23:06,026 : EventManager : Event: ======'game_started'====== Args={}
2021-03-18 19:23:06,026 : EventManager : Event: ======'player_added'====== Args={'player': <Player 1>, 'num': 1}
2021-03-18 19:23:06,027 : EventManager : Event: ======'player_index'====== Args={'value': 0, 'prev_value': 0, 'change': 0, 'player_num': 1}
2021-03-18 19:23:06,027 : EventManager : Event: ======'player_number'====== Args={'value': 1, 'prev_value': 1, 'change': 0, 'player_num': 1}
2021-03-18 19:23:06,027 : EventManager : Event: ======'player_score'====== Args={'value': 0, 'prev_value': 0, 'change': 0, 'player_num': 1}
2021-03-18 19:23:06,027 : EventManager : Event: ======'player_ball'====== Args={'value': 1, 'prev_value': 0, 'change': 1, 'player_num': 1}
2021-03-18 19:23:06,028 : EventManager : Event: ======'player_turn_start'====== Args={'number': 1, 'player': <Player 1>}
2021-03-18 19:23:06,028 : EventManager : Event: ======'slides_play'====== Args={'settings': {'widgets': {'widgets': [{'type': 'text', 'text': 'PLAYER (number) BALL (ball)', '_default_settings': ['type', 'text'], 'x': None, 'y': None, 'anchor_x': 'center', 'anchor_y': 'center', 'round_anchor_x': None, 'round_anchor_y': None, 'opacity': 1.0, 'z': 0, 'reset_animations_events': {}, 'color': [1.0, 1.0, 1.0, 1.0], 'style': [], 'adjust_top': 0, 'adjust_bottom': 0, 'adjust_left': 0, 'adjust_right': 0, 'expire': None, 'key': None, 'widget': None, 'events_when_added': [], 'events_when_removed': [], 'font_size': 15, 'bitmap_font': False, 'font_kerning': True, 'bold': False, 'italic': False, 'number_grouping': False, 'min_digits': 0, 'halign': 'center', 'valign': 'middle', 'rotation': 0, 'scale': 1.0, 'casing': None, 'animations': None}], 'target': None, 'background_color': [0.0, 0.0, 0.0, 1.0], 'priority': None, 'show': True, 'force': False, 'expire': None, 'slide': None, 'tokens': {}, 'action': 'play'}}, 'context': '_global', 'calling_context': 'ball_started', 'priority': 0, 'player': 1, 'ball': 1, 'balls_remaining': 2, 'is_extra_ball': False}
2021-03-18 19:23:06,029 : mpfmc : SlidePlayer: Play called with settings={'widgets': {'widgets': [{'type': 'text', 'text': 'PLAYER (number) BALL (ball)', '_default_settings': ['type', 'text'], 'x': None, 'y': None, 'anchor_x': 'center', 'anchor_y': 'center', 'round_anchor_x': None, 'round_anchor_y': None, 'opacity': 1.0, 'z': 0, 'reset_animations_events': {}, 'color': [1.0, 1.0, 1.0, 1.0], 'style': [], 'adjust_top': 0, 'adjust_bottom': 0, 'adjust_left': 0, 'adjust_right': 0, 'expire': None, 'key': None, 'widget': None, 'events_when_added': [], 'events_when_removed': [], 'font_size': 15, 'bitmap_font': False, 'font_kerning': True, 'bold': False, 'italic': False, 'number_grouping': False, 'min_digits': 0, 'halign': 'center', 'valign': 'middle', 'rotation': 0, 'scale': 1.0, 'casing': None, 'animations': None}], 'target': None, 'background_color': [0.0, 0.0, 0.0, 1.0], 'priority': None, 'show': True, 'force': False, 'expire': None, 'slide': None, 'tokens': {}, 'action': 'play'}}
2021-03-18 19:23:06,034 : mpfmc : Stopping...
2021-03-18 19:23:06,035 : EventManager : Event: ======'slide__global.slide_player-ball_started_created'====== Args={}
2021-03-18 19:23:06,037 : EventManager : Event: ======'shutdown'====== Args={}
2021-03-18 19:23:06,040 : EventManager : Event: ======'slide__global.slide_player-ball_started_active'====== Args={}
2021-03-18 19:23:06,159 : mpfmc : Loop rate 76.15 Hz
2021-03-18 19:23:06,161 : kivy : Base: Leaving application in progress...
2021-03-18 19:23:06,164 : kivy : WindowSDL: exiting mainloop and closing.
2021-03-18 19:23:06,240 : mpfmc : Stopping...
2021-03-18 19:23:06,241 : EventManager : Event: ======'shutdown'====== Args={}
2021-03-18 19:23:06,241 : mpfmc : Loop rate 75.05 Hz
2021-03-18 19:23:06,242 : kivy : MC run loop ended.
2021-03-18 19:23:06,242 : kivy : Stopping child threads... (1 remaining)
2021-03-18 19:23:06,645 : kivy : All child threads stopped.
