2021-03-30 15:32:27,212 : INFO : root : Loading config.
2021-03-30 15:32:27,217 : INFO : YamlMultifileConfigLoader : Machine config file #1: config.yaml
2021-03-30 15:32:27,218 : INFO : ConfigProcessor : Loading config from cache: C:\Users\Noah\AppData\Local\Temp\d1f6a309ab2e3c3e66b0fef93f7a960f.mpf_cache
2021-03-30 15:32:27,324 : INFO : ConfigProcessor : Loading config from cache: C:\Users\Noah\AppData\Local\Temp\98acf0898e619a6798c45a0e5cbb339b.mpf_cache
2021-03-30 15:32:27,325 : INFO : ConfigProcessor : Loading config from cache: C:\Users\Noah\AppData\Local\Temp\a7eac71e9da1e9cfd4db34c71351dbda.mpf_cache
2021-03-30 15:32:27,325 : INFO : ConfigProcessor : Loading config from cache: C:\Users\Noah\AppData\Local\Temp\c6adbc38c235400b65ae43d7099eba05.mpf_cache
2021-03-30 15:32:27,326 : INFO : ConfigProcessor : Loading config from cache: C:\Users\Noah\AppData\Local\Temp\9689abd61e57da3f8bc074c7a88f2b77.mpf_cache
2021-03-30 15:32:27,327 : INFO : ConfigProcessor : Loading config from cache: C:\Users\Noah\AppData\Local\Temp\06881332f8a9c1e11264544d2c255f98.mpf_cache
2021-03-30 15:32:27,328 : INFO : Machine : Mission Pinball Framework Core Engine v0.54.6
2021-03-30 15:32:27,328 : INFO : Machine : Command line arguments: {'no_load_cache': False, 'create_config_cache': True, 'bcp': False, 'configfile': ['config.yaml'], 'force_assets_load': False, 'jsonlogging': False, 'logfile': 'logs\\2021-03-30-15-32-27-mpf-DESKTOP-VL0THH1.log', 'pause': False, 'production': False, 'text_ui': True, 'loglevel': 15, 'consoleloglevel': 20, 'force_platform': None, 'syslog_address': None, 'mc_file_name': None, 'no_sound': False}
2021-03-30 15:32:27,328 : INFO : Machine : MPF path: c:\users\noah\mpfenv\lib\site-packages\mpf
2021-03-30 15:32:27,328 : INFO : Machine : Machine path: C:\Users\Noah\work\Andy Cavatorta\pinball\notes\MPF\noahgame_02
2021-03-30 15:32:27,328 : INFO : Machine : Platform: win32
2021-03-30 15:32:27,328 : INFO : Machine : Python executable location: c:\users\noah\mpfenv\scripts\python.exe
2021-03-30 15:32:27,328 : INFO : Machine : Python version: 3.7.9 (64-bit)
2021-03-30 15:32:27,331 : INFO : Machine : Initialise MPF.
2021-03-30 15:32:27,711 : INFO : P-Roc : Connecting to P-ROC
2021-03-30 15:32:27,715 : WARNING : P-Roc : Failed to instantiate pinproc.PinPROC(7): Error FT_OpenEx(3), device
. Is your P/P3-Roc connected and powered up?
2021-03-30 15:32:27,715 : INFO : P-Roc : Will retry creating PinPROC in 1s.
2021-03-30 15:32:28,726 : WARNING : P-Roc : Failed to instantiate pinproc.PinPROC(7): Error FT_OpenEx(3), device
. Is your P/P3-Roc connected and powered up?
2021-03-30 15:32:28,726 : INFO : P-Roc : Will retry creating PinPROC in 1s.
2021-03-30 15:32:29,734 : WARNING : P-Roc : Failed to instantiate pinproc.PinPROC(7): Error FT_OpenEx(3), device
. Is your P/P3-Roc connected and powered up?
2021-03-30 15:32:29,734 : INFO : P-Roc : Will retry creating PinPROC in 1s.
2021-03-30 15:32:30,737 : WARNING : P-Roc : Failed to instantiate pinproc.PinPROC(7): Error FT_OpenEx(3), device
. Is your P/P3-Roc connected and powered up?
2021-03-30 15:32:30,737 : INFO : P-Roc : Will retry creating PinPROC in 1s.
2021-03-30 15:32:31,741 : WARNING : P-Roc : Failed to instantiate pinproc.PinPROC(7): Error FT_OpenEx(3), device
. Is your P/P3-Roc connected and powered up?
2021-03-30 15:32:31,741 : INFO : P-Roc : Will retry creating PinPROC in 1s.
2021-03-30 15:32:32,743 : WARNING : P-Roc : Failed to instantiate pinproc.PinPROC(7): Error FT_OpenEx(3), device
. Is your P/P3-Roc connected and powered up?
2021-03-30 15:32:32,743 : INFO : P-Roc : Will retry creating PinPROC in 1s.
2021-03-30 15:32:33,749 : WARNING : P-Roc : Failed to instantiate pinproc.PinPROC(7): Error FT_OpenEx(3), device
. Is your P/P3-Roc connected and powered up?
2021-03-30 15:32:33,749 : INFO : P-Roc : Will retry creating PinPROC in 1s.
2021-03-30 15:32:34,756 : WARNING : P-Roc : Failed to instantiate pinproc.PinPROC(7): Error FT_OpenEx(3), device
. Is your P/P3-Roc connected and powered up?
2021-03-30 15:32:34,756 : INFO : P-Roc : Will retry creating PinPROC in 1s.
2021-03-30 15:32:35,762 : WARNING : P-Roc : Failed to instantiate pinproc.PinPROC(7): Error FT_OpenEx(3), device
. Is your P/P3-Roc connected and powered up?
2021-03-30 15:32:35,762 : INFO : P-Roc : Will retry creating PinPROC in 1s.
2021-03-30 15:32:36,771 : WARNING : P-Roc : Failed to instantiate pinproc.PinPROC(7): Error FT_OpenEx(3), device
. Is your P/P3-Roc connected and powered up?
2021-03-30 15:32:36,771 : INFO : P-Roc : Will retry creating PinPROC in 1s.
2021-03-30 15:32:37,775 : WARNING : P-Roc : Failed to instantiate pinproc.PinPROC(7): Error FT_OpenEx(3), device
. Is your P/P3-Roc connected and powered up?
2021-03-30 15:32:37,775 : INFO : P-Roc : Will retry creating PinPROC in 1s.
2021-03-30 15:32:38,785 : WARNING : P-Roc : Failed to instantiate pinproc.PinPROC(7): Error FT_OpenEx(3), device
. Is your P/P3-Roc connected and powered up?
2021-03-30 15:32:38,785 : INFO : P-Roc : Will retry creating PinPROC in 1s.
2021-03-30 15:32:39,790 : WARNING : P-Roc : Failed to instantiate pinproc.PinPROC(7): Error FT_OpenEx(3), device
. Is your P/P3-Roc connected and powered up?
2021-03-30 15:32:39,790 : INFO : P-Roc : Will retry creating PinPROC in 1s.
2021-03-30 15:32:40,795 : WARNING : P-Roc : Failed to instantiate pinproc.PinPROC(7): Error FT_OpenEx(3), device
. Is your P/P3-Roc connected and powered up?
2021-03-30 15:32:40,795 : INFO : P-Roc : Will retry creating PinPROC in 1s.
2021-03-30 15:32:41,801 : WARNING : P-Roc : Failed to instantiate pinproc.PinPROC(7): Error FT_OpenEx(3), device
. Is your P/P3-Roc connected and powered up?
2021-03-30 15:32:41,801 : INFO : P-Roc : Will retry creating PinPROC in 1s.
