2021-03-26 14:00:55,521 : INFO : root : Loading config.
2021-03-26 14:00:55,527 : INFO : YamlMultifileConfigLoader : Machine config file #1: config.yaml
2021-03-26 14:00:55,528 : INFO : ConfigProcessor : Loading config from cache: C:\Users\Noah\AppData\Local\Temp\d1f6a309ab2e3c3e66b0fef93f7a960f.mpf_cache
2021-03-26 14:00:55,652 : INFO : ConfigProcessor : Loading config from cache: C:\Users\Noah\AppData\Local\Temp\98acf0898e619a6798c45a0e5cbb339b.mpf_cache
2021-03-26 14:00:55,653 : INFO : ConfigProcessor : Loading config from cache: C:\Users\Noah\AppData\Local\Temp\a7eac71e9da1e9cfd4db34c71351dbda.mpf_cache
2021-03-26 14:00:55,654 : INFO : ConfigProcessor : Loading config from cache: C:\Users\Noah\AppData\Local\Temp\c6adbc38c235400b65ae43d7099eba05.mpf_cache
2021-03-26 14:00:55,656 : INFO : ConfigProcessor : Loading config from cache: C:\Users\Noah\AppData\Local\Temp\9689abd61e57da3f8bc074c7a88f2b77.mpf_cache
2021-03-26 14:00:55,657 : INFO : ConfigProcessor : Loading config from cache: C:\Users\Noah\AppData\Local\Temp\06881332f8a9c1e11264544d2c255f98.mpf_cache
2021-03-26 14:00:55,657 : INFO : Machine : Mission Pinball Framework Core Engine v0.54.6
2021-03-26 14:00:55,658 : INFO : Machine : Command line arguments: {'no_load_cache': False, 'create_config_cache': True, 'bcp': True, 'configfile': ['config.yaml'], 'force_assets_load': False, 'jsonlogging': False, 'logfile': 'logs\\2021-03-26-14-00-55-mpf-DESKTOP-VL0THH1.log', 'pause': False, 'production': False, 'text_ui': False, 'loglevel': 15, 'consoleloglevel': 20, 'force_platform': None, 'syslog_address': None, 'mc_file_name': None, 'no_sound': False}
2021-03-26 14:00:55,658 : INFO : Machine : MPF path: c:\users\noah\mpfenv\lib\site-packages\mpf
2021-03-26 14:00:55,658 : INFO : Machine : Machine path: C:\Users\Noah\work\Andy Cavatorta\pinball\notes\MPF\noahgame_02
2021-03-26 14:00:55,658 : INFO : Machine : Platform: win32
2021-03-26 14:00:55,658 : INFO : Machine : Python executable location: c:\users\noah\mpfenv\scripts\python.exe
2021-03-26 14:00:55,658 : INFO : Machine : Python version: 3.7.9 (64-bit)
2021-03-26 14:00:55,662 : INFO : Machine : Initialise MPF.
2021-03-26 14:00:55,776 : INFO : P-Roc : Connecting to P-ROC
2021-03-26 14:00:55,982 : INFO : P-Roc : Successfully connected to P-ROC/P3-ROC. Firmware Version: 2. Firmware Revision: 6. Hardware Board ID: 1
2021-03-26 14:00:55,982 : WARNING : P-Roc : Consider upgrading the firmware of your P/P3-Roc to at least 2.14. Your version contains known bugs.
2021-03-26 14:00:56,054 : INFO : EventManager : Event: ======'machine_var_p_roc_version'====== Args={'value': 2, 'prev_value': None, 'change': True}
2021-03-26 14:00:56,054 : INFO : EventManager : Event: ======'machine_var_p_roc_revision'====== Args={'value': 6, 'prev_value': None, 'change': True}
2021-03-26 14:00:56,055 : INFO : EventManager : Event: ======'machine_var_p_roc_hardware_version'====== Args={'value': 1, 'prev_value': None, 'change': True}
2021-03-26 14:00:56,055 : INFO : EventManager : Event: ======'machine_var_credits_string'====== Args={'value': 'FREE PLAY', 'prev_value': None, 'change': True}
2021-03-26 14:00:56,137 : INFO : EventManager : Event: ======'machine_var_mpf_version'====== Args={'value': 'MPF v0.54.6', 'prev_value': None, 'change': True}
2021-03-26 14:00:56,137 : INFO : EventManager : Event: ======'machine_var_mpf_extended_version'====== Args={'value': 'MPF v0.54.6, Config version:5, Show version: 5, BCP version:1.1', 'prev_value': None, 'change': True}
2021-03-26 14:00:56,137 : INFO : EventManager : Event: ======'machine_var_python_version'====== Args={'value': '3.7.9', 'prev_value': None, 'change': True}
2021-03-26 14:00:56,138 : INFO : EventManager : Event: ======'machine_var_platform'====== Args={'value': 'Windows-10-10.0.19041-SP0', 'prev_value': None, 'change': True}
2021-03-26 14:00:56,138 : INFO : EventManager : Event: ======'machine_var_platform_system'====== Args={'value': 'Windows', 'prev_value': None, 'change': True}
2021-03-26 14:00:56,138 : INFO : EventManager : Event: ======'machine_var_platform_release'====== Args={'value': '10', 'prev_value': None, 'change': True}
2021-03-26 14:00:56,138 : INFO : EventManager : Event: ======'machine_var_platform_version'====== Args={'value': '10.0.19041', 'prev_value': None, 'change': True}
2021-03-26 14:00:56,139 : INFO : EventManager : Event: ======'machine_var_platform_machine'====== Args={'value': 'AMD64', 'prev_value': None, 'change': True}
2021-03-26 14:00:56,139 : INFO : EventManager : Event: ======'init_phase_1'====== Args={}
2021-03-26 14:00:56,180 : INFO : EventManager : Event: ======'drop_target_bank_noah_up'====== Args={}
2021-03-26 14:00:56,183 : INFO : EventManager : Event: ======'init_phase_2'====== Args={}
2021-03-26 14:00:56,215 : INFO : EventManager : Event: ======'bcp_connection_attempt'====== Args={'name': 'local_display', 'host': 'localhost', 'port': 5050}
2021-03-26 14:00:56,217 : INFO : BCPClientSocket : Connecting BCP to 'local_display' at localhost:5050...
2021-03-26 14:00:58,233 : INFO : BCPClientSocket : Connected BCP to 'local_display' localhost:5050
2021-03-26 14:00:58,233 : INFO : EventManager : Event: ======'bcp_clients_connected'====== Args={}
2021-03-26 14:00:58,235 : INFO : ball_device.bd_trough : State: idle
2021-03-26 14:00:58,252 : INFO : EventManager : Event: ======'init_phase_3'====== Args={}
2021-03-26 14:00:58,264 : INFO : EventManager : Event: ======'machine_var_mc_version'====== Args={'value': 'MPF-MC v0.54.0', 'prev_value': None, 'change': True}
2021-03-26 14:00:58,264 : INFO : EventManager : Event: ======'machine_var_mc_extended_version'====== Args={'value': 'MPF-MC v0.54.0 (config_version=5, BCP v1.1, Requires MPF v0.54.0)', 'prev_value': None, 'change': True}
2021-03-26 14:00:58,267 : INFO : EventManager : Event: ======'machine_var_master_volume'====== Args={'value': 0.5, 'prev_value': None, 'change': True}
2021-03-26 14:00:58,268 : INFO : EventManager : Event: ======'init_phase_4'====== Args={}
2021-03-26 14:00:58,269 : INFO : BallController : Initial balls found: 0
2021-03-26 14:00:58,270 : INFO : EventManager : Event: ======'machine_var_audits_switches_s_drop_target'====== Args={'value': 123, 'prev_value': None, 'change': True}
2021-03-26 14:00:58,271 : INFO : EventManager : Event: ======'machine_var_audits_switches_s_left_flipper'====== Args={'value': 20, 'prev_value': None, 'change': True}
2021-03-26 14:00:58,271 : INFO : EventManager : Event: ======'machine_var_audits_switches_s_left_slingshot'====== Args={'value': 9, 'prev_value': None, 'change': True}
2021-03-26 14:00:58,272 : INFO : EventManager : Event: ======'machine_var_audits_switches_s_right_flipper'====== Args={'value': 31, 'prev_value': None, 'change': True}
2021-03-26 14:00:58,272 : INFO : EventManager : Event: ======'machine_var_audits_switches_s_right_inlane'====== Args={'value': 9, 'prev_value': None, 'change': True}
2021-03-26 14:00:58,273 : INFO : EventManager : Event: ======'machine_var_audits_switches_s_right_slingshot'====== Args={'value': 31, 'prev_value': None, 'change': True}
2021-03-26 14:00:58,273 : INFO : EventManager : Event: ======'machine_var_audits_switches_s_start'====== Args={'value': 12, 'prev_value': None, 'change': True}
2021-03-26 14:00:58,274 : INFO : EventManager : Event: ======'machine_var_audits_switches_s_trough1'====== Args={'value': 6, 'prev_value': None, 'change': True}
2021-03-26 14:00:58,274 : INFO : EventManager : Event: ======'machine_var_audits_switches_s_pop_bumper'====== Args={'value': 0, 'prev_value': None, 'change': True}
2021-03-26 14:00:58,276 : INFO : EventManager : Event: ======'init_phase_5'====== Args={}
2021-03-26 14:00:58,277 : INFO : EventManager : Event: ======'init_done'====== Args={}
2021-03-26 14:00:58,279 : INFO : EventManager : Event: ======'machine_reset_phase_1'====== Args={}
2021-03-26 14:00:58,289 : INFO : EventManager : Event: ======'slide_welcome_slide_removed'====== Args={'_from_bcp': True}
2021-03-26 14:00:58,297 : INFO : EventManager : Event: ======'slide_welcome_slide_created'====== Args={'_from_bcp': True}
2021-03-26 14:00:58,300 : INFO : EventManager : Event: ======'machine_reset_phase_2'====== Args={}
2021-03-26 14:00:58,301 : INFO : EventManager : Event: ======'machine_reset_phase_3'====== Args={}
2021-03-26 14:00:58,301 : INFO : drop_target_bank.noah : All targets are already up. Will not reset bank.
2021-03-26 14:00:58,312 : INFO : EventManager : Event: ======'reset_complete'====== Args={}
2021-03-26 14:00:58,312 : INFO : EventManager : Event: ======'mode_attract_will_start'====== Args={}
2021-03-26 14:00:58,314 : INFO : EventManager : Event: ======'mode_attract_starting'====== Args={}
2021-03-26 14:00:58,315 : INFO : Mode.attract : Started. Priority: 10
2021-03-26 14:00:58,315 : INFO : EventManager : Event: ======'modes_active_modes_changed'====== Args={}
2021-03-26 14:00:58,315 : INFO : EventManager : Event: ======'mode_attract_started'====== Args={}
2021-03-26 14:00:58,317 : INFO : EventManager : Event: ======'collecting_balls_complete'====== Args={}
2021-03-26 14:00:58,318 : INFO : Machine : Starting the main run loop.
2021-03-26 14:00:58,320 : INFO : EventManager : Event: ======'slide_welcome_slide_active'====== Args={'_from_bcp': True}
2021-03-26 14:00:58,405 : INFO : EventManager : Event: ======'slide_awesome_slide_created'====== Args={'_from_bcp': True}
2021-03-26 14:00:58,420 : INFO : EventManager : Event: ======'slide_awesome_slide_active'====== Args={'_from_bcp': True}
2021-03-26 14:00:59,199 : INFO : SwitchController : <<<<<<< 's_left_slingshot' active >>>>>>>
2021-03-26 14:00:59,200 : INFO : EventManager : Event: ======'playfield_active'====== Args={}
2021-03-26 14:00:59,200 : INFO : EventManager : Event: ======'unexpected_ball_on_playfield'====== Args={}
2021-03-26 14:01:01,013 : INFO : SwitchController : <<<<<<< 's_left_slingshot' inactive >>>>>>>
2021-03-26 14:01:01,336 : INFO : EventManager : Event: ======'slide_press_start_created'====== Args={'_from_bcp': True}
2021-03-26 14:01:01,340 : INFO : EventManager : Event: ======'slide_press_start_active'====== Args={'_from_bcp': True}
2021-03-26 14:01:01,511 : INFO : SwitchController : <<<<<<< 's_left_slingshot' active >>>>>>>
2021-03-26 14:01:01,512 : INFO : EventManager : Event: ======'playfield_active'====== Args={}
2021-03-26 14:01:01,512 : INFO : EventManager : Event: ======'unexpected_ball_on_playfield'====== Args={}
2021-03-26 14:01:01,729 : INFO : SwitchController : <<<<<<< 's_left_slingshot' inactive >>>>>>>
2021-03-26 14:01:03,207 : INFO : SwitchController : <<<<<<< 's_left_flipper' active >>>>>>>
2021-03-26 14:01:03,782 : INFO : SwitchController : <<<<<<< 's_left_flipper' inactive >>>>>>>
2021-03-26 14:01:04,326 : INFO : SwitchController : <<<<<<< 's_left_flipper' active >>>>>>>
2021-03-26 14:01:04,332 : INFO : EventManager : Event: ======'slide_mission_pinball_created'====== Args={'_from_bcp': True}
2021-03-26 14:01:04,333 : INFO : EventManager : Event: ======'slide_mission_pinball_active'====== Args={'_from_bcp': True}
2021-03-26 14:01:04,870 : INFO : SwitchController : <<<<<<< 's_left_flipper' inactive >>>>>>>
2021-03-26 14:01:05,925 : INFO : SwitchController : <<<<<<< 's_left_slingshot' active >>>>>>>
2021-03-26 14:01:05,926 : INFO : EventManager : Event: ======'playfield_active'====== Args={}
2021-03-26 14:01:05,926 : INFO : EventManager : Event: ======'unexpected_ball_on_playfield'====== Args={}
2021-03-26 14:01:06,262 : INFO : SwitchController : <<<<<<< 's_left_slingshot' inactive >>>>>>>
2021-03-26 14:01:06,601 : INFO : SwitchController : <<<<<<< 's_left_slingshot' active >>>>>>>
2021-03-26 14:01:06,601 : INFO : EventManager : Event: ======'playfield_active'====== Args={}
2021-03-26 14:01:06,601 : INFO : EventManager : Event: ======'unexpected_ball_on_playfield'====== Args={}
2021-03-26 14:01:06,851 : INFO : SwitchController : <<<<<<< 's_left_slingshot' inactive >>>>>>>
2021-03-26 14:01:07,346 : INFO : EventManager : Event: ======'slide_last_game_score_slide_created'====== Args={'_from_bcp': True}
2021-03-26 14:01:07,348 : INFO : EventManager : Event: ======'slide_last_game_score_slide_active'====== Args={'_from_bcp': True}
2021-03-26 14:01:07,946 : INFO : SwitchController : <<<<<<< 's_left_flipper' active >>>>>>>
2021-03-26 14:01:08,242 : INFO : SwitchController : <<<<<<< 's_left_flipper' inactive >>>>>>>
2021-03-26 14:01:09,043 : INFO : SwitchController : <<<<<<< 's_left_slingshot' active >>>>>>>
2021-03-26 14:01:09,044 : INFO : EventManager : Event: ======'playfield_active'====== Args={}
2021-03-26 14:01:09,044 : INFO : EventManager : Event: ======'unexpected_ball_on_playfield'====== Args={}
2021-03-26 14:01:09,255 : INFO : SwitchController : <<<<<<< 's_left_slingshot' inactive >>>>>>>
2021-03-26 14:01:10,336 : INFO : EventManager : Event: ======'slide_awesome_slide_removed'====== Args={'_from_bcp': True}
2021-03-26 14:01:10,338 : INFO : EventManager : Event: ======'slide_awesome_slide_created'====== Args={'_from_bcp': True}
2021-03-26 14:01:10,341 : INFO : EventManager : Event: ======'slide_awesome_slide_active'====== Args={'_from_bcp': True}
2021-03-26 14:01:12,330 : INFO : Machine : Shutting down...
2021-03-26 14:01:12,330 : INFO : EventManager : Event: ======'shutdown'====== Args={}
2021-03-26 14:01:12,334 : INFO : root : MPF run loop ended.
