2021-03-26 14:19:46,539 : kivy : Factory: 184 symbols loaded
2021-03-26 14:19:46,746 : kivy : ImageLoaderFFPy: Using ffpyplayer 4.3.1
2021-03-26 14:19:46,749 : kivy : Image: Providers: img_tex, img_dds, img_sdl2, img_pil, img_ffpyplayer, img_gif 
2021-03-26 14:19:46,833 : kivy : VideoGstplayer: Using Gstreamer 1.16.0.0
2021-03-26 14:19:46,833 : kivy : Video: Provider: gstplayer
2021-03-26 14:19:46,933 : kivy : Loading MPF-MC controller
2021-03-26 14:19:47,488 : ConfigProcessor : Config spec file cache created: C:\Users\Noah\AppData\Local\Temp\config_spec.mpf_cache
2021-03-26 14:19:47,490 : YamlMultifileConfigLoader : Machine config file #1: config
2021-03-26 14:19:47,490 : ConfigProcessor : Loading config from file c:\users\noah\mpfenv\lib\site-packages\mpfmc\mcconfig.yaml.
2021-03-26 14:19:47,565 : ConfigProcessor : Loading config: c:\users\noah\mpfenv\lib\site-packages\mpfmc\mcconfig.yaml
2021-03-26 14:19:47,565 : ConfigProcessor : Loading config from file C:\Users\Noah\work\Andy Cavatorta\pinball\notes\MPF\noahgame_02\config\config.
2021-03-26 14:19:47,601 : ConfigProcessor : Loading config: C:\Users\Noah\work\Andy Cavatorta\pinball\notes\MPF\noahgame_02\config\config
2021-03-26 14:19:47,603 : ConfigProcessor : Config file cache created: C:\Users\Noah\AppData\Local\Temp\13e1228f6bf8ea03affe51e56cb3543a.mpf_cache
2021-03-26 14:19:47,604 : ConfigProcessor : Loading config from file c:\users\noah\mpfenv\lib\site-packages\mpf\modes\attract\config\attract.yaml.
2021-03-26 14:19:47,608 : ConfigProcessor : Loading config: c:\users\noah\mpfenv\lib\site-packages\mpf\modes\attract\config\attract.yaml
2021-03-26 14:19:47,608 : ConfigProcessor : Loading config from file C:\Users\Noah\work\Andy Cavatorta\pinball\notes\MPF\noahgame_02\modes\attract\config\attract.yaml.
2021-03-26 14:19:47,610 : ConfigProcessor : Loading config: C:\Users\Noah\work\Andy Cavatorta\pinball\notes\MPF\noahgame_02\modes\attract\config\attract.yaml
2021-03-26 14:19:47,611 : ConfigProcessor : Config file cache created: C:\Users\Noah\AppData\Local\Temp\98acf0898e619a6798c45a0e5cbb339b.mpf_cache
2021-03-26 14:19:47,612 : ConfigProcessor : Loading config from file c:\users\noah\mpfenv\lib\site-packages\mpf\modes\game\config\game.yaml.
2021-03-26 14:19:47,614 : ConfigProcessor : Loading config: c:\users\noah\mpfenv\lib\site-packages\mpf\modes\game\config\game.yaml
2021-03-26 14:19:47,615 : ConfigProcessor : Config file cache created: C:\Users\Noah\AppData\Local\Temp\a7eac71e9da1e9cfd4db34c71351dbda.mpf_cache
2021-03-26 14:19:47,616 : ConfigProcessor : Loading config from file C:\Users\Noah\work\Andy Cavatorta\pinball\notes\MPF\noahgame_02\modes\base\config\base.yaml.
2021-03-26 14:19:47,626 : ConfigProcessor : Loading config: C:\Users\Noah\work\Andy Cavatorta\pinball\notes\MPF\noahgame_02\modes\base\config\base.yaml
2021-03-26 14:19:47,627 : ConfigProcessor : Config file cache created: C:\Users\Noah\AppData\Local\Temp\c6adbc38c235400b65ae43d7099eba05.mpf_cache
2021-03-26 14:19:47,627 : mpfmc : Mission Pinball Framework Media Controller v0.54.0
2021-03-26 14:19:47,627 : mpfmc : Mission Pinball Framework Game Engine v0.54.6
2021-03-26 14:19:47,628 : mpfmc : Machine path: C:\Users\Noah\work\Andy Cavatorta\pinball\notes\MPF\noahgame_02
2021-03-26 14:19:47,628 : mpfmc : Starting clock at 60.0Hz
2021-03-26 14:19:47,649 : kivy : Text: Provider: sdl2
2021-03-26 14:19:47,703 : kivy : Window: Provider: sdl2
2021-03-26 14:19:47,958 : kivy : GL: Using the "OpenGL" graphics system
2021-03-26 14:19:47,959 : kivy : GL: GLEW initialization succeeded
2021-03-26 14:19:47,960 : kivy : GL: Backend used <glew>
2021-03-26 14:19:47,960 : kivy : GL: OpenGL version <b'4.4.0 - Build 20.19.15.4835'>
2021-03-26 14:19:47,961 : kivy : GL: OpenGL vendor <b'Intel'>
2021-03-26 14:19:47,961 : kivy : GL: OpenGL renderer <b'Intel(R) HD Graphics 5500'>
2021-03-26 14:19:47,961 : kivy : GL: OpenGL parsed version: 4, 4
2021-03-26 14:19:47,961 : kivy : GL: Shading version <b'4.40 - Build 20.19.15.4835'>
2021-03-26 14:19:47,962 : kivy : GL: Texture max size <16384>
2021-03-26 14:19:47,962 : kivy : GL: Texture max units <32>
2021-03-26 14:19:47,990 : kivy : Window: auto add sdl2 input provider
2021-03-26 14:19:47,991 : kivy : Window: virtual keyboard not allowed, single mode, not docked
2021-03-26 14:19:48,006 : SoundSystem : SoundSystem: Using default 'sound_system' settings
2021-03-26 14:19:48,445 : AudioInterface : Initialized
2021-03-26 14:19:48,445 : SoundSystem : No audio tracks are specified in your machine config file. a track named 'default' has been created.
2021-03-26 14:19:48,448 : kivy : Base: Start application main loop
2021-03-26 14:19:48,449 : EventManager : Event: ======'display_window_initialized'====== Args={}
2021-03-26 14:19:48,476 : mpfmc : Display: Setting 'window' as default display
2021-03-26 14:19:48,487 : EventManager : Event: ======'displays_initialized'====== Args={}
2021-03-26 14:19:48,489 : EventManager : Event: ======'slide_window_blank_created'====== Args={}
2021-03-26 14:19:48,490 : EventManager : Event: ======'display_window_ready'====== Args={}
2021-03-26 14:19:48,502 : EventManager : Event: ======'init_phase_1'====== Args={}
2021-03-26 14:19:48,508 : EventManager : Event: ======'mc_ready'====== Args={}
2021-03-26 14:19:48,509 : EventManager : Event: ======'init_phase_2'====== Args={}
2021-03-26 14:19:48,511 : EventManager : Event: ======'init_phase_3'====== Args={}
2021-03-26 14:19:48,511 : EventManager : Event: ======'init_phase_4'====== Args={}
2021-03-26 14:19:48,511 : EventManager : Event: ======'init_phase_5'====== Args={}
2021-03-26 14:19:48,512 : EventManager : Event: ======'init_done'====== Args={}
2021-03-26 14:19:48,512 : MPF-MC BCP Server : Starting up on localhost port 5050
2021-03-26 14:19:48,517 : MPF-MC BCP Server : Waiting for a connection...
2021-03-26 14:19:48,517 : mpfmc : SlidePlayer: Play called with settings={'slides': {welcome_slide-None-None: {'priority': None, 'target': None, 'background_color': [0.0, 0.0, 0.0, 1.0], 'show': True, 'force': False, 'expire': None, 'slide': None, 'tokens': {}, 'action': 'play', 'transition': None, 'transition_out': None}}}
2021-03-26 14:19:48,524 : kivy : GL: NPOT texture support is available
2021-03-26 14:19:48,527 : EventManager : Event: ======'slide_welcome_slide_created'====== Args={}
2021-03-26 14:19:48,531 : EventManager : Event: ======'slide_welcome_slide_active'====== Args={}
2021-03-26 14:19:48,541 : EventManager : Event: ======'client_disconnected'====== Args={'host': '127.0.0.1', 'port': 5050}
2021-03-26 14:19:49,592 : MPF-MC BCP Server : Received connection from: 127.0.0.1:57476
2021-03-26 14:19:49,601 : EventManager : Event: ======'client_connected'====== Args={'host': '127.0.0.1', 'port': 57476}
2021-03-26 14:19:49,627 : EventManager : Event: ======'machine_var_p_roc_version'====== Args={'value': 2, 'prev_value': None, 'change': True}
2021-03-26 14:19:49,627 : EventManager : Event: ======'machine_var_p_roc_revision'====== Args={'value': 6, 'prev_value': None, 'change': True}
2021-03-26 14:19:49,627 : EventManager : Event: ======'machine_var_p_roc_hardware_version'====== Args={'value': 1, 'prev_value': None, 'change': True}
2021-03-26 14:19:49,628 : EventManager : Event: ======'machine_var_credits_string'====== Args={'value': 'FREE PLAY', 'prev_value': None, 'change': True}
2021-03-26 14:19:49,628 : EventManager : Event: ======'machine_var_mpf_version'====== Args={'value': 'MPF v0.54.6', 'prev_value': None, 'change': True}
2021-03-26 14:19:49,629 : EventManager : Event: ======'machine_var_mpf_extended_version'====== Args={'value': 'MPF v0.54.6, Config version:5, Show version: 5, BCP version:1.1', 'prev_value': None, 'change': True}
2021-03-26 14:19:49,630 : EventManager : Event: ======'machine_var_python_version'====== Args={'value': '3.7.9', 'prev_value': None, 'change': True}
2021-03-26 14:19:49,630 : EventManager : Event: ======'machine_var_platform'====== Args={'value': 'Windows-10-10.0.19041-SP0', 'prev_value': None, 'change': True}
2021-03-26 14:19:49,630 : EventManager : Event: ======'machine_var_platform_system'====== Args={'value': 'Windows', 'prev_value': None, 'change': True}
2021-03-26 14:19:49,634 : EventManager : Event: ======'machine_var_platform_release'====== Args={'value': '10', 'prev_value': None, 'change': True}
2021-03-26 14:19:49,634 : EventManager : Event: ======'machine_var_platform_version'====== Args={'value': '10.0.19041', 'prev_value': None, 'change': True}
2021-03-26 14:19:49,634 : EventManager : Event: ======'machine_var_platform_machine'====== Args={'value': 'AMD64', 'prev_value': None, 'change': True}
2021-03-26 14:19:49,634 : EventManager : Event: ======'machine_var_mc_version'====== Args={'value': 'MPF-MC v0.54.0', 'prev_value': None, 'change': True}
2021-03-26 14:19:49,634 : EventManager : Event: ======'machine_var_mc_extended_version'====== Args={'value': 'MPF-MC v0.54.0 (config_version=5, BCP v1.1, Requires MPF v0.54.0)', 'prev_value': None, 'change': True}
2021-03-26 14:19:49,634 : EventManager : Event: ======'machine_var_master_volume'====== Args={'value': 0.5, 'prev_value': None, 'change': True}
2021-03-26 14:19:49,634 : EventManager : Event: ======'machine_var_audits_switches_s_drop_target'====== Args={'value': 123, 'prev_value': None, 'change': True}
2021-03-26 14:19:49,635 : EventManager : Event: ======'machine_var_audits_switches_s_left_flipper'====== Args={'value': 20, 'prev_value': None, 'change': True}
2021-03-26 14:19:49,635 : EventManager : Event: ======'machine_var_audits_switches_s_left_slingshot'====== Args={'value': 9, 'prev_value': None, 'change': True}
2021-03-26 14:19:49,635 : EventManager : Event: ======'machine_var_audits_switches_s_right_flipper'====== Args={'value': 31, 'prev_value': None, 'change': True}
2021-03-26 14:19:49,635 : EventManager : Event: ======'machine_var_audits_switches_s_right_inlane'====== Args={'value': 9, 'prev_value': None, 'change': True}
2021-03-26 14:19:49,636 : EventManager : Event: ======'machine_var_audits_switches_s_right_slingshot'====== Args={'value': 31, 'prev_value': None, 'change': True}
2021-03-26 14:19:49,636 : EventManager : Event: ======'machine_var_audits_switches_s_start'====== Args={'value': 12, 'prev_value': None, 'change': True}
2021-03-26 14:19:49,636 : EventManager : Event: ======'machine_var_audits_switches_s_trough1'====== Args={'value': 6, 'prev_value': None, 'change': True}
2021-03-26 14:19:49,636 : EventManager : Event: ======'machine_var_audits_switches_s_pop_bumper'====== Args={'value': 0, 'prev_value': None, 'change': True}
2021-03-26 14:19:49,637 : EventManager : Event: ======'slides_play'====== Args={'settings': {'welcome_slide': {'target': None, 'background_color': [0.0, 0.0, 0.0, 1.0], 'priority': None, 'show': True, 'force': False, 'expire': None, 'slide': None, 'tokens': {}, 'action': 'play'}}, 'context': '_global', 'calling_context': 'init_done', 'priority': 0}
2021-03-26 14:19:49,637 : EventManager : Event: ======'mc_reset_phase_1'====== Args={}
2021-03-26 14:19:49,637 : mpfmc : SlidePlayer: Play called with settings={'welcome_slide': {'target': None, 'background_color': [0.0, 0.0, 0.0, 1.0], 'priority': None, 'show': True, 'force': False, 'expire': None, 'slide': None, 'tokens': {}, 'action': 'play'}}
2021-03-26 14:19:49,640 : EventManager : Event: ======'slide_welcome_slide_removed'====== Args={}
2021-03-26 14:19:49,644 : EventManager : Event: ======'slide_welcome_slide_created'====== Args={}
2021-03-26 14:19:49,646 : EventManager : Event: ======'mc_reset_phase_2'====== Args={}
2021-03-26 14:19:49,647 : EventManager : Event: ======'mc_reset_phase_3'====== Args={}
2021-03-26 14:19:49,647 : EventManager : Event: ======'mc_reset_complete'====== Args={}
2021-03-26 14:19:49,648 : EventManager : Event: ======'slide_welcome_slide_active'====== Args={}
2021-03-26 14:19:49,672 : EventManager : Event: ======'slides_play'====== Args={'settings': {'awesome_slide': {'widgets': [{'type': 'text', 'text': 'YOU ARE AWESOME', 'font_size': 50, '_default_settings': ['type', 'text', 'font_size'], 'x': None, 'y': None, 'anchor_x': 'center', 'anchor_y': 'center', 'round_anchor_x': None, 'round_anchor_y': None, 'opacity': 1.0, 'z': 0, 'reset_animations_events': {}, 'color': [1.0, 1.0, 1.0, 1.0], 'style': [], 'adjust_top': 0, 'adjust_bottom': 0, 'adjust_left': 0, 'adjust_right': 0, 'expire': None, 'key': None, 'widget': None, 'events_when_added': [], 'events_when_removed': [], 'bitmap_font': False, 'font_kerning': True, 'bold': False, 'italic': False, 'number_grouping': False, 'min_digits': 0, 'halign': 'center', 'valign': 'middle', 'rotation': 0, 'scale': 1.0, 'casing': None, 'animations': None}], 'transition': {'type': 'push', 'duration': 1.0, 'direction': 'left', 'easing': 'out_quad'}, 'target': None, 'background_color': [0.0, 0.0, 0.0, 1.0], 'priority': None, 'show': True, 'force': False, 'expire': None, 'slide': None, 'tokens': {}, 'action': 'play'}}, 'context': 'show_2', 'calling_context': 0, 'priority': 10, 'show_tokens': {}, 'start_time': 731098.0}
2021-03-26 14:19:49,673 : mpfmc : SlidePlayer: Play called with settings={'awesome_slide': {'widgets': [{'type': 'text', 'text': 'YOU ARE AWESOME', 'font_size': 50, '_default_settings': ['type', 'text', 'font_size'], 'x': None, 'y': None, 'anchor_x': 'center', 'anchor_y': 'center', 'round_anchor_x': None, 'round_anchor_y': None, 'opacity': 1.0, 'z': 0, 'reset_animations_events': {}, 'color': [1.0, 1.0, 1.0, 1.0], 'style': [], 'adjust_top': 0, 'adjust_bottom': 0, 'adjust_left': 0, 'adjust_right': 0, 'expire': None, 'key': None, 'widget': None, 'events_when_added': [], 'events_when_removed': [], 'bitmap_font': False, 'font_kerning': True, 'bold': False, 'italic': False, 'number_grouping': False, 'min_digits': 0, 'halign': 'center', 'valign': 'middle', 'rotation': 0, 'scale': 1.0, 'casing': None, 'animations': None}], 'transition': {'type': 'push', 'duration': 1.0, 'direction': 'left', 'easing': 'out_quad'}, 'target': None, 'background_color': [0.0, 0.0, 0.0, 1.0], 'priority': None, 'show': True, 'force': False, 'expire': None, 'slide': None, 'tokens': {}, 'action': 'play'}}
2021-03-26 14:19:49,679 : EventManager : Event: ======'slide_awesome_slide_created'====== Args={}
2021-03-26 14:19:49,682 : EventManager : Event: ======'slide_awesome_slide_active'====== Args={}
2021-03-26 14:19:52,675 : EventManager : Event: ======'slides_play'====== Args={'settings': {'press_start': {'widgets': [{'type': 'Text', 'text': 'PRESS START', 'animations': {'pre_show_slide': [{'property': ['opacity'], 'value': ['0'], 'duration': 0.5, 'relative': False, 'timing': 'after_previous', 'repeat': False, 'easing': 'linear'}, {'property': ['opacity'], 'value': ['1'], 'duration': 0.5, 'repeat': False, 'relative': False, 'timing': 'after_previous', 'easing': 'linear'}]}, '_default_settings': ['type', 'text', 'animations'], 'x': None, 'y': None, 'anchor_x': 'center', 'anchor_y': 'center', 'round_anchor_x': None, 'round_anchor_y': None, 'opacity': 1.0, 'z': 0, 'reset_animations_events': {}, 'color': [1.0, 1.0, 1.0, 1.0], 'style': [], 'adjust_top': 0, 'adjust_bottom': 0, 'adjust_left': 0, 'adjust_right': 0, 'expire': None, 'key': None, 'widget': None, 'events_when_added': [], 'events_when_removed': [], 'font_size': 15, 'bitmap_font': False, 'font_kerning': True, 'bold': False, 'italic': False, 'number_grouping': False, 'min_digits': 0, 'halign': 'center', 'valign': 'middle', 'rotation': 0, 'scale': 1.0, 'casing': None}, {'type': 'Text', 'text': 'FREE PLAY', 'color': [0.0, 0.5019607843137255, 0.0, 1], 'y': '10', 'anchor_y': 'bottom', '_default_settings': ['type', 'text', 'color', 'y', 'anchor_y'], 'x': None, 'anchor_x': 'center', 'round_anchor_x': None, 'round_anchor_y': None, 'opacity': 1.0, 'z': 0, 'reset_animations_events': {}, 'style': [], 'adjust_top': 0, 'adjust_bottom': 0, 'adjust_left': 0, 'adjust_right': 0, 'expire': None, 'key': None, 'widget': None, 'events_when_added': [], 'events_when_removed': [], 'font_size': 15, 'bitmap_font': False, 'font_kerning': True, 'bold': False, 'italic': False, 'number_grouping': False, 'min_digits': 0, 'halign': 'center', 'valign': 'middle', 'rotation': 0, 'scale': 1.0, 'casing': None, 'animations': None}], 'transition': {'type': 'move_in', 'duration': 1.0, 'direction': 'right', 'easing': 'out_quad'}, 'target': None, 'background_color': [0.0, 0.0, 0.0, 1.0], 'priority': None, 'show': True, 'force': False, 'expire': None, 'slide': None, 'tokens': {}, 'action': 'play'}}, 'context': 'show_2', 'calling_context': 1, 'priority': 10, 'show_tokens': {}, 'start_time': 731101.0}
2021-03-26 14:19:52,676 : mpfmc : SlidePlayer: Play called with settings={'press_start': {'widgets': [{'type': 'Text', 'text': 'PRESS START', 'animations': {'pre_show_slide': [{'property': ['opacity'], 'value': ['0'], 'duration': 0.5, 'relative': False, 'timing': 'after_previous', 'repeat': False, 'easing': 'linear'}, {'property': ['opacity'], 'value': ['1'], 'duration': 0.5, 'repeat': False, 'relative': False, 'timing': 'after_previous', 'easing': 'linear'}]}, '_default_settings': ['type', 'text', 'animations'], 'x': None, 'y': None, 'anchor_x': 'center', 'anchor_y': 'center', 'round_anchor_x': None, 'round_anchor_y': None, 'opacity': 1.0, 'z': 0, 'reset_animations_events': {}, 'color': [1.0, 1.0, 1.0, 1.0], 'style': [], 'adjust_top': 0, 'adjust_bottom': 0, 'adjust_left': 0, 'adjust_right': 0, 'expire': None, 'key': None, 'widget': None, 'events_when_added': [], 'events_when_removed': [], 'font_size': 15, 'bitmap_font': False, 'font_kerning': True, 'bold': False, 'italic': False, 'number_grouping': False, 'min_digits': 0, 'halign': 'center', 'valign': 'middle', 'rotation': 0, 'scale': 1.0, 'casing': None}, {'type': 'Text', 'text': 'FREE PLAY', 'color': [0.0, 0.5019607843137255, 0.0, 1], 'y': '10', 'anchor_y': 'bottom', '_default_settings': ['type', 'text', 'color', 'y', 'anchor_y'], 'x': None, 'anchor_x': 'center', 'round_anchor_x': None, 'round_anchor_y': None, 'opacity': 1.0, 'z': 0, 'reset_animations_events': {}, 'style': [], 'adjust_top': 0, 'adjust_bottom': 0, 'adjust_left': 0, 'adjust_right': 0, 'expire': None, 'key': None, 'widget': None, 'events_when_added': [], 'events_when_removed': [], 'font_size': 15, 'bitmap_font': False, 'font_kerning': True, 'bold': False, 'italic': False, 'number_grouping': False, 'min_digits': 0, 'halign': 'center', 'valign': 'middle', 'rotation': 0, 'scale': 1.0, 'casing': None, 'animations': None}], 'transition': {'type': 'move_in', 'duration': 1.0, 'direction': 'right', 'easing': 'out_quad'}, 'target': None, 'background_color': [0.0, 0.0, 0.0, 1.0], 'priority': None, 'show': True, 'force': False, 'expire': None, 'slide': None, 'tokens': {}, 'action': 'play'}}
2021-03-26 14:19:52,683 : EventManager : Event: ======'slide_press_start_created'====== Args={}
2021-03-26 14:19:52,686 : EventManager : Event: ======'slide_press_start_active'====== Args={}
2021-03-26 14:19:55,670 : EventManager : Event: ======'slides_play'====== Args={'settings': {'mission_pinball': {'widgets': [{'type': 'Text', 'text': 'MISSION PINBALL', 'color': [1.0, 0.0, 0.0, 1], '_default_settings': ['type', 'text', 'color'], 'x': None, 'y': None, 'anchor_x': 'center', 'anchor_y': 'center', 'round_anchor_x': None, 'round_anchor_y': None, 'opacity': 1.0, 'z': 0, 'reset_animations_events': {}, 'style': [], 'adjust_top': 0, 'adjust_bottom': 0, 'adjust_left': 0, 'adjust_right': 0, 'expire': None, 'key': None, 'widget': None, 'events_when_added': [], 'events_when_removed': [], 'font_size': 15, 'bitmap_font': False, 'font_kerning': True, 'bold': False, 'italic': False, 'number_grouping': False, 'min_digits': 0, 'halign': 'center', 'valign': 'middle', 'rotation': 0, 'scale': 1.0, 'casing': None, 'animations': None}], 'transition': {'type': 'move_in', 'duration': 1.0, 'direction': 'top', 'easing': 'out_quad'}, 'target': None, 'background_color': [0.0, 0.0, 0.0, 1.0], 'priority': None, 'show': True, 'force': False, 'expire': None, 'slide': None, 'tokens': {}, 'action': 'play'}}, 'context': 'show_2', 'calling_context': 2, 'priority': 10, 'show_tokens': {}, 'start_time': 731104.0}
2021-03-26 14:19:55,671 : mpfmc : SlidePlayer: Play called with settings={'mission_pinball': {'widgets': [{'type': 'Text', 'text': 'MISSION PINBALL', 'color': [1.0, 0.0, 0.0, 1], '_default_settings': ['type', 'text', 'color'], 'x': None, 'y': None, 'anchor_x': 'center', 'anchor_y': 'center', 'round_anchor_x': None, 'round_anchor_y': None, 'opacity': 1.0, 'z': 0, 'reset_animations_events': {}, 'style': [], 'adjust_top': 0, 'adjust_bottom': 0, 'adjust_left': 0, 'adjust_right': 0, 'expire': None, 'key': None, 'widget': None, 'events_when_added': [], 'events_when_removed': [], 'font_size': 15, 'bitmap_font': False, 'font_kerning': True, 'bold': False, 'italic': False, 'number_grouping': False, 'min_digits': 0, 'halign': 'center', 'valign': 'middle', 'rotation': 0, 'scale': 1.0, 'casing': None, 'animations': None}], 'transition': {'type': 'move_in', 'duration': 1.0, 'direction': 'top', 'easing': 'out_quad'}, 'target': None, 'background_color': [0.0, 0.0, 0.0, 1.0], 'priority': None, 'show': True, 'force': False, 'expire': None, 'slide': None, 'tokens': {}, 'action': 'play'}}
2021-03-26 14:19:55,675 : EventManager : Event: ======'slide_mission_pinball_created'====== Args={}
2021-03-26 14:19:55,677 : EventManager : Event: ======'slide_mission_pinball_active'====== Args={}
2021-03-26 14:19:58,072 : kivy : Base: Leaving application in progress...
2021-03-26 14:19:58,287 : kivy : WindowSDL: exiting mainloop and closing.
2021-03-26 14:19:58,307 : mpfmc : Stopping...
2021-03-26 14:19:58,307 : EventManager : Event: ======'shutdown'====== Args={}
2021-03-26 14:19:58,308 : mpfmc : Loop rate 77.18 Hz
2021-03-26 14:19:58,308 : kivy : MC run loop ended.
2021-03-26 14:19:58,309 : kivy : Stopping child threads... (3 remaining)
2021-03-26 14:19:58,662 : mpfmc : Stopping...
2021-03-26 14:19:58,662 : EventManager : Event: ======'shutdown'====== Args={}
2021-03-26 14:19:58,663 : mpfmc : Loop rate 74.5 Hz
2021-03-26 14:19:58,678 : MPF-MC BCP Server : Stopping BCP sending thread
2021-03-26 14:19:58,711 : kivy : All child threads stopped.
