2021-03-18 15:25:44,504 : kivy : Factory: 184 symbols loaded
2021-03-18 15:25:44,761 : kivy : ImageLoaderFFPy: Using ffpyplayer 4.3.1
2021-03-18 15:25:44,766 : kivy : Image: Providers: img_tex, img_dds, img_sdl2, img_pil, img_ffpyplayer, img_gif 
2021-03-18 15:25:44,843 : kivy : VideoGstplayer: Using Gstreamer 1.16.0.0
2021-03-18 15:25:44,843 : kivy : Video: Provider: gstplayer
2021-03-18 15:25:44,917 : kivy : Loading MPF-MC controller
2021-03-18 15:25:44,922 : YamlMultifileConfigLoader : Machine config file #1: config
2021-03-18 15:25:44,923 : ConfigProcessor : Config file in cache changed: C:\Users\Noah\work\Andy Cavatorta\pinball\notes\MPF\noahgame_02\config\config
2021-03-18 15:25:44,924 : ConfigProcessor : Loading config from file c:\users\noah\mpfenv\lib\site-packages\mpfmc\mcconfig.yaml.
2021-03-18 15:25:44,981 : ConfigProcessor : Loading config: c:\users\noah\mpfenv\lib\site-packages\mpfmc\mcconfig.yaml
2021-03-18 15:25:44,982 : ConfigProcessor : Loading config from file C:\Users\Noah\work\Andy Cavatorta\pinball\notes\MPF\noahgame_02\config\config.
2021-03-18 15:25:45,008 : ConfigProcessor : Loading config: C:\Users\Noah\work\Andy Cavatorta\pinball\notes\MPF\noahgame_02\config\config
2021-03-18 15:25:45,010 : ConfigProcessor : Config file cache created: C:\Users\Noah\AppData\Local\Temp\13e1228f6bf8ea03affe51e56cb3543a.mpf_cache
2021-03-18 15:25:45,012 : ConfigProcessor : Loading config from cache: C:\Users\Noah\AppData\Local\Temp\74774f186c18434d8d39d0d4b0a3afeb.mpf_cache
2021-03-18 15:25:45,013 : ConfigProcessor : Loading config from cache: C:\Users\Noah\AppData\Local\Temp\a7eac71e9da1e9cfd4db34c71351dbda.mpf_cache
2021-03-18 15:25:45,014 : mpfmc : Mission Pinball Framework Media Controller v0.54.0
2021-03-18 15:25:45,015 : mpfmc : Mission Pinball Framework Game Engine v0.54.6
2021-03-18 15:25:45,015 : mpfmc : Machine path: C:\Users\Noah\work\Andy Cavatorta\pinball\notes\MPF\noahgame_02
2021-03-18 15:25:45,016 : mpfmc : Starting clock at 60.0Hz
2021-03-18 15:25:45,051 : kivy : Text: Provider: sdl2
2021-03-18 15:25:45,103 : kivy : Window: Provider: sdl2
2021-03-18 15:25:45,260 : kivy : GL: Using the "OpenGL" graphics system
2021-03-18 15:25:45,263 : kivy : GL: GLEW initialization succeeded
2021-03-18 15:25:45,265 : kivy : GL: Backend used <glew>
2021-03-18 15:25:45,267 : kivy : GL: OpenGL version <b'4.4.0 - Build 20.19.15.4835'>
2021-03-18 15:25:45,268 : kivy : GL: OpenGL vendor <b'Intel'>
2021-03-18 15:25:45,268 : kivy : GL: OpenGL renderer <b'Intel(R) HD Graphics 5500'>
2021-03-18 15:25:45,269 : kivy : GL: OpenGL parsed version: 4, 4
2021-03-18 15:25:45,273 : kivy : GL: Shading version <b'4.40 - Build 20.19.15.4835'>
2021-03-18 15:25:45,274 : kivy : GL: Texture max size <16384>
2021-03-18 15:25:45,275 : kivy : GL: Texture max units <32>
2021-03-18 15:25:45,309 : kivy : Window: auto add sdl2 input provider
2021-03-18 15:25:45,309 : kivy : Window: virtual keyboard not allowed, single mode, not docked
2021-03-18 15:25:45,326 : SoundSystem : SoundSystem: Using default 'sound_system' settings
2021-03-18 15:25:45,731 : AudioInterface : Initialized
2021-03-18 15:25:45,732 : SoundSystem : No audio tracks are specified in your machine config file. a track named 'default' has been created.
2021-03-18 15:25:45,735 : kivy : Base: Start application main loop
2021-03-18 15:25:45,736 : EventManager : Event: ======'display_window_initialized'====== Args={}
2021-03-18 15:25:45,762 : mpfmc : Display: Setting 'window' as default display
2021-03-18 15:25:45,777 : EventManager : Event: ======'displays_initialized'====== Args={}
2021-03-18 15:25:45,779 : EventManager : Event: ======'slide_window_blank_created'====== Args={}
2021-03-18 15:25:45,780 : EventManager : Event: ======'display_window_ready'====== Args={}
2021-03-18 15:25:45,799 : EventManager : Event: ======'init_phase_1'====== Args={}
2021-03-18 15:25:45,806 : EventManager : Event: ======'mc_ready'====== Args={}
2021-03-18 15:25:45,806 : EventManager : Event: ======'init_phase_2'====== Args={}
2021-03-18 15:25:45,808 : EventManager : Event: ======'init_phase_3'====== Args={}
2021-03-18 15:25:45,809 : EventManager : Event: ======'init_phase_4'====== Args={}
2021-03-18 15:25:45,809 : EventManager : Event: ======'init_phase_5'====== Args={}
2021-03-18 15:25:45,810 : EventManager : Event: ======'init_done'====== Args={}
2021-03-18 15:25:45,811 : MPF-MC BCP Server : Starting up on localhost port 5050
2021-03-18 15:25:45,816 : MPF-MC BCP Server : Waiting for a connection...
2021-03-18 15:25:45,816 : mpfmc : SlidePlayer: Play called with settings={'slides': {welcome_slide-None-None: {'priority': None, 'target': None, 'background_color': [0.0, 0.0, 0.0, 1.0], 'show': True, 'force': False, 'expire': None, 'slide': None, 'tokens': {}, 'action': 'play', 'transition': None, 'transition_out': None}}}
2021-03-18 15:25:45,822 : kivy : GL: NPOT texture support is available
2021-03-18 15:25:45,824 : EventManager : Event: ======'slide_welcome_slide_created'====== Args={}
2021-03-18 15:25:45,828 : EventManager : Event: ======'slide_welcome_slide_active'====== Args={}
2021-03-18 15:25:45,838 : EventManager : Event: ======'client_disconnected'====== Args={'host': '127.0.0.1', 'port': 5050}
2021-03-18 15:25:46,825 : MPF-MC BCP Server : Received connection from: 127.0.0.1:55834
2021-03-18 15:25:46,837 : EventManager : Event: ======'client_connected'====== Args={'host': '127.0.0.1', 'port': 55834}
2021-03-18 15:25:46,849 : EventManager : Event: ======'machine_var_p_roc_version'====== Args={'value': 2, 'prev_value': None, 'change': True}
2021-03-18 15:25:46,849 : EventManager : Event: ======'machine_var_p_roc_revision'====== Args={'value': 6, 'prev_value': None, 'change': True}
2021-03-18 15:25:46,851 : EventManager : Event: ======'machine_var_p_roc_hardware_version'====== Args={'value': 1, 'prev_value': None, 'change': True}
2021-03-18 15:25:46,852 : EventManager : Event: ======'machine_var_credits_string'====== Args={'value': 'FREE PLAY', 'prev_value': None, 'change': True}
2021-03-18 15:25:46,853 : EventManager : Event: ======'machine_var_mpf_version'====== Args={'value': 'MPF v0.54.6', 'prev_value': None, 'change': True}
2021-03-18 15:25:46,854 : EventManager : Event: ======'machine_var_mpf_extended_version'====== Args={'value': 'MPF v0.54.6, Config version:5, Show version: 5, BCP version:1.1', 'prev_value': None, 'change': True}
2021-03-18 15:25:46,857 : EventManager : Event: ======'machine_var_python_version'====== Args={'value': '3.7.9', 'prev_value': None, 'change': True}
2021-03-18 15:25:46,858 : EventManager : Event: ======'machine_var_platform'====== Args={'value': 'Windows-10-10.0.19041-SP0', 'prev_value': None, 'change': True}
2021-03-18 15:25:46,859 : EventManager : Event: ======'machine_var_platform_system'====== Args={'value': 'Windows', 'prev_value': None, 'change': True}
2021-03-18 15:25:46,859 : EventManager : Event: ======'machine_var_platform_release'====== Args={'value': '10', 'prev_value': None, 'change': True}
2021-03-18 15:25:46,860 : EventManager : Event: ======'machine_var_platform_version'====== Args={'value': '10.0.19041', 'prev_value': None, 'change': True}
2021-03-18 15:25:46,860 : EventManager : Event: ======'machine_var_platform_machine'====== Args={'value': 'AMD64', 'prev_value': None, 'change': True}
2021-03-18 15:25:46,861 : EventManager : Event: ======'machine_var_mc_version'====== Args={'value': 'MPF-MC v0.54.0', 'prev_value': None, 'change': True}
2021-03-18 15:25:46,862 : EventManager : Event: ======'machine_var_mc_extended_version'====== Args={'value': 'MPF-MC v0.54.0 (config_version=5, BCP v1.1, Requires MPF v0.54.0)', 'prev_value': None, 'change': True}
2021-03-18 15:25:46,862 : EventManager : Event: ======'machine_var_master_volume'====== Args={'value': 0.5, 'prev_value': None, 'change': True}
2021-03-18 15:25:46,863 : EventManager : Event: ======'machine_var_audits_switches_s_left_flipper'====== Args={'value': 0, 'prev_value': None, 'change': True}
2021-03-18 15:25:46,864 : EventManager : Event: ======'machine_var_audits_switches_s_right_flipper'====== Args={'value': 0, 'prev_value': None, 'change': True}
2021-03-18 15:25:46,867 : EventManager : Event: ======'machine_var_audits_switches_s_left_slingshot'====== Args={'value': 0, 'prev_value': None, 'change': True}
2021-03-18 15:25:46,868 : EventManager : Event: ======'machine_var_audits_switches_s_right_slingshot'====== Args={'value': 0, 'prev_value': None, 'change': True}
2021-03-18 15:25:46,869 : EventManager : Event: ======'machine_var_audits_switches_s_drop_target'====== Args={'value': 0, 'prev_value': None, 'change': True}
2021-03-18 15:25:46,869 : EventManager : Event: ======'slides_play'====== Args={'settings': {'welcome_slide': {'target': None, 'background_color': [0.0, 0.0, 0.0, 1.0], 'priority': None, 'show': True, 'force': False, 'expire': None, 'slide': None, 'tokens': {}, 'action': 'play'}}, 'context': '_global', 'calling_context': 'init_done', 'priority': 0}
2021-03-18 15:25:46,870 : EventManager : Event: ======'mc_reset_phase_1'====== Args={}
2021-03-18 15:25:46,870 : mpfmc : SlidePlayer: Play called with settings={'welcome_slide': {'target': None, 'background_color': [0.0, 0.0, 0.0, 1.0], 'priority': None, 'show': True, 'force': False, 'expire': None, 'slide': None, 'tokens': {}, 'action': 'play'}}
2021-03-18 15:25:46,872 : EventManager : Event: ======'slide_welcome_slide_removed'====== Args={}
2021-03-18 15:25:46,876 : EventManager : Event: ======'slide_welcome_slide_created'====== Args={}
2021-03-18 15:25:46,878 : EventManager : Event: ======'mc_reset_phase_2'====== Args={}
2021-03-18 15:25:46,879 : EventManager : Event: ======'mc_reset_phase_3'====== Args={}
2021-03-18 15:25:46,879 : EventManager : Event: ======'mc_reset_complete'====== Args={}
2021-03-18 15:25:46,881 : EventManager : Event: ======'slide_welcome_slide_active'====== Args={}
2021-03-18 15:25:46,902 : EventManager : Event: ======'slides_play'====== Args={'settings': {'attract_started': {'target': None, 'background_color': [0.0, 0.0, 0.0, 1.0], 'priority': None, 'show': True, 'force': False, 'expire': None, 'slide': None, 'tokens': {}, 'action': 'play'}}, 'context': '_global', 'calling_context': 'mode_attract_started', 'priority': 0}
2021-03-18 15:25:46,902 : mpfmc : SlidePlayer: Play called with settings={'attract_started': {'target': None, 'background_color': [0.0, 0.0, 0.0, 1.0], 'priority': None, 'show': True, 'force': False, 'expire': None, 'slide': None, 'tokens': {}, 'action': 'play'}}
2021-03-18 15:25:46,907 : EventManager : Event: ======'slide_attract_started_created'====== Args={}
2021-03-18 15:25:46,910 : EventManager : Event: ======'slide_attract_started_active'====== Args={}
2021-03-18 15:26:04,972 : kivy : Base: Leaving application in progress...
2021-03-18 15:26:05,179 : kivy : WindowSDL: exiting mainloop and closing.
2021-03-18 15:26:05,199 : mpfmc : Stopping...
2021-03-18 15:26:05,200 : EventManager : Event: ======'shutdown'====== Args={}
2021-03-18 15:26:05,202 : mpfmc : Loop rate 77.62 Hz
2021-03-18 15:26:05,203 : kivy : MC run loop ended.
2021-03-18 15:26:05,205 : kivy : Stopping child threads... (3 remaining)
2021-03-18 15:26:05,903 : mpfmc : Stopping...
2021-03-18 15:26:05,903 : EventManager : Event: ======'shutdown'====== Args={}
2021-03-18 15:26:05,905 : mpfmc : Loop rate 74.91 Hz
2021-03-18 15:26:05,921 : MPF-MC BCP Server : Stopping BCP sending thread
2021-03-18 15:26:06,010 : kivy : All child threads stopped.
