2021-03-18 19:18:52,881 : INFO : root : Loading config.
2021-03-18 19:18:52,888 : INFO : YamlMultifileConfigLoader : Machine config file #1: config.yaml
2021-03-18 19:18:52,889 : WARNING : ConfigProcessor : Config file in cache changed: C:\Users\Noah\work\Andy Cavatorta\pinball\notes\MPF\noahgame_02\config\config.yaml
2021-03-18 19:18:52,889 : INFO : ConfigProcessor : Loading config from file c:\users\noah\mpfenv\lib\site-packages\mpf\mpfconfig.yaml.
2021-03-18 19:18:52,994 : INFO : ConfigProcessor : Loading config: c:\users\noah\mpfenv\lib\site-packages\mpf\mpfconfig.yaml
2021-03-18 19:18:52,995 : INFO : ConfigProcessor : Loading config from file C:\Users\Noah\work\Andy Cavatorta\pinball\notes\MPF\noahgame_02\config\config.yaml.
2021-03-18 19:18:53,030 : INFO : ConfigProcessor : Loading config: C:\Users\Noah\work\Andy Cavatorta\pinball\notes\MPF\noahgame_02\config\config.yaml
2021-03-18 19:18:53,034 : INFO : ConfigProcessor : Config file cache created: C:\Users\Noah\AppData\Local\Temp\d1f6a309ab2e3c3e66b0fef93f7a960f.mpf_cache
2021-03-18 19:18:53,159 : INFO : ConfigProcessor : Loading config from cache: C:\Users\Noah\AppData\Local\Temp\74774f186c18434d8d39d0d4b0a3afeb.mpf_cache
2021-03-18 19:18:53,160 : INFO : ConfigProcessor : Loading config from cache: C:\Users\Noah\AppData\Local\Temp\a7eac71e9da1e9cfd4db34c71351dbda.mpf_cache
2021-03-18 19:18:53,161 : INFO : ConfigProcessor : Loading config from cache: C:\Users\Noah\AppData\Local\Temp\06881332f8a9c1e11264544d2c255f98.mpf_cache
2021-03-18 19:18:53,162 : INFO : Machine : Mission Pinball Framework Core Engine v0.54.6
2021-03-18 19:18:53,162 : INFO : Machine : Command line arguments: {'no_load_cache': False, 'create_config_cache': True, 'bcp': True, 'configfile': ['config.yaml'], 'force_assets_load': False, 'jsonlogging': False, 'logfile': 'logs\\2021-03-18-19-18-52-mpf-DESKTOP-VL0THH1.log', 'pause': False, 'production': False, 'text_ui': False, 'loglevel': 15, 'consoleloglevel': 20, 'force_platform': None, 'syslog_address': None, 'mc_file_name': None, 'no_sound': False}
2021-03-18 19:18:53,162 : INFO : Machine : MPF path: c:\users\noah\mpfenv\lib\site-packages\mpf
2021-03-18 19:18:53,162 : INFO : Machine : Machine path: C:\Users\Noah\work\Andy Cavatorta\pinball\notes\MPF\noahgame_02
2021-03-18 19:18:53,162 : INFO : Machine : Platform: win32
2021-03-18 19:18:53,162 : INFO : Machine : Python executable location: c:\users\noah\mpfenv\scripts\python.exe
2021-03-18 19:18:53,163 : INFO : Machine : Python version: 3.7.9 (64-bit)
2021-03-18 19:18:53,166 : INFO : Machine : Initialise MPF.
2021-03-18 19:18:53,277 : INFO : P-Roc : Connecting to P-ROC
2021-03-18 19:18:53,696 : INFO : P-Roc : Successfully connected to P-ROC/P3-ROC. Firmware Version: 2. Firmware Revision: 6. Hardware Board ID: 1
2021-03-18 19:18:53,696 : WARNING : P-Roc : Consider upgrading the firmware of your P/P3-Roc to at least 2.14. Your version contains known bugs.
2021-03-18 19:18:53,759 : INFO : EventManager : Event: ======'machine_var_p_roc_version'====== Args={'value': 2, 'prev_value': None, 'change': True}
2021-03-18 19:18:53,759 : INFO : EventManager : Event: ======'machine_var_p_roc_revision'====== Args={'value': 6, 'prev_value': None, 'change': True}
2021-03-18 19:18:53,759 : INFO : EventManager : Event: ======'machine_var_p_roc_hardware_version'====== Args={'value': 1, 'prev_value': None, 'change': True}
2021-03-18 19:18:53,760 : INFO : EventManager : Event: ======'machine_var_credits_string'====== Args={'value': 'FREE PLAY', 'prev_value': None, 'change': True}
2021-03-18 19:18:53,855 : INFO : EventManager : Event: ======'machine_var_mpf_version'====== Args={'value': 'MPF v0.54.6', 'prev_value': None, 'change': True}
2021-03-18 19:18:53,855 : INFO : EventManager : Event: ======'machine_var_mpf_extended_version'====== Args={'value': 'MPF v0.54.6, Config version:5, Show version: 5, BCP version:1.1', 'prev_value': None, 'change': True}
2021-03-18 19:18:53,855 : INFO : EventManager : Event: ======'machine_var_python_version'====== Args={'value': '3.7.9', 'prev_value': None, 'change': True}
2021-03-18 19:18:53,855 : INFO : EventManager : Event: ======'machine_var_platform'====== Args={'value': 'Windows-10-10.0.19041-SP0', 'prev_value': None, 'change': True}
2021-03-18 19:18:53,855 : INFO : EventManager : Event: ======'machine_var_platform_system'====== Args={'value': 'Windows', 'prev_value': None, 'change': True}
2021-03-18 19:18:53,856 : INFO : EventManager : Event: ======'machine_var_platform_release'====== Args={'value': '10', 'prev_value': None, 'change': True}
2021-03-18 19:18:53,856 : INFO : EventManager : Event: ======'machine_var_platform_version'====== Args={'value': '10.0.19041', 'prev_value': None, 'change': True}
2021-03-18 19:18:53,856 : INFO : EventManager : Event: ======'machine_var_platform_machine'====== Args={'value': 'AMD64', 'prev_value': None, 'change': True}
2021-03-18 19:18:53,856 : INFO : EventManager : Event: ======'init_phase_1'====== Args={}
2021-03-18 19:18:53,887 : INFO : EventManager : Event: ======'drop_target_bank_noah_up'====== Args={}
2021-03-18 19:18:53,892 : ERROR : asyncio : Task exception was never retrieved
future: <Task finished coro=<SystemWideDevice.device_added_system_wide() done, defined at c:\users\noah\mpfenv\lib\site-packages\mpf\core\system_wide_device.py:15> exception=ConfigFileError('Configuration error in bd_trough ball device. Device needs an eject_coil, a hold_coil, or "mechanical_eject: True"')>
Traceback (most recent call last):
  File "c:\users\noah\mpfenv\lib\site-packages\mpf\core\system_wide_device.py", line 17, in device_added_system_wide
    await self._initialize()
  File "c:\users\noah\mpfenv\lib\site-packages\mpf\devices\ball_device\ball_device.py", line 90, in _initialize
    self._configure_targets()
  File "c:\users\noah\mpfenv\lib\site-packages\mpf\devices\ball_device\ball_device.py", line 364, in _configure_targets
    self._validate_config()
  File "c:\users\noah\mpfenv\lib\site-packages\mpf\devices\ball_device\ball_device.py", line 311, in _validate_config
    '"mechanical_eject: True"'.format(self.name), 4)
  File "c:\users\noah\mpfenv\lib\site-packages\mpf\core\logging.py", line 171, in raise_config_error
    raise ConfigFileError(msg, error_no, self.log.name if self.log else "", context, self._url_base)
mpf.exceptions.config_file_error.ConfigFileError: Config File Error in ball_device.bd_trough: Configuration error in bd_trough ball device. Device needs an eject_coil, a hold_coil, or "mechanical_eject: True" Error Code: CFE-ball_device-4 (https://docs.missionpinball.org/en/0.54/logs/CFE-ball_device-4.html)
2021-03-18 19:18:53,935 : INFO : EventManager : Event: ======'init_phase_2'====== Args={}
2021-03-18 19:18:53,936 : INFO : Machine : Starting the main run loop.
2021-03-18 19:18:53,936 : INFO : Machine : Shutting down...
2021-03-18 19:18:53,936 : INFO : EventManager : Event: ======'shutdown'====== Args={}
2021-03-18 19:18:53,938 : ERROR : asyncio : Task exception was never retrieved
future: <Task finished coro=<SwitchController._initialize_switches() done, defined at c:\users\noah\mpfenv\lib\site-packages\mpf\core\switch_controller.py:79> exception=RuntimeError('Event loop is closed')>
Traceback (most recent call last):
  File "c:\users\noah\mpfenv\lib\site-packages\mpf\core\switch_controller.py", line 81, in _initialize_switches
    await self.update_switches_from_hw()
  File "c:\users\noah\mpfenv\lib\site-packages\mpf\core\switch_controller.py", line 106, in update_switches_from_hw
    switch_states = await platform.get_hw_switch_states()
  File "c:\users\noah\mpfenv\lib\site-packages\mpf\platforms\p3_roc.py", line 515, in get_hw_switch_states
    states = await self.run_proc_cmd("switch_get_states")
  File "c:\users\noah\mpfenv\lib\site-packages\mpf\platforms\p_roc_common.py", line 208, in run_proc_cmd
    asyncio.run_coroutine_threadsafe(self.proc_process.run_command(cmd, *args), self.proc_process_instance),
  File "C:\Users\Noah\AppData\Local\Programs\Python\Python37\lib\asyncio\tasks.py", line 846, in run_coroutine_threadsafe
    loop.call_soon_threadsafe(callback)
  File "C:\Users\Noah\AppData\Local\Programs\Python\Python37\lib\asyncio\base_events.py", line 736, in call_soon_threadsafe
    self._check_closed()
  File "C:\Users\Noah\AppData\Local\Programs\Python\Python37\lib\asyncio\base_events.py", line 479, in _check_closed
    raise RuntimeError('Event loop is closed')
RuntimeError: Event loop is closed
2021-03-18 19:18:54,015 : ERROR : Machine : Runtime Exception
Traceback (most recent call last):
  File "c:\users\noah\mpfenv\lib\site-packages\mpf\core\machine.py", line 745, in _run_loop
    raise self._exception['exception']
  File "c:\users\noah\mpfenv\lib\site-packages\mpf\core\system_wide_device.py", line 17, in device_added_system_wide
    await self._initialize()
  File "c:\users\noah\mpfenv\lib\site-packages\mpf\devices\ball_device\ball_device.py", line 90, in _initialize
    self._configure_targets()
  File "c:\users\noah\mpfenv\lib\site-packages\mpf\devices\ball_device\ball_device.py", line 364, in _configure_targets
    self._validate_config()
  File "c:\users\noah\mpfenv\lib\site-packages\mpf\devices\ball_device\ball_device.py", line 311, in _validate_config
    '"mechanical_eject: True"'.format(self.name), 4)
  File "c:\users\noah\mpfenv\lib\site-packages\mpf\core\logging.py", line 171, in raise_config_error
    raise ConfigFileError(msg, error_no, self.log.name if self.log else "", context, self._url_base)
mpf.exceptions.config_file_error.ConfigFileError: Config File Error in ball_device.bd_trough: Configuration error in bd_trough ball device. Device needs an eject_coil, a hold_coil, or "mechanical_eject: True" Error Code: CFE-ball_device-4 (https://docs.missionpinball.org/en/0.54/logs/CFE-ball_device-4.html)
2021-03-18 19:18:54,016 : INFO : root : MPF run loop ended.
