2021-03-30 15:35:31,636 : INFO : root : Loading config.
2021-03-30 15:35:31,642 : INFO : YamlMultifileConfigLoader : Machine config file #1: config.yaml
2021-03-30 15:35:31,642 : INFO : ConfigProcessor : Loading config from cache: C:\Users\Noah\AppData\Local\Temp\d1f6a309ab2e3c3e66b0fef93f7a960f.mpf_cache
2021-03-30 15:35:31,741 : INFO : ConfigProcessor : Loading config from cache: C:\Users\Noah\AppData\Local\Temp\98acf0898e619a6798c45a0e5cbb339b.mpf_cache
2021-03-30 15:35:31,742 : INFO : ConfigProcessor : Loading config from cache: C:\Users\Noah\AppData\Local\Temp\a7eac71e9da1e9cfd4db34c71351dbda.mpf_cache
2021-03-30 15:35:31,743 : INFO : ConfigProcessor : Loading config from cache: C:\Users\Noah\AppData\Local\Temp\c6adbc38c235400b65ae43d7099eba05.mpf_cache
2021-03-30 15:35:31,744 : INFO : ConfigProcessor : Loading config from cache: C:\Users\Noah\AppData\Local\Temp\9689abd61e57da3f8bc074c7a88f2b77.mpf_cache
2021-03-30 15:35:31,744 : INFO : ConfigProcessor : Loading config from cache: C:\Users\Noah\AppData\Local\Temp\06881332f8a9c1e11264544d2c255f98.mpf_cache
2021-03-30 15:35:31,745 : INFO : Machine : Mission Pinball Framework Core Engine v0.54.6
2021-03-30 15:35:31,745 : INFO : Machine : Command line arguments: {'no_load_cache': False, 'create_config_cache': True, 'bcp': False, 'configfile': ['config.yaml'], 'force_assets_load': False, 'jsonlogging': False, 'logfile': 'logs\\2021-03-30-15-35-31-mpf-DESKTOP-VL0THH1.log', 'pause': False, 'production': False, 'text_ui': True, 'loglevel': 15, 'consoleloglevel': 20, 'force_platform': None, 'syslog_address': None, 'mc_file_name': None, 'no_sound': False}
2021-03-30 15:35:31,745 : INFO : Machine : MPF path: c:\users\noah\mpfenv\lib\site-packages\mpf
2021-03-30 15:35:31,745 : INFO : Machine : Machine path: C:\Users\Noah\work\Andy Cavatorta\pinball\notes\MPF\noahgame_02
2021-03-30 15:35:31,745 : INFO : Machine : Platform: win32
2021-03-30 15:35:31,745 : INFO : Machine : Python executable location: c:\users\noah\mpfenv\scripts\python.exe
2021-03-30 15:35:31,745 : INFO : Machine : Python version: 3.7.9 (64-bit)
2021-03-30 15:35:31,748 : INFO : Machine : Initialise MPF.
2021-03-30 15:35:32,128 : INFO : P-Roc : Connecting to P-ROC
2021-03-30 15:35:32,365 : INFO : P-Roc : Successfully connected to P-ROC/P3-ROC. Firmware Version: 2. Firmware Revision: 6. Hardware Board ID: 1
2021-03-30 15:35:32,365 : WARNING : P-Roc : Consider upgrading the firmware of your P/P3-Roc to at least 2.14. Your version contains known bugs.
2021-03-30 15:35:32,407 : INFO : EventManager : Event: ======'machine_var_p_roc_version'====== Args={'value': 2, 'prev_value': None, 'change': True}
2021-03-30 15:35:32,407 : INFO : EventManager : Event: ======'machine_var_p_roc_revision'====== Args={'value': 6, 'prev_value': None, 'change': True}
2021-03-30 15:35:32,407 : INFO : EventManager : Event: ======'machine_var_p_roc_hardware_version'====== Args={'value': 1, 'prev_value': None, 'change': True}
2021-03-30 15:35:32,407 : INFO : EventManager : Event: ======'machine_var_credits_string'====== Args={'value': 'FREE PLAY', 'prev_value': None, 'change': True}
2021-03-30 15:35:32,474 : INFO : EventManager : Event: ======'machine_var_mpf_version'====== Args={'value': 'MPF v0.54.6', 'prev_value': None, 'change': True}
2021-03-30 15:35:32,475 : INFO : EventManager : Event: ======'machine_var_mpf_extended_version'====== Args={'value': 'MPF v0.54.6, Config version:5, Show version: 5, BCP version:1.1', 'prev_value': None, 'change': True}
2021-03-30 15:35:32,475 : INFO : EventManager : Event: ======'machine_var_python_version'====== Args={'value': '3.7.9', 'prev_value': None, 'change': True}
2021-03-30 15:35:32,475 : INFO : EventManager : Event: ======'machine_var_platform'====== Args={'value': 'Windows-10-10.0.19041-SP0', 'prev_value': None, 'change': True}
2021-03-30 15:35:32,475 : INFO : EventManager : Event: ======'machine_var_platform_system'====== Args={'value': 'Windows', 'prev_value': None, 'change': True}
2021-03-30 15:35:32,475 : INFO : EventManager : Event: ======'machine_var_platform_release'====== Args={'value': '10', 'prev_value': None, 'change': True}
2021-03-30 15:35:32,475 : INFO : EventManager : Event: ======'machine_var_platform_version'====== Args={'value': '10.0.19041', 'prev_value': None, 'change': True}
2021-03-30 15:35:32,475 : INFO : EventManager : Event: ======'machine_var_platform_machine'====== Args={'value': 'AMD64', 'prev_value': None, 'change': True}
2021-03-30 15:35:32,475 : INFO : EventManager : Event: ======'init_phase_1'====== Args={}
2021-03-30 15:35:32,532 : INFO : EventManager : Event: ======'drop_target_bank_noah_up'====== Args={}
2021-03-30 15:35:32,539 : INFO : EventManager : Event: ======'init_phase_2'====== Args={}
2021-03-30 15:35:32,571 : INFO : SwitchController : Found active switch: (6, <Platform.P3-ROC>) <switch.s_right_inlane>
2021-03-30 15:35:32,577 : INFO : ball_device.bd_trough : State: idle
2021-03-30 15:35:32,587 : INFO : EventManager : Event: ======'init_phase_3'====== Args={}
2021-03-30 15:35:32,592 : INFO : EventManager : Event: ======'init_phase_4'====== Args={}
2021-03-30 15:35:32,592 : INFO : BallController : Initial balls found: 0
2021-03-30 15:35:32,593 : INFO : EventManager : Event: ======'machine_var_audits_switches_s_drop_target'====== Args={'value': 123, 'prev_value': None, 'change': True}
2021-03-30 15:35:32,593 : INFO : EventManager : Event: ======'machine_var_audits_switches_s_left_flipper'====== Args={'value': 20, 'prev_value': None, 'change': True}
2021-03-30 15:35:32,594 : INFO : EventManager : Event: ======'machine_var_audits_switches_s_left_slingshot'====== Args={'value': 9, 'prev_value': None, 'change': True}
2021-03-30 15:35:32,594 : INFO : EventManager : Event: ======'machine_var_audits_switches_s_right_flipper'====== Args={'value': 31, 'prev_value': None, 'change': True}
2021-03-30 15:35:32,594 : INFO : EventManager : Event: ======'machine_var_audits_switches_s_right_inlane'====== Args={'value': 9, 'prev_value': None, 'change': True}
2021-03-30 15:35:32,594 : INFO : EventManager : Event: ======'machine_var_audits_switches_s_right_slingshot'====== Args={'value': 31, 'prev_value': None, 'change': True}
2021-03-30 15:35:32,594 : INFO : EventManager : Event: ======'machine_var_audits_switches_s_start'====== Args={'value': 12, 'prev_value': None, 'change': True}
2021-03-30 15:35:32,594 : INFO : EventManager : Event: ======'machine_var_audits_switches_s_trough1'====== Args={'value': 6, 'prev_value': None, 'change': True}
2021-03-30 15:35:32,594 : INFO : EventManager : Event: ======'machine_var_audits_switches_s_pop_bumper'====== Args={'value': 0, 'prev_value': None, 'change': True}
2021-03-30 15:35:32,595 : INFO : EventManager : Event: ======'init_phase_5'====== Args={}
2021-03-30 15:35:32,666 : INFO : EventManager : Event: ======'init_done'====== Args={}
2021-03-30 15:35:32,667 : INFO : EventManager : Event: ======'machine_reset_phase_1'====== Args={}
2021-03-30 15:35:32,668 : INFO : EventManager : Event: ======'machine_reset_phase_2'====== Args={}
2021-03-30 15:35:32,668 : INFO : EventManager : Event: ======'machine_reset_phase_3'====== Args={}
2021-03-30 15:35:32,668 : INFO : drop_target_bank.noah : All targets are already up. Will not reset bank.
2021-03-30 15:35:32,674 : INFO : EventManager : Event: ======'reset_complete'====== Args={}
2021-03-30 15:35:32,674 : INFO : EventManager : Event: ======'mode_attract_will_start'====== Args={}
2021-03-30 15:35:32,674 : INFO : EventManager : Event: ======'mode_attract_starting'====== Args={}
2021-03-30 15:35:32,674 : INFO : Mode.attract : Started. Priority: 10
2021-03-30 15:35:32,675 : INFO : EventManager : Event: ======'modes_active_modes_changed'====== Args={}
2021-03-30 15:35:32,675 : INFO : EventManager : Event: ======'mode_attract_started'====== Args={}
2021-03-30 15:35:32,675 : INFO : EventManager : Event: ======'collecting_balls_complete'====== Args={}
2021-03-30 15:35:32,728 : INFO : Machine : Starting the main run loop.
2021-03-30 15:35:36,037 : INFO : SwitchController : <<<<<<< 's_right_slingshot' active >>>>>>>
2021-03-30 15:35:36,037 : INFO : EventManager : Event: ======'playfield_active'====== Args={}
2021-03-30 15:35:36,037 : INFO : EventManager : Event: ======'unexpected_ball_on_playfield'====== Args={}
2021-03-30 15:35:36,162 : INFO : SwitchController : <<<<<<< 's_right_slingshot' inactive >>>>>>>
2021-03-30 15:35:36,286 : INFO : SwitchController : <<<<<<< 's_right_slingshot' active >>>>>>>
2021-03-30 15:35:36,286 : INFO : EventManager : Event: ======'playfield_active'====== Args={}
2021-03-30 15:35:36,286 : INFO : EventManager : Event: ======'unexpected_ball_on_playfield'====== Args={}
2021-03-30 15:35:36,455 : INFO : SwitchController : <<<<<<< 's_right_slingshot' inactive >>>>>>>
2021-03-30 15:35:37,964 : INFO : SwitchController : <<<<<<< 's_right_slingshot' active >>>>>>>
2021-03-30 15:35:37,965 : INFO : EventManager : Event: ======'playfield_active'====== Args={}
2021-03-30 15:35:37,965 : INFO : EventManager : Event: ======'unexpected_ball_on_playfield'====== Args={}
2021-03-30 15:35:38,396 : INFO : SwitchController : <<<<<<< 's_right_slingshot' inactive >>>>>>>
2021-03-30 15:35:38,796 : INFO : SwitchController : <<<<<<< 's_right_flipper' active >>>>>>>
2021-03-30 15:35:39,198 : INFO : SwitchController : <<<<<<< 's_right_flipper' inactive >>>>>>>
2021-03-30 15:35:39,539 : INFO : SwitchController : <<<<<<< 's_right_flipper' active >>>>>>>
2021-03-30 15:35:39,771 : INFO : SwitchController : <<<<<<< 's_right_flipper' inactive >>>>>>>
2021-03-30 15:35:41,823 : INFO : Machine : Shutting down...
2021-03-30 15:35:41,824 : INFO : EventManager : Event: ======'shutdown'====== Args={}
2021-03-30 15:35:41,827 : INFO : root : MPF run loop ended.
