2021-03-19 14:08:15,565 : INFO : root : Loading config.
2021-03-19 14:08:15,572 : INFO : YamlMultifileConfigLoader : Machine config file #1: config.yaml
2021-03-19 14:08:15,573 : WARNING : ConfigProcessor : Config file in cache changed: C:\Users\Noah\work\Andy Cavatorta\pinball\notes\MPF\noahgame_02\config\config.yaml
2021-03-19 14:08:15,573 : INFO : ConfigProcessor : Loading config from file c:\users\noah\mpfenv\lib\site-packages\mpf\mpfconfig.yaml.
2021-03-19 14:08:15,688 : INFO : ConfigProcessor : Loading config: c:\users\noah\mpfenv\lib\site-packages\mpf\mpfconfig.yaml
2021-03-19 14:08:15,690 : INFO : ConfigProcessor : Loading config from file C:\Users\Noah\work\Andy Cavatorta\pinball\notes\MPF\noahgame_02\config\config.yaml.
2021-03-19 14:08:15,727 : INFO : ConfigProcessor : Loading config: C:\Users\Noah\work\Andy Cavatorta\pinball\notes\MPF\noahgame_02\config\config.yaml
2021-03-19 14:08:15,728 : INFO : ConfigProcessor : Config file cache created: C:\Users\Noah\AppData\Local\Temp\d1f6a309ab2e3c3e66b0fef93f7a960f.mpf_cache
2021-03-19 14:08:15,844 : INFO : ConfigProcessor : Loading config from cache: C:\Users\Noah\AppData\Local\Temp\98acf0898e619a6798c45a0e5cbb339b.mpf_cache
2021-03-19 14:08:15,845 : INFO : ConfigProcessor : Loading config from cache: C:\Users\Noah\AppData\Local\Temp\a7eac71e9da1e9cfd4db34c71351dbda.mpf_cache
2021-03-19 14:08:15,846 : INFO : ConfigProcessor : Loading config from cache: C:\Users\Noah\AppData\Local\Temp\c6adbc38c235400b65ae43d7099eba05.mpf_cache
2021-03-19 14:08:15,848 : INFO : ConfigProcessor : Loading config from cache: C:\Users\Noah\AppData\Local\Temp\9689abd61e57da3f8bc074c7a88f2b77.mpf_cache
2021-03-19 14:08:15,848 : INFO : ConfigProcessor : Loading config from cache: C:\Users\Noah\AppData\Local\Temp\06881332f8a9c1e11264544d2c255f98.mpf_cache
2021-03-19 14:08:15,849 : INFO : Machine : Mission Pinball Framework Core Engine v0.54.6
2021-03-19 14:08:15,850 : INFO : Machine : Command line arguments: {'no_load_cache': False, 'create_config_cache': True, 'bcp': True, 'configfile': ['config.yaml'], 'force_assets_load': False, 'jsonlogging': False, 'logfile': 'logs\\2021-03-19-14-08-15-mpf-DESKTOP-VL0THH1.log', 'pause': False, 'production': False, 'text_ui': False, 'loglevel': 15, 'consoleloglevel': 20, 'force_platform': None, 'syslog_address': None, 'mc_file_name': None, 'no_sound': False}
2021-03-19 14:08:15,850 : INFO : Machine : MPF path: c:\users\noah\mpfenv\lib\site-packages\mpf
2021-03-19 14:08:15,850 : INFO : Machine : Machine path: C:\Users\Noah\work\Andy Cavatorta\pinball\notes\MPF\noahgame_02
2021-03-19 14:08:15,850 : INFO : Machine : Platform: win32
2021-03-19 14:08:15,850 : INFO : Machine : Python executable location: c:\users\noah\mpfenv\scripts\python.exe
2021-03-19 14:08:15,850 : INFO : Machine : Python version: 3.7.9 (64-bit)
2021-03-19 14:08:15,853 : INFO : Machine : Initialise MPF.
2021-03-19 14:08:15,967 : INFO : P-Roc : Connecting to P-ROC
2021-03-19 14:08:16,175 : INFO : P-Roc : Successfully connected to P-ROC/P3-ROC. Firmware Version: 2. Firmware Revision: 6. Hardware Board ID: 1
2021-03-19 14:08:16,175 : WARNING : P-Roc : Consider upgrading the firmware of your P/P3-Roc to at least 2.14. Your version contains known bugs.
2021-03-19 14:08:16,247 : INFO : EventManager : Event: ======'machine_var_p_roc_version'====== Args={'value': 2, 'prev_value': None, 'change': True}
2021-03-19 14:08:16,247 : INFO : EventManager : Event: ======'machine_var_p_roc_revision'====== Args={'value': 6, 'prev_value': None, 'change': True}
2021-03-19 14:08:16,247 : INFO : EventManager : Event: ======'machine_var_p_roc_hardware_version'====== Args={'value': 1, 'prev_value': None, 'change': True}
2021-03-19 14:08:16,247 : INFO : EventManager : Event: ======'machine_var_credits_string'====== Args={'value': 'FREE PLAY', 'prev_value': None, 'change': True}
2021-03-19 14:08:16,332 : INFO : EventManager : Event: ======'machine_var_mpf_version'====== Args={'value': 'MPF v0.54.6', 'prev_value': None, 'change': True}
2021-03-19 14:08:16,333 : INFO : EventManager : Event: ======'machine_var_mpf_extended_version'====== Args={'value': 'MPF v0.54.6, Config version:5, Show version: 5, BCP version:1.1', 'prev_value': None, 'change': True}
2021-03-19 14:08:16,333 : INFO : EventManager : Event: ======'machine_var_python_version'====== Args={'value': '3.7.9', 'prev_value': None, 'change': True}
2021-03-19 14:08:16,334 : INFO : EventManager : Event: ======'machine_var_platform'====== Args={'value': 'Windows-10-10.0.19041-SP0', 'prev_value': None, 'change': True}
2021-03-19 14:08:16,334 : INFO : EventManager : Event: ======'machine_var_platform_system'====== Args={'value': 'Windows', 'prev_value': None, 'change': True}
2021-03-19 14:08:16,334 : INFO : EventManager : Event: ======'machine_var_platform_release'====== Args={'value': '10', 'prev_value': None, 'change': True}
2021-03-19 14:08:16,334 : INFO : EventManager : Event: ======'machine_var_platform_version'====== Args={'value': '10.0.19041', 'prev_value': None, 'change': True}
2021-03-19 14:08:16,334 : INFO : EventManager : Event: ======'machine_var_platform_machine'====== Args={'value': 'AMD64', 'prev_value': None, 'change': True}
2021-03-19 14:08:16,334 : INFO : EventManager : Event: ======'init_phase_1'====== Args={}
2021-03-19 14:08:16,370 : INFO : EventManager : Event: ======'drop_target_bank_noah_up'====== Args={}
2021-03-19 14:08:16,376 : INFO : EventManager : Event: ======'init_phase_2'====== Args={}
2021-03-19 14:08:16,399 : INFO : SwitchController : Found active switch: (6, <Platform.P3-ROC>) <switch.s_right_inlane>
2021-03-19 14:08:16,399 : INFO : SwitchController : Found active switch: (15, <Platform.P3-ROC>) <switch.s_trough1>
2021-03-19 14:08:16,405 : INFO : EventManager : Event: ======'bcp_connection_attempt'====== Args={'name': 'local_display', 'host': 'localhost', 'port': 5050}
2021-03-19 14:08:16,407 : INFO : BCPClientSocket : Connecting BCP to 'local_display' at localhost:5050...
2021-03-19 14:08:18,423 : INFO : BCPClientSocket : Connected BCP to 'local_display' localhost:5050
2021-03-19 14:08:18,424 : INFO : EventManager : Event: ======'bcp_clients_connected'====== Args={}
2021-03-19 14:08:18,425 : INFO : ball_device.bd_trough : State: idle
2021-03-19 14:08:18,446 : INFO : EventManager : Event: ======'init_phase_3'====== Args={}
2021-03-19 14:08:18,451 : INFO : EventManager : Event: ======'machine_var_mc_version'====== Args={'value': 'MPF-MC v0.54.0', 'prev_value': None, 'change': True}
2021-03-19 14:08:18,451 : INFO : EventManager : Event: ======'machine_var_mc_extended_version'====== Args={'value': 'MPF-MC v0.54.0 (config_version=5, BCP v1.1, Requires MPF v0.54.0)', 'prev_value': None, 'change': True}
2021-03-19 14:08:18,454 : INFO : EventManager : Event: ======'machine_var_master_volume'====== Args={'value': 0.5, 'prev_value': None, 'change': True}
2021-03-19 14:08:18,455 : INFO : EventManager : Event: ======'init_phase_4'====== Args={}
2021-03-19 14:08:18,456 : INFO : BallController : Initial balls found: 1
2021-03-19 14:08:18,457 : INFO : EventManager : Event: ======'machine_var_audits_switches_s_drop_target'====== Args={'value': 110, 'prev_value': None, 'change': True}
2021-03-19 14:08:18,458 : INFO : EventManager : Event: ======'machine_var_audits_switches_s_left_flipper'====== Args={'value': 20, 'prev_value': None, 'change': True}
2021-03-19 14:08:18,459 : INFO : EventManager : Event: ======'machine_var_audits_switches_s_left_slingshot'====== Args={'value': 9, 'prev_value': None, 'change': True}
2021-03-19 14:08:18,459 : INFO : EventManager : Event: ======'machine_var_audits_switches_s_right_flipper'====== Args={'value': 31, 'prev_value': None, 'change': True}
2021-03-19 14:08:18,460 : INFO : EventManager : Event: ======'machine_var_audits_switches_s_right_inlane'====== Args={'value': 9, 'prev_value': None, 'change': True}
2021-03-19 14:08:18,460 : INFO : EventManager : Event: ======'machine_var_audits_switches_s_right_slingshot'====== Args={'value': 31, 'prev_value': None, 'change': True}
2021-03-19 14:08:18,461 : INFO : EventManager : Event: ======'machine_var_audits_switches_s_start'====== Args={'value': 12, 'prev_value': None, 'change': True}
2021-03-19 14:08:18,461 : INFO : EventManager : Event: ======'machine_var_audits_switches_s_trough1'====== Args={'value': 6, 'prev_value': None, 'change': True}
2021-03-19 14:08:18,462 : INFO : EventManager : Event: ======'init_phase_5'====== Args={}
2021-03-19 14:08:18,463 : INFO : EventManager : Event: ======'init_done'====== Args={}
2021-03-19 14:08:18,463 : INFO : EventManager : Event: ======'machine_reset_phase_1'====== Args={}
2021-03-19 14:08:18,472 : INFO : EventManager : Event: ======'slide_welcome_slide_removed'====== Args={'_from_bcp': True}
2021-03-19 14:08:18,480 : INFO : EventManager : Event: ======'slide_welcome_slide_created'====== Args={'_from_bcp': True}
2021-03-19 14:08:18,483 : INFO : EventManager : Event: ======'slide_welcome_slide_active'====== Args={'_from_bcp': True}
2021-03-19 14:08:18,483 : INFO : EventManager : Event: ======'machine_reset_phase_2'====== Args={}
2021-03-19 14:08:18,483 : INFO : EventManager : Event: ======'machine_reset_phase_3'====== Args={}
2021-03-19 14:08:18,484 : INFO : drop_target_bank.noah : All targets are already up. Will not reset bank.
2021-03-19 14:08:18,494 : INFO : EventManager : Event: ======'reset_complete'====== Args={}
2021-03-19 14:08:18,494 : INFO : EventManager : Event: ======'mode_attract_will_start'====== Args={}
2021-03-19 14:08:18,496 : INFO : EventManager : Event: ======'mode_attract_starting'====== Args={}
2021-03-19 14:08:18,496 : INFO : Mode.attract : Started. Priority: 10
2021-03-19 14:08:18,497 : INFO : EventManager : Event: ======'modes_active_modes_changed'====== Args={}
2021-03-19 14:08:18,497 : INFO : EventManager : Event: ======'mode_attract_started'====== Args={}
2021-03-19 14:08:18,500 : INFO : EventManager : Event: ======'collecting_balls_complete'====== Args={}
2021-03-19 14:08:18,500 : INFO : Machine : Starting the main run loop.
2021-03-19 14:08:18,515 : INFO : EventManager : Event: ======'slide_awesome_slide_created'====== Args={'_from_bcp': True}
2021-03-19 14:08:18,517 : INFO : EventManager : Event: ======'slide_awesome_slide_active'====== Args={'_from_bcp': True}
2021-03-19 14:08:20,644 : INFO : SwitchController : <<<<<<< 's_start' active >>>>>>>
2021-03-19 14:08:20,708 : INFO : SwitchController : <<<<<<< 's_start' inactive >>>>>>>
2021-03-19 14:08:20,709 : INFO : EventManager : Event: ======'request_to_start_game'====== Args={}
2021-03-19 14:08:20,709 : INFO : EventManager : Event: ======'game_start'====== Args={'buttons': [], 'hold_time': 0.0629999999946449}
2021-03-19 14:08:20,709 : INFO : EventManager : Event: ======'mode_game_will_start'====== Args={'buttons': [], 'hold_time': 0.0629999999946449}
2021-03-19 14:08:20,710 : INFO : EventManager : Event: ======'mode_game_starting'====== Args={'buttons': [], 'hold_time': 0.0629999999946449}
2021-03-19 14:08:20,710 : INFO : EventManager : Event: ======'mode_attract_will_stop'====== Args={}
2021-03-19 14:08:20,710 : INFO : EventManager : Event: ======'mode_attract_stopping'====== Args={}
2021-03-19 14:08:20,710 : INFO : Mode.attract : Stopped.
2021-03-19 14:08:20,710 : INFO : EventManager : Event: ======'modes_active_modes_changed'====== Args={}
2021-03-19 14:08:20,711 : INFO : EventManager : Event: ======'mode_attract_stopped'====== Args={}
2021-03-19 14:08:20,711 : INFO : EventManager : Event: ======'clear'====== Args={'key': 'attract'}
2021-03-19 14:08:20,711 : INFO : Mode.game : Started. Priority: 20
2021-03-19 14:08:20,712 : INFO : EventManager : Event: ======'modes_active_modes_changed'====== Args={}
2021-03-19 14:08:20,712 : INFO : EventManager : Event: ======'mode_game_started'====== Args={'buttons': [], 'hold_time': 0.0629999999946449}
2021-03-19 14:08:20,712 : INFO : EventManager : Event: ======'game_will_start'====== Args={}
2021-03-19 14:08:20,713 : INFO : EventManager : Event: ======'game_starting'====== Args={'game': <Mode.game>}
2021-03-19 14:08:20,713 : INFO : EventManager : Event: ======'player_add_request'====== Args={}
2021-03-19 14:08:20,713 : INFO : EventManager : Event: ======'player_will_add'====== Args={'number': 1}
2021-03-19 14:08:20,713 : INFO : EventManager : Event: ======'player_adding'====== Args={'player': <Player 1>, 'number': 1}
2021-03-19 14:08:20,713 : INFO : EventManager : Event: ======'player_added'====== Args={'player': <Player 1>, 'num': 1}
2021-03-19 14:08:20,714 : INFO : Mode.game : Player added successfully. Total players: 1
2021-03-19 14:08:20,714 : INFO : EventManager : Event: ======'player_index'====== Args={'value': 0, 'prev_value': 0, 'change': 0, 'player_num': 1}
2021-03-19 14:08:20,715 : INFO : EventManager : Event: ======'player_number'====== Args={'value': 1, 'prev_value': 1, 'change': 0, 'player_num': 1}
2021-03-19 14:08:20,715 : INFO : EventManager : Event: ======'player_score'====== Args={'value': 0, 'prev_value': 0, 'change': 0, 'player_num': 1}
2021-03-19 14:08:20,715 : INFO : EventManager : Event: ======'game_started'====== Args={}
2021-03-19 14:08:20,716 : INFO : EventManager : Event: ======'player_turn_will_start'====== Args={'player': <Player 1>, 'number': 1}
2021-03-19 14:08:20,716 : INFO : EventManager : Event: ======'player_turn_starting'====== Args={'player': <Player 1>, 'number': 1}
2021-03-19 14:08:20,716 : INFO : EventManager : Event: ======'player_ball'====== Args={'value': 1, 'prev_value': 0, 'change': 1, 'player_num': 1}
2021-03-19 14:08:20,717 : INFO : EventManager : Event: ======'player_turn_started'====== Args={'player': <Player 1>, 'number': 1}
2021-03-19 14:08:20,717 : INFO : EventManager : Event: ======'ball_will_start'====== Args={'player': 1, 'ball': 1, 'balls_remaining': 2, 'is_extra_ball': False}
2021-03-19 14:08:20,717 : INFO : EventManager : Event: ======'ball_starting'====== Args={'player': 1, 'ball': 1, 'balls_remaining': 2, 'is_extra_ball': False}
2021-03-19 14:08:20,718 : INFO : EventManager : Event: ======'balls_in_play'====== Args={'balls': 1}
2021-03-19 14:08:20,718 : INFO : EventManager : Event: ======'ball_started'====== Args={'player': 1, 'ball': 1, 'balls_remaining': 2, 'is_extra_ball': False}
2021-03-19 14:08:20,718 : INFO : EventManager : Event: ======'mode_base_will_start'====== Args={'player': 1, 'ball': 1, 'balls_remaining': 2, 'is_extra_ball': False}
2021-03-19 14:08:20,719 : INFO : EventManager : Event: ======'mode_base_starting'====== Args={'player': 1, 'ball': 1, 'balls_remaining': 2, 'is_extra_ball': False}
2021-03-19 14:08:20,719 : INFO : drop_target_bank.noah : All targets are already up. Will not reset bank.
2021-03-19 14:08:20,720 : INFO : Mode.base : Started. Priority: 100
2021-03-19 14:08:20,720 : INFO : EventManager : Event: ======'modes_active_modes_changed'====== Args={}
2021-03-19 14:08:20,721 : INFO : EventManager : Event: ======'mode_base_started'====== Args={'player': 1, 'ball': 1, 'balls_remaining': 2, 'is_extra_ball': False}
2021-03-19 14:08:20,722 : INFO : EventManager : Event: ======'single_player_ball_started'====== Args={}
2021-03-19 14:08:20,724 : INFO : EventManager : Event: ======'slide_awesome_slide_removed'====== Args={'_from_bcp': True}
2021-03-19 14:08:20,724 : INFO : EventManager : Event: ======'slide_welcome_slide_active'====== Args={'_from_bcp': True}
2021-03-19 14:08:20,725 : INFO : ball_device.bd_trough : Setting up player-controlled eject. Balls: 1, Target: <playfield.playfield>, player_controlled_eject_event: None
2021-03-19 14:08:20,725 : INFO : ball_device.bd_trough : Adding 1 ball(s) to the eject_queue with target <playfield.playfield>.
2021-03-19 14:08:20,725 : INFO : EventManager : Event: ======'balldevice_balls_available'====== Args={}
2021-03-19 14:08:20,727 : INFO : ball_device.bd_trough : State: waiting_for_target_ready
2021-03-19 14:08:20,728 : INFO : EventManager : Event: ======'balldevice_bd_trough_ball_eject_attempt'====== Args={'balls': 1, 'target': <playfield.playfield>, 'source': <ball_device.bd_trough>, 'mechanical_eject': False, 'num_attempts': 0}
2021-03-19 14:08:20,728 : INFO : ball_device.bd_trough : State: ejecting
2021-03-19 14:08:20,728 : INFO : ball_device.bd_trough : Ejecting ball to <playfield.playfield>
2021-03-19 14:08:20,728 : INFO : EventManager : Event: ======'balldevice_bd_trough_ejecting_ball'====== Args={'balls': 1, 'target': <playfield.playfield>, 'source': <ball_device.bd_trough>, 'mechanical_eject': False, 'num_attempts': 0}
2021-03-19 14:08:20,729 : INFO : ball_device.bd_trough : Wait for ball to leave device
2021-03-19 14:08:20,729 : INFO : coil.c_trough_eject : Pulsing Driver for 10ms (1.0 pulse_power)
2021-03-19 14:08:20,737 : INFO : EventManager : Event: ======'slide_base.slide_player-mode_base_started_created'====== Args={'_from_bcp': True}
2021-03-19 14:08:20,743 : INFO : EventManager : Event: ======'slide_base.slide_player-mode_base_started_active'====== Args={'_from_bcp': True}
2021-03-19 14:08:21,706 : INFO : drop_target_bank.noah : All targets are already up. Will not reset bank.
2021-03-19 14:08:21,761 : INFO : SwitchController : <<<<<<< 's_drop_target' active >>>>>>>
2021-03-19 14:08:21,761 : INFO : EventManager : Event: ======'playfield_active'====== Args={}
2021-03-19 14:08:21,762 : INFO : EventManager : Event: ======'drop_target_d_drop_target_down'====== Args={'device': <drop_target.d_drop_target>}
2021-03-19 14:08:21,762 : INFO : EventManager : Event: ======'drop_target_bank_noah_down'====== Args={}
2021-03-19 14:08:21,762 : INFO : EventManager : Event: ======'machine_var_audits_switches_s_drop_target'====== Args={'value': 111, 'prev_value': 110, 'change': 1}
2021-03-19 14:08:22,714 : INFO : drop_target_bank.noah : 1 targets are down. Will reset those.
2021-03-19 14:08:22,714 : INFO : coil.c_reset_drop_target : Pulsing Driver for 10ms (1.0 pulse_power)
2021-03-19 14:08:22,737 : INFO : SwitchController : <<<<<<< 's_drop_target' inactive >>>>>>>
2021-03-19 14:08:22,764 : INFO : drop_target_bank.noah : 1 targets are down. Will reset those.
2021-03-19 14:08:22,764 : INFO : coil.c_reset_drop_target : Pulsing Driver for 10ms (1.0 pulse_power)
2021-03-19 14:08:23,215 : INFO : EventManager : Event: ======'drop_target_d_drop_target_up'====== Args={'device': <drop_target.d_drop_target>}
2021-03-19 14:08:23,257 : INFO : EventManager : Event: ======'restore'====== Args={}
2021-03-19 14:08:23,257 : INFO : EventManager : Event: ======'drop_target_bank_noah_up'====== Args={}
2021-03-19 14:08:24,065 : INFO : SwitchController : <<<<<<< 's_drop_target' active >>>>>>>
2021-03-19 14:08:24,065 : INFO : EventManager : Event: ======'playfield_active'====== Args={}
2021-03-19 14:08:24,066 : INFO : EventManager : Event: ======'drop_target_d_drop_target_down'====== Args={'device': <drop_target.d_drop_target>}
2021-03-19 14:08:24,066 : INFO : EventManager : Event: ======'drop_target_bank_noah_down'====== Args={}
2021-03-19 14:08:24,066 : INFO : EventManager : Event: ======'machine_var_audits_switches_s_drop_target'====== Args={'value': 112, 'prev_value': 111, 'change': 1}
2021-03-19 14:08:25,075 : INFO : drop_target_bank.noah : 1 targets are down. Will reset those.
2021-03-19 14:08:25,075 : INFO : coil.c_reset_drop_target : Pulsing Driver for 10ms (1.0 pulse_power)
2021-03-19 14:08:25,108 : INFO : SwitchController : <<<<<<< 's_drop_target' inactive >>>>>>>
2021-03-19 14:08:25,174 : INFO : SwitchController : <<<<<<< 's_drop_target' active >>>>>>>
2021-03-19 14:08:25,174 : INFO : EventManager : Event: ======'machine_var_audits_switches_s_drop_target'====== Args={'value': 113, 'prev_value': 112, 'change': 1}
2021-03-19 14:08:25,576 : INFO : EventManager : Event: ======'restore'====== Args={}
2021-03-19 14:08:25,576 : INFO : EventManager : Event: ======'drop_target_bank_noah_down'====== Args={}
2021-03-19 14:08:26,576 : INFO : drop_target_bank.noah : 1 targets are down. Will reset those.
2021-03-19 14:08:26,576 : INFO : coil.c_reset_drop_target : Pulsing Driver for 10ms (1.0 pulse_power)
2021-03-19 14:08:26,609 : INFO : SwitchController : <<<<<<< 's_drop_target' inactive >>>>>>>
2021-03-19 14:08:26,665 : INFO : SwitchController : <<<<<<< 's_drop_target' active >>>>>>>
2021-03-19 14:08:26,665 : INFO : EventManager : Event: ======'machine_var_audits_switches_s_drop_target'====== Args={'value': 114, 'prev_value': 113, 'change': 1}
2021-03-19 14:08:27,075 : INFO : EventManager : Event: ======'restore'====== Args={}
2021-03-19 14:08:27,075 : INFO : EventManager : Event: ======'drop_target_bank_noah_down'====== Args={}
2021-03-19 14:08:28,076 : INFO : drop_target_bank.noah : 1 targets are down. Will reset those.
2021-03-19 14:08:28,076 : INFO : coil.c_reset_drop_target : Pulsing Driver for 10ms (1.0 pulse_power)
2021-03-19 14:08:28,098 : INFO : SwitchController : <<<<<<< 's_drop_target' inactive >>>>>>>
2021-03-19 14:08:28,164 : INFO : SwitchController : <<<<<<< 's_drop_target' active >>>>>>>
2021-03-19 14:08:28,164 : INFO : EventManager : Event: ======'machine_var_audits_switches_s_drop_target'====== Args={'value': 115, 'prev_value': 114, 'change': 1}
2021-03-19 14:08:28,576 : INFO : EventManager : Event: ======'restore'====== Args={}
2021-03-19 14:08:28,576 : INFO : EventManager : Event: ======'drop_target_bank_noah_down'====== Args={}
2021-03-19 14:08:29,575 : INFO : drop_target_bank.noah : 1 targets are down. Will reset those.
2021-03-19 14:08:29,575 : INFO : coil.c_reset_drop_target : Pulsing Driver for 10ms (1.0 pulse_power)
2021-03-19 14:08:29,608 : INFO : SwitchController : <<<<<<< 's_drop_target' inactive >>>>>>>
2021-03-19 14:08:29,672 : INFO : SwitchController : <<<<<<< 's_drop_target' active >>>>>>>
2021-03-19 14:08:29,672 : INFO : EventManager : Event: ======'machine_var_audits_switches_s_drop_target'====== Args={'value': 116, 'prev_value': 115, 'change': 1}
2021-03-19 14:08:30,074 : INFO : EventManager : Event: ======'restore'====== Args={}
2021-03-19 14:08:30,074 : INFO : EventManager : Event: ======'drop_target_bank_noah_down'====== Args={}
2021-03-19 14:08:30,706 : INFO : EventManager : Event: ======'balldevice_bd_trough_ball_eject_failed'====== Args={'target': <playfield.playfield>, 'balls': 1, 'retry': True, 'num_attempts': 1}
2021-03-19 14:08:30,707 : INFO : ball_device.bd_trough : State: waiting_for_target_ready
2021-03-19 14:08:30,707 : INFO : EventManager : Event: ======'balldevice_bd_trough_ball_eject_attempt'====== Args={'balls': 1, 'target': <playfield.playfield>, 'source': <ball_device.bd_trough>, 'mechanical_eject': False, 'num_attempts': 1}
2021-03-19 14:08:30,708 : INFO : ball_device.bd_trough : State: ejecting
2021-03-19 14:08:30,708 : INFO : ball_device.bd_trough : Ejecting ball to <playfield.playfield>
2021-03-19 14:08:30,708 : INFO : EventManager : Event: ======'balldevice_bd_trough_ejecting_ball'====== Args={'balls': 1, 'target': <playfield.playfield>, 'source': <ball_device.bd_trough>, 'mechanical_eject': False, 'num_attempts': 1}
2021-03-19 14:08:30,709 : INFO : ball_device.bd_trough : Wait for ball to leave device
2021-03-19 14:08:30,709 : INFO : coil.c_trough_eject : Pulsing Driver for 10ms (1.0 pulse_power)
2021-03-19 14:08:31,076 : INFO : drop_target_bank.noah : 1 targets are down. Will reset those.
2021-03-19 14:08:31,076 : INFO : coil.c_reset_drop_target : Pulsing Driver for 10ms (1.0 pulse_power)
2021-03-19 14:08:31,110 : INFO : SwitchController : <<<<<<< 's_drop_target' inactive >>>>>>>
2021-03-19 14:08:31,164 : INFO : SwitchController : <<<<<<< 's_drop_target' active >>>>>>>
2021-03-19 14:08:31,164 : INFO : EventManager : Event: ======'machine_var_audits_switches_s_drop_target'====== Args={'value': 117, 'prev_value': 116, 'change': 1}
2021-03-19 14:08:31,576 : INFO : EventManager : Event: ======'restore'====== Args={}
2021-03-19 14:08:31,576 : INFO : EventManager : Event: ======'drop_target_bank_noah_down'====== Args={}
2021-03-19 14:08:32,576 : INFO : drop_target_bank.noah : 1 targets are down. Will reset those.
2021-03-19 14:08:32,576 : INFO : coil.c_reset_drop_target : Pulsing Driver for 10ms (1.0 pulse_power)
2021-03-19 14:08:32,600 : INFO : SwitchController : <<<<<<< 's_drop_target' inactive >>>>>>>
2021-03-19 14:08:32,665 : INFO : SwitchController : <<<<<<< 's_drop_target' active >>>>>>>
2021-03-19 14:08:32,666 : INFO : EventManager : Event: ======'machine_var_audits_switches_s_drop_target'====== Args={'value': 118, 'prev_value': 117, 'change': 1}
2021-03-19 14:08:33,076 : INFO : EventManager : Event: ======'restore'====== Args={}
2021-03-19 14:08:33,076 : INFO : EventManager : Event: ======'drop_target_bank_noah_down'====== Args={}
2021-03-19 14:08:34,075 : INFO : drop_target_bank.noah : 1 targets are down. Will reset those.
2021-03-19 14:08:34,075 : INFO : coil.c_reset_drop_target : Pulsing Driver for 10ms (1.0 pulse_power)
2021-03-19 14:08:34,108 : INFO : SwitchController : <<<<<<< 's_drop_target' inactive >>>>>>>
2021-03-19 14:08:34,175 : INFO : SwitchController : <<<<<<< 's_drop_target' active >>>>>>>
2021-03-19 14:08:34,175 : INFO : EventManager : Event: ======'machine_var_audits_switches_s_drop_target'====== Args={'value': 119, 'prev_value': 118, 'change': 1}
2021-03-19 14:08:34,569 : INFO : EventManager : Event: ======'restore'====== Args={}
2021-03-19 14:08:34,569 : INFO : EventManager : Event: ======'drop_target_bank_noah_down'====== Args={}
2021-03-19 14:08:35,574 : INFO : drop_target_bank.noah : 1 targets are down. Will reset those.
2021-03-19 14:08:35,574 : INFO : coil.c_reset_drop_target : Pulsing Driver for 10ms (1.0 pulse_power)
2021-03-19 14:08:35,608 : INFO : SwitchController : <<<<<<< 's_drop_target' inactive >>>>>>>
2021-03-19 14:08:35,664 : INFO : SwitchController : <<<<<<< 's_drop_target' active >>>>>>>
2021-03-19 14:08:35,664 : INFO : EventManager : Event: ======'machine_var_audits_switches_s_drop_target'====== Args={'value': 120, 'prev_value': 119, 'change': 1}
2021-03-19 14:08:36,076 : INFO : EventManager : Event: ======'restore'====== Args={}
2021-03-19 14:08:36,076 : INFO : EventManager : Event: ======'drop_target_bank_noah_down'====== Args={}
2021-03-19 14:08:37,076 : INFO : drop_target_bank.noah : 1 targets are down. Will reset those.
2021-03-19 14:08:37,076 : INFO : coil.c_reset_drop_target : Pulsing Driver for 10ms (1.0 pulse_power)
2021-03-19 14:08:37,099 : INFO : SwitchController : <<<<<<< 's_drop_target' inactive >>>>>>>
2021-03-19 14:08:37,164 : INFO : SwitchController : <<<<<<< 's_drop_target' active >>>>>>>
2021-03-19 14:08:37,164 : INFO : EventManager : Event: ======'machine_var_audits_switches_s_drop_target'====== Args={'value': 121, 'prev_value': 120, 'change': 1}
2021-03-19 14:08:37,575 : INFO : EventManager : Event: ======'restore'====== Args={}
2021-03-19 14:08:37,575 : INFO : EventManager : Event: ======'drop_target_bank_noah_down'====== Args={}
2021-03-19 14:08:38,575 : INFO : drop_target_bank.noah : 1 targets are down. Will reset those.
2021-03-19 14:08:38,575 : INFO : coil.c_reset_drop_target : Pulsing Driver for 10ms (1.0 pulse_power)
2021-03-19 14:08:38,610 : INFO : SwitchController : <<<<<<< 's_drop_target' inactive >>>>>>>
2021-03-19 14:08:38,664 : INFO : SwitchController : <<<<<<< 's_drop_target' active >>>>>>>
2021-03-19 14:08:38,664 : INFO : EventManager : Event: ======'machine_var_audits_switches_s_drop_target'====== Args={'value': 122, 'prev_value': 121, 'change': 1}
2021-03-19 14:08:39,076 : INFO : EventManager : Event: ======'restore'====== Args={}
2021-03-19 14:08:39,076 : INFO : EventManager : Event: ======'drop_target_bank_noah_down'====== Args={}
2021-03-19 14:08:40,074 : INFO : drop_target_bank.noah : 1 targets are down. Will reset those.
2021-03-19 14:08:40,074 : INFO : coil.c_reset_drop_target : Pulsing Driver for 10ms (1.0 pulse_power)
2021-03-19 14:08:40,107 : INFO : SwitchController : <<<<<<< 's_drop_target' inactive >>>>>>>
2021-03-19 14:08:40,163 : INFO : SwitchController : <<<<<<< 's_drop_target' active >>>>>>>
2021-03-19 14:08:40,164 : INFO : EventManager : Event: ======'machine_var_audits_switches_s_drop_target'====== Args={'value': 123, 'prev_value': 122, 'change': 1}
2021-03-19 14:08:40,402 : INFO : Machine : Shutting down...
2021-03-19 14:08:40,402 : INFO : EventManager : Event: ======'shutdown'====== Args={}
2021-03-19 14:08:40,407 : INFO : root : MPF run loop ended.
