2021-03-18 21:23:17,270 : kivy : Factory: 184 symbols loaded
2021-03-18 21:23:17,511 : kivy : ImageLoaderFFPy: Using ffpyplayer 4.3.1
2021-03-18 21:23:17,516 : kivy : Image: Providers: img_tex, img_dds, img_sdl2, img_pil, img_ffpyplayer, img_gif 
2021-03-18 21:23:17,604 : kivy : VideoGstplayer: Using Gstreamer 1.16.0.0
2021-03-18 21:23:17,604 : kivy : Video: Provider: gstplayer
2021-03-18 21:23:17,717 : kivy : Loading MPF-MC controller
2021-03-18 21:23:17,724 : YamlMultifileConfigLoader : Machine config file #1: config
2021-03-18 21:23:17,727 : ConfigProcessor : Config file in cache changed: C:\Users\Noah\work\Andy Cavatorta\pinball\notes\MPF\noahgame_02\config\config
2021-03-18 21:23:17,730 : ConfigProcessor : Loading config from file c:\users\noah\mpfenv\lib\site-packages\mpfmc\mcconfig.yaml.
2021-03-18 21:23:17,798 : ConfigProcessor : Loading config: c:\users\noah\mpfenv\lib\site-packages\mpfmc\mcconfig.yaml
2021-03-18 21:23:17,798 : ConfigProcessor : Loading config from file C:\Users\Noah\work\Andy Cavatorta\pinball\notes\MPF\noahgame_02\config\config.
2021-03-18 21:23:17,838 : ConfigProcessor : Loading config: C:\Users\Noah\work\Andy Cavatorta\pinball\notes\MPF\noahgame_02\config\config
2021-03-18 21:23:17,841 : ConfigProcessor : Config file cache created: C:\Users\Noah\AppData\Local\Temp\13e1228f6bf8ea03affe51e56cb3543a.mpf_cache
2021-03-18 21:23:17,843 : ConfigProcessor : Loading config from cache: C:\Users\Noah\AppData\Local\Temp\98acf0898e619a6798c45a0e5cbb339b.mpf_cache
2021-03-18 21:23:17,844 : ConfigProcessor : Loading config from cache: C:\Users\Noah\AppData\Local\Temp\a7eac71e9da1e9cfd4db34c71351dbda.mpf_cache
2021-03-18 21:23:17,845 : ConfigProcessor : Loading config from cache: C:\Users\Noah\AppData\Local\Temp\c6adbc38c235400b65ae43d7099eba05.mpf_cache
2021-03-18 21:23:17,846 : mpfmc : Mission Pinball Framework Media Controller v0.54.0
2021-03-18 21:23:17,846 : mpfmc : Mission Pinball Framework Game Engine v0.54.6
2021-03-18 21:23:17,847 : mpfmc : Machine path: C:\Users\Noah\work\Andy Cavatorta\pinball\notes\MPF\noahgame_02
2021-03-18 21:23:17,848 : mpfmc : Starting clock at 60.0Hz
2021-03-18 21:23:17,894 : kivy : Text: Provider: sdl2
2021-03-18 21:23:17,968 : kivy : Window: Provider: sdl2
2021-03-18 21:23:18,176 : kivy : GL: Using the "OpenGL" graphics system
2021-03-18 21:23:18,178 : kivy : GL: GLEW initialization succeeded
2021-03-18 21:23:18,179 : kivy : GL: Backend used <glew>
2021-03-18 21:23:18,180 : kivy : GL: OpenGL version <b'4.4.0 - Build 20.19.15.4835'>
2021-03-18 21:23:18,180 : kivy : GL: OpenGL vendor <b'Intel'>
2021-03-18 21:23:18,182 : kivy : GL: OpenGL renderer <b'Intel(R) HD Graphics 5500'>
2021-03-18 21:23:18,182 : kivy : GL: OpenGL parsed version: 4, 4
2021-03-18 21:23:18,191 : kivy : GL: Shading version <b'4.40 - Build 20.19.15.4835'>
2021-03-18 21:23:18,194 : kivy : GL: Texture max size <16384>
2021-03-18 21:23:18,195 : kivy : GL: Texture max units <32>
2021-03-18 21:23:18,240 : kivy : Window: auto add sdl2 input provider
2021-03-18 21:23:18,244 : kivy : Window: virtual keyboard not allowed, single mode, not docked
2021-03-18 21:23:18,298 : SoundSystem : SoundSystem: Using default 'sound_system' settings
2021-03-18 21:23:18,815 : AudioInterface : Initialized
2021-03-18 21:23:18,815 : SoundSystem : No audio tracks are specified in your machine config file. a track named 'default' has been created.
2021-03-18 21:23:18,822 : kivy : Base: Start application main loop
2021-03-18 21:23:18,823 : EventManager : Event: ======'display_window_initialized'====== Args={}
2021-03-18 21:23:18,846 : mpfmc : Display: Setting 'window' as default display
2021-03-18 21:23:18,864 : EventManager : Event: ======'displays_initialized'====== Args={}
2021-03-18 21:23:18,867 : EventManager : Event: ======'slide_window_blank_created'====== Args={}
2021-03-18 21:23:18,868 : EventManager : Event: ======'display_window_ready'====== Args={}
2021-03-18 21:23:18,888 : EventManager : Event: ======'init_phase_1'====== Args={}
2021-03-18 21:23:18,894 : EventManager : Event: ======'mc_ready'====== Args={}
2021-03-18 21:23:18,895 : EventManager : Event: ======'init_phase_2'====== Args={}
2021-03-18 21:23:18,898 : EventManager : Event: ======'init_phase_3'====== Args={}
2021-03-18 21:23:18,902 : EventManager : Event: ======'init_phase_4'====== Args={}
2021-03-18 21:23:18,902 : EventManager : Event: ======'init_phase_5'====== Args={}
2021-03-18 21:23:18,903 : EventManager : Event: ======'init_done'====== Args={}
2021-03-18 21:23:18,903 : MPF-MC BCP Server : Starting up on localhost port 5050
2021-03-18 21:23:18,910 : MPF-MC BCP Server : Waiting for a connection...
2021-03-18 21:23:18,910 : mpfmc : SlidePlayer: Play called with settings={'slides': {welcome_slide-None-None: {'priority': None, 'target': None, 'background_color': [0.0, 0.0, 0.0, 1.0], 'show': True, 'force': False, 'expire': None, 'slide': None, 'tokens': {}, 'action': 'play', 'transition': None, 'transition_out': None}}}
2021-03-18 21:23:18,918 : kivy : GL: NPOT texture support is available
2021-03-18 21:23:18,920 : EventManager : Event: ======'slide_welcome_slide_created'====== Args={}
2021-03-18 21:23:18,925 : EventManager : Event: ======'slide_welcome_slide_active'====== Args={}
2021-03-18 21:23:18,938 : EventManager : Event: ======'client_disconnected'====== Args={'host': '127.0.0.1', 'port': 5050}
2021-03-18 21:23:19,442 : MPF-MC BCP Server : Received connection from: 127.0.0.1:61692
2021-03-18 21:23:19,453 : EventManager : Event: ======'client_connected'====== Args={'host': '127.0.0.1', 'port': 61692}
2021-03-18 21:23:19,477 : mpfmc : Stopping...
2021-03-18 21:23:19,477 : EventManager : Event: ======'shutdown'====== Args={}
2021-03-18 21:23:19,478 : EventManager : Event: ======'machine_var_p_roc_version'====== Args={'value': 2, 'prev_value': None, 'change': True}
2021-03-18 21:23:19,583 : mpfmc : Loop rate 59.07 Hz
2021-03-18 21:23:19,583 : EventManager : Event: ======'machine_var_p_roc_revision'====== Args={'value': 6, 'prev_value': None, 'change': True}
2021-03-18 21:23:19,585 : kivy : Base: Leaving application in progress...
2021-03-18 21:23:19,586 : EventManager : Event: ======'machine_var_p_roc_hardware_version'====== Args={'value': 1, 'prev_value': None, 'change': True}
2021-03-18 21:23:19,588 : EventManager : Event: ======'machine_var_credits_string'====== Args={'value': 'FREE PLAY', 'prev_value': None, 'change': True}
2021-03-18 21:23:19,588 : EventManager : Event: ======'machine_var_mpf_version'====== Args={'value': 'MPF v0.54.6', 'prev_value': None, 'change': True}
2021-03-18 21:23:19,589 : EventManager : Event: ======'machine_var_mpf_extended_version'====== Args={'value': 'MPF v0.54.6, Config version:5, Show version: 5, BCP version:1.1', 'prev_value': None, 'change': True}
2021-03-18 21:23:19,589 : EventManager : Event: ======'machine_var_python_version'====== Args={'value': '3.7.9', 'prev_value': None, 'change': True}
2021-03-18 21:23:19,589 : EventManager : Event: ======'machine_var_platform'====== Args={'value': 'Windows-10-10.0.19041-SP0', 'prev_value': None, 'change': True}
2021-03-18 21:23:19,590 : EventManager : Event: ======'machine_var_platform_system'====== Args={'value': 'Windows', 'prev_value': None, 'change': True}
2021-03-18 21:23:19,591 : EventManager : Event: ======'machine_var_platform_release'====== Args={'value': '10', 'prev_value': None, 'change': True}
2021-03-18 21:23:19,591 : EventManager : Event: ======'machine_var_platform_version'====== Args={'value': '10.0.19041', 'prev_value': None, 'change': True}
2021-03-18 21:23:19,594 : EventManager : Event: ======'machine_var_platform_machine'====== Args={'value': 'AMD64', 'prev_value': None, 'change': True}
2021-03-18 21:23:19,594 : EventManager : Event: ======'machine_var_mc_version'====== Args={'value': 'MPF-MC v0.54.0', 'prev_value': None, 'change': True}
2021-03-18 21:23:19,595 : EventManager : Event: ======'machine_var_mc_extended_version'====== Args={'value': 'MPF-MC v0.54.0 (config_version=5, BCP v1.1, Requires MPF v0.54.0)', 'prev_value': None, 'change': True}
2021-03-18 21:23:19,596 : EventManager : Event: ======'machine_var_master_volume'====== Args={'value': 0.5, 'prev_value': None, 'change': True}
2021-03-18 21:23:19,600 : kivy : WindowSDL: exiting mainloop and closing.
2021-03-18 21:23:19,675 : mpfmc : Stopping...
2021-03-18 21:23:19,675 : EventManager : Event: ======'shutdown'====== Args={}
2021-03-18 21:23:19,677 : mpfmc : Loop rate 53.71 Hz
2021-03-18 21:23:19,679 : kivy : MC run loop ended.
2021-03-18 21:23:19,679 : kivy : Stopping child threads... (2 remaining)
2021-03-18 21:23:20,458 : MPF-MC BCP Server : Stopping BCP sending thread
2021-03-18 21:23:20,485 : kivy : All child threads stopped.
