2021-03-26 13:55:55,205 : kivy : Factory: 184 symbols loaded
2021-03-26 13:55:55,413 : kivy : ImageLoaderFFPy: Using ffpyplayer 4.3.1
2021-03-26 13:55:55,415 : kivy : Image: Providers: img_tex, img_dds, img_sdl2, img_pil, img_ffpyplayer, img_gif 
2021-03-26 13:55:55,478 : kivy : VideoGstplayer: Using Gstreamer 1.16.0.0
2021-03-26 13:55:55,479 : kivy : Video: Provider: gstplayer
2021-03-26 13:55:55,556 : kivy : Loading MPF-MC controller
2021-03-26 13:55:55,560 : YamlMultifileConfigLoader : Machine config file #1: config
2021-03-26 13:55:55,561 : ConfigProcessor : Config file in cache changed: C:\Users\Noah\work\Andy Cavatorta\pinball\notes\MPF\noahgame_02\config\config
2021-03-26 13:55:55,562 : ConfigProcessor : Loading config from file c:\users\noah\mpfenv\lib\site-packages\mpfmc\mcconfig.yaml.
2021-03-26 13:55:55,612 : ConfigProcessor : Loading config: c:\users\noah\mpfenv\lib\site-packages\mpfmc\mcconfig.yaml
2021-03-26 13:55:55,612 : ConfigProcessor : Loading config from file C:\Users\Noah\work\Andy Cavatorta\pinball\notes\MPF\noahgame_02\config\config.
2021-03-26 13:55:55,643 : ConfigProcessor : Loading config: C:\Users\Noah\work\Andy Cavatorta\pinball\notes\MPF\noahgame_02\config\config
2021-03-26 13:55:55,645 : ConfigProcessor : Config file cache created: C:\Users\Noah\AppData\Local\Temp\13e1228f6bf8ea03affe51e56cb3543a.mpf_cache
2021-03-26 13:55:55,646 : ConfigProcessor : Loading config from cache: C:\Users\Noah\AppData\Local\Temp\98acf0898e619a6798c45a0e5cbb339b.mpf_cache
2021-03-26 13:55:55,646 : ConfigProcessor : Loading config from cache: C:\Users\Noah\AppData\Local\Temp\a7eac71e9da1e9cfd4db34c71351dbda.mpf_cache
2021-03-26 13:55:55,647 : ConfigProcessor : Loading config from cache: C:\Users\Noah\AppData\Local\Temp\c6adbc38c235400b65ae43d7099eba05.mpf_cache
2021-03-26 13:55:55,648 : mpfmc : Mission Pinball Framework Media Controller v0.54.0
2021-03-26 13:55:55,648 : mpfmc : Mission Pinball Framework Game Engine v0.54.6
2021-03-26 13:55:55,648 : mpfmc : Machine path: C:\Users\Noah\work\Andy Cavatorta\pinball\notes\MPF\noahgame_02
2021-03-26 13:55:55,648 : mpfmc : Starting clock at 60.0Hz
2021-03-26 13:55:55,684 : kivy : Text: Provider: sdl2
2021-03-26 13:55:55,744 : kivy : Window: Provider: sdl2
2021-03-26 13:55:55,916 : kivy : GL: Using the "OpenGL" graphics system
2021-03-26 13:55:55,918 : kivy : GL: GLEW initialization succeeded
2021-03-26 13:55:55,920 : kivy : GL: Backend used <glew>
2021-03-26 13:55:55,921 : kivy : GL: OpenGL version <b'4.4.0 - Build 20.19.15.4835'>
2021-03-26 13:55:55,921 : kivy : GL: OpenGL vendor <b'Intel'>
2021-03-26 13:55:55,921 : kivy : GL: OpenGL renderer <b'Intel(R) HD Graphics 5500'>
2021-03-26 13:55:55,922 : kivy : GL: OpenGL parsed version: 4, 4
2021-03-26 13:55:55,922 : kivy : GL: Shading version <b'4.40 - Build 20.19.15.4835'>
2021-03-26 13:55:55,923 : kivy : GL: Texture max size <16384>
2021-03-26 13:55:55,923 : kivy : GL: Texture max units <32>
2021-03-26 13:55:55,950 : kivy : Window: auto add sdl2 input provider
2021-03-26 13:55:55,952 : kivy : Window: virtual keyboard not allowed, single mode, not docked
2021-03-26 13:55:55,966 : SoundSystem : SoundSystem: Using default 'sound_system' settings
2021-03-26 13:55:56,399 : AudioInterface : Initialized
2021-03-26 13:55:56,400 : SoundSystem : No audio tracks are specified in your machine config file. a track named 'default' has been created.
2021-03-26 13:55:56,404 : kivy : Base: Start application main loop
2021-03-26 13:55:56,405 : EventManager : Event: ======'display_window_initialized'====== Args={}
2021-03-26 13:55:56,427 : mpfmc : Display: Setting 'window' as default display
2021-03-26 13:55:56,439 : EventManager : Event: ======'displays_initialized'====== Args={}
2021-03-26 13:55:56,440 : EventManager : Event: ======'slide_window_blank_created'====== Args={}
2021-03-26 13:55:56,440 : EventManager : Event: ======'display_window_ready'====== Args={}
2021-03-26 13:55:56,453 : EventManager : Event: ======'init_phase_1'====== Args={}
2021-03-26 13:55:56,458 : EventManager : Event: ======'mc_ready'====== Args={}
2021-03-26 13:55:56,458 : EventManager : Event: ======'init_phase_2'====== Args={}
2021-03-26 13:55:56,460 : EventManager : Event: ======'init_phase_3'====== Args={}
2021-03-26 13:55:56,461 : EventManager : Event: ======'init_phase_4'====== Args={}
2021-03-26 13:55:56,462 : EventManager : Event: ======'init_phase_5'====== Args={}
2021-03-26 13:55:56,462 : EventManager : Event: ======'init_done'====== Args={}
2021-03-26 13:55:56,462 : MPF-MC BCP Server : Starting up on localhost port 5050
2021-03-26 13:55:56,467 : MPF-MC BCP Server : Waiting for a connection...
2021-03-26 13:55:56,467 : mpfmc : SlidePlayer: Play called with settings={'slides': {welcome_slide-None-None: {'priority': None, 'target': None, 'background_color': [0.0, 0.0, 0.0, 1.0], 'show': True, 'force': False, 'expire': None, 'slide': None, 'tokens': {}, 'action': 'play', 'transition': None, 'transition_out': None}}}
2021-03-26 13:55:56,474 : kivy : GL: NPOT texture support is available
2021-03-26 13:55:56,476 : EventManager : Event: ======'slide_welcome_slide_created'====== Args={}
2021-03-26 13:55:56,480 : EventManager : Event: ======'slide_welcome_slide_active'====== Args={}
2021-03-26 13:55:56,491 : EventManager : Event: ======'client_disconnected'====== Args={'host': '127.0.0.1', 'port': 5050}
2021-03-26 13:55:57,408 : MPF-MC BCP Server : Received connection from: 127.0.0.1:55898
2021-03-26 13:55:57,413 : EventManager : Event: ======'client_connected'====== Args={'host': '127.0.0.1', 'port': 55898}
2021-03-26 13:55:57,450 : EventManager : Event: ======'machine_var_p_roc_version'====== Args={'value': 2, 'prev_value': None, 'change': True}
2021-03-26 13:55:57,451 : EventManager : Event: ======'machine_var_p_roc_revision'====== Args={'value': 6, 'prev_value': None, 'change': True}
2021-03-26 13:55:57,452 : EventManager : Event: ======'machine_var_p_roc_hardware_version'====== Args={'value': 1, 'prev_value': None, 'change': True}
2021-03-26 13:55:57,455 : EventManager : Event: ======'machine_var_credits_string'====== Args={'value': 'FREE PLAY', 'prev_value': None, 'change': True}
2021-03-26 13:55:57,456 : EventManager : Event: ======'machine_var_mpf_version'====== Args={'value': 'MPF v0.54.6', 'prev_value': None, 'change': True}
2021-03-26 13:55:57,456 : EventManager : Event: ======'machine_var_mpf_extended_version'====== Args={'value': 'MPF v0.54.6, Config version:5, Show version: 5, BCP version:1.1', 'prev_value': None, 'change': True}
2021-03-26 13:55:57,457 : EventManager : Event: ======'machine_var_python_version'====== Args={'value': '3.7.9', 'prev_value': None, 'change': True}
2021-03-26 13:55:57,457 : EventManager : Event: ======'machine_var_platform'====== Args={'value': 'Windows-10-10.0.19041-SP0', 'prev_value': None, 'change': True}
2021-03-26 13:55:57,457 : EventManager : Event: ======'machine_var_platform_system'====== Args={'value': 'Windows', 'prev_value': None, 'change': True}
2021-03-26 13:55:57,458 : EventManager : Event: ======'machine_var_platform_release'====== Args={'value': '10', 'prev_value': None, 'change': True}
2021-03-26 13:55:57,458 : EventManager : Event: ======'machine_var_platform_version'====== Args={'value': '10.0.19041', 'prev_value': None, 'change': True}
2021-03-26 13:55:57,458 : EventManager : Event: ======'machine_var_platform_machine'====== Args={'value': 'AMD64', 'prev_value': None, 'change': True}
2021-03-26 13:55:57,458 : EventManager : Event: ======'machine_var_mc_version'====== Args={'value': 'MPF-MC v0.54.0', 'prev_value': None, 'change': True}
2021-03-26 13:55:57,459 : EventManager : Event: ======'machine_var_mc_extended_version'====== Args={'value': 'MPF-MC v0.54.0 (config_version=5, BCP v1.1, Requires MPF v0.54.0)', 'prev_value': None, 'change': True}
2021-03-26 13:55:57,459 : EventManager : Event: ======'machine_var_master_volume'====== Args={'value': 0.5, 'prev_value': None, 'change': True}
2021-03-26 13:55:57,459 : EventManager : Event: ======'machine_var_audits_switches_s_drop_target'====== Args={'value': 123, 'prev_value': None, 'change': True}
2021-03-26 13:55:57,460 : EventManager : Event: ======'machine_var_audits_switches_s_left_flipper'====== Args={'value': 20, 'prev_value': None, 'change': True}
2021-03-26 13:55:57,460 : EventManager : Event: ======'machine_var_audits_switches_s_left_slingshot'====== Args={'value': 9, 'prev_value': None, 'change': True}
2021-03-26 13:55:57,460 : EventManager : Event: ======'machine_var_audits_switches_s_right_flipper'====== Args={'value': 31, 'prev_value': None, 'change': True}
2021-03-26 13:55:57,461 : EventManager : Event: ======'machine_var_audits_switches_s_right_inlane'====== Args={'value': 9, 'prev_value': None, 'change': True}
2021-03-26 13:55:57,461 : EventManager : Event: ======'machine_var_audits_switches_s_right_slingshot'====== Args={'value': 31, 'prev_value': None, 'change': True}
2021-03-26 13:55:57,461 : EventManager : Event: ======'machine_var_audits_switches_s_start'====== Args={'value': 12, 'prev_value': None, 'change': True}
2021-03-26 13:55:57,462 : EventManager : Event: ======'machine_var_audits_switches_s_trough1'====== Args={'value': 6, 'prev_value': None, 'change': True}
2021-03-26 13:55:57,462 : EventManager : Event: ======'machine_var_audits_switches_s_pop_bumper'====== Args={'value': 0, 'prev_value': None, 'change': True}
2021-03-26 13:55:57,462 : EventManager : Event: ======'slides_play'====== Args={'settings': {'welcome_slide': {'target': None, 'background_color': [0.0, 0.0, 0.0, 1.0], 'priority': None, 'show': True, 'force': False, 'expire': None, 'slide': None, 'tokens': {}, 'action': 'play'}}, 'context': '_global', 'calling_context': 'init_done', 'priority': 0}
2021-03-26 13:55:57,463 : EventManager : Event: ======'mc_reset_phase_1'====== Args={}
2021-03-26 13:55:57,463 : mpfmc : SlidePlayer: Play called with settings={'welcome_slide': {'target': None, 'background_color': [0.0, 0.0, 0.0, 1.0], 'priority': None, 'show': True, 'force': False, 'expire': None, 'slide': None, 'tokens': {}, 'action': 'play'}}
2021-03-26 13:55:57,464 : EventManager : Event: ======'slide_welcome_slide_removed'====== Args={}
2021-03-26 13:55:57,472 : EventManager : Event: ======'slide_welcome_slide_created'====== Args={}
2021-03-26 13:55:57,472 : EventManager : Event: ======'mc_reset_phase_2'====== Args={}
2021-03-26 13:55:57,473 : EventManager : Event: ======'mc_reset_phase_3'====== Args={}
2021-03-26 13:55:57,473 : EventManager : Event: ======'mc_reset_complete'====== Args={}
2021-03-26 13:55:57,474 : EventManager : Event: ======'slide_welcome_slide_active'====== Args={}
2021-03-26 13:55:57,494 : EventManager : Event: ======'slides_play'====== Args={'settings': {'awesome_slide': {'widgets': [{'type': 'text', 'text': 'YOU ARE AWESOME', 'font_size': 50, '_default_settings': ['type', 'text', 'font_size'], 'x': None, 'y': None, 'anchor_x': 'center', 'anchor_y': 'center', 'round_anchor_x': None, 'round_anchor_y': None, 'opacity': 1.0, 'z': 0, 'reset_animations_events': {}, 'color': [1.0, 1.0, 1.0, 1.0], 'style': [], 'adjust_top': 0, 'adjust_bottom': 0, 'adjust_left': 0, 'adjust_right': 0, 'expire': None, 'key': None, 'widget': None, 'events_when_added': [], 'events_when_removed': [], 'bitmap_font': False, 'font_kerning': True, 'bold': False, 'italic': False, 'number_grouping': False, 'min_digits': 0, 'halign': 'center', 'valign': 'middle', 'rotation': 0, 'scale': 1.0, 'casing': None, 'animations': None}], 'transition': {'type': 'push', 'duration': 1.0, 'direction': 'left', 'easing': 'out_quad'}, 'target': None, 'background_color': [0.0, 0.0, 0.0, 1.0], 'priority': None, 'show': True, 'force': False, 'expire': None, 'slide': None, 'tokens': {}, 'action': 'play'}}, 'context': 'show_2', 'calling_context': 0, 'priority': 10, 'show_tokens': {}, 'start_time': 729665.828}
2021-03-26 13:55:57,495 : mpfmc : SlidePlayer: Play called with settings={'awesome_slide': {'widgets': [{'type': 'text', 'text': 'YOU ARE AWESOME', 'font_size': 50, '_default_settings': ['type', 'text', 'font_size'], 'x': None, 'y': None, 'anchor_x': 'center', 'anchor_y': 'center', 'round_anchor_x': None, 'round_anchor_y': None, 'opacity': 1.0, 'z': 0, 'reset_animations_events': {}, 'color': [1.0, 1.0, 1.0, 1.0], 'style': [], 'adjust_top': 0, 'adjust_bottom': 0, 'adjust_left': 0, 'adjust_right': 0, 'expire': None, 'key': None, 'widget': None, 'events_when_added': [], 'events_when_removed': [], 'bitmap_font': False, 'font_kerning': True, 'bold': False, 'italic': False, 'number_grouping': False, 'min_digits': 0, 'halign': 'center', 'valign': 'middle', 'rotation': 0, 'scale': 1.0, 'casing': None, 'animations': None}], 'transition': {'type': 'push', 'duration': 1.0, 'direction': 'left', 'easing': 'out_quad'}, 'target': None, 'background_color': [0.0, 0.0, 0.0, 1.0], 'priority': None, 'show': True, 'force': False, 'expire': None, 'slide': None, 'tokens': {}, 'action': 'play'}}
2021-03-26 13:55:57,503 : EventManager : Event: ======'slide_awesome_slide_created'====== Args={}
2021-03-26 13:55:57,506 : EventManager : Event: ======'slide_awesome_slide_active'====== Args={}
2021-03-26 13:56:00,505 : EventManager : Event: ======'slides_play'====== Args={'settings': {'press_start': {'widgets': [{'type': 'Text', 'text': 'PRESS START', 'animations': {'pre_show_slide': [{'property': ['opacity'], 'value': ['0'], 'duration': 0.5, 'relative': False, 'timing': 'after_previous', 'repeat': False, 'easing': 'linear'}, {'property': ['opacity'], 'value': ['1'], 'duration': 0.5, 'repeat': False, 'relative': False, 'timing': 'after_previous', 'easing': 'linear'}]}, '_default_settings': ['type', 'text', 'animations'], 'x': None, 'y': None, 'anchor_x': 'center', 'anchor_y': 'center', 'round_anchor_x': None, 'round_anchor_y': None, 'opacity': 1.0, 'z': 0, 'reset_animations_events': {}, 'color': [1.0, 1.0, 1.0, 1.0], 'style': [], 'adjust_top': 0, 'adjust_bottom': 0, 'adjust_left': 0, 'adjust_right': 0, 'expire': None, 'key': None, 'widget': None, 'events_when_added': [], 'events_when_removed': [], 'font_size': 15, 'bitmap_font': False, 'font_kerning': True, 'bold': False, 'italic': False, 'number_grouping': False, 'min_digits': 0, 'halign': 'center', 'valign': 'middle', 'rotation': 0, 'scale': 1.0, 'casing': None}, {'type': 'Text', 'text': 'FREE PLAY', 'color': [0.0, 0.5019607843137255, 0.0, 1], 'y': '10', 'anchor_y': 'bottom', '_default_settings': ['type', 'text', 'color', 'y', 'anchor_y'], 'x': None, 'anchor_x': 'center', 'round_anchor_x': None, 'round_anchor_y': None, 'opacity': 1.0, 'z': 0, 'reset_animations_events': {}, 'style': [], 'adjust_top': 0, 'adjust_bottom': 0, 'adjust_left': 0, 'adjust_right': 0, 'expire': None, 'key': None, 'widget': None, 'events_when_added': [], 'events_when_removed': [], 'font_size': 15, 'bitmap_font': False, 'font_kerning': True, 'bold': False, 'italic': False, 'number_grouping': False, 'min_digits': 0, 'halign': 'center', 'valign': 'middle', 'rotation': 0, 'scale': 1.0, 'casing': None, 'animations': None}], 'transition': {'type': 'move_in', 'duration': 1.0, 'direction': 'right', 'easing': 'out_quad'}, 'target': None, 'background_color': [0.0, 0.0, 0.0, 1.0], 'priority': None, 'show': True, 'force': False, 'expire': None, 'slide': None, 'tokens': {}, 'action': 'play'}}, 'context': 'show_2', 'calling_context': 1, 'priority': 10, 'show_tokens': {}, 'start_time': 729668.828}
2021-03-26 13:56:00,506 : mpfmc : SlidePlayer: Play called with settings={'press_start': {'widgets': [{'type': 'Text', 'text': 'PRESS START', 'animations': {'pre_show_slide': [{'property': ['opacity'], 'value': ['0'], 'duration': 0.5, 'relative': False, 'timing': 'after_previous', 'repeat': False, 'easing': 'linear'}, {'property': ['opacity'], 'value': ['1'], 'duration': 0.5, 'repeat': False, 'relative': False, 'timing': 'after_previous', 'easing': 'linear'}]}, '_default_settings': ['type', 'text', 'animations'], 'x': None, 'y': None, 'anchor_x': 'center', 'anchor_y': 'center', 'round_anchor_x': None, 'round_anchor_y': None, 'opacity': 1.0, 'z': 0, 'reset_animations_events': {}, 'color': [1.0, 1.0, 1.0, 1.0], 'style': [], 'adjust_top': 0, 'adjust_bottom': 0, 'adjust_left': 0, 'adjust_right': 0, 'expire': None, 'key': None, 'widget': None, 'events_when_added': [], 'events_when_removed': [], 'font_size': 15, 'bitmap_font': False, 'font_kerning': True, 'bold': False, 'italic': False, 'number_grouping': False, 'min_digits': 0, 'halign': 'center', 'valign': 'middle', 'rotation': 0, 'scale': 1.0, 'casing': None}, {'type': 'Text', 'text': 'FREE PLAY', 'color': [0.0, 0.5019607843137255, 0.0, 1], 'y': '10', 'anchor_y': 'bottom', '_default_settings': ['type', 'text', 'color', 'y', 'anchor_y'], 'x': None, 'anchor_x': 'center', 'round_anchor_x': None, 'round_anchor_y': None, 'opacity': 1.0, 'z': 0, 'reset_animations_events': {}, 'style': [], 'adjust_top': 0, 'adjust_bottom': 0, 'adjust_left': 0, 'adjust_right': 0, 'expire': None, 'key': None, 'widget': None, 'events_when_added': [], 'events_when_removed': [], 'font_size': 15, 'bitmap_font': False, 'font_kerning': True, 'bold': False, 'italic': False, 'number_grouping': False, 'min_digits': 0, 'halign': 'center', 'valign': 'middle', 'rotation': 0, 'scale': 1.0, 'casing': None, 'animations': None}], 'transition': {'type': 'move_in', 'duration': 1.0, 'direction': 'right', 'easing': 'out_quad'}, 'target': None, 'background_color': [0.0, 0.0, 0.0, 1.0], 'priority': None, 'show': True, 'force': False, 'expire': None, 'slide': None, 'tokens': {}, 'action': 'play'}}
2021-03-26 13:56:00,512 : EventManager : Event: ======'slide_press_start_created'====== Args={}
2021-03-26 13:56:00,514 : EventManager : Event: ======'slide_press_start_active'====== Args={}
2021-03-26 13:56:03,509 : EventManager : Event: ======'slides_play'====== Args={'settings': {'mission_pinball': {'widgets': [{'type': 'Text', 'text': 'MISSION PINBALL', 'color': [1.0, 0.0, 0.0, 1], '_default_settings': ['type', 'text', 'color'], 'x': None, 'y': None, 'anchor_x': 'center', 'anchor_y': 'center', 'round_anchor_x': None, 'round_anchor_y': None, 'opacity': 1.0, 'z': 0, 'reset_animations_events': {}, 'style': [], 'adjust_top': 0, 'adjust_bottom': 0, 'adjust_left': 0, 'adjust_right': 0, 'expire': None, 'key': None, 'widget': None, 'events_when_added': [], 'events_when_removed': [], 'font_size': 15, 'bitmap_font': False, 'font_kerning': True, 'bold': False, 'italic': False, 'number_grouping': False, 'min_digits': 0, 'halign': 'center', 'valign': 'middle', 'rotation': 0, 'scale': 1.0, 'casing': None, 'animations': None}], 'transition': {'type': 'move_in', 'duration': 1.0, 'direction': 'top', 'easing': 'out_quad'}, 'target': None, 'background_color': [0.0, 0.0, 0.0, 1.0], 'priority': None, 'show': True, 'force': False, 'expire': None, 'slide': None, 'tokens': {}, 'action': 'play'}}, 'context': 'show_2', 'calling_context': 2, 'priority': 10, 'show_tokens': {}, 'start_time': 729671.828}
2021-03-26 13:56:03,510 : mpfmc : SlidePlayer: Play called with settings={'mission_pinball': {'widgets': [{'type': 'Text', 'text': 'MISSION PINBALL', 'color': [1.0, 0.0, 0.0, 1], '_default_settings': ['type', 'text', 'color'], 'x': None, 'y': None, 'anchor_x': 'center', 'anchor_y': 'center', 'round_anchor_x': None, 'round_anchor_y': None, 'opacity': 1.0, 'z': 0, 'reset_animations_events': {}, 'style': [], 'adjust_top': 0, 'adjust_bottom': 0, 'adjust_left': 0, 'adjust_right': 0, 'expire': None, 'key': None, 'widget': None, 'events_when_added': [], 'events_when_removed': [], 'font_size': 15, 'bitmap_font': False, 'font_kerning': True, 'bold': False, 'italic': False, 'number_grouping': False, 'min_digits': 0, 'halign': 'center', 'valign': 'middle', 'rotation': 0, 'scale': 1.0, 'casing': None, 'animations': None}], 'transition': {'type': 'move_in', 'duration': 1.0, 'direction': 'top', 'easing': 'out_quad'}, 'target': None, 'background_color': [0.0, 0.0, 0.0, 1.0], 'priority': None, 'show': True, 'force': False, 'expire': None, 'slide': None, 'tokens': {}, 'action': 'play'}}
2021-03-26 13:56:03,514 : EventManager : Event: ======'slide_mission_pinball_created'====== Args={}
2021-03-26 13:56:03,516 : EventManager : Event: ======'slide_mission_pinball_active'====== Args={}
2021-03-26 13:56:06,500 : EventManager : Event: ======'slides_play'====== Args={'settings': {'last_game_score_slide': {'widgets': [{'type': 'text', 'text': 'LAST GAME', 'font_size': 50, 'y': '60%', '_default_settings': ['type', 'text', 'font_size', 'y'], 'x': None, 'anchor_x': 'center', 'anchor_y': 'center', 'round_anchor_x': None, 'round_anchor_y': None, 'opacity': 1.0, 'z': 0, 'reset_animations_events': {}, 'color': [1.0, 1.0, 1.0, 1.0], 'style': [], 'adjust_top': 0, 'adjust_bottom': 0, 'adjust_left': 0, 'adjust_right': 0, 'expire': None, 'key': None, 'widget': None, 'events_when_added': [], 'events_when_removed': [], 'bitmap_font': False, 'font_kerning': True, 'bold': False, 'italic': False, 'number_grouping': False, 'min_digits': 0, 'halign': 'center', 'valign': 'middle', 'rotation': 0, 'scale': 1.0, 'casing': None, 'animations': None}, {'type': 'text', 'text': '(machine|player1_score)', 'number_grouping': True, 'min_digits': 2, 'font_size': 50, 'y': '40%', '_default_settings': ['type', 'text', 'number_grouping', 'min_digits', 'font_size', 'y'], 'x': None, 'anchor_x': 'center', 'anchor_y': 'center', 'round_anchor_x': None, 'round_anchor_y': None, 'opacity': 1.0, 'z': 0, 'reset_animations_events': {}, 'color': [1.0, 1.0, 1.0, 1.0], 'style': [], 'adjust_top': 0, 'adjust_bottom': 0, 'adjust_left': 0, 'adjust_right': 0, 'expire': None, 'key': None, 'widget': None, 'events_when_added': [], 'events_when_removed': [], 'bitmap_font': False, 'font_kerning': True, 'bold': False, 'italic': False, 'halign': 'center', 'valign': 'middle', 'rotation': 0, 'scale': 1.0, 'casing': None, 'animations': None}], 'target': None, 'background_color': [0.0, 0.0, 0.0, 1.0], 'priority': None, 'show': True, 'force': False, 'expire': None, 'slide': None, 'tokens': {}, 'action': 'play'}}, 'context': 'show_2', 'calling_context': 3, 'priority': 10, 'show_tokens': {}, 'start_time': 729674.828}
2021-03-26 13:56:06,501 : mpfmc : SlidePlayer: Play called with settings={'last_game_score_slide': {'widgets': [{'type': 'text', 'text': 'LAST GAME', 'font_size': 50, 'y': '60%', '_default_settings': ['type', 'text', 'font_size', 'y'], 'x': None, 'anchor_x': 'center', 'anchor_y': 'center', 'round_anchor_x': None, 'round_anchor_y': None, 'opacity': 1.0, 'z': 0, 'reset_animations_events': {}, 'color': [1.0, 1.0, 1.0, 1.0], 'style': [], 'adjust_top': 0, 'adjust_bottom': 0, 'adjust_left': 0, 'adjust_right': 0, 'expire': None, 'key': None, 'widget': None, 'events_when_added': [], 'events_when_removed': [], 'bitmap_font': False, 'font_kerning': True, 'bold': False, 'italic': False, 'number_grouping': False, 'min_digits': 0, 'halign': 'center', 'valign': 'middle', 'rotation': 0, 'scale': 1.0, 'casing': None, 'animations': None}, {'type': 'text', 'text': '(machine|player1_score)', 'number_grouping': True, 'min_digits': 2, 'font_size': 50, 'y': '40%', '_default_settings': ['type', 'text', 'number_grouping', 'min_digits', 'font_size', 'y'], 'x': None, 'anchor_x': 'center', 'anchor_y': 'center', 'round_anchor_x': None, 'round_anchor_y': None, 'opacity': 1.0, 'z': 0, 'reset_animations_events': {}, 'color': [1.0, 1.0, 1.0, 1.0], 'style': [], 'adjust_top': 0, 'adjust_bottom': 0, 'adjust_left': 0, 'adjust_right': 0, 'expire': None, 'key': None, 'widget': None, 'events_when_added': [], 'events_when_removed': [], 'bitmap_font': False, 'font_kerning': True, 'bold': False, 'italic': False, 'halign': 'center', 'valign': 'middle', 'rotation': 0, 'scale': 1.0, 'casing': None, 'animations': None}], 'target': None, 'background_color': [0.0, 0.0, 0.0, 1.0], 'priority': None, 'show': True, 'force': False, 'expire': None, 'slide': None, 'tokens': {}, 'action': 'play'}}
2021-03-26 13:56:06,506 : EventManager : Event: ======'slide_last_game_score_slide_created'====== Args={}
2021-03-26 13:56:06,507 : EventManager : Unordered handler for class <Text Widget text=> on event machine_var_player1_score with priority 1. Handlers: [RegisteredHandler(callback=<bound method Text._machine_var_change of <Text Widget text=>>, priority=1, kwargs={}, key=UUID('b319a868-24cc-4caa-8c63-7c74240b2808'), condition=None, blocking_facility=None), RegisteredHandler(callback=<bound method Text._machine_var_change of <Text Widget text=>>, priority=1, kwargs={}, key=UUID('26102f21-8b8e-4385-bfa9-14fa860dda26'), condition=None, blocking_facility=None)]. The order of those handlers is not defined and they will be executed in random order. This might lead to race conditions and potential bugs.
2021-03-26 13:56:06,510 : EventManager : Event: ======'slide_last_game_score_slide_active'====== Args={}
2021-03-26 13:56:07,455 : kivy : Base: Leaving application in progress...
2021-03-26 13:56:07,646 : kivy : WindowSDL: exiting mainloop and closing.
2021-03-26 13:56:07,665 : mpfmc : Stopping...
2021-03-26 13:56:07,666 : EventManager : Event: ======'shutdown'====== Args={}
2021-03-26 13:56:07,667 : mpfmc : Loop rate 77.51 Hz
2021-03-26 13:56:07,667 : kivy : MC run loop ended.
2021-03-26 13:56:07,667 : kivy : Stopping child threads... (3 remaining)
2021-03-26 13:56:08,625 : MPF-MC BCP Server : Stopping BCP sending thread
2021-03-26 13:56:08,625 : mpfmc : Stopping...
2021-03-26 13:56:08,627 : EventManager : Event: ======'shutdown'====== Args={}
2021-03-26 13:56:08,627 : mpfmc : Loop rate 71.42 Hz
2021-03-26 13:56:08,673 : kivy : All child threads stopped.
