2021-03-19 14:08:16,085 : kivy : Factory: 184 symbols loaded
2021-03-19 14:08:16,270 : kivy : ImageLoaderFFPy: Using ffpyplayer 4.3.1
2021-03-19 14:08:16,272 : kivy : Image: Providers: img_tex, img_dds, img_sdl2, img_pil, img_ffpyplayer, img_gif 
2021-03-19 14:08:16,352 : kivy : VideoGstplayer: Using Gstreamer 1.16.0.0
2021-03-19 14:08:16,352 : kivy : Video: Provider: gstplayer
2021-03-19 14:08:16,450 : kivy : Loading MPF-MC controller
2021-03-19 14:08:16,454 : YamlMultifileConfigLoader : Machine config file #1: config
2021-03-19 14:08:16,454 : ConfigProcessor : Config file in cache changed: C:\Users\Noah\work\Andy Cavatorta\pinball\notes\MPF\noahgame_02\config\config
2021-03-19 14:08:16,455 : ConfigProcessor : Loading config from file c:\users\noah\mpfenv\lib\site-packages\mpfmc\mcconfig.yaml.
2021-03-19 14:08:16,505 : ConfigProcessor : Loading config: c:\users\noah\mpfenv\lib\site-packages\mpfmc\mcconfig.yaml
2021-03-19 14:08:16,507 : ConfigProcessor : Loading config from file C:\Users\Noah\work\Andy Cavatorta\pinball\notes\MPF\noahgame_02\config\config.
2021-03-19 14:08:16,537 : ConfigProcessor : Loading config: C:\Users\Noah\work\Andy Cavatorta\pinball\notes\MPF\noahgame_02\config\config
2021-03-19 14:08:16,540 : ConfigProcessor : Config file cache created: C:\Users\Noah\AppData\Local\Temp\13e1228f6bf8ea03affe51e56cb3543a.mpf_cache
2021-03-19 14:08:16,542 : ConfigProcessor : Loading config from cache: C:\Users\Noah\AppData\Local\Temp\98acf0898e619a6798c45a0e5cbb339b.mpf_cache
2021-03-19 14:08:16,544 : ConfigProcessor : Loading config from cache: C:\Users\Noah\AppData\Local\Temp\a7eac71e9da1e9cfd4db34c71351dbda.mpf_cache
2021-03-19 14:08:16,544 : ConfigProcessor : Loading config from cache: C:\Users\Noah\AppData\Local\Temp\c6adbc38c235400b65ae43d7099eba05.mpf_cache
2021-03-19 14:08:16,545 : mpfmc : Mission Pinball Framework Media Controller v0.54.0
2021-03-19 14:08:16,545 : mpfmc : Mission Pinball Framework Game Engine v0.54.6
2021-03-19 14:08:16,545 : mpfmc : Machine path: C:\Users\Noah\work\Andy Cavatorta\pinball\notes\MPF\noahgame_02
2021-03-19 14:08:16,546 : mpfmc : Starting clock at 60.0Hz
2021-03-19 14:08:16,590 : kivy : Text: Provider: sdl2
2021-03-19 14:08:16,648 : kivy : Window: Provider: sdl2
2021-03-19 14:08:16,799 : kivy : GL: Using the "OpenGL" graphics system
2021-03-19 14:08:16,801 : kivy : GL: GLEW initialization succeeded
2021-03-19 14:08:16,802 : kivy : GL: Backend used <glew>
2021-03-19 14:08:16,802 : kivy : GL: OpenGL version <b'4.4.0 - Build 20.19.15.4835'>
2021-03-19 14:08:16,802 : kivy : GL: OpenGL vendor <b'Intel'>
2021-03-19 14:08:16,803 : kivy : GL: OpenGL renderer <b'Intel(R) HD Graphics 5500'>
2021-03-19 14:08:16,803 : kivy : GL: OpenGL parsed version: 4, 4
2021-03-19 14:08:16,803 : kivy : GL: Shading version <b'4.40 - Build 20.19.15.4835'>
2021-03-19 14:08:16,803 : kivy : GL: Texture max size <16384>
2021-03-19 14:08:16,804 : kivy : GL: Texture max units <32>
2021-03-19 14:08:16,831 : kivy : Window: auto add sdl2 input provider
2021-03-19 14:08:16,832 : kivy : Window: virtual keyboard not allowed, single mode, not docked
2021-03-19 14:08:16,847 : SoundSystem : SoundSystem: Using default 'sound_system' settings
2021-03-19 14:08:17,280 : AudioInterface : Initialized
2021-03-19 14:08:17,281 : SoundSystem : No audio tracks are specified in your machine config file. a track named 'default' has been created.
2021-03-19 14:08:17,285 : kivy : Base: Start application main loop
2021-03-19 14:08:17,286 : EventManager : Event: ======'display_window_initialized'====== Args={}
2021-03-19 14:08:17,308 : mpfmc : Display: Setting 'window' as default display
2021-03-19 14:08:17,319 : EventManager : Event: ======'displays_initialized'====== Args={}
2021-03-19 14:08:17,320 : EventManager : Event: ======'slide_window_blank_created'====== Args={}
2021-03-19 14:08:17,320 : EventManager : Event: ======'display_window_ready'====== Args={}
2021-03-19 14:08:17,335 : EventManager : Event: ======'init_phase_1'====== Args={}
2021-03-19 14:08:17,341 : EventManager : Event: ======'mc_ready'====== Args={}
2021-03-19 14:08:17,342 : EventManager : Event: ======'init_phase_2'====== Args={}
2021-03-19 14:08:17,345 : EventManager : Event: ======'init_phase_3'====== Args={}
2021-03-19 14:08:17,346 : EventManager : Event: ======'init_phase_4'====== Args={}
2021-03-19 14:08:17,346 : EventManager : Event: ======'init_phase_5'====== Args={}
2021-03-19 14:08:17,347 : EventManager : Event: ======'init_done'====== Args={}
2021-03-19 14:08:17,347 : MPF-MC BCP Server : Starting up on localhost port 5050
2021-03-19 14:08:17,352 : MPF-MC BCP Server : Waiting for a connection...
2021-03-19 14:08:17,352 : mpfmc : SlidePlayer: Play called with settings={'slides': {welcome_slide-None-None: {'priority': None, 'target': None, 'background_color': [0.0, 0.0, 0.0, 1.0], 'show': True, 'force': False, 'expire': None, 'slide': None, 'tokens': {}, 'action': 'play', 'transition': None, 'transition_out': None}}}
2021-03-19 14:08:17,358 : kivy : GL: NPOT texture support is available
2021-03-19 14:08:17,361 : EventManager : Event: ======'slide_welcome_slide_created'====== Args={}
2021-03-19 14:08:17,364 : EventManager : Event: ======'slide_welcome_slide_active'====== Args={}
2021-03-19 14:08:17,376 : EventManager : Event: ======'client_disconnected'====== Args={'host': '127.0.0.1', 'port': 5050}
2021-03-19 14:08:18,423 : MPF-MC BCP Server : Received connection from: 127.0.0.1:61228
2021-03-19 14:08:18,426 : EventManager : Event: ======'client_connected'====== Args={'host': '127.0.0.1', 'port': 61228}
2021-03-19 14:08:18,463 : EventManager : Event: ======'machine_var_p_roc_version'====== Args={'value': 2, 'prev_value': None, 'change': True}
2021-03-19 14:08:18,463 : EventManager : Event: ======'machine_var_p_roc_revision'====== Args={'value': 6, 'prev_value': None, 'change': True}
2021-03-19 14:08:18,463 : EventManager : Event: ======'machine_var_p_roc_hardware_version'====== Args={'value': 1, 'prev_value': None, 'change': True}
2021-03-19 14:08:18,464 : EventManager : Event: ======'machine_var_credits_string'====== Args={'value': 'FREE PLAY', 'prev_value': None, 'change': True}
2021-03-19 14:08:18,464 : EventManager : Event: ======'machine_var_mpf_version'====== Args={'value': 'MPF v0.54.6', 'prev_value': None, 'change': True}
2021-03-19 14:08:18,464 : EventManager : Event: ======'machine_var_mpf_extended_version'====== Args={'value': 'MPF v0.54.6, Config version:5, Show version: 5, BCP version:1.1', 'prev_value': None, 'change': True}
2021-03-19 14:08:18,465 : EventManager : Event: ======'machine_var_python_version'====== Args={'value': '3.7.9', 'prev_value': None, 'change': True}
2021-03-19 14:08:18,465 : EventManager : Event: ======'machine_var_platform'====== Args={'value': 'Windows-10-10.0.19041-SP0', 'prev_value': None, 'change': True}
2021-03-19 14:08:18,465 : EventManager : Event: ======'machine_var_platform_system'====== Args={'value': 'Windows', 'prev_value': None, 'change': True}
2021-03-19 14:08:18,465 : EventManager : Event: ======'machine_var_platform_release'====== Args={'value': '10', 'prev_value': None, 'change': True}
2021-03-19 14:08:18,466 : EventManager : Event: ======'machine_var_platform_version'====== Args={'value': '10.0.19041', 'prev_value': None, 'change': True}
2021-03-19 14:08:18,466 : EventManager : Event: ======'machine_var_platform_machine'====== Args={'value': 'AMD64', 'prev_value': None, 'change': True}
2021-03-19 14:08:18,466 : EventManager : Event: ======'machine_var_mc_version'====== Args={'value': 'MPF-MC v0.54.0', 'prev_value': None, 'change': True}
2021-03-19 14:08:18,467 : EventManager : Event: ======'machine_var_mc_extended_version'====== Args={'value': 'MPF-MC v0.54.0 (config_version=5, BCP v1.1, Requires MPF v0.54.0)', 'prev_value': None, 'change': True}
2021-03-19 14:08:18,467 : EventManager : Event: ======'machine_var_master_volume'====== Args={'value': 0.5, 'prev_value': None, 'change': True}
2021-03-19 14:08:18,467 : EventManager : Event: ======'machine_var_audits_switches_s_drop_target'====== Args={'value': 110, 'prev_value': None, 'change': True}
2021-03-19 14:08:18,468 : EventManager : Event: ======'machine_var_audits_switches_s_left_flipper'====== Args={'value': 20, 'prev_value': None, 'change': True}
2021-03-19 14:08:18,468 : EventManager : Event: ======'machine_var_audits_switches_s_left_slingshot'====== Args={'value': 9, 'prev_value': None, 'change': True}
2021-03-19 14:08:18,468 : EventManager : Event: ======'machine_var_audits_switches_s_right_flipper'====== Args={'value': 31, 'prev_value': None, 'change': True}
2021-03-19 14:08:18,469 : EventManager : Event: ======'machine_var_audits_switches_s_right_inlane'====== Args={'value': 9, 'prev_value': None, 'change': True}
2021-03-19 14:08:18,469 : EventManager : Event: ======'machine_var_audits_switches_s_right_slingshot'====== Args={'value': 31, 'prev_value': None, 'change': True}
2021-03-19 14:08:18,469 : EventManager : Event: ======'machine_var_audits_switches_s_start'====== Args={'value': 12, 'prev_value': None, 'change': True}
2021-03-19 14:08:18,470 : EventManager : Event: ======'machine_var_audits_switches_s_trough1'====== Args={'value': 6, 'prev_value': None, 'change': True}
2021-03-19 14:08:18,470 : EventManager : Event: ======'slides_play'====== Args={'settings': {'welcome_slide': {'target': None, 'background_color': [0.0, 0.0, 0.0, 1.0], 'priority': None, 'show': True, 'force': False, 'expire': None, 'slide': None, 'tokens': {}, 'action': 'play'}}, 'context': '_global', 'calling_context': 'init_done', 'priority': 0}
2021-03-19 14:08:18,470 : EventManager : Event: ======'mc_reset_phase_1'====== Args={}
2021-03-19 14:08:18,470 : mpfmc : SlidePlayer: Play called with settings={'welcome_slide': {'target': None, 'background_color': [0.0, 0.0, 0.0, 1.0], 'priority': None, 'show': True, 'force': False, 'expire': None, 'slide': None, 'tokens': {}, 'action': 'play'}}
2021-03-19 14:08:18,472 : EventManager : Event: ======'slide_welcome_slide_removed'====== Args={}
2021-03-19 14:08:18,480 : EventManager : Event: ======'slide_welcome_slide_created'====== Args={}
2021-03-19 14:08:18,481 : EventManager : Event: ======'mc_reset_phase_2'====== Args={}
2021-03-19 14:08:18,481 : EventManager : Event: ======'mc_reset_phase_3'====== Args={}
2021-03-19 14:08:18,481 : EventManager : Event: ======'mc_reset_complete'====== Args={}
2021-03-19 14:08:18,482 : EventManager : Event: ======'slide_welcome_slide_active'====== Args={}
2021-03-19 14:08:18,507 : EventManager : Event: ======'slides_play'====== Args={'settings': {'awesome_slide': {'widgets': [{'type': 'text', 'text': 'YOU ARE AWESOME', 'font_size': 50, '_default_settings': ['type', 'text', 'font_size'], 'x': None, 'y': None, 'anchor_x': 'center', 'anchor_y': 'center', 'round_anchor_x': None, 'round_anchor_y': None, 'opacity': 1.0, 'z': 0, 'reset_animations_events': {}, 'color': [1.0, 1.0, 1.0, 1.0], 'style': [], 'adjust_top': 0, 'adjust_bottom': 0, 'adjust_left': 0, 'adjust_right': 0, 'expire': None, 'key': None, 'widget': None, 'events_when_added': [], 'events_when_removed': [], 'bitmap_font': False, 'font_kerning': True, 'bold': False, 'italic': False, 'number_grouping': False, 'min_digits': 0, 'halign': 'center', 'valign': 'middle', 'rotation': 0, 'scale': 1.0, 'casing': None, 'animations': None}], 'transition': {'type': 'push', 'duration': 1.0, 'direction': 'left', 'easing': 'out_quad'}, 'target': None, 'background_color': [0.0, 0.0, 0.0, 1.0], 'priority': None, 'show': True, 'force': False, 'expire': None, 'slide': None, 'tokens': {}, 'action': 'play'}}, 'context': 'show_2', 'calling_context': 0, 'priority': 10, 'show_tokens': {}, 'start_time': 125604.609}
2021-03-19 14:08:18,509 : mpfmc : SlidePlayer: Play called with settings={'awesome_slide': {'widgets': [{'type': 'text', 'text': 'YOU ARE AWESOME', 'font_size': 50, '_default_settings': ['type', 'text', 'font_size'], 'x': None, 'y': None, 'anchor_x': 'center', 'anchor_y': 'center', 'round_anchor_x': None, 'round_anchor_y': None, 'opacity': 1.0, 'z': 0, 'reset_animations_events': {}, 'color': [1.0, 1.0, 1.0, 1.0], 'style': [], 'adjust_top': 0, 'adjust_bottom': 0, 'adjust_left': 0, 'adjust_right': 0, 'expire': None, 'key': None, 'widget': None, 'events_when_added': [], 'events_when_removed': [], 'bitmap_font': False, 'font_kerning': True, 'bold': False, 'italic': False, 'number_grouping': False, 'min_digits': 0, 'halign': 'center', 'valign': 'middle', 'rotation': 0, 'scale': 1.0, 'casing': None, 'animations': None}], 'transition': {'type': 'push', 'duration': 1.0, 'direction': 'left', 'easing': 'out_quad'}, 'target': None, 'background_color': [0.0, 0.0, 0.0, 1.0], 'priority': None, 'show': True, 'force': False, 'expire': None, 'slide': None, 'tokens': {}, 'action': 'play'}}
2021-03-19 14:08:18,514 : EventManager : Event: ======'slide_awesome_slide_created'====== Args={}
2021-03-19 14:08:18,516 : EventManager : Event: ======'slide_awesome_slide_active'====== Args={}
2021-03-19 14:08:20,715 : EventManager : Event: ======'game_started'====== Args={}
2021-03-19 14:08:20,715 : EventManager : Event: ======'slides_clear'====== Args={'context': 'show_2'}
2021-03-19 14:08:20,716 : EventManager : Event: ======'player_added'====== Args={'player': <Player 1>, 'num': 1}
2021-03-19 14:08:20,716 : EventManager : Event: ======'player_index'====== Args={'value': 0, 'prev_value': 0, 'change': 0, 'player_num': 1}
2021-03-19 14:08:20,716 : EventManager : Event: ======'player_number'====== Args={'value': 1, 'prev_value': 1, 'change': 0, 'player_num': 1}
2021-03-19 14:08:20,716 : EventManager : Event: ======'player_score'====== Args={'value': 0, 'prev_value': 0, 'change': 0, 'player_num': 1}
2021-03-19 14:08:20,717 : EventManager : Event: ======'player_ball'====== Args={'value': 1, 'prev_value': 0, 'change': 1, 'player_num': 1}
2021-03-19 14:08:20,717 : EventManager : Event: ======'player_turn_start'====== Args={'number': 1, 'player': <Player 1>}
2021-03-19 14:08:20,718 : EventManager : Event: ======'slide_awesome_slide_removed'====== Args={}
2021-03-19 14:08:20,719 : EventManager : Event: ======'slide_welcome_slide_active'====== Args={}
2021-03-19 14:08:20,726 : EventManager : Event: ======'slides_play'====== Args={'settings': {'widgets': {'widgets': [{'type': 'text', 'text': '(score)', 'number_grouping': True, 'min_digits': 2, 'font_size': 100, '_default_settings': ['type', 'text', 'number_grouping', 'min_digits', 'font_size'], 'x': None, 'y': None, 'anchor_x': 'center', 'anchor_y': 'center', 'round_anchor_x': None, 'round_anchor_y': None, 'opacity': 1.0, 'z': 0, 'reset_animations_events': {}, 'color': [1.0, 1.0, 1.0, 1.0], 'style': [], 'adjust_top': 0, 'adjust_bottom': 0, 'adjust_left': 0, 'adjust_right': 0, 'expire': None, 'key': None, 'widget': None, 'events_when_added': [], 'events_when_removed': [], 'bitmap_font': False, 'font_kerning': True, 'bold': False, 'italic': False, 'halign': 'center', 'valign': 'middle', 'rotation': 0, 'scale': 1.0, 'casing': None, 'animations': None}, {'type': 'text', 'text': 'PLAYER (number)', 'y': '10', 'x': '10', 'font_size': 50, 'anchor_x': 'left', 'anchor_y': 'bottom', '_default_settings': ['type', 'text', 'y', 'x', 'font_size', 'anchor_x', 'anchor_y'], 'round_anchor_x': None, 'round_anchor_y': None, 'opacity': 1.0, 'z': 0, 'reset_animations_events': {}, 'color': [1.0, 1.0, 1.0, 1.0], 'style': [], 'adjust_top': 0, 'adjust_bottom': 0, 'adjust_left': 0, 'adjust_right': 0, 'expire': None, 'key': None, 'widget': None, 'events_when_added': [], 'events_when_removed': [], 'bitmap_font': False, 'font_kerning': True, 'bold': False, 'italic': False, 'number_grouping': False, 'min_digits': 0, 'halign': 'center', 'valign': 'middle', 'rotation': 0, 'scale': 1.0, 'casing': None, 'animations': None}, {'type': 'text', 'text': 'BALL (ball)', 'y': '10', 'x': 'right-10', 'anchor_x': 'right', 'anchor_y': 'bottom', 'font_size': 50, '_default_settings': ['type', 'text', 'y', 'x', 'anchor_x', 'anchor_y', 'font_size'], 'round_anchor_x': None, 'round_anchor_y': None, 'opacity': 1.0, 'z': 0, 'reset_animations_events': {}, 'color': [1.0, 1.0, 1.0, 1.0], 'style': [], 'adjust_top': 0, 'adjust_bottom': 0, 'adjust_left': 0, 'adjust_right': 0, 'expire': None, 'key': None, 'widget': None, 'events_when_added': [], 'events_when_removed': [], 'bitmap_font': False, 'font_kerning': True, 'bold': False, 'italic': False, 'number_grouping': False, 'min_digits': 0, 'halign': 'center', 'valign': 'middle', 'rotation': 0, 'scale': 1.0, 'casing': None, 'animations': None}], 'target': None, 'background_color': [0.0, 0.0, 0.0, 1.0], 'priority': None, 'show': True, 'force': False, 'expire': None, 'slide': None, 'tokens': {}, 'action': 'play'}}, 'context': 'base', 'calling_context': 'mode_base_started', 'priority': 100, 'player': 1, 'ball': 1, 'balls_remaining': 2, 'is_extra_ball': False}
2021-03-19 14:08:20,728 : mpfmc : SlidePlayer: Play called with settings={'widgets': {'widgets': [{'type': 'text', 'text': '(score)', 'number_grouping': True, 'min_digits': 2, 'font_size': 100, '_default_settings': ['type', 'text', 'number_grouping', 'min_digits', 'font_size'], 'x': None, 'y': None, 'anchor_x': 'center', 'anchor_y': 'center', 'round_anchor_x': None, 'round_anchor_y': None, 'opacity': 1.0, 'z': 0, 'reset_animations_events': {}, 'color': [1.0, 1.0, 1.0, 1.0], 'style': [], 'adjust_top': 0, 'adjust_bottom': 0, 'adjust_left': 0, 'adjust_right': 0, 'expire': None, 'key': None, 'widget': None, 'events_when_added': [], 'events_when_removed': [], 'bitmap_font': False, 'font_kerning': True, 'bold': False, 'italic': False, 'halign': 'center', 'valign': 'middle', 'rotation': 0, 'scale': 1.0, 'casing': None, 'animations': None}, {'type': 'text', 'text': 'PLAYER (number)', 'y': '10', 'x': '10', 'font_size': 50, 'anchor_x': 'left', 'anchor_y': 'bottom', '_default_settings': ['type', 'text', 'y', 'x', 'font_size', 'anchor_x', 'anchor_y'], 'round_anchor_x': None, 'round_anchor_y': None, 'opacity': 1.0, 'z': 0, 'reset_animations_events': {}, 'color': [1.0, 1.0, 1.0, 1.0], 'style': [], 'adjust_top': 0, 'adjust_bottom': 0, 'adjust_left': 0, 'adjust_right': 0, 'expire': None, 'key': None, 'widget': None, 'events_when_added': [], 'events_when_removed': [], 'bitmap_font': False, 'font_kerning': True, 'bold': False, 'italic': False, 'number_grouping': False, 'min_digits': 0, 'halign': 'center', 'valign': 'middle', 'rotation': 0, 'scale': 1.0, 'casing': None, 'animations': None}, {'type': 'text', 'text': 'BALL (ball)', 'y': '10', 'x': 'right-10', 'anchor_x': 'right', 'anchor_y': 'bottom', 'font_size': 50, '_default_settings': ['type', 'text', 'y', 'x', 'anchor_x', 'anchor_y', 'font_size'], 'round_anchor_x': None, 'round_anchor_y': None, 'opacity': 1.0, 'z': 0, 'reset_animations_events': {}, 'color': [1.0, 1.0, 1.0, 1.0], 'style': [], 'adjust_top': 0, 'adjust_bottom': 0, 'adjust_left': 0, 'adjust_right': 0, 'expire': None, 'key': None, 'widget': None, 'events_when_added': [], 'events_when_removed': [], 'bitmap_font': False, 'font_kerning': True, 'bold': False, 'italic': False, 'number_grouping': False, 'min_digits': 0, 'halign': 'center', 'valign': 'middle', 'rotation': 0, 'scale': 1.0, 'casing': None, 'animations': None}], 'target': None, 'background_color': [0.0, 0.0, 0.0, 1.0], 'priority': None, 'show': True, 'force': False, 'expire': None, 'slide': None, 'tokens': {}, 'action': 'play'}}
2021-03-19 14:08:20,736 : EventManager : Event: ======'slide_base.slide_player-mode_base_started_created'====== Args={}
2021-03-19 14:08:20,743 : EventManager : Event: ======'slide_base.slide_player-mode_base_started_active'====== Args={}
2021-03-19 14:08:21,764 : EventManager : Event: ======'machine_var_audits_switches_s_drop_target'====== Args={'value': 111, 'prev_value': 110, 'change': 1}
2021-03-19 14:08:24,069 : EventManager : Event: ======'machine_var_audits_switches_s_drop_target'====== Args={'value': 112, 'prev_value': 111, 'change': 1}
2021-03-19 14:08:25,184 : EventManager : Event: ======'machine_var_audits_switches_s_drop_target'====== Args={'value': 113, 'prev_value': 112, 'change': 1}
2021-03-19 14:08:26,677 : EventManager : Event: ======'machine_var_audits_switches_s_drop_target'====== Args={'value': 114, 'prev_value': 113, 'change': 1}
2021-03-19 14:08:28,171 : EventManager : Event: ======'machine_var_audits_switches_s_drop_target'====== Args={'value': 115, 'prev_value': 114, 'change': 1}
2021-03-19 14:08:29,677 : EventManager : Event: ======'machine_var_audits_switches_s_drop_target'====== Args={'value': 116, 'prev_value': 115, 'change': 1}
2021-03-19 14:08:31,171 : EventManager : Event: ======'machine_var_audits_switches_s_drop_target'====== Args={'value': 117, 'prev_value': 116, 'change': 1}
2021-03-19 14:08:32,679 : EventManager : Event: ======'machine_var_audits_switches_s_drop_target'====== Args={'value': 118, 'prev_value': 117, 'change': 1}
2021-03-19 14:08:34,183 : EventManager : Event: ======'machine_var_audits_switches_s_drop_target'====== Args={'value': 119, 'prev_value': 118, 'change': 1}
2021-03-19 14:08:35,676 : EventManager : Event: ======'machine_var_audits_switches_s_drop_target'====== Args={'value': 120, 'prev_value': 119, 'change': 1}
2021-03-19 14:08:37,170 : EventManager : Event: ======'machine_var_audits_switches_s_drop_target'====== Args={'value': 121, 'prev_value': 120, 'change': 1}
2021-03-19 14:08:38,666 : EventManager : Event: ======'machine_var_audits_switches_s_drop_target'====== Args={'value': 122, 'prev_value': 121, 'change': 1}
2021-03-19 14:08:40,171 : EventManager : Event: ======'machine_var_audits_switches_s_drop_target'====== Args={'value': 123, 'prev_value': 122, 'change': 1}
2021-03-19 14:08:40,407 : mpfmc : Stopping...
2021-03-19 14:08:40,408 : EventManager : Event: ======'shutdown'====== Args={}
2021-03-19 14:08:40,411 : kivy : Base: Leaving application in progress...
2021-03-19 14:08:40,520 : mpfmc : Loop rate 78.29 Hz
