2021-03-18 18:04:45,407 : kivy : Factory: 184 symbols loaded
2021-03-18 18:04:45,595 : kivy : ImageLoaderFFPy: Using ffpyplayer 4.3.1
2021-03-18 18:04:45,598 : kivy : Image: Providers: img_tex, img_dds, img_sdl2, img_pil, img_ffpyplayer, img_gif 
2021-03-18 18:04:45,703 : kivy : VideoGstplayer: Using Gstreamer 1.16.0.0
2021-03-18 18:04:45,703 : kivy : Video: Provider: gstplayer
2021-03-18 18:04:45,805 : kivy : Loading MPF-MC controller
2021-03-18 18:04:45,812 : YamlMultifileConfigLoader : Machine config file #1: config
2021-03-18 18:04:45,813 : ConfigProcessor : Config file in cache changed: C:\Users\Noah\work\Andy Cavatorta\pinball\notes\MPF\noahgame_02\config\config
2021-03-18 18:04:45,813 : ConfigProcessor : Loading config from file c:\users\noah\mpfenv\lib\site-packages\mpfmc\mcconfig.yaml.
2021-03-18 18:04:45,881 : ConfigProcessor : Loading config: c:\users\noah\mpfenv\lib\site-packages\mpfmc\mcconfig.yaml
2021-03-18 18:04:45,882 : ConfigProcessor : Loading config from file C:\Users\Noah\work\Andy Cavatorta\pinball\notes\MPF\noahgame_02\config\config.
2021-03-18 18:04:45,915 : ConfigProcessor : Loading config: C:\Users\Noah\work\Andy Cavatorta\pinball\notes\MPF\noahgame_02\config\config
2021-03-18 18:04:45,918 : ConfigProcessor : Config file cache created: C:\Users\Noah\AppData\Local\Temp\13e1228f6bf8ea03affe51e56cb3543a.mpf_cache
2021-03-18 18:04:45,920 : ConfigProcessor : Loading config from cache: C:\Users\Noah\AppData\Local\Temp\74774f186c18434d8d39d0d4b0a3afeb.mpf_cache
2021-03-18 18:04:45,920 : ConfigProcessor : Loading config from cache: C:\Users\Noah\AppData\Local\Temp\a7eac71e9da1e9cfd4db34c71351dbda.mpf_cache
2021-03-18 18:04:45,921 : mpfmc : Mission Pinball Framework Media Controller v0.54.0
2021-03-18 18:04:45,921 : mpfmc : Mission Pinball Framework Game Engine v0.54.6
2021-03-18 18:04:45,922 : mpfmc : Machine path: C:\Users\Noah\work\Andy Cavatorta\pinball\notes\MPF\noahgame_02
2021-03-18 18:04:45,922 : mpfmc : Starting clock at 60.0Hz
2021-03-18 18:04:45,965 : kivy : Text: Provider: sdl2
2021-03-18 18:04:46,026 : kivy : Window: Provider: sdl2
2021-03-18 18:04:46,187 : kivy : GL: Using the "OpenGL" graphics system
2021-03-18 18:04:46,189 : kivy : GL: GLEW initialization succeeded
2021-03-18 18:04:46,189 : kivy : GL: Backend used <glew>
2021-03-18 18:04:46,189 : kivy : GL: OpenGL version <b'4.4.0 - Build 20.19.15.4835'>
2021-03-18 18:04:46,189 : kivy : GL: OpenGL vendor <b'Intel'>
2021-03-18 18:04:46,190 : kivy : GL: OpenGL renderer <b'Intel(R) HD Graphics 5500'>
2021-03-18 18:04:46,190 : kivy : GL: OpenGL parsed version: 4, 4
2021-03-18 18:04:46,190 : kivy : GL: Shading version <b'4.40 - Build 20.19.15.4835'>
2021-03-18 18:04:46,190 : kivy : GL: Texture max size <16384>
2021-03-18 18:04:46,190 : kivy : GL: Texture max units <32>
2021-03-18 18:04:46,217 : kivy : Window: auto add sdl2 input provider
2021-03-18 18:04:46,218 : kivy : Window: virtual keyboard not allowed, single mode, not docked
2021-03-18 18:04:46,236 : SoundSystem : SoundSystem: Using default 'sound_system' settings
2021-03-18 18:04:46,746 : AudioInterface : Initialized
2021-03-18 18:04:46,747 : SoundSystem : No audio tracks are specified in your machine config file. a track named 'default' has been created.
2021-03-18 18:04:46,750 : kivy : Base: Start application main loop
2021-03-18 18:04:46,751 : EventManager : Event: ======'display_window_initialized'====== Args={}
2021-03-18 18:04:46,772 : mpfmc : Display: Setting 'window' as default display
2021-03-18 18:04:46,784 : EventManager : Event: ======'displays_initialized'====== Args={}
2021-03-18 18:04:46,786 : EventManager : Event: ======'slide_window_blank_created'====== Args={}
2021-03-18 18:04:46,786 : EventManager : Event: ======'display_window_ready'====== Args={}
2021-03-18 18:04:46,800 : EventManager : Event: ======'init_phase_1'====== Args={}
2021-03-18 18:04:46,806 : EventManager : Event: ======'mc_ready'====== Args={}
2021-03-18 18:04:46,807 : EventManager : Event: ======'init_phase_2'====== Args={}
2021-03-18 18:04:46,808 : EventManager : Event: ======'init_phase_3'====== Args={}
2021-03-18 18:04:46,809 : EventManager : Event: ======'init_phase_4'====== Args={}
2021-03-18 18:04:46,810 : EventManager : Event: ======'init_phase_5'====== Args={}
2021-03-18 18:04:46,811 : EventManager : Event: ======'init_done'====== Args={}
2021-03-18 18:04:46,811 : MPF-MC BCP Server : Starting up on localhost port 5050
2021-03-18 18:04:46,817 : MPF-MC BCP Server : Waiting for a connection...
2021-03-18 18:04:46,817 : mpfmc : SlidePlayer: Play called with settings={'slides': {welcome_slide-None-None: {'priority': None, 'target': None, 'background_color': [0.0, 0.0, 0.0, 1.0], 'show': True, 'force': False, 'expire': None, 'slide': None, 'tokens': {}, 'action': 'play', 'transition': None, 'transition_out': None}}}
2021-03-18 18:04:46,823 : kivy : GL: NPOT texture support is available
2021-03-18 18:04:46,825 : EventManager : Event: ======'slide_welcome_slide_created'====== Args={}
2021-03-18 18:04:46,828 : EventManager : Event: ======'slide_welcome_slide_active'====== Args={}
2021-03-18 18:04:46,839 : EventManager : Event: ======'client_disconnected'====== Args={'host': '127.0.0.1', 'port': 5050}
2021-03-18 18:04:47,831 : MPF-MC BCP Server : Received connection from: 127.0.0.1:65061
2021-03-18 18:04:47,845 : EventManager : Event: ======'client_connected'====== Args={'host': '127.0.0.1', 'port': 65061}
2021-03-18 18:04:47,856 : EventManager : Event: ======'machine_var_p_roc_version'====== Args={'value': 2, 'prev_value': None, 'change': True}
2021-03-18 18:04:47,856 : EventManager : Event: ======'machine_var_p_roc_revision'====== Args={'value': 6, 'prev_value': None, 'change': True}
2021-03-18 18:04:47,856 : EventManager : Event: ======'machine_var_p_roc_hardware_version'====== Args={'value': 1, 'prev_value': None, 'change': True}
2021-03-18 18:04:47,857 : EventManager : Event: ======'machine_var_credits_string'====== Args={'value': 'FREE PLAY', 'prev_value': None, 'change': True}
2021-03-18 18:04:47,857 : EventManager : Event: ======'machine_var_mpf_version'====== Args={'value': 'MPF v0.54.6', 'prev_value': None, 'change': True}
2021-03-18 18:04:47,857 : EventManager : Event: ======'machine_var_mpf_extended_version'====== Args={'value': 'MPF v0.54.6, Config version:5, Show version: 5, BCP version:1.1', 'prev_value': None, 'change': True}
2021-03-18 18:04:47,858 : EventManager : Event: ======'machine_var_python_version'====== Args={'value': '3.7.9', 'prev_value': None, 'change': True}
2021-03-18 18:04:47,859 : EventManager : Event: ======'machine_var_platform'====== Args={'value': 'Windows-10-10.0.19041-SP0', 'prev_value': None, 'change': True}
2021-03-18 18:04:47,859 : EventManager : Event: ======'machine_var_platform_system'====== Args={'value': 'Windows', 'prev_value': None, 'change': True}
2021-03-18 18:04:47,859 : EventManager : Event: ======'machine_var_platform_release'====== Args={'value': '10', 'prev_value': None, 'change': True}
2021-03-18 18:04:47,860 : EventManager : Event: ======'machine_var_platform_version'====== Args={'value': '10.0.19041', 'prev_value': None, 'change': True}
2021-03-18 18:04:47,860 : EventManager : Event: ======'machine_var_platform_machine'====== Args={'value': 'AMD64', 'prev_value': None, 'change': True}
2021-03-18 18:04:47,861 : EventManager : Event: ======'machine_var_mc_version'====== Args={'value': 'MPF-MC v0.54.0', 'prev_value': None, 'change': True}
2021-03-18 18:04:47,864 : EventManager : Event: ======'machine_var_mc_extended_version'====== Args={'value': 'MPF-MC v0.54.0 (config_version=5, BCP v1.1, Requires MPF v0.54.0)', 'prev_value': None, 'change': True}
2021-03-18 18:04:47,864 : EventManager : Event: ======'machine_var_master_volume'====== Args={'value': 0.5, 'prev_value': None, 'change': True}
2021-03-18 18:04:47,864 : EventManager : Event: ======'machine_var_audits_switches_s_start'====== Args={'value': 0, 'prev_value': None, 'change': True}
2021-03-18 18:04:47,865 : EventManager : Event: ======'machine_var_audits_switches_s_right_inlane'====== Args={'value': 0, 'prev_value': None, 'change': True}
2021-03-18 18:04:47,866 : EventManager : Event: ======'machine_var_audits_switches_s_left_flipper'====== Args={'value': 0, 'prev_value': None, 'change': True}
2021-03-18 18:04:47,867 : EventManager : Event: ======'machine_var_audits_switches_s_right_flipper'====== Args={'value': 0, 'prev_value': None, 'change': True}
2021-03-18 18:04:47,867 : EventManager : Event: ======'machine_var_audits_switches_s_left_slingshot'====== Args={'value': 0, 'prev_value': None, 'change': True}
2021-03-18 18:04:47,867 : EventManager : Event: ======'machine_var_audits_switches_s_right_slingshot'====== Args={'value': 0, 'prev_value': None, 'change': True}
2021-03-18 18:04:47,868 : EventManager : Event: ======'machine_var_audits_switches_s_drop_target'====== Args={'value': 0, 'prev_value': None, 'change': True}
2021-03-18 18:04:47,868 : EventManager : Event: ======'slides_play'====== Args={'settings': {'welcome_slide': {'target': None, 'background_color': [0.0, 0.0, 0.0, 1.0], 'priority': None, 'show': True, 'force': False, 'expire': None, 'slide': None, 'tokens': {}, 'action': 'play'}}, 'context': '_global', 'calling_context': 'init_done', 'priority': 0}
2021-03-18 18:04:47,868 : EventManager : Event: ======'mc_reset_phase_1'====== Args={}
2021-03-18 18:04:47,869 : mpfmc : SlidePlayer: Play called with settings={'welcome_slide': {'target': None, 'background_color': [0.0, 0.0, 0.0, 1.0], 'priority': None, 'show': True, 'force': False, 'expire': None, 'slide': None, 'tokens': {}, 'action': 'play'}}
2021-03-18 18:04:47,870 : EventManager : Event: ======'slide_welcome_slide_removed'====== Args={}
2021-03-18 18:04:47,875 : EventManager : Event: ======'slide_welcome_slide_created'====== Args={}
2021-03-18 18:04:47,876 : EventManager : Event: ======'mc_reset_phase_2'====== Args={}
2021-03-18 18:04:47,877 : EventManager : Event: ======'mc_reset_phase_3'====== Args={}
2021-03-18 18:04:47,877 : EventManager : Event: ======'mc_reset_complete'====== Args={}
2021-03-18 18:04:47,878 : EventManager : Event: ======'slide_welcome_slide_active'====== Args={}
2021-03-18 18:04:47,901 : EventManager : Event: ======'slides_play'====== Args={'settings': {'attract_started': {'target': None, 'background_color': [0.0, 0.0, 0.0, 1.0], 'priority': None, 'show': True, 'force': False, 'expire': None, 'slide': None, 'tokens': {}, 'action': 'play'}}, 'context': '_global', 'calling_context': 'mode_attract_started', 'priority': 0}
2021-03-18 18:04:47,902 : mpfmc : SlidePlayer: Play called with settings={'attract_started': {'target': None, 'background_color': [0.0, 0.0, 0.0, 1.0], 'priority': None, 'show': True, 'force': False, 'expire': None, 'slide': None, 'tokens': {}, 'action': 'play'}}
2021-03-18 18:04:47,907 : EventManager : Event: ======'slide_attract_started_created'====== Args={}
2021-03-18 18:04:47,909 : EventManager : Event: ======'slide_attract_started_active'====== Args={}
2021-03-18 18:05:17,586 : kivy : Base: Leaving application in progress...
2021-03-18 18:05:17,591 : mpfmc : Stopping...
2021-03-18 18:05:17,595 : EventManager : Event: ======'shutdown'====== Args={}
2021-03-18 18:05:17,742 : mpfmc : Loop rate 78.31 Hz
