2021-03-17 17:55:26,705 : INFO : root : Loading config.
2021-03-17 17:55:26,714 : INFO : YamlMultifileConfigLoader : Machine config file #1: config.yaml
2021-03-17 17:55:26,715 : INFO : ConfigProcessor : Loading config from cache: C:\Users\Noah\AppData\Local\Temp\1565ad5cc4a86baa475043faad25ebb6.mpf_cache
2021-03-17 17:55:26,925 : INFO : ConfigProcessor : Loading config from cache: C:\Users\Noah\AppData\Local\Temp\74774f186c18434d8d39d0d4b0a3afeb.mpf_cache
2021-03-17 17:55:26,927 : INFO : ConfigProcessor : Loading config from cache: C:\Users\Noah\AppData\Local\Temp\a7eac71e9da1e9cfd4db34c71351dbda.mpf_cache
2021-03-17 17:55:26,929 : INFO : Machine : Mission Pinball Framework Core Engine v0.54.6
2021-03-17 17:55:26,929 : INFO : Machine : Command line arguments: {'no_load_cache': False, 'create_config_cache': True, 'bcp': True, 'configfile': ['config.yaml'], 'force_assets_load': False, 'jsonlogging': False, 'logfile': 'logs\\2021-03-17-17-55-26-mpf-DESKTOP-VL0THH1.log', 'pause': False, 'production': False, 'text_ui': False, 'loglevel': 15, 'consoleloglevel': 20, 'force_platform': None, 'syslog_address': None, 'mc_file_name': None, 'no_sound': False}
2021-03-17 17:55:26,929 : INFO : Machine : MPF path: c:\users\noah\mpfenv\lib\site-packages\mpf
2021-03-17 17:55:26,930 : INFO : Machine : Machine path: C:\Users\Noah\work\Andy Cavatorta\thirtybirds_2_0\MPF\noahgame_02
2021-03-17 17:55:26,930 : INFO : Machine : Platform: win32
2021-03-17 17:55:26,930 : INFO : Machine : Python executable location: c:\users\noah\mpfenv\scripts\python.exe
2021-03-17 17:55:26,930 : INFO : Machine : Python version: 3.7.9 (64-bit)
2021-03-17 17:55:26,936 : INFO : Machine : Initialise MPF.
2021-03-17 17:55:27,121 : INFO : P-Roc : Connecting to P-ROC
2021-03-17 17:55:27,528 : INFO : P-Roc : Successfully connected to P-ROC/P3-ROC. Firmware Version: 2. Firmware Revision: 6. Hardware Board ID: 1
2021-03-17 17:55:27,528 : WARNING : P-Roc : Consider upgrading the firmware of your P/P3-Roc to at least 2.14. Your version contains known bugs.
2021-03-17 17:55:27,601 : INFO : EventManager : Event: ======'machine_var_p_roc_version'====== Args={'value': 2, 'prev_value': None, 'change': True}
2021-03-17 17:55:27,602 : INFO : EventManager : Event: ======'machine_var_p_roc_revision'====== Args={'value': 6, 'prev_value': None, 'change': True}
2021-03-17 17:55:27,602 : INFO : EventManager : Event: ======'machine_var_p_roc_hardware_version'====== Args={'value': 1, 'prev_value': None, 'change': True}
2021-03-17 17:55:27,602 : INFO : EventManager : Event: ======'machine_var_credits_string'====== Args={'value': 'FREE PLAY', 'prev_value': None, 'change': True}
2021-03-17 17:55:27,719 : INFO : EventManager : Event: ======'machine_var_mpf_version'====== Args={'value': 'MPF v0.54.6', 'prev_value': None, 'change': True}
2021-03-17 17:55:27,720 : INFO : EventManager : Event: ======'machine_var_mpf_extended_version'====== Args={'value': 'MPF v0.54.6, Config version:5, Show version: 5, BCP version:1.1', 'prev_value': None, 'change': True}
2021-03-17 17:55:27,720 : INFO : EventManager : Event: ======'machine_var_python_version'====== Args={'value': '3.7.9', 'prev_value': None, 'change': True}
2021-03-17 17:55:27,720 : INFO : EventManager : Event: ======'machine_var_platform'====== Args={'value': 'Windows-10-10.0.19041-SP0', 'prev_value': None, 'change': True}
2021-03-17 17:55:27,721 : INFO : EventManager : Event: ======'machine_var_platform_system'====== Args={'value': 'Windows', 'prev_value': None, 'change': True}
2021-03-17 17:55:27,721 : INFO : EventManager : Event: ======'machine_var_platform_release'====== Args={'value': '10', 'prev_value': None, 'change': True}
2021-03-17 17:55:27,721 : INFO : EventManager : Event: ======'machine_var_platform_version'====== Args={'value': '10.0.19041', 'prev_value': None, 'change': True}
2021-03-17 17:55:27,721 : INFO : EventManager : Event: ======'machine_var_platform_machine'====== Args={'value': 'AMD64', 'prev_value': None, 'change': True}
2021-03-17 17:55:27,721 : INFO : EventManager : Event: ======'init_phase_1'====== Args={}
2021-03-17 17:55:27,758 : INFO : EventManager : Event: ======'init_phase_2'====== Args={}
2021-03-17 17:55:27,783 : INFO : EventManager : Event: ======'bcp_connection_attempt'====== Args={'name': 'local_display', 'host': 'localhost', 'port': 5050}
2021-03-17 17:55:27,786 : INFO : BCPClientSocket : Connecting BCP to 'local_display' at localhost:5050...
2021-03-17 17:55:29,805 : INFO : BCPClientSocket : Connected BCP to 'local_display' localhost:5050
2021-03-17 17:55:29,806 : INFO : EventManager : Event: ======'bcp_clients_connected'====== Args={}
2021-03-17 17:55:29,816 : INFO : EventManager : Event: ======'init_phase_3'====== Args={}
2021-03-17 17:55:29,820 : INFO : EventManager : Event: ======'machine_var_mc_version'====== Args={'value': 'MPF-MC v0.54.0', 'prev_value': None, 'change': True}
2021-03-17 17:55:29,820 : INFO : EventManager : Event: ======'machine_var_mc_extended_version'====== Args={'value': 'MPF-MC v0.54.0 (config_version=5, BCP v1.1, Requires MPF v0.54.0)', 'prev_value': None, 'change': True}
2021-03-17 17:55:29,823 : INFO : EventManager : Event: ======'machine_var_master_volume'====== Args={'value': 0.5, 'prev_value': None, 'change': True}
2021-03-17 17:55:29,824 : INFO : EventManager : Event: ======'init_phase_4'====== Args={}
2021-03-17 17:55:29,825 : INFO : EventManager : Event: ======'machine_var_audits_switches_s_left_slingshot'====== Args={'value': 0, 'prev_value': None, 'change': True}
2021-03-17 17:55:29,826 : INFO : EventManager : Event: ======'machine_var_audits_switches_s_right_slignshot'====== Args={'value': 0, 'prev_value': None, 'change': True}
2021-03-17 17:55:29,826 : INFO : EventManager : Event: ======'machine_var_audits_switches_s_left_flipper'====== Args={'value': 0, 'prev_value': None, 'change': True}
2021-03-17 17:55:29,827 : INFO : EventManager : Event: ======'machine_var_audits_switches_s_right_flipper'====== Args={'value': 0, 'prev_value': None, 'change': True}
2021-03-17 17:55:29,828 : INFO : EventManager : Event: ======'init_phase_5'====== Args={}
2021-03-17 17:55:29,829 : INFO : EventManager : Event: ======'init_done'====== Args={}
2021-03-17 17:55:29,830 : INFO : EventManager : Event: ======'machine_reset_phase_1'====== Args={}
2021-03-17 17:55:29,855 : INFO : EventManager : Event: ======'machine_reset_phase_2'====== Args={}
2021-03-17 17:55:29,856 : INFO : EventManager : Event: ======'machine_reset_phase_3'====== Args={}
2021-03-17 17:55:29,860 : INFO : EventManager : Event: ======'reset_complete'====== Args={}
2021-03-17 17:55:29,860 : INFO : EventManager : Event: ======'mode_attract_will_start'====== Args={}
2021-03-17 17:55:29,862 : INFO : EventManager : Event: ======'mode_attract_starting'====== Args={}
2021-03-17 17:55:29,862 : INFO : Mode.attract : Started. Priority: 10
2021-03-17 17:55:29,862 : INFO : EventManager : Event: ======'modes_active_modes_changed'====== Args={}
2021-03-17 17:55:29,862 : INFO : EventManager : Event: ======'mode_attract_started'====== Args={}
2021-03-17 17:55:29,862 : INFO : EventManager : Event: ======'collecting_balls_complete'====== Args={}
2021-03-17 17:55:29,863 : INFO : Machine : Starting the main run loop.
2021-03-17 17:55:31,033 : INFO : SwitchController : <<<<<<< 's_right_flipper' active >>>>>>>
2021-03-17 17:55:31,388 : INFO : SwitchController : <<<<<<< 's_right_flipper' inactive >>>>>>>
2021-03-17 17:55:31,989 : INFO : SwitchController : <<<<<<< 's_left_flipper' active >>>>>>>
2021-03-17 17:55:32,087 : INFO : SwitchController : <<<<<<< 's_left_flipper' inactive >>>>>>>
2021-03-17 17:55:32,355 : INFO : SwitchController : <<<<<<< 's_left_flipper' active >>>>>>>
2021-03-17 17:55:32,442 : INFO : SwitchController : <<<<<<< 's_left_flipper' inactive >>>>>>>
2021-03-17 17:55:32,744 : INFO : SwitchController : <<<<<<< 's_left_flipper' active >>>>>>>
2021-03-17 17:55:32,798 : INFO : SwitchController : <<<<<<< 's_left_flipper' inactive >>>>>>>
2021-03-17 17:55:33,463 : INFO : SwitchController : <<<<<<< 's_right_flipper' active >>>>>>>
2021-03-17 17:55:33,518 : INFO : SwitchController : <<<<<<< 's_right_flipper' inactive >>>>>>>
2021-03-17 17:55:33,851 : INFO : SwitchController : <<<<<<< 's_right_flipper' active >>>>>>>
2021-03-17 17:55:33,885 : INFO : SwitchController : <<<<<<< 's_right_flipper' inactive >>>>>>>
2021-03-17 17:55:36,630 : INFO : SwitchController : <<<<<<< 's_right_flipper' active >>>>>>>
2021-03-17 17:55:36,695 : INFO : SwitchController : <<<<<<< 's_right_flipper' inactive >>>>>>>
2021-03-17 17:55:36,952 : INFO : SwitchController : <<<<<<< 's_right_flipper' active >>>>>>>
2021-03-17 17:55:37,018 : INFO : SwitchController : <<<<<<< 's_right_flipper' inactive >>>>>>>
2021-03-17 17:55:37,255 : INFO : SwitchController : <<<<<<< 's_right_flipper' active >>>>>>>
2021-03-17 17:55:37,321 : INFO : SwitchController : <<<<<<< 's_right_flipper' inactive >>>>>>>
2021-03-17 17:55:37,536 : INFO : SwitchController : <<<<<<< 's_right_flipper' active >>>>>>>
2021-03-17 17:55:37,591 : INFO : SwitchController : <<<<<<< 's_right_flipper' inactive >>>>>>>
2021-03-17 17:55:37,872 : INFO : SwitchController : <<<<<<< 's_right_flipper' active >>>>>>>
2021-03-17 17:55:37,919 : INFO : SwitchController : <<<<<<< 's_right_flipper' inactive >>>>>>>
2021-03-17 17:55:42,476 : INFO : Machine : Shutting down...
2021-03-17 17:55:42,476 : INFO : EventManager : Event: ======'shutdown'====== Args={}
2021-03-17 17:55:42,480 : INFO : root : MPF run loop ended.
