2021-03-19 14:07:44,423 : INFO : root : Loading config.
2021-03-19 14:07:44,431 : INFO : YamlMultifileConfigLoader : Machine config file #1: config.yaml
2021-03-19 14:07:44,432 : WARNING : ConfigProcessor : Config file in cache changed: C:\Users\Noah\work\Andy Cavatorta\pinball\notes\MPF\noahgame_02\config\config.yaml
2021-03-19 14:07:44,433 : INFO : ConfigProcessor : Loading config from file c:\users\noah\mpfenv\lib\site-packages\mpf\mpfconfig.yaml.
2021-03-19 14:07:44,542 : INFO : ConfigProcessor : Loading config: c:\users\noah\mpfenv\lib\site-packages\mpf\mpfconfig.yaml
2021-03-19 14:07:44,543 : INFO : ConfigProcessor : Loading config from file C:\Users\Noah\work\Andy Cavatorta\pinball\notes\MPF\noahgame_02\config\config.yaml.
2021-03-19 14:07:44,577 : INFO : ConfigProcessor : Loading config: C:\Users\Noah\work\Andy Cavatorta\pinball\notes\MPF\noahgame_02\config\config.yaml
2021-03-19 14:07:44,579 : INFO : ConfigProcessor : Config file cache created: C:\Users\Noah\AppData\Local\Temp\d1f6a309ab2e3c3e66b0fef93f7a960f.mpf_cache
2021-03-19 14:07:44,704 : INFO : ConfigProcessor : Loading config from cache: C:\Users\Noah\AppData\Local\Temp\98acf0898e619a6798c45a0e5cbb339b.mpf_cache
2021-03-19 14:07:44,705 : INFO : ConfigProcessor : Loading config from cache: C:\Users\Noah\AppData\Local\Temp\a7eac71e9da1e9cfd4db34c71351dbda.mpf_cache
2021-03-19 14:07:44,706 : INFO : ConfigProcessor : Loading config from cache: C:\Users\Noah\AppData\Local\Temp\c6adbc38c235400b65ae43d7099eba05.mpf_cache
2021-03-19 14:07:44,707 : INFO : ConfigProcessor : Loading config from cache: C:\Users\Noah\AppData\Local\Temp\9689abd61e57da3f8bc074c7a88f2b77.mpf_cache
2021-03-19 14:07:44,708 : INFO : ConfigProcessor : Loading config from cache: C:\Users\Noah\AppData\Local\Temp\06881332f8a9c1e11264544d2c255f98.mpf_cache
2021-03-19 14:07:44,708 : INFO : Machine : Mission Pinball Framework Core Engine v0.54.6
2021-03-19 14:07:44,709 : INFO : Machine : Command line arguments: {'no_load_cache': False, 'create_config_cache': True, 'bcp': True, 'configfile': ['config.yaml'], 'force_assets_load': False, 'jsonlogging': False, 'logfile': 'logs\\2021-03-19-14-07-44-mpf-DESKTOP-VL0THH1.log', 'pause': False, 'production': False, 'text_ui': False, 'loglevel': 15, 'consoleloglevel': 20, 'force_platform': None, 'syslog_address': None, 'mc_file_name': None, 'no_sound': False}
2021-03-19 14:07:44,709 : INFO : Machine : MPF path: c:\users\noah\mpfenv\lib\site-packages\mpf
2021-03-19 14:07:44,709 : INFO : Machine : Machine path: C:\Users\Noah\work\Andy Cavatorta\pinball\notes\MPF\noahgame_02
2021-03-19 14:07:44,709 : INFO : Machine : Platform: win32
2021-03-19 14:07:44,709 : INFO : Machine : Python executable location: c:\users\noah\mpfenv\scripts\python.exe
2021-03-19 14:07:44,709 : INFO : Machine : Python version: 3.7.9 (64-bit)
2021-03-19 14:07:44,712 : INFO : Machine : Initialise MPF.
2021-03-19 14:07:44,827 : INFO : P-Roc : Connecting to P-ROC
2021-03-19 14:07:45,040 : INFO : P-Roc : Successfully connected to P-ROC/P3-ROC. Firmware Version: 2. Firmware Revision: 6. Hardware Board ID: 1
2021-03-19 14:07:45,040 : WARNING : P-Roc : Consider upgrading the firmware of your P/P3-Roc to at least 2.14. Your version contains known bugs.
2021-03-19 14:07:45,114 : INFO : EventManager : Event: ======'machine_var_p_roc_version'====== Args={'value': 2, 'prev_value': None, 'change': True}
2021-03-19 14:07:45,114 : INFO : EventManager : Event: ======'machine_var_p_roc_revision'====== Args={'value': 6, 'prev_value': None, 'change': True}
2021-03-19 14:07:45,114 : INFO : EventManager : Event: ======'machine_var_p_roc_hardware_version'====== Args={'value': 1, 'prev_value': None, 'change': True}
2021-03-19 14:07:45,115 : INFO : EventManager : Event: ======'machine_var_credits_string'====== Args={'value': 'FREE PLAY', 'prev_value': None, 'change': True}
2021-03-19 14:07:45,196 : INFO : EventManager : Event: ======'machine_var_mpf_version'====== Args={'value': 'MPF v0.54.6', 'prev_value': None, 'change': True}
2021-03-19 14:07:45,196 : INFO : EventManager : Event: ======'machine_var_mpf_extended_version'====== Args={'value': 'MPF v0.54.6, Config version:5, Show version: 5, BCP version:1.1', 'prev_value': None, 'change': True}
2021-03-19 14:07:45,196 : INFO : EventManager : Event: ======'machine_var_python_version'====== Args={'value': '3.7.9', 'prev_value': None, 'change': True}
2021-03-19 14:07:45,197 : INFO : EventManager : Event: ======'machine_var_platform'====== Args={'value': 'Windows-10-10.0.19041-SP0', 'prev_value': None, 'change': True}
2021-03-19 14:07:45,198 : INFO : EventManager : Event: ======'machine_var_platform_system'====== Args={'value': 'Windows', 'prev_value': None, 'change': True}
2021-03-19 14:07:45,198 : INFO : EventManager : Event: ======'machine_var_platform_release'====== Args={'value': '10', 'prev_value': None, 'change': True}
2021-03-19 14:07:45,198 : INFO : EventManager : Event: ======'machine_var_platform_version'====== Args={'value': '10.0.19041', 'prev_value': None, 'change': True}
2021-03-19 14:07:45,199 : INFO : EventManager : Event: ======'machine_var_platform_machine'====== Args={'value': 'AMD64', 'prev_value': None, 'change': True}
2021-03-19 14:07:45,199 : INFO : EventManager : Event: ======'init_phase_1'====== Args={}
2021-03-19 14:07:45,236 : INFO : EventManager : Event: ======'drop_target_bank_noah_up'====== Args={}
2021-03-19 14:07:45,240 : INFO : EventManager : Event: ======'init_phase_2'====== Args={}
2021-03-19 14:07:45,264 : INFO : SwitchController : Found active switch: (6, <Platform.P3-ROC>) <switch.s_right_inlane>
2021-03-19 14:07:45,264 : INFO : SwitchController : Found active switch: (15, <Platform.P3-ROC>) <switch.s_trough1>
2021-03-19 14:07:45,271 : INFO : EventManager : Event: ======'bcp_connection_attempt'====== Args={'name': 'local_display', 'host': 'localhost', 'port': 5050}
2021-03-19 14:07:45,273 : INFO : BCPClientSocket : Connecting BCP to 'local_display' at localhost:5050...
2021-03-19 14:07:47,286 : INFO : BCPClientSocket : Connected BCP to 'local_display' localhost:5050
2021-03-19 14:07:47,287 : INFO : EventManager : Event: ======'bcp_clients_connected'====== Args={}
2021-03-19 14:07:47,288 : INFO : ball_device.bd_trough : State: idle
2021-03-19 14:07:47,309 : INFO : EventManager : Event: ======'init_phase_3'====== Args={}
2021-03-19 14:07:47,317 : INFO : EventManager : Event: ======'machine_var_mc_version'====== Args={'value': 'MPF-MC v0.54.0', 'prev_value': None, 'change': True}
2021-03-19 14:07:47,317 : INFO : EventManager : Event: ======'machine_var_mc_extended_version'====== Args={'value': 'MPF-MC v0.54.0 (config_version=5, BCP v1.1, Requires MPF v0.54.0)', 'prev_value': None, 'change': True}
2021-03-19 14:07:47,319 : INFO : EventManager : Event: ======'machine_var_master_volume'====== Args={'value': 0.5, 'prev_value': None, 'change': True}
2021-03-19 14:07:47,319 : INFO : EventManager : Event: ======'init_phase_4'====== Args={}
2021-03-19 14:07:47,320 : INFO : BallController : Initial balls found: 1
2021-03-19 14:07:47,321 : INFO : EventManager : Event: ======'machine_var_audits_switches_s_drop_target'====== Args={'value': 107, 'prev_value': None, 'change': True}
2021-03-19 14:07:47,322 : INFO : EventManager : Event: ======'machine_var_audits_switches_s_left_flipper'====== Args={'value': 20, 'prev_value': None, 'change': True}
2021-03-19 14:07:47,322 : INFO : EventManager : Event: ======'machine_var_audits_switches_s_left_slingshot'====== Args={'value': 9, 'prev_value': None, 'change': True}
2021-03-19 14:07:47,322 : INFO : EventManager : Event: ======'machine_var_audits_switches_s_right_flipper'====== Args={'value': 31, 'prev_value': None, 'change': True}
2021-03-19 14:07:47,323 : INFO : EventManager : Event: ======'machine_var_audits_switches_s_right_inlane'====== Args={'value': 9, 'prev_value': None, 'change': True}
2021-03-19 14:07:47,323 : INFO : EventManager : Event: ======'machine_var_audits_switches_s_right_slingshot'====== Args={'value': 31, 'prev_value': None, 'change': True}
2021-03-19 14:07:47,324 : INFO : EventManager : Event: ======'machine_var_audits_switches_s_start'====== Args={'value': 12, 'prev_value': None, 'change': True}
2021-03-19 14:07:47,324 : INFO : EventManager : Event: ======'machine_var_audits_switches_s_trough1'====== Args={'value': 6, 'prev_value': None, 'change': True}
2021-03-19 14:07:47,325 : INFO : EventManager : Event: ======'init_phase_5'====== Args={}
2021-03-19 14:07:47,325 : INFO : EventManager : Event: ======'init_done'====== Args={}
2021-03-19 14:07:47,326 : INFO : EventManager : Event: ======'machine_reset_phase_1'====== Args={}
2021-03-19 14:07:47,341 : INFO : EventManager : Event: ======'slide_welcome_slide_removed'====== Args={'_from_bcp': True}
2021-03-19 14:07:47,347 : INFO : EventManager : Event: ======'slide_welcome_slide_created'====== Args={'_from_bcp': True}
2021-03-19 14:07:47,349 : INFO : EventManager : Event: ======'machine_reset_phase_2'====== Args={}
2021-03-19 14:07:47,350 : INFO : EventManager : Event: ======'machine_reset_phase_3'====== Args={}
2021-03-19 14:07:47,350 : INFO : drop_target_bank.noah : All targets are already up. Will not reset bank.
2021-03-19 14:07:47,359 : INFO : EventManager : Event: ======'reset_complete'====== Args={}
2021-03-19 14:07:47,359 : INFO : EventManager : Event: ======'slide_welcome_slide_active'====== Args={'_from_bcp': True}
2021-03-19 14:07:47,359 : INFO : EventManager : Event: ======'mode_attract_will_start'====== Args={}
2021-03-19 14:07:47,361 : INFO : EventManager : Event: ======'mode_attract_starting'====== Args={}
2021-03-19 14:07:47,361 : INFO : Mode.attract : Started. Priority: 10
2021-03-19 14:07:47,361 : INFO : EventManager : Event: ======'modes_active_modes_changed'====== Args={}
2021-03-19 14:07:47,361 : INFO : EventManager : Event: ======'mode_attract_started'====== Args={}
2021-03-19 14:07:47,364 : INFO : EventManager : Event: ======'collecting_balls_complete'====== Args={}
2021-03-19 14:07:47,365 : INFO : Machine : Starting the main run loop.
2021-03-19 14:07:47,376 : INFO : EventManager : Event: ======'slide_awesome_slide_created'====== Args={'_from_bcp': True}
2021-03-19 14:07:47,378 : INFO : EventManager : Event: ======'slide_awesome_slide_active'====== Args={'_from_bcp': True}
2021-03-19 14:07:50,321 : INFO : SwitchController : <<<<<<< 's_start' active >>>>>>>
2021-03-19 14:07:50,390 : INFO : EventManager : Event: ======'slide_press_start_created'====== Args={'_from_bcp': True}
2021-03-19 14:07:50,392 : INFO : EventManager : Event: ======'slide_press_start_active'====== Args={'_from_bcp': True}
2021-03-19 14:07:50,407 : INFO : SwitchController : <<<<<<< 's_start' inactive >>>>>>>
2021-03-19 14:07:50,408 : INFO : EventManager : Event: ======'request_to_start_game'====== Args={}
2021-03-19 14:07:50,408 : INFO : EventManager : Event: ======'game_start'====== Args={'buttons': [], 'hold_time': 0.07799999999406282}
2021-03-19 14:07:50,408 : INFO : EventManager : Event: ======'mode_game_will_start'====== Args={'buttons': [], 'hold_time': 0.07799999999406282}
2021-03-19 14:07:50,409 : INFO : EventManager : Event: ======'mode_game_starting'====== Args={'buttons': [], 'hold_time': 0.07799999999406282}
2021-03-19 14:07:50,409 : INFO : EventManager : Event: ======'mode_attract_will_stop'====== Args={}
2021-03-19 14:07:50,409 : INFO : EventManager : Event: ======'mode_attract_stopping'====== Args={}
2021-03-19 14:07:50,409 : INFO : Mode.attract : Stopped.
2021-03-19 14:07:50,409 : INFO : EventManager : Event: ======'modes_active_modes_changed'====== Args={}
2021-03-19 14:07:50,410 : INFO : EventManager : Event: ======'mode_attract_stopped'====== Args={}
2021-03-19 14:07:50,411 : INFO : EventManager : Event: ======'clear'====== Args={'key': 'attract'}
2021-03-19 14:07:50,411 : INFO : Mode.game : Started. Priority: 20
2021-03-19 14:07:50,411 : INFO : EventManager : Event: ======'modes_active_modes_changed'====== Args={}
2021-03-19 14:07:50,411 : INFO : EventManager : Event: ======'mode_game_started'====== Args={'buttons': [], 'hold_time': 0.07799999999406282}
2021-03-19 14:07:50,412 : INFO : EventManager : Event: ======'game_will_start'====== Args={}
2021-03-19 14:07:50,414 : INFO : EventManager : Event: ======'game_starting'====== Args={'game': <Mode.game>}
2021-03-19 14:07:50,414 : INFO : EventManager : Event: ======'player_add_request'====== Args={}
2021-03-19 14:07:50,414 : INFO : EventManager : Event: ======'player_will_add'====== Args={'number': 1}
2021-03-19 14:07:50,414 : INFO : EventManager : Event: ======'player_adding'====== Args={'player': <Player 1>, 'number': 1}
2021-03-19 14:07:50,415 : INFO : EventManager : Event: ======'player_added'====== Args={'player': <Player 1>, 'num': 1}
2021-03-19 14:07:50,415 : INFO : Mode.game : Player added successfully. Total players: 1
2021-03-19 14:07:50,415 : INFO : EventManager : Event: ======'player_index'====== Args={'value': 0, 'prev_value': 0, 'change': 0, 'player_num': 1}
2021-03-19 14:07:50,416 : INFO : EventManager : Event: ======'player_number'====== Args={'value': 1, 'prev_value': 1, 'change': 0, 'player_num': 1}
2021-03-19 14:07:50,416 : INFO : EventManager : Event: ======'player_score'====== Args={'value': 0, 'prev_value': 0, 'change': 0, 'player_num': 1}
2021-03-19 14:07:50,417 : INFO : EventManager : Event: ======'game_started'====== Args={}
2021-03-19 14:07:50,417 : INFO : EventManager : Event: ======'slide_awesome_slide_removed'====== Args={'_from_bcp': True}
2021-03-19 14:07:50,417 : INFO : EventManager : Event: ======'player_turn_will_start'====== Args={'player': <Player 1>, 'number': 1}
2021-03-19 14:07:50,417 : INFO : EventManager : Event: ======'slide_press_start_removed'====== Args={'_from_bcp': True}
2021-03-19 14:07:50,417 : INFO : EventManager : Event: ======'player_turn_starting'====== Args={'player': <Player 1>, 'number': 1}
2021-03-19 14:07:50,418 : INFO : EventManager : Event: ======'player_ball'====== Args={'value': 1, 'prev_value': 0, 'change': 1, 'player_num': 1}
2021-03-19 14:07:50,418 : INFO : EventManager : Event: ======'player_turn_started'====== Args={'player': <Player 1>, 'number': 1}
2021-03-19 14:07:50,419 : INFO : EventManager : Event: ======'ball_will_start'====== Args={'player': 1, 'ball': 1, 'balls_remaining': 2, 'is_extra_ball': False}
2021-03-19 14:07:50,420 : INFO : EventManager : Event: ======'slide_welcome_slide_active'====== Args={'_from_bcp': True}
2021-03-19 14:07:50,421 : INFO : EventManager : Event: ======'ball_starting'====== Args={'player': 1, 'ball': 1, 'balls_remaining': 2, 'is_extra_ball': False}
2021-03-19 14:07:50,422 : INFO : EventManager : Event: ======'balls_in_play'====== Args={'balls': 1}
2021-03-19 14:07:50,422 : INFO : EventManager : Event: ======'ball_started'====== Args={'player': 1, 'ball': 1, 'balls_remaining': 2, 'is_extra_ball': False}
2021-03-19 14:07:50,423 : INFO : EventManager : Event: ======'mode_base_will_start'====== Args={'player': 1, 'ball': 1, 'balls_remaining': 2, 'is_extra_ball': False}
2021-03-19 14:07:50,424 : INFO : EventManager : Event: ======'mode_base_starting'====== Args={'player': 1, 'ball': 1, 'balls_remaining': 2, 'is_extra_ball': False}
2021-03-19 14:07:50,424 : INFO : drop_target_bank.noah : All targets are already up. Will not reset bank.
2021-03-19 14:07:50,424 : INFO : Mode.base : Started. Priority: 100
2021-03-19 14:07:50,425 : INFO : EventManager : Event: ======'modes_active_modes_changed'====== Args={}
2021-03-19 14:07:50,425 : INFO : EventManager : Event: ======'mode_base_started'====== Args={'player': 1, 'ball': 1, 'balls_remaining': 2, 'is_extra_ball': False}
2021-03-19 14:07:50,425 : INFO : EventManager : Event: ======'single_player_ball_started'====== Args={}
2021-03-19 14:07:50,425 : INFO : ball_device.bd_trough : Setting up player-controlled eject. Balls: 1, Target: <playfield.playfield>, player_controlled_eject_event: None
2021-03-19 14:07:50,426 : INFO : ball_device.bd_trough : Adding 1 ball(s) to the eject_queue with target <playfield.playfield>.
2021-03-19 14:07:50,426 : INFO : EventManager : Event: ======'balldevice_balls_available'====== Args={}
2021-03-19 14:07:50,429 : INFO : ball_device.bd_trough : State: waiting_for_target_ready
2021-03-19 14:07:50,430 : INFO : EventManager : Event: ======'balldevice_bd_trough_ball_eject_attempt'====== Args={'balls': 1, 'target': <playfield.playfield>, 'source': <ball_device.bd_trough>, 'mechanical_eject': False, 'num_attempts': 0}
2021-03-19 14:07:50,430 : INFO : ball_device.bd_trough : State: ejecting
2021-03-19 14:07:50,431 : INFO : ball_device.bd_trough : Ejecting ball to <playfield.playfield>
2021-03-19 14:07:50,431 : INFO : EventManager : Event: ======'balldevice_bd_trough_ejecting_ball'====== Args={'balls': 1, 'target': <playfield.playfield>, 'source': <ball_device.bd_trough>, 'mechanical_eject': False, 'num_attempts': 0}
2021-03-19 14:07:50,433 : INFO : ball_device.bd_trough : Wait for ball to leave device
2021-03-19 14:07:50,433 : INFO : coil.c_trough_eject : Pulsing Driver for 10ms (1.0 pulse_power)
2021-03-19 14:07:50,451 : INFO : EventManager : Event: ======'slide_base.slide_player-mode_base_started_created'====== Args={'_from_bcp': True}
2021-03-19 14:07:50,454 : INFO : EventManager : Event: ======'slide_base.slide_player-mode_base_started_active'====== Args={'_from_bcp': True}
2021-03-19 14:07:50,994 : INFO : SwitchController : <<<<<<< 's_drop_target' active >>>>>>>
2021-03-19 14:07:50,995 : INFO : EventManager : Event: ======'playfield_active'====== Args={}
2021-03-19 14:07:50,995 : INFO : EventManager : Event: ======'drop_target_d_drop_target_down'====== Args={'device': <drop_target.d_drop_target>}
2021-03-19 14:07:50,995 : INFO : EventManager : Event: ======'drop_target_bank_noah_down'====== Args={}
2021-03-19 14:07:50,995 : INFO : EventManager : Event: ======'machine_var_audits_switches_s_drop_target'====== Args={'value': 108, 'prev_value': 107, 'change': 1}
2021-03-19 14:07:51,416 : INFO : drop_target_bank.noah : 1 targets are down. Will reset those.
2021-03-19 14:07:51,416 : INFO : coil.c_reset_drop_target : Pulsing Driver for 25ms (1.0 pulse_power)
2021-03-19 14:07:51,438 : INFO : SwitchController : <<<<<<< 's_drop_target' inactive >>>>>>>
2021-03-19 14:07:51,910 : INFO : EventManager : Event: ======'drop_target_d_drop_target_up'====== Args={'device': <drop_target.d_drop_target>}
2021-03-19 14:07:51,910 : INFO : EventManager : Event: ======'restore'====== Args={}
2021-03-19 14:07:51,910 : INFO : EventManager : Event: ======'drop_target_bank_noah_up'====== Args={}
2021-03-19 14:07:51,996 : INFO : drop_target_bank.noah : All targets are already up. Will not reset bank.
2021-03-19 14:07:52,419 : INFO : drop_target_bank.noah : All targets are already up. Will not reset bank.
2021-03-19 14:07:52,728 : INFO : SwitchController : <<<<<<< 's_drop_target' active >>>>>>>
2021-03-19 14:07:52,729 : INFO : EventManager : Event: ======'playfield_active'====== Args={}
2021-03-19 14:07:52,729 : INFO : EventManager : Event: ======'drop_target_d_drop_target_down'====== Args={'device': <drop_target.d_drop_target>}
2021-03-19 14:07:52,729 : INFO : EventManager : Event: ======'drop_target_bank_noah_down'====== Args={}
2021-03-19 14:07:52,729 : INFO : EventManager : Event: ======'machine_var_audits_switches_s_drop_target'====== Args={'value': 109, 'prev_value': 108, 'change': 1}
2021-03-19 14:07:53,718 : INFO : drop_target_bank.noah : 1 targets are down. Will reset those.
2021-03-19 14:07:53,718 : INFO : coil.c_reset_drop_target : Pulsing Driver for 25ms (1.0 pulse_power)
2021-03-19 14:07:53,750 : INFO : SwitchController : <<<<<<< 's_drop_target' inactive >>>>>>>
2021-03-19 14:07:54,217 : INFO : EventManager : Event: ======'restore'====== Args={}
2021-03-19 14:07:54,217 : INFO : EventManager : Event: ======'drop_target_bank_noah_down'====== Args={}
2021-03-19 14:07:54,217 : INFO : EventManager : Event: ======'drop_target_d_drop_target_up'====== Args={'device': <drop_target.d_drop_target>}
2021-03-19 14:07:54,217 : INFO : EventManager : Event: ======'drop_target_bank_noah_up'====== Args={}
2021-03-19 14:07:55,209 : INFO : drop_target_bank.noah : All targets are already up. Will not reset bank.
2021-03-19 14:08:00,416 : INFO : EventManager : Event: ======'balldevice_bd_trough_ball_eject_failed'====== Args={'target': <playfield.playfield>, 'balls': 1, 'retry': True, 'num_attempts': 1}
2021-03-19 14:08:00,417 : INFO : ball_device.bd_trough : State: waiting_for_target_ready
2021-03-19 14:08:00,417 : INFO : EventManager : Event: ======'balldevice_bd_trough_ball_eject_attempt'====== Args={'balls': 1, 'target': <playfield.playfield>, 'source': <ball_device.bd_trough>, 'mechanical_eject': False, 'num_attempts': 1}
2021-03-19 14:08:00,417 : INFO : ball_device.bd_trough : State: ejecting
2021-03-19 14:08:00,417 : INFO : ball_device.bd_trough : Ejecting ball to <playfield.playfield>
2021-03-19 14:08:00,417 : INFO : EventManager : Event: ======'balldevice_bd_trough_ejecting_ball'====== Args={'balls': 1, 'target': <playfield.playfield>, 'source': <ball_device.bd_trough>, 'mechanical_eject': False, 'num_attempts': 1}
2021-03-19 14:08:00,418 : INFO : ball_device.bd_trough : Wait for ball to leave device
2021-03-19 14:08:00,418 : INFO : coil.c_trough_eject : Pulsing Driver for 10ms (1.0 pulse_power)
2021-03-19 14:08:01,483 : INFO : SwitchController : <<<<<<< 's_drop_target' active >>>>>>>
2021-03-19 14:08:01,483 : INFO : EventManager : Event: ======'playfield_active'====== Args={}
2021-03-19 14:08:01,484 : INFO : EventManager : Event: ======'drop_target_d_drop_target_down'====== Args={'device': <drop_target.d_drop_target>}
2021-03-19 14:08:01,484 : INFO : EventManager : Event: ======'drop_target_bank_noah_down'====== Args={}
2021-03-19 14:08:01,484 : INFO : EventManager : Event: ======'machine_var_audits_switches_s_drop_target'====== Args={'value': 110, 'prev_value': 109, 'change': 1}
2021-03-19 14:08:02,461 : INFO : drop_target_bank.noah : 1 targets are down. Will reset those.
2021-03-19 14:08:02,461 : INFO : coil.c_reset_drop_target : Pulsing Driver for 25ms (1.0 pulse_power)
2021-03-19 14:08:02,495 : INFO : SwitchController : <<<<<<< 's_drop_target' inactive >>>>>>>
2021-03-19 14:08:02,960 : INFO : EventManager : Event: ======'restore'====== Args={}
2021-03-19 14:08:02,960 : INFO : EventManager : Event: ======'drop_target_bank_noah_down'====== Args={}
2021-03-19 14:08:02,960 : INFO : EventManager : Event: ======'drop_target_d_drop_target_up'====== Args={'device': <drop_target.d_drop_target>}
2021-03-19 14:08:02,960 : INFO : EventManager : Event: ======'drop_target_bank_noah_up'====== Args={}
2021-03-19 14:08:03,960 : INFO : drop_target_bank.noah : All targets are already up. Will not reset bank.
2021-03-19 14:08:10,414 : INFO : EventManager : Event: ======'balldevice_bd_trough_ball_eject_failed'====== Args={'target': <playfield.playfield>, 'balls': 1, 'retry': True, 'num_attempts': 2}
2021-03-19 14:08:10,415 : INFO : ball_device.bd_trough : State: waiting_for_target_ready
2021-03-19 14:08:10,415 : INFO : EventManager : Event: ======'balldevice_bd_trough_ball_eject_attempt'====== Args={'balls': 1, 'target': <playfield.playfield>, 'source': <ball_device.bd_trough>, 'mechanical_eject': False, 'num_attempts': 2}
2021-03-19 14:08:10,416 : INFO : ball_device.bd_trough : State: ejecting
2021-03-19 14:08:10,416 : INFO : ball_device.bd_trough : Ejecting ball to <playfield.playfield>
2021-03-19 14:08:10,416 : INFO : EventManager : Event: ======'balldevice_bd_trough_ejecting_ball'====== Args={'balls': 1, 'target': <playfield.playfield>, 'source': <ball_device.bd_trough>, 'mechanical_eject': False, 'num_attempts': 2}
2021-03-19 14:08:10,417 : INFO : ball_device.bd_trough : Wait for ball to leave device
2021-03-19 14:08:10,417 : INFO : coil.c_trough_eject : Pulsing Driver for 10ms (1.0 pulse_power)
2021-03-19 14:08:13,972 : INFO : Machine : Shutting down...
2021-03-19 14:08:13,972 : INFO : EventManager : Event: ======'shutdown'====== Args={}
2021-03-19 14:08:13,981 : INFO : root : MPF run loop ended.
