2021-03-19 13:55:59,981 : INFO : root : Loading config.
2021-03-19 13:55:59,987 : INFO : YamlMultifileConfigLoader : Machine config file #1: config.yaml
2021-03-19 13:55:59,988 : WARNING : ConfigProcessor : Config file in cache changed: C:\Users\Noah\work\Andy Cavatorta\pinball\notes\MPF\noahgame_02\config\config.yaml
2021-03-19 13:55:59,988 : INFO : ConfigProcessor : Loading config from file c:\users\noah\mpfenv\lib\site-packages\mpf\mpfconfig.yaml.
2021-03-19 13:56:00,109 : INFO : ConfigProcessor : Loading config: c:\users\noah\mpfenv\lib\site-packages\mpf\mpfconfig.yaml
2021-03-19 13:56:00,110 : INFO : ConfigProcessor : Loading config from file C:\Users\Noah\work\Andy Cavatorta\pinball\notes\MPF\noahgame_02\config\config.yaml.
2021-03-19 13:56:00,144 : INFO : ConfigProcessor : Loading config: C:\Users\Noah\work\Andy Cavatorta\pinball\notes\MPF\noahgame_02\config\config.yaml
2021-03-19 13:56:00,149 : INFO : ConfigProcessor : Config file cache created: C:\Users\Noah\AppData\Local\Temp\d1f6a309ab2e3c3e66b0fef93f7a960f.mpf_cache
2021-03-19 13:56:00,315 : INFO : ConfigProcessor : Loading config from cache: C:\Users\Noah\AppData\Local\Temp\98acf0898e619a6798c45a0e5cbb339b.mpf_cache
2021-03-19 13:56:00,316 : INFO : ConfigProcessor : Loading config from cache: C:\Users\Noah\AppData\Local\Temp\a7eac71e9da1e9cfd4db34c71351dbda.mpf_cache
2021-03-19 13:56:00,318 : INFO : ConfigProcessor : Loading config from cache: C:\Users\Noah\AppData\Local\Temp\c6adbc38c235400b65ae43d7099eba05.mpf_cache
2021-03-19 13:56:00,320 : INFO : ConfigProcessor : Loading config from cache: C:\Users\Noah\AppData\Local\Temp\9689abd61e57da3f8bc074c7a88f2b77.mpf_cache
2021-03-19 13:56:00,321 : INFO : ConfigProcessor : Loading config from cache: C:\Users\Noah\AppData\Local\Temp\06881332f8a9c1e11264544d2c255f98.mpf_cache
2021-03-19 13:56:00,322 : INFO : Machine : Mission Pinball Framework Core Engine v0.54.6
2021-03-19 13:56:00,322 : INFO : Machine : Command line arguments: {'no_load_cache': False, 'create_config_cache': True, 'bcp': True, 'configfile': ['config.yaml'], 'force_assets_load': False, 'jsonlogging': False, 'logfile': 'logs\\2021-03-19-13-55-59-mpf-DESKTOP-VL0THH1.log', 'pause': False, 'production': False, 'text_ui': False, 'loglevel': 15, 'consoleloglevel': 20, 'force_platform': None, 'syslog_address': None, 'mc_file_name': None, 'no_sound': False}
2021-03-19 13:56:00,322 : INFO : Machine : MPF path: c:\users\noah\mpfenv\lib\site-packages\mpf
2021-03-19 13:56:00,323 : INFO : Machine : Machine path: C:\Users\Noah\work\Andy Cavatorta\pinball\notes\MPF\noahgame_02
2021-03-19 13:56:00,323 : INFO : Machine : Platform: win32
2021-03-19 13:56:00,323 : INFO : Machine : Python executable location: c:\users\noah\mpfenv\scripts\python.exe
2021-03-19 13:56:00,323 : INFO : Machine : Python version: 3.7.9 (64-bit)
2021-03-19 13:56:00,327 : INFO : Machine : Initialise MPF.
2021-03-19 13:56:00,446 : INFO : P-Roc : Connecting to P-ROC
2021-03-19 13:56:00,650 : INFO : P-Roc : Successfully connected to P-ROC/P3-ROC. Firmware Version: 2. Firmware Revision: 6. Hardware Board ID: 1
2021-03-19 13:56:00,650 : WARNING : P-Roc : Consider upgrading the firmware of your P/P3-Roc to at least 2.14. Your version contains known bugs.
2021-03-19 13:56:00,717 : INFO : EventManager : Event: ======'machine_var_p_roc_version'====== Args={'value': 2, 'prev_value': None, 'change': True}
2021-03-19 13:56:00,717 : INFO : EventManager : Event: ======'machine_var_p_roc_revision'====== Args={'value': 6, 'prev_value': None, 'change': True}
2021-03-19 13:56:00,717 : INFO : EventManager : Event: ======'machine_var_p_roc_hardware_version'====== Args={'value': 1, 'prev_value': None, 'change': True}
2021-03-19 13:56:00,718 : INFO : EventManager : Event: ======'machine_var_credits_string'====== Args={'value': 'FREE PLAY', 'prev_value': None, 'change': True}
2021-03-19 13:56:00,806 : INFO : EventManager : Event: ======'machine_var_mpf_version'====== Args={'value': 'MPF v0.54.6', 'prev_value': None, 'change': True}
2021-03-19 13:56:00,807 : INFO : EventManager : Event: ======'machine_var_mpf_extended_version'====== Args={'value': 'MPF v0.54.6, Config version:5, Show version: 5, BCP version:1.1', 'prev_value': None, 'change': True}
2021-03-19 13:56:00,807 : INFO : EventManager : Event: ======'machine_var_python_version'====== Args={'value': '3.7.9', 'prev_value': None, 'change': True}
2021-03-19 13:56:00,808 : INFO : EventManager : Event: ======'machine_var_platform'====== Args={'value': 'Windows-10-10.0.19041-SP0', 'prev_value': None, 'change': True}
2021-03-19 13:56:00,809 : INFO : EventManager : Event: ======'machine_var_platform_system'====== Args={'value': 'Windows', 'prev_value': None, 'change': True}
2021-03-19 13:56:00,809 : INFO : EventManager : Event: ======'machine_var_platform_release'====== Args={'value': '10', 'prev_value': None, 'change': True}
2021-03-19 13:56:00,809 : INFO : EventManager : Event: ======'machine_var_platform_version'====== Args={'value': '10.0.19041', 'prev_value': None, 'change': True}
2021-03-19 13:56:00,809 : INFO : EventManager : Event: ======'machine_var_platform_machine'====== Args={'value': 'AMD64', 'prev_value': None, 'change': True}
2021-03-19 13:56:00,809 : INFO : EventManager : Event: ======'init_phase_1'====== Args={}
2021-03-19 13:56:00,850 : INFO : EventManager : Event: ======'drop_target_bank_noah_up'====== Args={}
2021-03-19 13:56:00,855 : INFO : EventManager : Event: ======'init_phase_2'====== Args={}
2021-03-19 13:56:00,881 : INFO : SwitchController : Found active switch: (6, <Platform.P3-ROC>) <switch.s_right_inlane>
2021-03-19 13:56:00,881 : INFO : SwitchController : Found active switch: (15, <Platform.P3-ROC>) <switch.s_trough1>
2021-03-19 13:56:00,881 : INFO : SwitchController : Found active switch: (4, <Platform.P3-ROC>) <switch.s_drop_target>
2021-03-19 13:56:00,888 : INFO : EventManager : Event: ======'bcp_connection_attempt'====== Args={'name': 'local_display', 'host': 'localhost', 'port': 5050}
2021-03-19 13:56:00,890 : INFO : BCPClientSocket : Connecting BCP to 'local_display' at localhost:5050...
2021-03-19 13:56:02,908 : INFO : BCPClientSocket : Connected BCP to 'local_display' localhost:5050
2021-03-19 13:56:02,908 : INFO : EventManager : Event: ======'bcp_clients_connected'====== Args={}
2021-03-19 13:56:02,909 : INFO : ball_device.bd_trough : State: idle
2021-03-19 13:56:02,930 : INFO : EventManager : Event: ======'init_phase_3'====== Args={}
2021-03-19 13:56:02,936 : INFO : EventManager : Event: ======'machine_var_mc_version'====== Args={'value': 'MPF-MC v0.54.0', 'prev_value': None, 'change': True}
2021-03-19 13:56:02,936 : INFO : EventManager : Event: ======'machine_var_mc_extended_version'====== Args={'value': 'MPF-MC v0.54.0 (config_version=5, BCP v1.1, Requires MPF v0.54.0)', 'prev_value': None, 'change': True}
2021-03-19 13:56:02,939 : INFO : EventManager : Event: ======'machine_var_master_volume'====== Args={'value': 0.5, 'prev_value': None, 'change': True}
2021-03-19 13:56:02,940 : INFO : EventManager : Event: ======'init_phase_4'====== Args={}
2021-03-19 13:56:02,940 : INFO : EventManager : Event: ======'playfield_active'====== Args={}
2021-03-19 13:56:02,941 : INFO : EventManager : Event: ======'unexpected_ball_on_playfield'====== Args={}
2021-03-19 13:56:02,941 : INFO : EventManager : Event: ======'drop_target_d_drop_target_down'====== Args={'device': <drop_target.d_drop_target>}
2021-03-19 13:56:02,941 : INFO : EventManager : Event: ======'drop_target_bank_noah_down'====== Args={}
2021-03-19 13:56:02,941 : INFO : BallController : Initial balls found: 1
2021-03-19 13:56:02,943 : INFO : EventManager : Event: ======'machine_var_audits_switches_s_drop_target'====== Args={'value': 46, 'prev_value': None, 'change': True}
2021-03-19 13:56:02,943 : INFO : EventManager : Event: ======'machine_var_audits_switches_s_left_flipper'====== Args={'value': 5, 'prev_value': None, 'change': True}
2021-03-19 13:56:02,943 : INFO : EventManager : Event: ======'machine_var_audits_switches_s_left_slingshot'====== Args={'value': 2, 'prev_value': None, 'change': True}
2021-03-19 13:56:02,945 : INFO : EventManager : Event: ======'machine_var_audits_switches_s_right_flipper'====== Args={'value': 14, 'prev_value': None, 'change': True}
2021-03-19 13:56:02,945 : INFO : EventManager : Event: ======'machine_var_audits_switches_s_right_inlane'====== Args={'value': 7, 'prev_value': None, 'change': True}
2021-03-19 13:56:02,945 : INFO : EventManager : Event: ======'machine_var_audits_switches_s_right_slingshot'====== Args={'value': 15, 'prev_value': None, 'change': True}
2021-03-19 13:56:02,945 : INFO : EventManager : Event: ======'machine_var_audits_switches_s_start'====== Args={'value': 11, 'prev_value': None, 'change': True}
2021-03-19 13:56:02,946 : INFO : EventManager : Event: ======'machine_var_audits_switches_s_trough1'====== Args={'value': 4, 'prev_value': None, 'change': True}
2021-03-19 13:56:02,947 : INFO : EventManager : Event: ======'init_phase_5'====== Args={}
2021-03-19 13:56:02,947 : INFO : EventManager : Event: ======'init_done'====== Args={}
2021-03-19 13:56:02,948 : INFO : EventManager : Event: ======'machine_reset_phase_1'====== Args={}
2021-03-19 13:56:02,974 : INFO : EventManager : Event: ======'slide_welcome_slide_removed'====== Args={'_from_bcp': True}
2021-03-19 13:56:02,979 : INFO : EventManager : Event: ======'slide_welcome_slide_created'====== Args={'_from_bcp': True}
2021-03-19 13:56:02,981 : INFO : EventManager : Event: ======'machine_reset_phase_2'====== Args={}
2021-03-19 13:56:02,982 : INFO : EventManager : Event: ======'machine_reset_phase_3'====== Args={}
2021-03-19 13:56:02,982 : INFO : drop_target_bank.noah : 1 targets are down. Will reset those.
2021-03-19 13:56:02,982 : INFO : coil.c_reset_drop_target : Pulsing Driver for 10ms (1.0 pulse_power)
2021-03-19 13:56:02,995 : INFO : EventManager : Event: ======'slide_welcome_slide_active'====== Args={'_from_bcp': True}
2021-03-19 13:56:02,996 : INFO : EventManager : Event: ======'reset_complete'====== Args={}
2021-03-19 13:56:02,996 : INFO : coil.c_reset_drop_target : Pulsing Driver for 10ms (1.0 pulse_power)
2021-03-19 13:56:02,996 : INFO : EventManager : Event: ======'mode_attract_will_start'====== Args={}
2021-03-19 13:56:02,998 : INFO : EventManager : Event: ======'mode_attract_starting'====== Args={}
2021-03-19 13:56:02,998 : INFO : Mode.attract : Started. Priority: 10
2021-03-19 13:56:02,998 : INFO : EventManager : Event: ======'modes_active_modes_changed'====== Args={}
2021-03-19 13:56:02,998 : INFO : EventManager : Event: ======'mode_attract_started'====== Args={}
2021-03-19 13:56:03,000 : INFO : EventManager : Event: ======'collecting_balls_complete'====== Args={}
2021-03-19 13:56:03,003 : INFO : Machine : Starting the main run loop.
2021-03-19 13:56:03,003 : INFO : SwitchController : <<<<<<< 's_drop_target' inactive >>>>>>>
2021-03-19 13:56:03,010 : INFO : EventManager : Event: ======'slide_awesome_slide_created'====== Args={'_from_bcp': True}
2021-03-19 13:56:03,013 : INFO : EventManager : Event: ======'slide_awesome_slide_active'====== Args={'_from_bcp': True}
2021-03-19 13:56:03,465 : INFO : EventManager : Event: ======'restore'====== Args={}
2021-03-19 13:56:03,465 : INFO : EventManager : Event: ======'drop_target_bank_noah_down'====== Args={}
2021-03-19 13:56:03,495 : INFO : EventManager : Event: ======'drop_target_d_drop_target_up'====== Args={'device': <drop_target.d_drop_target>}
2021-03-19 13:56:03,495 : INFO : EventManager : Event: ======'drop_target_bank_noah_up'====== Args={}
2021-03-19 13:56:03,956 : INFO : drop_target_bank.noah : All targets are already up. Will not reset bank.
2021-03-19 13:56:04,459 : INFO : drop_target_bank.noah : All targets are already up. Will not reset bank.
2021-03-19 13:56:06,014 : INFO : EventManager : Event: ======'slide_press_start_created'====== Args={'_from_bcp': True}
2021-03-19 13:56:06,017 : INFO : EventManager : Event: ======'slide_press_start_active'====== Args={'_from_bcp': True}
2021-03-19 13:56:06,801 : INFO : SwitchController : <<<<<<< 's_drop_target' active >>>>>>>
2021-03-19 13:56:06,802 : INFO : EventManager : Event: ======'playfield_active'====== Args={}
2021-03-19 13:56:06,802 : INFO : EventManager : Event: ======'unexpected_ball_on_playfield'====== Args={}
2021-03-19 13:56:06,802 : INFO : EventManager : Event: ======'drop_target_d_drop_target_down'====== Args={'device': <drop_target.d_drop_target>}
2021-03-19 13:56:06,802 : INFO : EventManager : Event: ======'drop_target_bank_noah_down'====== Args={}
2021-03-19 13:56:07,785 : INFO : drop_target_bank.noah : 1 targets are down. Will reset those.
2021-03-19 13:56:07,785 : INFO : coil.c_reset_drop_target : Pulsing Driver for 10ms (1.0 pulse_power)
2021-03-19 13:56:07,808 : INFO : SwitchController : <<<<<<< 's_drop_target' inactive >>>>>>>
2021-03-19 13:56:07,894 : INFO : SwitchController : <<<<<<< 's_drop_target' active >>>>>>>
2021-03-19 13:56:08,288 : INFO : EventManager : Event: ======'restore'====== Args={}
2021-03-19 13:56:08,288 : INFO : EventManager : Event: ======'drop_target_bank_noah_down'====== Args={}
2021-03-19 13:56:09,004 : INFO : EventManager : Event: ======'slide_mission_pinball_created'====== Args={'_from_bcp': True}
2021-03-19 13:56:09,006 : INFO : EventManager : Event: ======'slide_mission_pinball_active'====== Args={'_from_bcp': True}
2021-03-19 13:56:09,298 : INFO : drop_target_bank.noah : 1 targets are down. Will reset those.
2021-03-19 13:56:09,298 : INFO : coil.c_reset_drop_target : Pulsing Driver for 10ms (1.0 pulse_power)
2021-03-19 13:56:09,332 : INFO : SwitchController : <<<<<<< 's_drop_target' inactive >>>>>>>
2021-03-19 13:56:09,397 : INFO : SwitchController : <<<<<<< 's_drop_target' active >>>>>>>
2021-03-19 13:56:09,785 : INFO : EventManager : Event: ======'restore'====== Args={}
2021-03-19 13:56:09,785 : INFO : EventManager : Event: ======'drop_target_bank_noah_down'====== Args={}
2021-03-19 13:56:10,788 : INFO : drop_target_bank.noah : 1 targets are down. Will reset those.
2021-03-19 13:56:10,788 : INFO : coil.c_reset_drop_target : Pulsing Driver for 10ms (1.0 pulse_power)
2021-03-19 13:56:10,821 : INFO : SwitchController : <<<<<<< 's_drop_target' inactive >>>>>>>
2021-03-19 13:56:10,886 : INFO : SwitchController : <<<<<<< 's_drop_target' active >>>>>>>
2021-03-19 13:56:11,288 : INFO : EventManager : Event: ======'restore'====== Args={}
2021-03-19 13:56:11,288 : INFO : EventManager : Event: ======'drop_target_bank_noah_down'====== Args={}
2021-03-19 13:56:12,019 : INFO : EventManager : Event: ======'slide_last_game_score_slide_created'====== Args={'_from_bcp': True}
2021-03-19 13:56:12,022 : INFO : EventManager : Event: ======'slide_last_game_score_slide_active'====== Args={'_from_bcp': True}
2021-03-19 13:56:12,299 : INFO : drop_target_bank.noah : 1 targets are down. Will reset those.
2021-03-19 13:56:12,299 : INFO : coil.c_reset_drop_target : Pulsing Driver for 10ms (1.0 pulse_power)
2021-03-19 13:56:12,321 : INFO : SwitchController : <<<<<<< 's_drop_target' inactive >>>>>>>
2021-03-19 13:56:12,387 : INFO : SwitchController : <<<<<<< 's_drop_target' active >>>>>>>
2021-03-19 13:56:12,791 : INFO : EventManager : Event: ======'restore'====== Args={}
2021-03-19 13:56:12,791 : INFO : EventManager : Event: ======'drop_target_bank_noah_down'====== Args={}
2021-03-19 13:56:13,789 : INFO : drop_target_bank.noah : 1 targets are down. Will reset those.
2021-03-19 13:56:13,789 : INFO : coil.c_reset_drop_target : Pulsing Driver for 10ms (1.0 pulse_power)
2021-03-19 13:56:13,811 : INFO : SwitchController : <<<<<<< 's_drop_target' inactive >>>>>>>
2021-03-19 13:56:13,877 : INFO : SwitchController : <<<<<<< 's_drop_target' active >>>>>>>
2021-03-19 13:56:14,295 : INFO : EventManager : Event: ======'restore'====== Args={}
2021-03-19 13:56:14,295 : INFO : EventManager : Event: ======'drop_target_bank_noah_down'====== Args={}
2021-03-19 13:56:14,999 : INFO : EventManager : Event: ======'slide_awesome_slide_removed'====== Args={'_from_bcp': True}
2021-03-19 13:56:15,002 : INFO : EventManager : Event: ======'slide_awesome_slide_created'====== Args={'_from_bcp': True}
2021-03-19 13:56:15,004 : INFO : EventManager : Event: ======'slide_awesome_slide_active'====== Args={'_from_bcp': True}
2021-03-19 13:56:15,289 : INFO : drop_target_bank.noah : 1 targets are down. Will reset those.
2021-03-19 13:56:15,289 : INFO : coil.c_reset_drop_target : Pulsing Driver for 10ms (1.0 pulse_power)
2021-03-19 13:56:15,323 : INFO : SwitchController : <<<<<<< 's_drop_target' inactive >>>>>>>
2021-03-19 13:56:15,377 : INFO : SwitchController : <<<<<<< 's_drop_target' active >>>>>>>
2021-03-19 13:56:15,789 : INFO : EventManager : Event: ======'restore'====== Args={}
2021-03-19 13:56:15,789 : INFO : EventManager : Event: ======'drop_target_bank_noah_down'====== Args={}
2021-03-19 13:56:16,785 : INFO : drop_target_bank.noah : 1 targets are down. Will reset those.
2021-03-19 13:56:16,785 : INFO : coil.c_reset_drop_target : Pulsing Driver for 10ms (1.0 pulse_power)
2021-03-19 13:56:16,818 : INFO : SwitchController : <<<<<<< 's_drop_target' inactive >>>>>>>
2021-03-19 13:56:16,885 : INFO : SwitchController : <<<<<<< 's_drop_target' active >>>>>>>
2021-03-19 13:56:17,170 : INFO : Machine : Shutting down...
2021-03-19 13:56:17,170 : INFO : EventManager : Event: ======'shutdown'====== Args={}
2021-03-19 13:56:17,173 : INFO : root : MPF run loop ended.
