2021-03-17 17:55:27,446 : kivy : Factory: 184 symbols loaded
2021-03-17 17:55:27,827 : kivy : ImageLoaderFFPy: Using ffpyplayer 4.3.1
2021-03-17 17:55:27,829 : kivy : Image: Providers: img_tex, img_dds, img_sdl2, img_pil, img_ffpyplayer, img_gif 
2021-03-17 17:55:27,922 : kivy : VideoGstplayer: Using Gstreamer 1.16.0.0
2021-03-17 17:55:27,922 : kivy : Video: Provider: gstplayer
2021-03-17 17:55:28,048 : kivy : Loading MPF-MC controller
2021-03-17 17:55:28,056 : YamlMultifileConfigLoader : Machine config file #1: config
2021-03-17 17:55:28,057 : ConfigProcessor : Config file in cache changed: C:\Users\Noah\work\Andy Cavatorta\thirtybirds_2_0\MPF\noahgame_02\config\config
2021-03-17 17:55:28,061 : ConfigProcessor : Loading config from file c:\users\noah\mpfenv\lib\site-packages\mpfmc\mcconfig.yaml.
2021-03-17 17:55:28,139 : ConfigProcessor : Loading config: c:\users\noah\mpfenv\lib\site-packages\mpfmc\mcconfig.yaml
2021-03-17 17:55:28,140 : ConfigProcessor : Loading config from file C:\Users\Noah\work\Andy Cavatorta\thirtybirds_2_0\MPF\noahgame_02\config\config.
2021-03-17 17:55:28,157 : ConfigProcessor : Loading config: C:\Users\Noah\work\Andy Cavatorta\thirtybirds_2_0\MPF\noahgame_02\config\config
2021-03-17 17:55:28,160 : ConfigProcessor : Config file cache created: C:\Users\Noah\AppData\Local\Temp\7d9abdebdf139223dac953a17fe732d8.mpf_cache
2021-03-17 17:55:28,163 : ConfigProcessor : Loading config from cache: C:\Users\Noah\AppData\Local\Temp\74774f186c18434d8d39d0d4b0a3afeb.mpf_cache
2021-03-17 17:55:28,174 : ConfigProcessor : Loading config from cache: C:\Users\Noah\AppData\Local\Temp\a7eac71e9da1e9cfd4db34c71351dbda.mpf_cache
2021-03-17 17:55:28,175 : mpfmc : Mission Pinball Framework Media Controller v0.54.0
2021-03-17 17:55:28,175 : mpfmc : Mission Pinball Framework Game Engine v0.54.6
2021-03-17 17:55:28,176 : mpfmc : Machine path: C:\Users\Noah\work\Andy Cavatorta\thirtybirds_2_0\MPF\noahgame_02
2021-03-17 17:55:28,177 : mpfmc : Starting clock at 60.0Hz
2021-03-17 17:55:28,214 : kivy : Text: Provider: sdl2
2021-03-17 17:55:28,304 : kivy : Window: Provider: sdl2
2021-03-17 17:55:28,520 : kivy : GL: Using the "OpenGL" graphics system
2021-03-17 17:55:28,523 : kivy : GL: GLEW initialization succeeded
2021-03-17 17:55:28,525 : kivy : GL: Backend used <glew>
2021-03-17 17:55:28,526 : kivy : GL: OpenGL version <b'4.4.0 - Build 20.19.15.4835'>
2021-03-17 17:55:28,527 : kivy : GL: OpenGL vendor <b'Intel'>
2021-03-17 17:55:28,529 : kivy : GL: OpenGL renderer <b'Intel(R) HD Graphics 5500'>
2021-03-17 17:55:28,530 : kivy : GL: OpenGL parsed version: 4, 4
2021-03-17 17:55:28,532 : kivy : GL: Shading version <b'4.40 - Build 20.19.15.4835'>
2021-03-17 17:55:28,532 : kivy : GL: Texture max size <16384>
2021-03-17 17:55:28,536 : kivy : GL: Texture max units <32>
2021-03-17 17:55:28,567 : kivy : Window: auto add sdl2 input provider
2021-03-17 17:55:28,574 : kivy : Window: virtual keyboard not allowed, single mode, not docked
2021-03-17 17:55:28,595 : SoundSystem : SoundSystem: Using default 'sound_system' settings
2021-03-17 17:55:29,257 : AudioInterface : Initialized
2021-03-17 17:55:29,263 : SoundSystem : No audio tracks are specified in your machine config file. a track named 'default' has been created.
2021-03-17 17:55:29,278 : kivy : Base: Start application main loop
2021-03-17 17:55:29,280 : EventManager : Event: ======'display_default_initialized'====== Args={}
2021-03-17 17:55:29,313 : mpfmc : Display: Setting 'default' as default display
2021-03-17 17:55:29,331 : EventManager : Event: ======'displays_initialized'====== Args={}
2021-03-17 17:55:29,334 : EventManager : Event: ======'slide_default_blank_created'====== Args={}
2021-03-17 17:55:29,336 : EventManager : Event: ======'display_default_ready'====== Args={}
2021-03-17 17:55:29,360 : EventManager : Event: ======'init_phase_1'====== Args={}
2021-03-17 17:55:29,369 : EventManager : Event: ======'mc_ready'====== Args={}
2021-03-17 17:55:29,373 : EventManager : Event: ======'init_phase_2'====== Args={}
2021-03-17 17:55:29,376 : EventManager : Event: ======'init_phase_3'====== Args={}
2021-03-17 17:55:29,378 : EventManager : Event: ======'init_phase_4'====== Args={}
2021-03-17 17:55:29,379 : EventManager : Event: ======'init_phase_5'====== Args={}
2021-03-17 17:55:29,380 : EventManager : Event: ======'init_done'====== Args={}
2021-03-17 17:55:29,381 : MPF-MC BCP Server : Starting up on localhost port 5050
2021-03-17 17:55:29,389 : MPF-MC BCP Server : Waiting for a connection...
2021-03-17 17:55:29,403 : EventManager : Event: ======'client_disconnected'====== Args={'host': '127.0.0.1', 'port': 5050}
2021-03-17 17:55:29,804 : MPF-MC BCP Server : Received connection from: 127.0.0.1:63951
2021-03-17 17:55:29,813 : EventManager : Event: ======'client_connected'====== Args={'host': '127.0.0.1', 'port': 63951}
2021-03-17 17:55:29,825 : EventManager : Event: ======'machine_var_p_roc_version'====== Args={'value': 2, 'prev_value': None, 'change': True}
2021-03-17 17:55:29,826 : EventManager : Event: ======'machine_var_p_roc_revision'====== Args={'value': 6, 'prev_value': None, 'change': True}
2021-03-17 17:55:29,830 : EventManager : Event: ======'machine_var_p_roc_hardware_version'====== Args={'value': 1, 'prev_value': None, 'change': True}
2021-03-17 17:55:29,831 : EventManager : Event: ======'machine_var_credits_string'====== Args={'value': 'FREE PLAY', 'prev_value': None, 'change': True}
2021-03-17 17:55:29,834 : EventManager : Event: ======'machine_var_mpf_version'====== Args={'value': 'MPF v0.54.6', 'prev_value': None, 'change': True}
2021-03-17 17:55:29,837 : EventManager : Event: ======'machine_var_mpf_extended_version'====== Args={'value': 'MPF v0.54.6, Config version:5, Show version: 5, BCP version:1.1', 'prev_value': None, 'change': True}
2021-03-17 17:55:29,838 : EventManager : Event: ======'machine_var_python_version'====== Args={'value': '3.7.9', 'prev_value': None, 'change': True}
2021-03-17 17:55:29,839 : EventManager : Event: ======'machine_var_platform'====== Args={'value': 'Windows-10-10.0.19041-SP0', 'prev_value': None, 'change': True}
2021-03-17 17:55:29,840 : EventManager : Event: ======'machine_var_platform_system'====== Args={'value': 'Windows', 'prev_value': None, 'change': True}
2021-03-17 17:55:29,841 : EventManager : Event: ======'machine_var_platform_release'====== Args={'value': '10', 'prev_value': None, 'change': True}
2021-03-17 17:55:29,842 : EventManager : Event: ======'machine_var_platform_version'====== Args={'value': '10.0.19041', 'prev_value': None, 'change': True}
2021-03-17 17:55:29,842 : EventManager : Event: ======'machine_var_platform_machine'====== Args={'value': 'AMD64', 'prev_value': None, 'change': True}
2021-03-17 17:55:29,843 : EventManager : Event: ======'machine_var_mc_version'====== Args={'value': 'MPF-MC v0.54.0', 'prev_value': None, 'change': True}
2021-03-17 17:55:29,844 : EventManager : Event: ======'machine_var_mc_extended_version'====== Args={'value': 'MPF-MC v0.54.0 (config_version=5, BCP v1.1, Requires MPF v0.54.0)', 'prev_value': None, 'change': True}
2021-03-17 17:55:29,844 : EventManager : Event: ======'machine_var_master_volume'====== Args={'value': 0.5, 'prev_value': None, 'change': True}
2021-03-17 17:55:29,845 : EventManager : Event: ======'machine_var_audits_switches_s_left_slingshot'====== Args={'value': 0, 'prev_value': None, 'change': True}
2021-03-17 17:55:29,845 : EventManager : Event: ======'machine_var_audits_switches_s_right_slignshot'====== Args={'value': 0, 'prev_value': None, 'change': True}
2021-03-17 17:55:29,846 : EventManager : Event: ======'machine_var_audits_switches_s_left_flipper'====== Args={'value': 0, 'prev_value': None, 'change': True}
2021-03-17 17:55:29,851 : EventManager : Event: ======'machine_var_audits_switches_s_right_flipper'====== Args={'value': 0, 'prev_value': None, 'change': True}
2021-03-17 17:55:29,852 : EventManager : Event: ======'mc_reset_phase_1'====== Args={}
2021-03-17 17:55:29,853 : EventManager : Event: ======'mc_reset_phase_2'====== Args={}
2021-03-17 17:55:29,853 : EventManager : Event: ======'mc_reset_phase_3'====== Args={}
2021-03-17 17:55:29,854 : EventManager : Event: ======'mc_reset_complete'====== Args={}
2021-03-17 17:55:42,484 : kivy : Base: Leaving application in progress...
2021-03-17 17:55:42,484 : mpfmc : Stopping...
2021-03-17 17:55:42,488 : EventManager : Event: ======'shutdown'====== Args={}
2021-03-17 17:55:42,634 : mpfmc : Loop rate 77.94 Hz
