2021-03-19 13:48:25,159 : INFO : root : Loading config.
2021-03-19 13:48:25,167 : INFO : YamlMultifileConfigLoader : Machine config file #1: config.yaml
2021-03-19 13:48:25,168 : INFO : ConfigProcessor : Loading config from cache: C:\Users\Noah\AppData\Local\Temp\d1f6a309ab2e3c3e66b0fef93f7a960f.mpf_cache
2021-03-19 13:48:25,306 : INFO : ConfigProcessor : Loading config from cache: C:\Users\Noah\AppData\Local\Temp\98acf0898e619a6798c45a0e5cbb339b.mpf_cache
2021-03-19 13:48:25,308 : INFO : ConfigProcessor : Loading config from cache: C:\Users\Noah\AppData\Local\Temp\a7eac71e9da1e9cfd4db34c71351dbda.mpf_cache
2021-03-19 13:48:25,309 : INFO : ConfigProcessor : Loading config from cache: C:\Users\Noah\AppData\Local\Temp\c6adbc38c235400b65ae43d7099eba05.mpf_cache
2021-03-19 13:48:25,310 : INFO : ConfigProcessor : Loading config from cache: C:\Users\Noah\AppData\Local\Temp\9689abd61e57da3f8bc074c7a88f2b77.mpf_cache
2021-03-19 13:48:25,311 : INFO : ConfigProcessor : Loading config from cache: C:\Users\Noah\AppData\Local\Temp\06881332f8a9c1e11264544d2c255f98.mpf_cache
2021-03-19 13:48:25,311 : INFO : Machine : Mission Pinball Framework Core Engine v0.54.6
2021-03-19 13:48:25,311 : INFO : Machine : Command line arguments: {'no_load_cache': False, 'create_config_cache': True, 'bcp': True, 'configfile': ['config.yaml'], 'force_assets_load': False, 'jsonlogging': False, 'logfile': 'logs\\2021-03-19-13-48-25-mpf-DESKTOP-VL0THH1.log', 'pause': False, 'production': False, 'text_ui': False, 'loglevel': 15, 'consoleloglevel': 20, 'force_platform': None, 'syslog_address': None, 'mc_file_name': None, 'no_sound': False}
2021-03-19 13:48:25,312 : INFO : Machine : MPF path: c:\users\noah\mpfenv\lib\site-packages\mpf
2021-03-19 13:48:25,312 : INFO : Machine : Machine path: C:\Users\Noah\work\Andy Cavatorta\pinball\notes\MPF\noahgame_02
2021-03-19 13:48:25,312 : INFO : Machine : Platform: win32
2021-03-19 13:48:25,312 : INFO : Machine : Python executable location: c:\users\noah\mpfenv\scripts\python.exe
2021-03-19 13:48:25,312 : INFO : Machine : Python version: 3.7.9 (64-bit)
2021-03-19 13:48:25,315 : INFO : Machine : Initialise MPF.
2021-03-19 13:48:25,427 : INFO : P-Roc : Connecting to P-ROC
2021-03-19 13:48:25,634 : INFO : P-Roc : Successfully connected to P-ROC/P3-ROC. Firmware Version: 2. Firmware Revision: 6. Hardware Board ID: 1
2021-03-19 13:48:25,634 : WARNING : P-Roc : Consider upgrading the firmware of your P/P3-Roc to at least 2.14. Your version contains known bugs.
2021-03-19 13:48:25,694 : INFO : EventManager : Event: ======'machine_var_p_roc_version'====== Args={'value': 2, 'prev_value': None, 'change': True}
2021-03-19 13:48:25,695 : INFO : EventManager : Event: ======'machine_var_p_roc_revision'====== Args={'value': 6, 'prev_value': None, 'change': True}
2021-03-19 13:48:25,695 : INFO : EventManager : Event: ======'machine_var_p_roc_hardware_version'====== Args={'value': 1, 'prev_value': None, 'change': True}
2021-03-19 13:48:25,696 : INFO : EventManager : Event: ======'machine_var_credits_string'====== Args={'value': 'FREE PLAY', 'prev_value': None, 'change': True}
2021-03-19 13:48:25,773 : INFO : EventManager : Event: ======'machine_var_mpf_version'====== Args={'value': 'MPF v0.54.6', 'prev_value': None, 'change': True}
2021-03-19 13:48:25,773 : INFO : EventManager : Event: ======'machine_var_mpf_extended_version'====== Args={'value': 'MPF v0.54.6, Config version:5, Show version: 5, BCP version:1.1', 'prev_value': None, 'change': True}
2021-03-19 13:48:25,773 : INFO : EventManager : Event: ======'machine_var_python_version'====== Args={'value': '3.7.9', 'prev_value': None, 'change': True}
2021-03-19 13:48:25,774 : INFO : EventManager : Event: ======'machine_var_platform'====== Args={'value': 'Windows-10-10.0.19041-SP0', 'prev_value': None, 'change': True}
2021-03-19 13:48:25,774 : INFO : EventManager : Event: ======'machine_var_platform_system'====== Args={'value': 'Windows', 'prev_value': None, 'change': True}
2021-03-19 13:48:25,774 : INFO : EventManager : Event: ======'machine_var_platform_release'====== Args={'value': '10', 'prev_value': None, 'change': True}
2021-03-19 13:48:25,774 : INFO : EventManager : Event: ======'machine_var_platform_version'====== Args={'value': '10.0.19041', 'prev_value': None, 'change': True}
2021-03-19 13:48:25,774 : INFO : EventManager : Event: ======'machine_var_platform_machine'====== Args={'value': 'AMD64', 'prev_value': None, 'change': True}
2021-03-19 13:48:25,774 : INFO : EventManager : Event: ======'init_phase_1'====== Args={}
2021-03-19 13:48:25,809 : INFO : EventManager : Event: ======'drop_target_bank_noah_up'====== Args={}
2021-03-19 13:48:25,813 : INFO : EventManager : Event: ======'init_phase_2'====== Args={}
2021-03-19 13:48:25,837 : INFO : SwitchController : Found active switch: (6, <Platform.P3-ROC>) <switch.s_right_inlane>
2021-03-19 13:48:25,837 : INFO : SwitchController : Found active switch: (15, <Platform.P3-ROC>) <switch.s_trough1>
2021-03-19 13:48:25,838 : INFO : SwitchController : Found active switch: (4, <Platform.P3-ROC>) <switch.s_drop_target>
2021-03-19 13:48:25,844 : INFO : EventManager : Event: ======'bcp_connection_attempt'====== Args={'name': 'local_display', 'host': 'localhost', 'port': 5050}
2021-03-19 13:48:25,846 : INFO : BCPClientSocket : Connecting BCP to 'local_display' at localhost:5050...
2021-03-19 13:48:27,861 : INFO : BCPClientSocket : Connected BCP to 'local_display' localhost:5050
2021-03-19 13:48:27,862 : INFO : EventManager : Event: ======'bcp_clients_connected'====== Args={}
2021-03-19 13:48:27,862 : INFO : ball_device.bd_trough : State: idle
2021-03-19 13:48:27,883 : INFO : EventManager : Event: ======'init_phase_3'====== Args={}
2021-03-19 13:48:27,889 : INFO : EventManager : Event: ======'machine_var_mc_version'====== Args={'value': 'MPF-MC v0.54.0', 'prev_value': None, 'change': True}
2021-03-19 13:48:27,890 : INFO : EventManager : Event: ======'machine_var_mc_extended_version'====== Args={'value': 'MPF-MC v0.54.0 (config_version=5, BCP v1.1, Requires MPF v0.54.0)', 'prev_value': None, 'change': True}
2021-03-19 13:48:27,892 : INFO : EventManager : Event: ======'machine_var_master_volume'====== Args={'value': 0.5, 'prev_value': None, 'change': True}
2021-03-19 13:48:27,892 : INFO : EventManager : Event: ======'init_phase_4'====== Args={}
2021-03-19 13:48:27,893 : INFO : EventManager : Event: ======'playfield_active'====== Args={}
2021-03-19 13:48:27,893 : INFO : EventManager : Event: ======'unexpected_ball_on_playfield'====== Args={}
2021-03-19 13:48:27,893 : INFO : EventManager : Event: ======'drop_target_d_drop_target_down'====== Args={'device': <drop_target.d_drop_target>}
2021-03-19 13:48:27,893 : INFO : EventManager : Event: ======'drop_target_bank_noah_down'====== Args={}
2021-03-19 13:48:27,894 : INFO : BallController : Initial balls found: 1
2021-03-19 13:48:27,895 : INFO : EventManager : Event: ======'machine_var_audits_switches_s_drop_target'====== Args={'value': 42, 'prev_value': None, 'change': True}
2021-03-19 13:48:27,896 : INFO : EventManager : Event: ======'machine_var_audits_switches_s_left_flipper'====== Args={'value': 5, 'prev_value': None, 'change': True}
2021-03-19 13:48:27,896 : INFO : EventManager : Event: ======'machine_var_audits_switches_s_left_slingshot'====== Args={'value': 2, 'prev_value': None, 'change': True}
2021-03-19 13:48:27,897 : INFO : EventManager : Event: ======'machine_var_audits_switches_s_right_flipper'====== Args={'value': 14, 'prev_value': None, 'change': True}
2021-03-19 13:48:27,897 : INFO : EventManager : Event: ======'machine_var_audits_switches_s_right_inlane'====== Args={'value': 7, 'prev_value': None, 'change': True}
2021-03-19 13:48:27,897 : INFO : EventManager : Event: ======'machine_var_audits_switches_s_right_slingshot'====== Args={'value': 15, 'prev_value': None, 'change': True}
2021-03-19 13:48:27,898 : INFO : EventManager : Event: ======'machine_var_audits_switches_s_start'====== Args={'value': 11, 'prev_value': None, 'change': True}
2021-03-19 13:48:27,898 : INFO : EventManager : Event: ======'machine_var_audits_switches_s_trough1'====== Args={'value': 4, 'prev_value': None, 'change': True}
2021-03-19 13:48:27,899 : INFO : EventManager : Event: ======'init_phase_5'====== Args={}
2021-03-19 13:48:27,899 : INFO : EventManager : Event: ======'init_done'====== Args={}
2021-03-19 13:48:27,900 : INFO : EventManager : Event: ======'machine_reset_phase_1'====== Args={}
2021-03-19 13:48:27,904 : INFO : EventManager : Event: ======'slide_welcome_slide_removed'====== Args={'_from_bcp': True}
2021-03-19 13:48:27,912 : INFO : EventManager : Event: ======'slide_welcome_slide_created'====== Args={'_from_bcp': True}
2021-03-19 13:48:27,915 : INFO : EventManager : Event: ======'slide_welcome_slide_active'====== Args={'_from_bcp': True}
2021-03-19 13:48:27,915 : INFO : EventManager : Event: ======'machine_reset_phase_2'====== Args={}
2021-03-19 13:48:27,915 : INFO : EventManager : Event: ======'machine_reset_phase_3'====== Args={}
2021-03-19 13:48:27,916 : INFO : drop_target_bank.noah : 1 targets are down. Will reset those.
2021-03-19 13:48:27,916 : INFO : coil.c_reset_drop_target : Pulsing Driver for 10ms (1.0 pulse_power)
2021-03-19 13:48:27,928 : INFO : EventManager : Event: ======'reset_complete'====== Args={}
2021-03-19 13:48:27,928 : INFO : coil.c_reset_drop_target : Pulsing Driver for 10ms (1.0 pulse_power)
2021-03-19 13:48:27,929 : INFO : EventManager : Event: ======'mode_attract_will_start'====== Args={}
2021-03-19 13:48:27,930 : INFO : EventManager : Event: ======'mode_attract_starting'====== Args={}
2021-03-19 13:48:27,930 : INFO : Mode.attract : Started. Priority: 10
2021-03-19 13:48:27,930 : INFO : EventManager : Event: ======'modes_active_modes_changed'====== Args={}
2021-03-19 13:48:27,930 : INFO : EventManager : Event: ======'mode_attract_started'====== Args={}
2021-03-19 13:48:27,932 : INFO : EventManager : Event: ======'collecting_balls_complete'====== Args={}
2021-03-19 13:48:27,933 : INFO : Machine : Starting the main run loop.
2021-03-19 13:48:27,945 : INFO : SwitchController : <<<<<<< 's_drop_target' inactive >>>>>>>
2021-03-19 13:48:27,946 : INFO : EventManager : Event: ======'slide_awesome_slide_created'====== Args={'_from_bcp': True}
2021-03-19 13:48:27,948 : INFO : EventManager : Event: ======'slide_awesome_slide_active'====== Args={'_from_bcp': True}
2021-03-19 13:48:28,410 : INFO : EventManager : Event: ======'drop_target_d_drop_target_up'====== Args={'device': <drop_target.d_drop_target>}
2021-03-19 13:48:28,410 : INFO : EventManager : Event: ======'restore'====== Args={}
2021-03-19 13:48:28,410 : INFO : EventManager : Event: ======'drop_target_bank_noah_up'====== Args={}
2021-03-19 13:48:28,879 : INFO : drop_target_bank.noah : All targets are already up. Will not reset bank.
2021-03-19 13:48:30,923 : INFO : EventManager : Event: ======'slide_press_start_created'====== Args={'_from_bcp': True}
2021-03-19 13:48:30,926 : INFO : EventManager : Event: ======'slide_press_start_active'====== Args={'_from_bcp': True}
2021-03-19 13:48:33,935 : INFO : EventManager : Event: ======'slide_mission_pinball_created'====== Args={'_from_bcp': True}
2021-03-19 13:48:33,937 : INFO : EventManager : Event: ======'slide_mission_pinball_active'====== Args={'_from_bcp': True}
2021-03-19 13:48:36,004 : INFO : SwitchController : <<<<<<< 's_start' active >>>>>>>
2021-03-19 13:48:36,113 : INFO : SwitchController : <<<<<<< 's_start' inactive >>>>>>>
2021-03-19 13:48:36,113 : INFO : EventManager : Event: ======'request_to_start_game'====== Args={}
2021-03-19 13:48:36,114 : INFO : EventManager : Event: ======'game_start'====== Args={'buttons': [], 'hold_time': 0.10899999999674037}
2021-03-19 13:48:36,114 : INFO : EventManager : Event: ======'mode_game_will_start'====== Args={'buttons': [], 'hold_time': 0.10899999999674037}
2021-03-19 13:48:36,115 : INFO : EventManager : Event: ======'mode_game_starting'====== Args={'buttons': [], 'hold_time': 0.10899999999674037}
2021-03-19 13:48:36,115 : INFO : EventManager : Event: ======'mode_attract_will_stop'====== Args={}
2021-03-19 13:48:36,115 : INFO : EventManager : Event: ======'mode_attract_stopping'====== Args={}
2021-03-19 13:48:36,115 : INFO : Mode.attract : Stopped.
2021-03-19 13:48:36,115 : INFO : EventManager : Event: ======'modes_active_modes_changed'====== Args={}
2021-03-19 13:48:36,116 : INFO : EventManager : Event: ======'mode_attract_stopped'====== Args={}
2021-03-19 13:48:36,116 : INFO : EventManager : Event: ======'clear'====== Args={'key': 'attract'}
2021-03-19 13:48:36,117 : INFO : Mode.game : Started. Priority: 20
2021-03-19 13:48:36,117 : INFO : EventManager : Event: ======'modes_active_modes_changed'====== Args={}
2021-03-19 13:48:36,117 : INFO : EventManager : Event: ======'mode_game_started'====== Args={'buttons': [], 'hold_time': 0.10899999999674037}
2021-03-19 13:48:36,118 : INFO : EventManager : Event: ======'game_will_start'====== Args={}
2021-03-19 13:48:36,118 : INFO : EventManager : Event: ======'game_starting'====== Args={'game': <Mode.game>}
2021-03-19 13:48:36,118 : INFO : EventManager : Event: ======'player_add_request'====== Args={}
2021-03-19 13:48:36,118 : INFO : EventManager : Event: ======'player_will_add'====== Args={'number': 1}
2021-03-19 13:48:36,118 : INFO : EventManager : Event: ======'player_adding'====== Args={'player': <Player 1>, 'number': 1}
2021-03-19 13:48:36,119 : INFO : EventManager : Event: ======'player_added'====== Args={'player': <Player 1>, 'num': 1}
2021-03-19 13:48:36,119 : INFO : Mode.game : Player added successfully. Total players: 1
2021-03-19 13:48:36,120 : INFO : EventManager : Event: ======'player_index'====== Args={'value': 0, 'prev_value': 0, 'change': 0, 'player_num': 1}
2021-03-19 13:48:36,120 : INFO : EventManager : Event: ======'player_number'====== Args={'value': 1, 'prev_value': 1, 'change': 0, 'player_num': 1}
2021-03-19 13:48:36,121 : INFO : EventManager : Event: ======'player_score'====== Args={'value': 0, 'prev_value': 0, 'change': 0, 'player_num': 1}
2021-03-19 13:48:36,121 : INFO : EventManager : Event: ======'game_started'====== Args={}
2021-03-19 13:48:36,121 : INFO : EventManager : Event: ======'player_turn_will_start'====== Args={'player': <Player 1>, 'number': 1}
2021-03-19 13:48:36,122 : INFO : EventManager : Event: ======'player_turn_starting'====== Args={'player': <Player 1>, 'number': 1}
2021-03-19 13:48:36,122 : INFO : EventManager : Event: ======'player_ball'====== Args={'value': 1, 'prev_value': 0, 'change': 1, 'player_num': 1}
2021-03-19 13:48:36,122 : INFO : EventManager : Event: ======'player_turn_started'====== Args={'player': <Player 1>, 'number': 1}
2021-03-19 13:48:36,123 : INFO : EventManager : Event: ======'ball_will_start'====== Args={'player': 1, 'ball': 1, 'balls_remaining': 2, 'is_extra_ball': False}
2021-03-19 13:48:36,123 : INFO : EventManager : Event: ======'ball_starting'====== Args={'player': 1, 'ball': 1, 'balls_remaining': 2, 'is_extra_ball': False}
2021-03-19 13:48:36,124 : INFO : EventManager : Event: ======'balls_in_play'====== Args={'balls': 1}
2021-03-19 13:48:36,124 : INFO : EventManager : Event: ======'ball_started'====== Args={'player': 1, 'ball': 1, 'balls_remaining': 2, 'is_extra_ball': False}
2021-03-19 13:48:36,124 : INFO : EventManager : Event: ======'mode_base_will_start'====== Args={'player': 1, 'ball': 1, 'balls_remaining': 2, 'is_extra_ball': False}
2021-03-19 13:48:36,125 : INFO : EventManager : Event: ======'mode_base_starting'====== Args={'player': 1, 'ball': 1, 'balls_remaining': 2, 'is_extra_ball': False}
2021-03-19 13:48:36,126 : INFO : Mode.base : Started. Priority: 100
2021-03-19 13:48:36,126 : INFO : EventManager : Event: ======'modes_active_modes_changed'====== Args={}
2021-03-19 13:48:36,126 : INFO : EventManager : Event: ======'mode_base_started'====== Args={'player': 1, 'ball': 1, 'balls_remaining': 2, 'is_extra_ball': False}
2021-03-19 13:48:36,127 : INFO : EventManager : Event: ======'single_player_ball_started'====== Args={}
2021-03-19 13:48:36,127 : INFO : ball_device.bd_trough : Setting up player-controlled eject. Balls: 1, Target: <playfield.playfield>, player_controlled_eject_event: None
2021-03-19 13:48:36,127 : INFO : ball_device.bd_trough : Adding 1 ball(s) to the eject_queue with target <playfield.playfield>.
2021-03-19 13:48:36,127 : INFO : EventManager : Event: ======'balldevice_balls_available'====== Args={}
2021-03-19 13:48:36,128 : INFO : ball_device.bd_trough : State: waiting_for_target_ready
2021-03-19 13:48:36,128 : INFO : EventManager : Event: ======'balldevice_bd_trough_ball_eject_attempt'====== Args={'balls': 1, 'target': <playfield.playfield>, 'source': <ball_device.bd_trough>, 'mechanical_eject': False, 'num_attempts': 0}
2021-03-19 13:48:36,129 : INFO : ball_device.bd_trough : State: ejecting
2021-03-19 13:48:36,129 : INFO : ball_device.bd_trough : Ejecting ball to <playfield.playfield>
2021-03-19 13:48:36,129 : INFO : EventManager : Event: ======'balldevice_bd_trough_ejecting_ball'====== Args={'balls': 1, 'target': <playfield.playfield>, 'source': <ball_device.bd_trough>, 'mechanical_eject': False, 'num_attempts': 0}
2021-03-19 13:48:36,130 : INFO : ball_device.bd_trough : Wait for ball to leave device
2021-03-19 13:48:36,130 : INFO : coil.c_trough_eject : Pulsing Driver for 10ms (1.0 pulse_power)
2021-03-19 13:48:36,130 : INFO : EventManager : Event: ======'slide_awesome_slide_removed'====== Args={'_from_bcp': True}
2021-03-19 13:48:36,132 : INFO : EventManager : Event: ======'slide_press_start_removed'====== Args={'_from_bcp': True}
2021-03-19 13:48:36,133 : INFO : EventManager : Event: ======'slide_mission_pinball_removed'====== Args={'_from_bcp': True}
2021-03-19 13:48:36,143 : INFO : EventManager : Event: ======'slide_base.slide_player-mode_base_started_created'====== Args={'_from_bcp': True}
2021-03-19 13:48:36,145 : INFO : EventManager : Event: ======'slide_base.slide_player-mode_base_started_active'====== Args={'_from_bcp': True}
2021-03-19 13:48:39,161 : INFO : SwitchController : <<<<<<< 's_drop_target' active >>>>>>>
2021-03-19 13:48:39,161 : INFO : EventManager : Event: ======'playfield_active'====== Args={}
2021-03-19 13:48:39,162 : INFO : EventManager : Event: ======'drop_target_d_drop_target_down'====== Args={'device': <drop_target.d_drop_target>}
2021-03-19 13:48:39,162 : INFO : EventManager : Event: ======'drop_target_bank_noah_down'====== Args={}
2021-03-19 13:48:39,162 : INFO : EventManager : Event: ======'machine_var_audits_switches_s_drop_target'====== Args={'value': 43, 'prev_value': 42, 'change': 1}
2021-03-19 13:48:40,161 : INFO : drop_target_bank.noah : 1 targets are down. Will reset those.
2021-03-19 13:48:40,161 : INFO : coil.c_reset_drop_target : Pulsing Driver for 10ms (1.0 pulse_power)
2021-03-19 13:48:40,194 : INFO : SwitchController : <<<<<<< 's_drop_target' inactive >>>>>>>
2021-03-19 13:48:40,259 : INFO : SwitchController : <<<<<<< 's_drop_target' active >>>>>>>
2021-03-19 13:48:40,259 : INFO : EventManager : Event: ======'machine_var_audits_switches_s_drop_target'====== Args={'value': 44, 'prev_value': 43, 'change': 1}
2021-03-19 13:48:40,671 : INFO : EventManager : Event: ======'restore'====== Args={}
2021-03-19 13:48:40,671 : INFO : EventManager : Event: ======'drop_target_bank_noah_down'====== Args={}
2021-03-19 13:48:41,666 : INFO : drop_target_bank.noah : 1 targets are down. Will reset those.
2021-03-19 13:48:41,666 : INFO : coil.c_reset_drop_target : Pulsing Driver for 10ms (1.0 pulse_power)
2021-03-19 13:48:41,700 : INFO : SwitchController : <<<<<<< 's_drop_target' inactive >>>>>>>
2021-03-19 13:48:41,766 : INFO : SwitchController : <<<<<<< 's_drop_target' active >>>>>>>
2021-03-19 13:48:41,766 : INFO : EventManager : Event: ======'machine_var_audits_switches_s_drop_target'====== Args={'value': 45, 'prev_value': 44, 'change': 1}
2021-03-19 13:48:42,167 : INFO : EventManager : Event: ======'restore'====== Args={}
2021-03-19 13:48:42,167 : INFO : EventManager : Event: ======'drop_target_bank_noah_down'====== Args={}
2021-03-19 13:48:43,167 : INFO : drop_target_bank.noah : 1 targets are down. Will reset those.
2021-03-19 13:48:43,167 : INFO : coil.c_reset_drop_target : Pulsing Driver for 10ms (1.0 pulse_power)
2021-03-19 13:48:43,189 : INFO : SwitchController : <<<<<<< 's_drop_target' inactive >>>>>>>
2021-03-19 13:48:43,275 : INFO : SwitchController : <<<<<<< 's_drop_target' active >>>>>>>
2021-03-19 13:48:43,276 : INFO : EventManager : Event: ======'machine_var_audits_switches_s_drop_target'====== Args={'value': 46, 'prev_value': 45, 'change': 1}
2021-03-19 13:48:43,667 : INFO : EventManager : Event: ======'restore'====== Args={}
2021-03-19 13:48:43,667 : INFO : EventManager : Event: ======'drop_target_bank_noah_down'====== Args={}
2021-03-19 13:48:43,936 : INFO : Machine : Shutting down...
2021-03-19 13:48:43,936 : INFO : EventManager : Event: ======'shutdown'====== Args={}
2021-03-19 13:48:43,939 : INFO : root : MPF run loop ended.
