2021-03-17 15:17:21,802 : INFO : root : Loading config.
2021-03-17 15:17:21,810 : INFO : YamlMultifileConfigLoader : Machine config file #1: config.yaml
2021-03-17 15:17:21,811 : WARNING : ConfigProcessor : Cache file not found: C:\Users\Noah\AppData\Local\Temp\1565ad5cc4a86baa475043faad25ebb6.mpf_cache
2021-03-17 15:17:21,811 : INFO : ConfigProcessor : Loading config from file c:\users\noah\mpfenv\lib\site-packages\mpf\mpfconfig.yaml.
2021-03-17 15:17:21,994 : INFO : ConfigProcessor : Loading config: c:\users\noah\mpfenv\lib\site-packages\mpf\mpfconfig.yaml
2021-03-17 15:17:21,996 : INFO : ConfigProcessor : Loading config from file C:\Users\Noah\work\Andy Cavatorta\thirtybirds_2_0\MPF\noahgame_02\config\config.yaml.
2021-03-17 15:17:22,016 : INFO : ConfigProcessor : Loading config: C:\Users\Noah\work\Andy Cavatorta\thirtybirds_2_0\MPF\noahgame_02\config\config.yaml
2021-03-17 15:17:22,017 : INFO : ConfigProcessor : Config file cache created: C:\Users\Noah\AppData\Local\Temp\1565ad5cc4a86baa475043faad25ebb6.mpf_cache
2021-03-17 15:17:22,170 : INFO : ConfigProcessor : Loading config from cache: C:\Users\Noah\AppData\Local\Temp\74774f186c18434d8d39d0d4b0a3afeb.mpf_cache
2021-03-17 15:17:22,171 : INFO : ConfigProcessor : Loading config from cache: C:\Users\Noah\AppData\Local\Temp\a7eac71e9da1e9cfd4db34c71351dbda.mpf_cache
2021-03-17 15:17:22,173 : INFO : Machine : Mission Pinball Framework Core Engine v0.54.6
2021-03-17 15:17:22,173 : INFO : Machine : Command line arguments: {'no_load_cache': False, 'create_config_cache': True, 'bcp': True, 'configfile': ['config.yaml'], 'force_assets_load': False, 'jsonlogging': False, 'logfile': 'logs\\2021-03-17-15-17-21-mpf-DESKTOP-VL0THH1.log', 'pause': False, 'production': False, 'text_ui': False, 'loglevel': 15, 'consoleloglevel': 20, 'force_platform': None, 'syslog_address': None, 'mc_file_name': None, 'no_sound': False}
2021-03-17 15:17:22,173 : INFO : Machine : MPF path: c:\users\noah\mpfenv\lib\site-packages\mpf
2021-03-17 15:17:22,173 : INFO : Machine : Machine path: C:\Users\Noah\work\Andy Cavatorta\thirtybirds_2_0\MPF\noahgame_02
2021-03-17 15:17:22,173 : INFO : Machine : Platform: win32
2021-03-17 15:17:22,174 : INFO : Machine : Python executable location: c:\users\noah\mpfenv\scripts\python.exe
2021-03-17 15:17:22,174 : INFO : Machine : Python version: 3.7.9 (64-bit)
2021-03-17 15:17:22,177 : INFO : Machine : Initialise MPF.
2021-03-17 15:17:22,317 : INFO : P-Roc : Connecting to P-ROC
2021-03-17 15:17:22,525 : INFO : P-Roc : Successfully connected to P-ROC/P3-ROC. Firmware Version: 2. Firmware Revision: 6. Hardware Board ID: 1
2021-03-17 15:17:22,525 : WARNING : P-Roc : Consider upgrading the firmware of your P/P3-Roc to at least 2.14. Your version contains known bugs.
2021-03-17 15:17:22,590 : INFO : EventManager : Event: ======'machine_var_p_roc_version'====== Args={'value': 2, 'prev_value': None, 'change': True}
2021-03-17 15:17:22,590 : INFO : EventManager : Event: ======'machine_var_p_roc_revision'====== Args={'value': 6, 'prev_value': None, 'change': True}
2021-03-17 15:17:22,590 : INFO : EventManager : Event: ======'machine_var_p_roc_hardware_version'====== Args={'value': 1, 'prev_value': None, 'change': True}
2021-03-17 15:17:22,590 : INFO : EventManager : Event: ======'machine_var_credits_string'====== Args={'value': 'FREE PLAY', 'prev_value': None, 'change': True}
2021-03-17 15:17:22,696 : INFO : EventManager : Event: ======'machine_var_mpf_version'====== Args={'value': 'MPF v0.54.6', 'prev_value': None, 'change': True}
2021-03-17 15:17:22,696 : INFO : EventManager : Event: ======'machine_var_mpf_extended_version'====== Args={'value': 'MPF v0.54.6, Config version:5, Show version: 5, BCP version:1.1', 'prev_value': None, 'change': True}
2021-03-17 15:17:22,697 : INFO : EventManager : Event: ======'machine_var_python_version'====== Args={'value': '3.7.9', 'prev_value': None, 'change': True}
2021-03-17 15:17:22,697 : INFO : EventManager : Event: ======'machine_var_platform'====== Args={'value': 'Windows-10-10.0.19041-SP0', 'prev_value': None, 'change': True}
2021-03-17 15:17:22,698 : INFO : EventManager : Event: ======'machine_var_platform_system'====== Args={'value': 'Windows', 'prev_value': None, 'change': True}
2021-03-17 15:17:22,698 : INFO : EventManager : Event: ======'machine_var_platform_release'====== Args={'value': '10', 'prev_value': None, 'change': True}
2021-03-17 15:17:22,698 : INFO : EventManager : Event: ======'machine_var_platform_version'====== Args={'value': '10.0.19041', 'prev_value': None, 'change': True}
2021-03-17 15:17:22,698 : INFO : EventManager : Event: ======'machine_var_platform_machine'====== Args={'value': 'AMD64', 'prev_value': None, 'change': True}
2021-03-17 15:17:22,698 : INFO : EventManager : Event: ======'init_phase_1'====== Args={}
2021-03-17 15:17:22,730 : INFO : EventManager : Event: ======'init_phase_2'====== Args={}
2021-03-17 15:17:22,755 : INFO : EventManager : Event: ======'bcp_connection_attempt'====== Args={'name': 'local_display', 'host': 'localhost', 'port': 5050}
2021-03-17 15:17:22,757 : INFO : BCPClientSocket : Connecting BCP to 'local_display' at localhost:5050...
2021-03-17 15:17:24,772 : INFO : BCPClientSocket : Connected BCP to 'local_display' localhost:5050
2021-03-17 15:17:24,772 : INFO : EventManager : Event: ======'bcp_clients_connected'====== Args={}
2021-03-17 15:17:24,783 : INFO : EventManager : Event: ======'init_phase_3'====== Args={}
2021-03-17 15:17:24,786 : INFO : EventManager : Event: ======'machine_var_mc_version'====== Args={'value': 'MPF-MC v0.54.0', 'prev_value': None, 'change': True}
2021-03-17 15:17:24,787 : INFO : EventManager : Event: ======'machine_var_mc_extended_version'====== Args={'value': 'MPF-MC v0.54.0 (config_version=5, BCP v1.1, Requires MPF v0.54.0)', 'prev_value': None, 'change': True}
2021-03-17 15:17:24,791 : INFO : EventManager : Event: ======'machine_var_master_volume'====== Args={'value': 0.5, 'prev_value': None, 'change': True}
2021-03-17 15:17:24,792 : INFO : EventManager : Event: ======'init_phase_4'====== Args={}
2021-03-17 15:17:24,793 : INFO : EventManager : Event: ======'machine_var_audits_switches_s_left_flipper'====== Args={'value': 0, 'prev_value': None, 'change': True}
2021-03-17 15:17:24,794 : INFO : EventManager : Event: ======'machine_var_audits_switches_s_right_flipper'====== Args={'value': 0, 'prev_value': None, 'change': True}
2021-03-17 15:17:24,795 : INFO : EventManager : Event: ======'init_phase_5'====== Args={}
2021-03-17 15:17:24,796 : INFO : EventManager : Event: ======'init_done'====== Args={}
2021-03-17 15:17:24,797 : INFO : EventManager : Event: ======'machine_reset_phase_1'====== Args={}
2021-03-17 15:17:24,819 : INFO : EventManager : Event: ======'machine_reset_phase_2'====== Args={}
2021-03-17 15:17:24,820 : INFO : EventManager : Event: ======'machine_reset_phase_3'====== Args={}
2021-03-17 15:17:24,825 : INFO : EventManager : Event: ======'reset_complete'====== Args={}
2021-03-17 15:17:24,826 : INFO : EventManager : Event: ======'mode_attract_will_start'====== Args={}
2021-03-17 15:17:24,827 : INFO : EventManager : Event: ======'mode_attract_starting'====== Args={}
2021-03-17 15:17:24,827 : INFO : Mode.attract : Started. Priority: 10
2021-03-17 15:17:24,827 : INFO : EventManager : Event: ======'modes_active_modes_changed'====== Args={}
2021-03-17 15:17:24,827 : INFO : EventManager : Event: ======'mode_attract_started'====== Args={}
2021-03-17 15:17:24,828 : INFO : EventManager : Event: ======'collecting_balls_complete'====== Args={}
2021-03-17 15:17:24,829 : INFO : Machine : Starting the main run loop.
2021-03-17 15:17:41,711 : INFO : SwitchController : <<<<<<< 's_right_flipper' active >>>>>>>
2021-03-17 15:17:41,852 : INFO : SwitchController : <<<<<<< 's_right_flipper' inactive >>>>>>>
2021-03-17 15:17:43,581 : INFO : SwitchController : <<<<<<< 's_right_flipper' active >>>>>>>
2021-03-17 15:17:43,668 : INFO : SwitchController : <<<<<<< 's_right_flipper' inactive >>>>>>>
2021-03-17 15:17:46,227 : INFO : SwitchController : <<<<<<< 's_left_flipper' active >>>>>>>
2021-03-17 15:17:46,389 : INFO : SwitchController : <<<<<<< 's_left_flipper' inactive >>>>>>>
2021-03-17 15:17:47,441 : INFO : SwitchController : <<<<<<< 's_left_flipper' active >>>>>>>
2021-03-17 15:17:47,571 : INFO : SwitchController : <<<<<<< 's_left_flipper' inactive >>>>>>>
2021-03-17 15:17:48,526 : INFO : SwitchController : <<<<<<< 's_right_flipper' active >>>>>>>
2021-03-17 15:17:48,613 : INFO : SwitchController : <<<<<<< 's_right_flipper' inactive >>>>>>>
2021-03-17 15:17:49,204 : INFO : SwitchController : <<<<<<< 's_left_flipper' active >>>>>>>
2021-03-17 15:17:49,346 : INFO : SwitchController : <<<<<<< 's_left_flipper' inactive >>>>>>>
2021-03-17 15:17:49,766 : INFO : SwitchController : <<<<<<< 's_right_flipper' active >>>>>>>
2021-03-17 15:17:49,842 : INFO : SwitchController : <<<<<<< 's_right_flipper' inactive >>>>>>>
2021-03-17 15:17:50,101 : INFO : SwitchController : <<<<<<< 's_left_flipper' active >>>>>>>
2021-03-17 15:17:50,241 : INFO : SwitchController : <<<<<<< 's_left_flipper' inactive >>>>>>>
2021-03-17 15:17:53,546 : INFO : SwitchController : <<<<<<< 's_left_flipper' active >>>>>>>
2021-03-17 15:17:53,632 : INFO : SwitchController : <<<<<<< 's_left_flipper' inactive >>>>>>>
2021-03-17 15:17:53,794 : INFO : SwitchController : <<<<<<< 's_right_flipper' active >>>>>>>
2021-03-17 15:17:53,881 : INFO : SwitchController : <<<<<<< 's_right_flipper' inactive >>>>>>>
2021-03-17 15:17:54,054 : INFO : SwitchController : <<<<<<< 's_left_flipper' active >>>>>>>
2021-03-17 15:17:54,098 : INFO : SwitchController : <<<<<<< 's_left_flipper' inactive >>>>>>>
2021-03-17 15:17:57,754 : WARNING : SwitchController : Received duplicate switch state 0 for switch s_left_flipper from the platform interface. Log Code: Log-SwitchController-1 (https://docs.missionpinball.org/en/0.54/logs/Log-SwitchController-1.html)
2021-03-17 15:17:57,765 : INFO : SwitchController : <<<<<<< 's_left_flipper' active >>>>>>>
2021-03-17 15:17:57,894 : INFO : SwitchController : <<<<<<< 's_left_flipper' inactive >>>>>>>
2021-03-17 15:17:58,077 : INFO : SwitchController : <<<<<<< 's_right_flipper' active >>>>>>>
2021-03-17 15:17:58,196 : INFO : SwitchController : <<<<<<< 's_right_flipper' inactive >>>>>>>
2021-03-17 15:17:58,282 : INFO : SwitchController : <<<<<<< 's_left_flipper' active >>>>>>>
2021-03-17 15:17:58,412 : INFO : SwitchController : <<<<<<< 's_left_flipper' inactive >>>>>>>
2021-03-17 15:17:58,680 : INFO : SwitchController : <<<<<<< 's_right_flipper' active >>>>>>>
2021-03-17 15:17:58,777 : INFO : SwitchController : <<<<<<< 's_right_flipper' inactive >>>>>>>
2021-03-17 15:17:59,014 : INFO : SwitchController : <<<<<<< 's_left_flipper' active >>>>>>>
2021-03-17 15:17:59,133 : INFO : SwitchController : <<<<<<< 's_left_flipper' inactive >>>>>>>
2021-03-17 15:18:07,083 : INFO : SwitchController : <<<<<<< 's_right_flipper' active >>>>>>>
2021-03-17 15:18:07,181 : INFO : SwitchController : <<<<<<< 's_right_flipper' inactive >>>>>>>
2021-03-17 15:18:07,610 : INFO : SwitchController : <<<<<<< 's_right_flipper' active >>>>>>>
2021-03-17 15:18:07,729 : INFO : SwitchController : <<<<<<< 's_right_flipper' inactive >>>>>>>
2021-03-17 15:18:08,106 : INFO : SwitchController : <<<<<<< 's_right_flipper' active >>>>>>>
2021-03-17 15:18:08,211 : INFO : SwitchController : <<<<<<< 's_right_flipper' inactive >>>>>>>
2021-03-17 15:18:09,284 : INFO : SwitchController : <<<<<<< 's_right_flipper' active >>>>>>>
2021-03-17 15:18:09,371 : INFO : SwitchController : <<<<<<< 's_right_flipper' inactive >>>>>>>
2021-03-17 15:18:09,779 : INFO : SwitchController : <<<<<<< 's_right_flipper' active >>>>>>>
2021-03-17 15:18:09,893 : INFO : SwitchController : <<<<<<< 's_right_flipper' inactive >>>>>>>
2021-03-17 15:18:11,278 : INFO : SwitchController : <<<<<<< 's_left_flipper' active >>>>>>>
2021-03-17 15:18:11,510 : INFO : SwitchController : <<<<<<< 's_left_flipper' inactive >>>>>>>
2021-03-17 15:18:12,080 : INFO : SwitchController : <<<<<<< 's_left_flipper' active >>>>>>>
2021-03-17 15:18:12,198 : INFO : SwitchController : <<<<<<< 's_left_flipper' inactive >>>>>>>
2021-03-17 15:18:12,929 : INFO : SwitchController : <<<<<<< 's_left_flipper' active >>>>>>>
2021-03-17 15:18:13,025 : INFO : SwitchController : <<<<<<< 's_left_flipper' inactive >>>>>>>
2021-03-17 15:18:13,413 : INFO : SwitchController : <<<<<<< 's_left_flipper' active >>>>>>>
2021-03-17 15:18:13,521 : INFO : SwitchController : <<<<<<< 's_left_flipper' inactive >>>>>>>
2021-03-17 15:18:13,877 : INFO : SwitchController : <<<<<<< 's_left_flipper' active >>>>>>>
2021-03-17 15:18:13,878 : INFO : SwitchController : <<<<<<< 's_left_flipper' inactive >>>>>>>
2021-03-17 15:18:13,910 : INFO : SwitchController : <<<<<<< 's_left_flipper' active >>>>>>>
2021-03-17 15:18:13,975 : INFO : SwitchController : <<<<<<< 's_left_flipper' inactive >>>>>>>
2021-03-17 15:18:18,805 : INFO : SwitchController : <<<<<<< 's_right_flipper' active >>>>>>>
2021-03-17 15:18:18,902 : INFO : SwitchController : <<<<<<< 's_right_flipper' inactive >>>>>>>
2021-03-17 15:18:19,684 : INFO : SwitchController : <<<<<<< 's_right_flipper' active >>>>>>>
2021-03-17 15:18:19,813 : INFO : SwitchController : <<<<<<< 's_right_flipper' inactive >>>>>>>
2021-03-17 15:18:20,394 : INFO : SwitchController : <<<<<<< 's_right_flipper' active >>>>>>>
2021-03-17 15:18:20,492 : INFO : SwitchController : <<<<<<< 's_right_flipper' inactive >>>>>>>
2021-03-17 15:18:20,857 : INFO : SwitchController : <<<<<<< 's_right_flipper' active >>>>>>>
2021-03-17 15:18:21,016 : INFO : SwitchController : <<<<<<< 's_right_flipper' inactive >>>>>>>
2021-03-17 15:18:21,306 : INFO : SwitchController : <<<<<<< 's_right_flipper' active >>>>>>>
2021-03-17 15:18:21,382 : INFO : SwitchController : <<<<<<< 's_right_flipper' inactive >>>>>>>
2021-03-17 15:18:54,343 : INFO : SwitchController : <<<<<<< 's_right_flipper' active >>>>>>>
2021-03-17 15:18:54,405 : INFO : SwitchController : <<<<<<< 's_right_flipper' inactive >>>>>>>
2021-03-17 15:18:54,443 : INFO : SwitchController : <<<<<<< 's_left_flipper' active >>>>>>>
2021-03-17 15:18:54,493 : INFO : SwitchController : <<<<<<< 's_left_flipper' inactive >>>>>>>
2021-03-17 15:18:54,532 : INFO : SwitchController : <<<<<<< 's_right_flipper' active >>>>>>>
2021-03-17 15:18:54,581 : INFO : SwitchController : <<<<<<< 's_right_flipper' inactive >>>>>>>
2021-03-17 15:18:54,645 : INFO : SwitchController : <<<<<<< 's_left_flipper' active >>>>>>>
2021-03-17 15:18:54,694 : INFO : SwitchController : <<<<<<< 's_right_flipper' active >>>>>>>
2021-03-17 15:18:54,694 : INFO : EventManager : Event: ======'flipper_cancel'====== Args={'triggering_group': 2, 'triggering_switch': 's_right_flipper'}
2021-03-17 15:18:54,694 : INFO : SwitchController : <<<<<<< 's_left_flipper' inactive >>>>>>>
2021-03-17 15:18:54,695 : INFO : EventManager : Event: ======'both_flippers_one'====== Args={'triggering_group': 1, 'triggering_switch': 's_left_flipper'}
2021-03-17 15:18:54,745 : INFO : SwitchController : <<<<<<< 's_right_flipper' inactive >>>>>>>
2021-03-17 15:18:54,745 : INFO : EventManager : Event: ======'both_flippers_inactive'====== Args={'triggering_group': 2, 'triggering_switch': 's_right_flipper'}
2021-03-17 15:18:54,808 : INFO : SwitchController : <<<<<<< 's_left_flipper' active >>>>>>>
2021-03-17 15:18:54,831 : INFO : SwitchController : <<<<<<< 's_right_flipper' active >>>>>>>
2021-03-17 15:18:54,832 : INFO : EventManager : Event: ======'flipper_cancel'====== Args={'triggering_group': 2, 'triggering_switch': 's_right_flipper'}
2021-03-17 15:18:54,856 : INFO : SwitchController : <<<<<<< 's_left_flipper' inactive >>>>>>>
2021-03-17 15:18:54,856 : INFO : EventManager : Event: ======'both_flippers_one'====== Args={'triggering_group': 1, 'triggering_switch': 's_left_flipper'}
2021-03-17 15:18:54,893 : INFO : SwitchController : <<<<<<< 's_right_flipper' inactive >>>>>>>
2021-03-17 15:18:54,893 : INFO : EventManager : Event: ======'both_flippers_inactive'====== Args={'triggering_group': 2, 'triggering_switch': 's_right_flipper'}
2021-03-17 15:18:56,996 : INFO : Machine : Shutting down...
2021-03-17 15:18:56,996 : INFO : EventManager : Event: ======'shutdown'====== Args={}
2021-03-17 15:18:57,000 : INFO : root : MPF run loop ended.
