2021-03-18 19:28:54,580 : kivy : Factory: 184 symbols loaded
2021-03-18 19:28:54,766 : kivy : ImageLoaderFFPy: Using ffpyplayer 4.3.1
2021-03-18 19:28:54,768 : kivy : Image: Providers: img_tex, img_dds, img_sdl2, img_pil, img_ffpyplayer, img_gif 
2021-03-18 19:28:54,839 : kivy : VideoGstplayer: Using Gstreamer 1.16.0.0
2021-03-18 19:28:54,839 : kivy : Video: Provider: gstplayer
2021-03-18 19:28:54,927 : kivy : Loading MPF-MC controller
2021-03-18 19:28:54,931 : YamlMultifileConfigLoader : Machine config file #1: config
2021-03-18 19:28:54,932 : ConfigProcessor : Config file in cache changed: C:\Users\Noah\work\Andy Cavatorta\pinball\notes\MPF\noahgame_02\config\config
2021-03-18 19:28:54,932 : ConfigProcessor : Loading config from file c:\users\noah\mpfenv\lib\site-packages\mpfmc\mcconfig.yaml.
2021-03-18 19:28:54,984 : ConfigProcessor : Loading config: c:\users\noah\mpfenv\lib\site-packages\mpfmc\mcconfig.yaml
2021-03-18 19:28:54,984 : ConfigProcessor : Loading config from file C:\Users\Noah\work\Andy Cavatorta\pinball\notes\MPF\noahgame_02\config\config.
2021-03-18 19:28:55,014 : ConfigProcessor : Loading config: C:\Users\Noah\work\Andy Cavatorta\pinball\notes\MPF\noahgame_02\config\config
2021-03-18 19:28:55,016 : ConfigProcessor : Config file cache created: C:\Users\Noah\AppData\Local\Temp\13e1228f6bf8ea03affe51e56cb3543a.mpf_cache
2021-03-18 19:28:55,018 : ConfigProcessor : Loading config from cache: C:\Users\Noah\AppData\Local\Temp\74774f186c18434d8d39d0d4b0a3afeb.mpf_cache
2021-03-18 19:28:55,018 : ConfigProcessor : Loading config from cache: C:\Users\Noah\AppData\Local\Temp\a7eac71e9da1e9cfd4db34c71351dbda.mpf_cache
2021-03-18 19:28:55,019 : mpfmc : Mission Pinball Framework Media Controller v0.54.0
2021-03-18 19:28:55,019 : mpfmc : Mission Pinball Framework Game Engine v0.54.6
2021-03-18 19:28:55,019 : mpfmc : Machine path: C:\Users\Noah\work\Andy Cavatorta\pinball\notes\MPF\noahgame_02
2021-03-18 19:28:55,019 : mpfmc : Starting clock at 60.0Hz
2021-03-18 19:28:55,055 : kivy : Text: Provider: sdl2
2021-03-18 19:28:55,115 : kivy : Window: Provider: sdl2
2021-03-18 19:28:55,279 : kivy : GL: Using the "OpenGL" graphics system
2021-03-18 19:28:55,282 : kivy : GL: GLEW initialization succeeded
2021-03-18 19:28:55,285 : kivy : GL: Backend used <glew>
2021-03-18 19:28:55,288 : kivy : GL: OpenGL version <b'4.4.0 - Build 20.19.15.4835'>
2021-03-18 19:28:55,289 : kivy : GL: OpenGL vendor <b'Intel'>
2021-03-18 19:28:55,291 : kivy : GL: OpenGL renderer <b'Intel(R) HD Graphics 5500'>
2021-03-18 19:28:55,291 : kivy : GL: OpenGL parsed version: 4, 4
2021-03-18 19:28:55,291 : kivy : GL: Shading version <b'4.40 - Build 20.19.15.4835'>
2021-03-18 19:28:55,291 : kivy : GL: Texture max size <16384>
2021-03-18 19:28:55,292 : kivy : GL: Texture max units <32>
2021-03-18 19:28:55,323 : kivy : Window: auto add sdl2 input provider
2021-03-18 19:28:55,325 : kivy : Window: virtual keyboard not allowed, single mode, not docked
2021-03-18 19:28:55,341 : SoundSystem : SoundSystem: Using default 'sound_system' settings
2021-03-18 19:28:55,837 : AudioInterface : Initialized
2021-03-18 19:28:55,838 : SoundSystem : No audio tracks are specified in your machine config file. a track named 'default' has been created.
2021-03-18 19:28:55,841 : kivy : Base: Start application main loop
2021-03-18 19:28:55,841 : EventManager : Event: ======'display_window_initialized'====== Args={}
2021-03-18 19:28:55,865 : mpfmc : Display: Setting 'window' as default display
2021-03-18 19:28:55,878 : EventManager : Event: ======'displays_initialized'====== Args={}
2021-03-18 19:28:55,879 : EventManager : Event: ======'slide_window_blank_created'====== Args={}
2021-03-18 19:28:55,880 : EventManager : Event: ======'display_window_ready'====== Args={}
2021-03-18 19:28:55,893 : EventManager : Event: ======'init_phase_1'====== Args={}
2021-03-18 19:28:55,898 : EventManager : Event: ======'mc_ready'====== Args={}
2021-03-18 19:28:55,898 : EventManager : Event: ======'init_phase_2'====== Args={}
2021-03-18 19:28:55,902 : EventManager : Event: ======'init_phase_3'====== Args={}
2021-03-18 19:28:55,903 : EventManager : Event: ======'init_phase_4'====== Args={}
2021-03-18 19:28:55,903 : EventManager : Event: ======'init_phase_5'====== Args={}
2021-03-18 19:28:55,904 : EventManager : Event: ======'init_done'====== Args={}
2021-03-18 19:28:55,904 : MPF-MC BCP Server : Starting up on localhost port 5050
2021-03-18 19:28:55,909 : MPF-MC BCP Server : Waiting for a connection...
2021-03-18 19:28:55,909 : mpfmc : SlidePlayer: Play called with settings={'slides': {welcome_slide-None-None: {'priority': None, 'target': None, 'background_color': [0.0, 0.0, 0.0, 1.0], 'show': True, 'force': False, 'expire': None, 'slide': None, 'tokens': {}, 'action': 'play', 'transition': None, 'transition_out': None}}}
2021-03-18 19:28:55,915 : kivy : GL: NPOT texture support is available
2021-03-18 19:28:55,920 : EventManager : Event: ======'slide_welcome_slide_created'====== Args={}
2021-03-18 19:28:55,924 : EventManager : Event: ======'slide_welcome_slide_active'====== Args={}
2021-03-18 19:28:55,934 : EventManager : Event: ======'client_disconnected'====== Args={'host': '127.0.0.1', 'port': 5050}
2021-03-18 19:28:56,903 : MPF-MC BCP Server : Received connection from: 127.0.0.1:54616
2021-03-18 19:28:56,914 : EventManager : Event: ======'client_connected'====== Args={'host': '127.0.0.1', 'port': 54616}
2021-03-18 19:28:56,926 : EventManager : Event: ======'machine_var_p_roc_version'====== Args={'value': 2, 'prev_value': None, 'change': True}
2021-03-18 19:28:56,926 : EventManager : Event: ======'machine_var_p_roc_revision'====== Args={'value': 6, 'prev_value': None, 'change': True}
2021-03-18 19:28:56,927 : EventManager : Event: ======'machine_var_p_roc_hardware_version'====== Args={'value': 1, 'prev_value': None, 'change': True}
2021-03-18 19:28:56,927 : EventManager : Event: ======'machine_var_credits_string'====== Args={'value': 'FREE PLAY', 'prev_value': None, 'change': True}
2021-03-18 19:28:56,927 : EventManager : Event: ======'machine_var_mpf_version'====== Args={'value': 'MPF v0.54.6', 'prev_value': None, 'change': True}
2021-03-18 19:28:56,928 : EventManager : Event: ======'machine_var_mpf_extended_version'====== Args={'value': 'MPF v0.54.6, Config version:5, Show version: 5, BCP version:1.1', 'prev_value': None, 'change': True}
2021-03-18 19:28:56,928 : EventManager : Event: ======'machine_var_python_version'====== Args={'value': '3.7.9', 'prev_value': None, 'change': True}
2021-03-18 19:28:56,929 : EventManager : Event: ======'machine_var_platform'====== Args={'value': 'Windows-10-10.0.19041-SP0', 'prev_value': None, 'change': True}
2021-03-18 19:28:56,929 : EventManager : Event: ======'machine_var_platform_system'====== Args={'value': 'Windows', 'prev_value': None, 'change': True}
2021-03-18 19:28:56,930 : EventManager : Event: ======'machine_var_platform_release'====== Args={'value': '10', 'prev_value': None, 'change': True}
2021-03-18 19:28:56,930 : EventManager : Event: ======'machine_var_platform_version'====== Args={'value': '10.0.19041', 'prev_value': None, 'change': True}
2021-03-18 19:28:56,931 : EventManager : Event: ======'machine_var_platform_machine'====== Args={'value': 'AMD64', 'prev_value': None, 'change': True}
2021-03-18 19:28:56,935 : EventManager : Event: ======'machine_var_mc_version'====== Args={'value': 'MPF-MC v0.54.0', 'prev_value': None, 'change': True}
2021-03-18 19:28:56,935 : EventManager : Event: ======'machine_var_mc_extended_version'====== Args={'value': 'MPF-MC v0.54.0 (config_version=5, BCP v1.1, Requires MPF v0.54.0)', 'prev_value': None, 'change': True}
2021-03-18 19:28:56,936 : EventManager : Event: ======'machine_var_master_volume'====== Args={'value': 0.5, 'prev_value': None, 'change': True}
2021-03-18 19:28:56,936 : EventManager : Event: ======'machine_var_audits_switches_s_start'====== Args={'value': 0, 'prev_value': None, 'change': True}
2021-03-18 19:28:56,936 : EventManager : Event: ======'machine_var_audits_switches_s_right_inlane'====== Args={'value': 0, 'prev_value': None, 'change': True}
2021-03-18 19:28:56,937 : EventManager : Event: ======'machine_var_audits_switches_s_trough1'====== Args={'value': 0, 'prev_value': None, 'change': True}
2021-03-18 19:28:56,937 : EventManager : Event: ======'machine_var_audits_switches_s_left_flipper'====== Args={'value': 0, 'prev_value': None, 'change': True}
2021-03-18 19:28:56,937 : EventManager : Event: ======'machine_var_audits_switches_s_right_flipper'====== Args={'value': 0, 'prev_value': None, 'change': True}
2021-03-18 19:28:56,937 : EventManager : Event: ======'machine_var_audits_switches_s_left_slingshot'====== Args={'value': 0, 'prev_value': None, 'change': True}
2021-03-18 19:28:56,937 : EventManager : Event: ======'machine_var_audits_switches_s_right_slingshot'====== Args={'value': 0, 'prev_value': None, 'change': True}
2021-03-18 19:28:56,938 : EventManager : Event: ======'machine_var_audits_switches_s_drop_target'====== Args={'value': 0, 'prev_value': None, 'change': True}
2021-03-18 19:28:56,938 : EventManager : Event: ======'slides_play'====== Args={'settings': {'welcome_slide': {'target': None, 'background_color': [0.0, 0.0, 0.0, 1.0], 'priority': None, 'show': True, 'force': False, 'expire': None, 'slide': None, 'tokens': {}, 'action': 'play'}}, 'context': '_global', 'calling_context': 'init_done', 'priority': 0}
2021-03-18 19:28:56,938 : EventManager : Event: ======'mc_reset_phase_1'====== Args={}
2021-03-18 19:28:56,939 : mpfmc : SlidePlayer: Play called with settings={'welcome_slide': {'target': None, 'background_color': [0.0, 0.0, 0.0, 1.0], 'priority': None, 'show': True, 'force': False, 'expire': None, 'slide': None, 'tokens': {}, 'action': 'play'}}
2021-03-18 19:28:56,940 : EventManager : Event: ======'slide_welcome_slide_removed'====== Args={}
2021-03-18 19:28:56,946 : EventManager : Event: ======'slide_welcome_slide_created'====== Args={}
2021-03-18 19:28:56,948 : EventManager : Event: ======'mc_reset_phase_2'====== Args={}
2021-03-18 19:28:56,948 : EventManager : Event: ======'mc_reset_phase_3'====== Args={}
2021-03-18 19:28:56,949 : EventManager : Event: ======'mc_reset_complete'====== Args={}
2021-03-18 19:28:56,952 : EventManager : Event: ======'slide_welcome_slide_active'====== Args={}
2021-03-18 19:28:56,963 : EventManager : Event: ======'slides_play'====== Args={'settings': {'attract_started': {'target': None, 'background_color': [0.0, 0.0, 0.0, 1.0], 'priority': None, 'show': True, 'force': False, 'expire': None, 'slide': None, 'tokens': {}, 'action': 'play'}}, 'context': '_global', 'calling_context': 'mode_attract_started', 'priority': 0}
2021-03-18 19:28:56,964 : mpfmc : SlidePlayer: Play called with settings={'attract_started': {'target': None, 'background_color': [0.0, 0.0, 0.0, 1.0], 'priority': None, 'show': True, 'force': False, 'expire': None, 'slide': None, 'tokens': {}, 'action': 'play'}}
2021-03-18 19:28:56,971 : EventManager : Event: ======'slide_attract_started_created'====== Args={}
2021-03-18 19:28:56,973 : EventManager : Event: ======'slide_attract_started_active'====== Args={}
2021-03-18 19:29:02,155 : EventManager : Event: ======'game_started'====== Args={}
2021-03-18 19:29:02,167 : EventManager : Event: ======'player_added'====== Args={'player': <Player 1>, 'num': 1}
2021-03-18 19:29:02,167 : EventManager : Event: ======'player_index'====== Args={'value': 0, 'prev_value': 0, 'change': 0, 'player_num': 1}
2021-03-18 19:29:02,167 : EventManager : Event: ======'player_number'====== Args={'value': 1, 'prev_value': 1, 'change': 0, 'player_num': 1}
2021-03-18 19:29:02,168 : EventManager : Event: ======'player_score'====== Args={'value': 0, 'prev_value': 0, 'change': 0, 'player_num': 1}
2021-03-18 19:29:02,168 : EventManager : Event: ======'player_ball'====== Args={'value': 1, 'prev_value': 0, 'change': 1, 'player_num': 1}
2021-03-18 19:29:02,168 : EventManager : Event: ======'player_turn_start'====== Args={'number': 1, 'player': <Player 1>}
2021-03-18 19:29:02,169 : EventManager : Event: ======'slides_play'====== Args={'settings': {'widgets': {'widgets': [{'type': 'text', 'text': 'PLAYER (number) BALL (ball)', '_default_settings': ['type', 'text'], 'x': None, 'y': None, 'anchor_x': 'center', 'anchor_y': 'center', 'round_anchor_x': None, 'round_anchor_y': None, 'opacity': 1.0, 'z': 0, 'reset_animations_events': {}, 'color': [1.0, 1.0, 1.0, 1.0], 'style': [], 'adjust_top': 0, 'adjust_bottom': 0, 'adjust_left': 0, 'adjust_right': 0, 'expire': None, 'key': None, 'widget': None, 'events_when_added': [], 'events_when_removed': [], 'font_size': 15, 'bitmap_font': False, 'font_kerning': True, 'bold': False, 'italic': False, 'number_grouping': False, 'min_digits': 0, 'halign': 'center', 'valign': 'middle', 'rotation': 0, 'scale': 1.0, 'casing': None, 'animations': None}], 'target': None, 'background_color': [0.0, 0.0, 0.0, 1.0], 'priority': None, 'show': True, 'force': False, 'expire': None, 'slide': None, 'tokens': {}, 'action': 'play'}}, 'context': '_global', 'calling_context': 'ball_started', 'priority': 0, 'player': 1, 'ball': 1, 'balls_remaining': 2, 'is_extra_ball': False}
2021-03-18 19:29:02,170 : mpfmc : SlidePlayer: Play called with settings={'widgets': {'widgets': [{'type': 'text', 'text': 'PLAYER (number) BALL (ball)', '_default_settings': ['type', 'text'], 'x': None, 'y': None, 'anchor_x': 'center', 'anchor_y': 'center', 'round_anchor_x': None, 'round_anchor_y': None, 'opacity': 1.0, 'z': 0, 'reset_animations_events': {}, 'color': [1.0, 1.0, 1.0, 1.0], 'style': [], 'adjust_top': 0, 'adjust_bottom': 0, 'adjust_left': 0, 'adjust_right': 0, 'expire': None, 'key': None, 'widget': None, 'events_when_added': [], 'events_when_removed': [], 'font_size': 15, 'bitmap_font': False, 'font_kerning': True, 'bold': False, 'italic': False, 'number_grouping': False, 'min_digits': 0, 'halign': 'center', 'valign': 'middle', 'rotation': 0, 'scale': 1.0, 'casing': None, 'animations': None}], 'target': None, 'background_color': [0.0, 0.0, 0.0, 1.0], 'priority': None, 'show': True, 'force': False, 'expire': None, 'slide': None, 'tokens': {}, 'action': 'play'}}
2021-03-18 19:29:02,173 : EventManager : Event: ======'slide__global.slide_player-ball_started_created'====== Args={}
2021-03-18 19:29:02,175 : EventManager : Event: ======'slide__global.slide_player-ball_started_active'====== Args={}
2021-03-18 19:45:13,150 : EventManager : Event: ======'machine_var_audits_switches_s_trough1'====== Args={'value': 1, 'prev_value': 0, 'change': 1}
2021-03-18 19:45:22,354 : EventManager : Event: ======'machine_var_audits_switches_s_right_flipper'====== Args={'value': 1, 'prev_value': 0, 'change': 1}
2021-03-18 19:45:22,608 : EventManager : Event: ======'machine_var_audits_switches_s_right_flipper'====== Args={'value': 2, 'prev_value': 1, 'change': 1}
2021-03-18 19:45:22,810 : EventManager : Event: ======'machine_var_audits_switches_s_right_flipper'====== Args={'value': 3, 'prev_value': 2, 'change': 1}
2021-03-18 19:45:23,721 : EventManager : Event: ======'machine_var_audits_switches_s_right_slingshot'====== Args={'value': 1, 'prev_value': 0, 'change': 1}
2021-03-18 19:45:23,746 : EventManager : Event: ======'machine_var_audits_switches_s_right_slingshot'====== Args={'value': 2, 'prev_value': 1, 'change': 1}
2021-03-18 19:45:23,910 : EventManager : Event: ======'machine_var_audits_switches_s_right_slingshot'====== Args={'value': 3, 'prev_value': 2, 'change': 1}
2021-03-18 19:45:50,264 : EventManager : Event: ======'machine_var_audits_switches_s_start'====== Args={'value': 1, 'prev_value': 0, 'change': 1}
2021-03-18 19:48:32,444 : EventManager : Event: ======'player_added'====== Args={'player': <Player 2>, 'num': 2}
2021-03-18 19:48:32,446 : EventManager : Event: ======'player_index'====== Args={'value': 1, 'prev_value': 1, 'change': 0, 'player_num': 2}
2021-03-18 19:48:32,446 : EventManager : Event: ======'player_number'====== Args={'value': 2, 'prev_value': 2, 'change': 0, 'player_num': 2}
2021-03-18 19:48:32,447 : EventManager : Event: ======'player_score'====== Args={'value': 0, 'prev_value': 0, 'change': 0, 'player_num': 2}
2021-03-18 19:48:32,448 : EventManager : Event: ======'machine_var_audits_switches_s_start'====== Args={'value': 2, 'prev_value': 1, 'change': 1}
2021-03-18 19:48:32,449 : EventManager : Event: ======'player_added'====== Args={'player': <Player 3>, 'num': 3}
2021-03-18 19:48:32,449 : EventManager : Event: ======'player_index'====== Args={'value': 2, 'prev_value': 2, 'change': 0, 'player_num': 3}
2021-03-18 19:48:32,457 : EventManager : Event: ======'player_number'====== Args={'value': 3, 'prev_value': 3, 'change': 0, 'player_num': 3}
2021-03-18 19:48:32,457 : EventManager : Event: ======'player_score'====== Args={'value': 0, 'prev_value': 0, 'change': 0, 'player_num': 3}
2021-03-18 19:48:32,458 : EventManager : Event: ======'machine_var_audits_switches_s_start'====== Args={'value': 3, 'prev_value': 2, 'change': 1}
2021-03-18 19:48:32,458 : EventManager : Event: ======'player_added'====== Args={'player': <Player 4>, 'num': 4}
2021-03-18 19:48:32,458 : EventManager : Event: ======'player_index'====== Args={'value': 3, 'prev_value': 3, 'change': 0, 'player_num': 4}
2021-03-18 19:48:32,459 : EventManager : Event: ======'player_number'====== Args={'value': 4, 'prev_value': 4, 'change': 0, 'player_num': 4}
2021-03-18 19:48:32,459 : EventManager : Event: ======'player_score'====== Args={'value': 0, 'prev_value': 0, 'change': 0, 'player_num': 4}
2021-03-18 19:48:32,490 : kivy : Base: Leaving application in progress...
2021-03-18 19:48:32,683 : kivy : WindowSDL: exiting mainloop and closing.
2021-03-18 19:48:32,706 : mpfmc : Stopping...
2021-03-18 19:48:32,706 : EventManager : Event: ======'shutdown'====== Args={}
2021-03-18 19:48:32,707 : mpfmc : Loop rate 67.81 Hz
2021-03-18 19:48:32,708 : kivy : MC run loop ended.
2021-03-18 19:48:32,708 : kivy : Stopping child threads... (3 remaining)
2021-03-18 19:48:32,802 : mpfmc : Stopping...
2021-03-18 19:48:32,805 : EventManager : Event: ======'shutdown'====== Args={}
2021-03-18 19:48:32,806 : mpfmc : Loop rate 67.8 Hz
2021-03-18 19:48:33,684 : MPF-MC BCP Server : Stopping BCP sending thread
2021-03-18 19:48:33,713 : kivy : All child threads stopped.
