2021-03-19 14:08:45,594 : INFO : root : Loading config.
2021-03-19 14:08:45,603 : INFO : YamlMultifileConfigLoader : Machine config file #1: config.yaml
2021-03-19 14:08:45,604 : WARNING : ConfigProcessor : Config file in cache changed: C:\Users\Noah\work\Andy Cavatorta\pinball\notes\MPF\noahgame_02\config\config.yaml
2021-03-19 14:08:45,604 : INFO : ConfigProcessor : Loading config from file c:\users\noah\mpfenv\lib\site-packages\mpf\mpfconfig.yaml.
2021-03-19 14:08:45,712 : INFO : ConfigProcessor : Loading config: c:\users\noah\mpfenv\lib\site-packages\mpf\mpfconfig.yaml
2021-03-19 14:08:45,713 : INFO : ConfigProcessor : Loading config from file C:\Users\Noah\work\Andy Cavatorta\pinball\notes\MPF\noahgame_02\config\config.yaml.
2021-03-19 14:08:45,755 : INFO : ConfigProcessor : Loading config: C:\Users\Noah\work\Andy Cavatorta\pinball\notes\MPF\noahgame_02\config\config.yaml
2021-03-19 14:08:45,758 : INFO : ConfigProcessor : Config file cache created: C:\Users\Noah\AppData\Local\Temp\d1f6a309ab2e3c3e66b0fef93f7a960f.mpf_cache
2021-03-19 14:08:45,872 : INFO : ConfigProcessor : Loading config from cache: C:\Users\Noah\AppData\Local\Temp\98acf0898e619a6798c45a0e5cbb339b.mpf_cache
2021-03-19 14:08:45,873 : INFO : ConfigProcessor : Loading config from cache: C:\Users\Noah\AppData\Local\Temp\a7eac71e9da1e9cfd4db34c71351dbda.mpf_cache
2021-03-19 14:08:45,874 : INFO : ConfigProcessor : Loading config from cache: C:\Users\Noah\AppData\Local\Temp\c6adbc38c235400b65ae43d7099eba05.mpf_cache
2021-03-19 14:08:45,876 : INFO : ConfigProcessor : Loading config from cache: C:\Users\Noah\AppData\Local\Temp\9689abd61e57da3f8bc074c7a88f2b77.mpf_cache
2021-03-19 14:08:45,877 : INFO : ConfigProcessor : Loading config from cache: C:\Users\Noah\AppData\Local\Temp\06881332f8a9c1e11264544d2c255f98.mpf_cache
2021-03-19 14:08:45,878 : INFO : Machine : Mission Pinball Framework Core Engine v0.54.6
2021-03-19 14:08:45,878 : INFO : Machine : Command line arguments: {'no_load_cache': False, 'create_config_cache': True, 'bcp': True, 'configfile': ['config.yaml'], 'force_assets_load': False, 'jsonlogging': False, 'logfile': 'logs\\2021-03-19-14-08-45-mpf-DESKTOP-VL0THH1.log', 'pause': False, 'production': False, 'text_ui': False, 'loglevel': 15, 'consoleloglevel': 20, 'force_platform': None, 'syslog_address': None, 'mc_file_name': None, 'no_sound': False}
2021-03-19 14:08:45,878 : INFO : Machine : MPF path: c:\users\noah\mpfenv\lib\site-packages\mpf
2021-03-19 14:08:45,878 : INFO : Machine : Machine path: C:\Users\Noah\work\Andy Cavatorta\pinball\notes\MPF\noahgame_02
2021-03-19 14:08:45,878 : INFO : Machine : Platform: win32
2021-03-19 14:08:45,878 : INFO : Machine : Python executable location: c:\users\noah\mpfenv\scripts\python.exe
2021-03-19 14:08:45,878 : INFO : Machine : Python version: 3.7.9 (64-bit)
2021-03-19 14:08:45,882 : INFO : Machine : Initialise MPF.
2021-03-19 14:08:45,994 : INFO : P-Roc : Connecting to P-ROC
2021-03-19 14:08:46,206 : INFO : P-Roc : Successfully connected to P-ROC/P3-ROC. Firmware Version: 2. Firmware Revision: 6. Hardware Board ID: 1
2021-03-19 14:08:46,206 : WARNING : P-Roc : Consider upgrading the firmware of your P/P3-Roc to at least 2.14. Your version contains known bugs.
2021-03-19 14:08:46,273 : INFO : EventManager : Event: ======'machine_var_p_roc_version'====== Args={'value': 2, 'prev_value': None, 'change': True}
2021-03-19 14:08:46,273 : INFO : EventManager : Event: ======'machine_var_p_roc_revision'====== Args={'value': 6, 'prev_value': None, 'change': True}
2021-03-19 14:08:46,273 : INFO : EventManager : Event: ======'machine_var_p_roc_hardware_version'====== Args={'value': 1, 'prev_value': None, 'change': True}
2021-03-19 14:08:46,273 : INFO : EventManager : Event: ======'machine_var_credits_string'====== Args={'value': 'FREE PLAY', 'prev_value': None, 'change': True}
2021-03-19 14:08:46,362 : INFO : EventManager : Event: ======'machine_var_mpf_version'====== Args={'value': 'MPF v0.54.6', 'prev_value': None, 'change': True}
2021-03-19 14:08:46,362 : INFO : EventManager : Event: ======'machine_var_mpf_extended_version'====== Args={'value': 'MPF v0.54.6, Config version:5, Show version: 5, BCP version:1.1', 'prev_value': None, 'change': True}
2021-03-19 14:08:46,362 : INFO : EventManager : Event: ======'machine_var_python_version'====== Args={'value': '3.7.9', 'prev_value': None, 'change': True}
2021-03-19 14:08:46,362 : INFO : EventManager : Event: ======'machine_var_platform'====== Args={'value': 'Windows-10-10.0.19041-SP0', 'prev_value': None, 'change': True}
2021-03-19 14:08:46,363 : INFO : EventManager : Event: ======'machine_var_platform_system'====== Args={'value': 'Windows', 'prev_value': None, 'change': True}
2021-03-19 14:08:46,363 : INFO : EventManager : Event: ======'machine_var_platform_release'====== Args={'value': '10', 'prev_value': None, 'change': True}
2021-03-19 14:08:46,363 : INFO : EventManager : Event: ======'machine_var_platform_version'====== Args={'value': '10.0.19041', 'prev_value': None, 'change': True}
2021-03-19 14:08:46,363 : INFO : EventManager : Event: ======'machine_var_platform_machine'====== Args={'value': 'AMD64', 'prev_value': None, 'change': True}
2021-03-19 14:08:46,363 : INFO : EventManager : Event: ======'init_phase_1'====== Args={}
2021-03-19 14:08:46,397 : INFO : EventManager : Event: ======'drop_target_bank_noah_up'====== Args={}
2021-03-19 14:08:46,400 : INFO : EventManager : Event: ======'init_phase_2'====== Args={}
2021-03-19 14:08:46,425 : INFO : SwitchController : Found active switch: (6, <Platform.P3-ROC>) <switch.s_right_inlane>
2021-03-19 14:08:46,425 : INFO : SwitchController : Found active switch: (15, <Platform.P3-ROC>) <switch.s_trough1>
2021-03-19 14:08:46,426 : INFO : SwitchController : Found active switch: (4, <Platform.P3-ROC>) <switch.s_drop_target>
2021-03-19 14:08:46,431 : INFO : EventManager : Event: ======'bcp_connection_attempt'====== Args={'name': 'local_display', 'host': 'localhost', 'port': 5050}
2021-03-19 14:08:46,433 : INFO : BCPClientSocket : Connecting BCP to 'local_display' at localhost:5050...
2021-03-19 14:08:48,450 : INFO : BCPClientSocket : Connected BCP to 'local_display' localhost:5050
2021-03-19 14:08:48,451 : INFO : EventManager : Event: ======'bcp_clients_connected'====== Args={}
2021-03-19 14:08:48,452 : INFO : ball_device.bd_trough : State: idle
2021-03-19 14:08:48,474 : INFO : EventManager : Event: ======'init_phase_3'====== Args={}
2021-03-19 14:08:48,479 : INFO : EventManager : Event: ======'machine_var_mc_version'====== Args={'value': 'MPF-MC v0.54.0', 'prev_value': None, 'change': True}
2021-03-19 14:08:48,479 : INFO : EventManager : Event: ======'machine_var_mc_extended_version'====== Args={'value': 'MPF-MC v0.54.0 (config_version=5, BCP v1.1, Requires MPF v0.54.0)', 'prev_value': None, 'change': True}
2021-03-19 14:08:48,482 : INFO : EventManager : Event: ======'machine_var_master_volume'====== Args={'value': 0.5, 'prev_value': None, 'change': True}
2021-03-19 14:08:48,482 : INFO : EventManager : Event: ======'init_phase_4'====== Args={}
2021-03-19 14:08:48,483 : INFO : EventManager : Event: ======'playfield_active'====== Args={}
2021-03-19 14:08:48,483 : INFO : EventManager : Event: ======'unexpected_ball_on_playfield'====== Args={}
2021-03-19 14:08:48,483 : INFO : EventManager : Event: ======'drop_target_d_drop_target_down'====== Args={'device': <drop_target.d_drop_target>}
2021-03-19 14:08:48,483 : INFO : EventManager : Event: ======'drop_target_bank_noah_down'====== Args={}
2021-03-19 14:08:48,483 : INFO : BallController : Initial balls found: 1
2021-03-19 14:08:48,487 : INFO : EventManager : Event: ======'machine_var_audits_switches_s_drop_target'====== Args={'value': 123, 'prev_value': None, 'change': True}
2021-03-19 14:08:48,487 : INFO : EventManager : Event: ======'machine_var_audits_switches_s_left_flipper'====== Args={'value': 20, 'prev_value': None, 'change': True}
2021-03-19 14:08:48,487 : INFO : EventManager : Event: ======'machine_var_audits_switches_s_left_slingshot'====== Args={'value': 9, 'prev_value': None, 'change': True}
2021-03-19 14:08:48,487 : INFO : EventManager : Event: ======'machine_var_audits_switches_s_right_flipper'====== Args={'value': 31, 'prev_value': None, 'change': True}
2021-03-19 14:08:48,488 : INFO : EventManager : Event: ======'machine_var_audits_switches_s_right_inlane'====== Args={'value': 9, 'prev_value': None, 'change': True}
2021-03-19 14:08:48,488 : INFO : EventManager : Event: ======'machine_var_audits_switches_s_right_slingshot'====== Args={'value': 31, 'prev_value': None, 'change': True}
2021-03-19 14:08:48,488 : INFO : EventManager : Event: ======'machine_var_audits_switches_s_start'====== Args={'value': 12, 'prev_value': None, 'change': True}
2021-03-19 14:08:48,489 : INFO : EventManager : Event: ======'machine_var_audits_switches_s_trough1'====== Args={'value': 6, 'prev_value': None, 'change': True}
2021-03-19 14:08:48,490 : INFO : EventManager : Event: ======'init_phase_5'====== Args={}
2021-03-19 14:08:48,490 : INFO : EventManager : Event: ======'init_done'====== Args={}
2021-03-19 14:08:48,492 : INFO : EventManager : Event: ======'machine_reset_phase_1'====== Args={}
2021-03-19 14:08:48,507 : INFO : EventManager : Event: ======'slide_welcome_slide_removed'====== Args={'_from_bcp': True}
2021-03-19 14:08:48,510 : INFO : EventManager : Event: ======'slide_welcome_slide_created'====== Args={'_from_bcp': True}
2021-03-19 14:08:48,512 : INFO : EventManager : Event: ======'slide_welcome_slide_active'====== Args={'_from_bcp': True}
2021-03-19 14:08:48,512 : INFO : EventManager : Event: ======'machine_reset_phase_2'====== Args={}
2021-03-19 14:08:48,513 : INFO : EventManager : Event: ======'machine_reset_phase_3'====== Args={}
2021-03-19 14:08:48,513 : INFO : drop_target_bank.noah : 1 targets are down. Will reset those.
2021-03-19 14:08:48,513 : INFO : coil.c_reset_drop_target : Pulsing Driver for 15ms (1.0 pulse_power)
2021-03-19 14:08:48,527 : INFO : EventManager : Event: ======'reset_complete'====== Args={}
2021-03-19 14:08:48,527 : INFO : coil.c_reset_drop_target : Pulsing Driver for 15ms (1.0 pulse_power)
2021-03-19 14:08:48,527 : INFO : EventManager : Event: ======'mode_attract_will_start'====== Args={}
2021-03-19 14:08:48,528 : INFO : EventManager : Event: ======'mode_attract_starting'====== Args={}
2021-03-19 14:08:48,528 : INFO : Mode.attract : Started. Priority: 10
2021-03-19 14:08:48,528 : INFO : EventManager : Event: ======'modes_active_modes_changed'====== Args={}
2021-03-19 14:08:48,528 : INFO : EventManager : Event: ======'mode_attract_started'====== Args={}
2021-03-19 14:08:48,529 : INFO : EventManager : Event: ======'collecting_balls_complete'====== Args={}
2021-03-19 14:08:48,530 : INFO : Machine : Starting the main run loop.
2021-03-19 14:08:48,543 : INFO : EventManager : Event: ======'slide_awesome_slide_created'====== Args={'_from_bcp': True}
2021-03-19 14:08:48,545 : INFO : EventManager : Event: ======'slide_awesome_slide_active'====== Args={'_from_bcp': True}
2021-03-19 14:08:48,553 : INFO : SwitchController : <<<<<<< 's_drop_target' inactive >>>>>>>
2021-03-19 14:08:49,003 : INFO : EventManager : Event: ======'drop_target_d_drop_target_up'====== Args={'device': <drop_target.d_drop_target>}
2021-03-19 14:08:49,003 : INFO : EventManager : Event: ======'restore'====== Args={}
2021-03-19 14:08:49,003 : INFO : EventManager : Event: ======'drop_target_bank_noah_up'====== Args={}
2021-03-19 14:08:49,471 : INFO : drop_target_bank.noah : All targets are already up. Will not reset bank.
2021-03-19 14:08:51,521 : INFO : EventManager : Event: ======'slide_press_start_created'====== Args={'_from_bcp': True}
2021-03-19 14:08:51,524 : INFO : EventManager : Event: ======'slide_press_start_active'====== Args={'_from_bcp': True}
2021-03-19 14:08:52,262 : INFO : SwitchController : <<<<<<< 's_drop_target' active >>>>>>>
2021-03-19 14:08:52,262 : INFO : EventManager : Event: ======'playfield_active'====== Args={}
2021-03-19 14:08:52,263 : INFO : EventManager : Event: ======'unexpected_ball_on_playfield'====== Args={}
2021-03-19 14:08:52,263 : INFO : EventManager : Event: ======'drop_target_d_drop_target_down'====== Args={'device': <drop_target.d_drop_target>}
2021-03-19 14:08:52,263 : INFO : EventManager : Event: ======'drop_target_bank_noah_down'====== Args={}
2021-03-19 14:08:53,267 : INFO : drop_target_bank.noah : 1 targets are down. Will reset those.
2021-03-19 14:08:53,267 : INFO : coil.c_reset_drop_target : Pulsing Driver for 15ms (1.0 pulse_power)
2021-03-19 14:08:53,291 : INFO : SwitchController : <<<<<<< 's_drop_target' inactive >>>>>>>
2021-03-19 14:08:53,756 : INFO : EventManager : Event: ======'restore'====== Args={}
2021-03-19 14:08:53,756 : INFO : EventManager : Event: ======'drop_target_bank_noah_down'====== Args={}
2021-03-19 14:08:53,756 : INFO : EventManager : Event: ======'drop_target_d_drop_target_up'====== Args={'device': <drop_target.d_drop_target>}
2021-03-19 14:08:53,756 : INFO : EventManager : Event: ======'drop_target_bank_noah_up'====== Args={}
2021-03-19 14:08:54,269 : INFO : SwitchController : <<<<<<< 's_drop_target' active >>>>>>>
2021-03-19 14:08:54,269 : INFO : EventManager : Event: ======'playfield_active'====== Args={}
2021-03-19 14:08:54,269 : INFO : EventManager : Event: ======'unexpected_ball_on_playfield'====== Args={}
2021-03-19 14:08:54,269 : INFO : EventManager : Event: ======'drop_target_d_drop_target_down'====== Args={'device': <drop_target.d_drop_target>}
2021-03-19 14:08:54,269 : INFO : EventManager : Event: ======'drop_target_bank_noah_down'====== Args={}
2021-03-19 14:08:54,519 : INFO : EventManager : Event: ======'slide_mission_pinball_created'====== Args={'_from_bcp': True}
2021-03-19 14:08:54,520 : INFO : EventManager : Event: ======'slide_mission_pinball_active'====== Args={'_from_bcp': True}
2021-03-19 14:08:54,765 : INFO : drop_target_bank.noah : 1 targets are down. Will reset those.
2021-03-19 14:08:54,765 : INFO : coil.c_reset_drop_target : Pulsing Driver for 15ms (1.0 pulse_power)
2021-03-19 14:08:54,801 : INFO : SwitchController : <<<<<<< 's_drop_target' inactive >>>>>>>
2021-03-19 14:08:55,256 : INFO : EventManager : Event: ======'drop_target_d_drop_target_up'====== Args={'device': <drop_target.d_drop_target>}
2021-03-19 14:08:55,257 : INFO : EventManager : Event: ======'restore'====== Args={}
2021-03-19 14:08:55,257 : INFO : EventManager : Event: ======'drop_target_bank_noah_up'====== Args={}
2021-03-19 14:08:55,257 : INFO : drop_target_bank.noah : All targets are already up. Will not reset bank.
2021-03-19 14:08:55,649 : INFO : SwitchController : <<<<<<< 's_drop_target' active >>>>>>>
2021-03-19 14:08:55,649 : INFO : EventManager : Event: ======'playfield_active'====== Args={}
2021-03-19 14:08:55,650 : INFO : EventManager : Event: ======'unexpected_ball_on_playfield'====== Args={}
2021-03-19 14:08:55,650 : INFO : EventManager : Event: ======'drop_target_d_drop_target_down'====== Args={'device': <drop_target.d_drop_target>}
2021-03-19 14:08:55,650 : INFO : EventManager : Event: ======'drop_target_bank_noah_down'====== Args={}
2021-03-19 14:08:56,634 : INFO : drop_target_bank.noah : 1 targets are down. Will reset those.
2021-03-19 14:08:56,634 : INFO : coil.c_reset_drop_target : Pulsing Driver for 15ms (1.0 pulse_power)
2021-03-19 14:08:56,668 : INFO : SwitchController : <<<<<<< 's_drop_target' inactive >>>>>>>
2021-03-19 14:08:57,134 : INFO : EventManager : Event: ======'restore'====== Args={}
2021-03-19 14:08:57,134 : INFO : EventManager : Event: ======'drop_target_bank_noah_down'====== Args={}
2021-03-19 14:08:57,134 : INFO : EventManager : Event: ======'drop_target_d_drop_target_up'====== Args={'device': <drop_target.d_drop_target>}
2021-03-19 14:08:57,134 : INFO : EventManager : Event: ======'drop_target_bank_noah_up'====== Args={}
2021-03-19 14:08:57,305 : INFO : SwitchController : <<<<<<< 's_drop_target' active >>>>>>>
2021-03-19 14:08:57,305 : INFO : EventManager : Event: ======'playfield_active'====== Args={}
2021-03-19 14:08:57,305 : INFO : EventManager : Event: ======'unexpected_ball_on_playfield'====== Args={}
2021-03-19 14:08:57,306 : INFO : EventManager : Event: ======'drop_target_d_drop_target_down'====== Args={'device': <drop_target.d_drop_target>}
2021-03-19 14:08:57,306 : INFO : EventManager : Event: ======'drop_target_bank_noah_down'====== Args={}
2021-03-19 14:08:57,535 : INFO : EventManager : Event: ======'slide_last_game_score_slide_created'====== Args={'_from_bcp': True}
2021-03-19 14:08:57,537 : INFO : EventManager : Event: ======'slide_last_game_score_slide_active'====== Args={'_from_bcp': True}
2021-03-19 14:08:58,138 : INFO : drop_target_bank.noah : 1 targets are down. Will reset those.
2021-03-19 14:08:58,138 : INFO : coil.c_reset_drop_target : Pulsing Driver for 15ms (1.0 pulse_power)
2021-03-19 14:08:58,171 : INFO : SwitchController : <<<<<<< 's_drop_target' inactive >>>>>>>
2021-03-19 14:08:58,302 : INFO : drop_target_bank.noah : 1 targets are down. Will reset those.
2021-03-19 14:08:58,302 : INFO : coil.c_reset_drop_target : Pulsing Driver for 15ms (1.0 pulse_power)
2021-03-19 14:08:58,640 : INFO : EventManager : Event: ======'drop_target_d_drop_target_up'====== Args={'device': <drop_target.d_drop_target>}
2021-03-19 14:08:58,800 : INFO : EventManager : Event: ======'restore'====== Args={}
2021-03-19 14:08:58,800 : INFO : EventManager : Event: ======'drop_target_bank_noah_up'====== Args={}
2021-03-19 14:09:00,302 : INFO : SwitchController : <<<<<<< 's_drop_target' active >>>>>>>
2021-03-19 14:09:00,302 : INFO : EventManager : Event: ======'playfield_active'====== Args={}
2021-03-19 14:09:00,303 : INFO : EventManager : Event: ======'unexpected_ball_on_playfield'====== Args={}
2021-03-19 14:09:00,303 : INFO : EventManager : Event: ======'drop_target_d_drop_target_down'====== Args={'device': <drop_target.d_drop_target>}
2021-03-19 14:09:00,303 : INFO : EventManager : Event: ======'drop_target_bank_noah_down'====== Args={}
2021-03-19 14:09:00,533 : INFO : EventManager : Event: ======'slide_awesome_slide_removed'====== Args={'_from_bcp': True}
2021-03-19 14:09:00,536 : INFO : EventManager : Event: ======'slide_awesome_slide_created'====== Args={'_from_bcp': True}
2021-03-19 14:09:00,537 : INFO : EventManager : Event: ======'slide_awesome_slide_active'====== Args={'_from_bcp': True}
2021-03-19 14:09:01,298 : INFO : drop_target_bank.noah : 1 targets are down. Will reset those.
2021-03-19 14:09:01,298 : INFO : coil.c_reset_drop_target : Pulsing Driver for 15ms (1.0 pulse_power)
2021-03-19 14:09:01,333 : INFO : SwitchController : <<<<<<< 's_drop_target' inactive >>>>>>>
2021-03-19 14:09:01,430 : INFO : SwitchController : <<<<<<< 's_drop_target' active >>>>>>>
2021-03-19 14:09:01,794 : INFO : EventManager : Event: ======'restore'====== Args={}
2021-03-19 14:09:01,794 : INFO : EventManager : Event: ======'drop_target_bank_noah_down'====== Args={}
2021-03-19 14:09:02,787 : INFO : drop_target_bank.noah : 1 targets are down. Will reset those.
2021-03-19 14:09:02,787 : INFO : coil.c_reset_drop_target : Pulsing Driver for 15ms (1.0 pulse_power)
2021-03-19 14:09:02,820 : INFO : SwitchController : <<<<<<< 's_drop_target' inactive >>>>>>>
2021-03-19 14:09:03,299 : INFO : EventManager : Event: ======'drop_target_d_drop_target_up'====== Args={'device': <drop_target.d_drop_target>}
2021-03-19 14:09:03,299 : INFO : EventManager : Event: ======'restore'====== Args={}
2021-03-19 14:09:03,299 : INFO : EventManager : Event: ======'drop_target_bank_noah_up'====== Args={}
2021-03-19 14:09:03,513 : INFO : EventManager : Event: ======'slide_press_start_removed'====== Args={'_from_bcp': True}
2021-03-19 14:09:03,519 : INFO : EventManager : Event: ======'slide_press_start_created'====== Args={'_from_bcp': True}
2021-03-19 14:09:03,521 : INFO : EventManager : Event: ======'slide_press_start_active'====== Args={'_from_bcp': True}
2021-03-19 14:09:05,573 : INFO : SwitchController : <<<<<<< 's_drop_target' active >>>>>>>
2021-03-19 14:09:05,573 : INFO : EventManager : Event: ======'playfield_active'====== Args={}
2021-03-19 14:09:05,574 : INFO : EventManager : Event: ======'unexpected_ball_on_playfield'====== Args={}
2021-03-19 14:09:05,574 : INFO : EventManager : Event: ======'drop_target_d_drop_target_down'====== Args={'device': <drop_target.d_drop_target>}
2021-03-19 14:09:05,574 : INFO : EventManager : Event: ======'drop_target_bank_noah_down'====== Args={}
2021-03-19 14:09:06,529 : INFO : EventManager : Event: ======'slide_mission_pinball_removed'====== Args={'_from_bcp': True}
2021-03-19 14:09:06,532 : INFO : EventManager : Event: ======'slide_mission_pinball_created'====== Args={'_from_bcp': True}
2021-03-19 14:09:06,534 : INFO : EventManager : Event: ======'slide_mission_pinball_active'====== Args={'_from_bcp': True}
2021-03-19 14:09:06,574 : INFO : drop_target_bank.noah : 1 targets are down. Will reset those.
2021-03-19 14:09:06,574 : INFO : coil.c_reset_drop_target : Pulsing Driver for 15ms (1.0 pulse_power)
2021-03-19 14:09:06,608 : INFO : SwitchController : <<<<<<< 's_drop_target' inactive >>>>>>>
2021-03-19 14:09:07,078 : INFO : EventManager : Event: ======'drop_target_d_drop_target_up'====== Args={'device': <drop_target.d_drop_target>}
2021-03-19 14:09:07,078 : INFO : EventManager : Event: ======'restore'====== Args={}
2021-03-19 14:09:07,078 : INFO : EventManager : Event: ======'drop_target_bank_noah_up'====== Args={}
2021-03-19 14:09:07,475 : INFO : SwitchController : <<<<<<< 's_drop_target' active >>>>>>>
2021-03-19 14:09:07,476 : INFO : EventManager : Event: ======'playfield_active'====== Args={}
2021-03-19 14:09:07,476 : INFO : EventManager : Event: ======'unexpected_ball_on_playfield'====== Args={}
2021-03-19 14:09:07,476 : INFO : EventManager : Event: ======'drop_target_d_drop_target_down'====== Args={'device': <drop_target.d_drop_target>}
2021-03-19 14:09:07,477 : INFO : EventManager : Event: ======'drop_target_bank_noah_down'====== Args={}
2021-03-19 14:09:08,469 : INFO : drop_target_bank.noah : 1 targets are down. Will reset those.
2021-03-19 14:09:08,469 : INFO : coil.c_reset_drop_target : Pulsing Driver for 15ms (1.0 pulse_power)
2021-03-19 14:09:08,502 : INFO : SwitchController : <<<<<<< 's_drop_target' inactive >>>>>>>
2021-03-19 14:09:08,965 : INFO : EventManager : Event: ======'restore'====== Args={}
2021-03-19 14:09:08,965 : INFO : EventManager : Event: ======'drop_target_bank_noah_down'====== Args={}
2021-03-19 14:09:08,965 : INFO : EventManager : Event: ======'drop_target_d_drop_target_up'====== Args={'device': <drop_target.d_drop_target>}
2021-03-19 14:09:08,965 : INFO : EventManager : Event: ======'drop_target_bank_noah_up'====== Args={}
2021-03-19 14:09:09,518 : INFO : EventManager : Event: ======'slide_last_game_score_slide_removed'====== Args={'_from_bcp': True}
2021-03-19 14:09:09,520 : INFO : EventManager : Event: ======'slide_last_game_score_slide_created'====== Args={'_from_bcp': True}
2021-03-19 14:09:09,523 : INFO : EventManager : Event: ======'slide_last_game_score_slide_active'====== Args={'_from_bcp': True}
2021-03-19 14:09:09,956 : INFO : drop_target_bank.noah : All targets are already up. Will not reset bank.
2021-03-19 14:09:11,284 : INFO : SwitchController : <<<<<<< 's_drop_target' active >>>>>>>
2021-03-19 14:09:11,284 : INFO : EventManager : Event: ======'playfield_active'====== Args={}
2021-03-19 14:09:11,284 : INFO : EventManager : Event: ======'unexpected_ball_on_playfield'====== Args={}
2021-03-19 14:09:11,285 : INFO : EventManager : Event: ======'drop_target_d_drop_target_down'====== Args={'device': <drop_target.d_drop_target>}
2021-03-19 14:09:11,285 : INFO : EventManager : Event: ======'drop_target_bank_noah_down'====== Args={}
2021-03-19 14:09:12,294 : INFO : drop_target_bank.noah : 1 targets are down. Will reset those.
2021-03-19 14:09:12,294 : INFO : coil.c_reset_drop_target : Pulsing Driver for 15ms (1.0 pulse_power)
2021-03-19 14:09:12,328 : INFO : SwitchController : <<<<<<< 's_drop_target' inactive >>>>>>>
2021-03-19 14:09:12,534 : INFO : EventManager : Event: ======'slide_awesome_slide_removed'====== Args={'_from_bcp': True}
2021-03-19 14:09:12,536 : INFO : EventManager : Event: ======'slide_awesome_slide_created'====== Args={'_from_bcp': True}
2021-03-19 14:09:12,538 : INFO : EventManager : Event: ======'slide_awesome_slide_active'====== Args={'_from_bcp': True}
2021-03-19 14:09:12,794 : INFO : EventManager : Event: ======'restore'====== Args={}
2021-03-19 14:09:12,794 : INFO : EventManager : Event: ======'drop_target_bank_noah_down'====== Args={}
2021-03-19 14:09:12,794 : INFO : EventManager : Event: ======'drop_target_d_drop_target_up'====== Args={'device': <drop_target.d_drop_target>}
2021-03-19 14:09:12,794 : INFO : EventManager : Event: ======'drop_target_bank_noah_up'====== Args={}
2021-03-19 14:09:13,795 : INFO : drop_target_bank.noah : All targets are already up. Will not reset bank.
2021-03-19 14:09:15,537 : INFO : EventManager : Event: ======'slide_press_start_removed'====== Args={'_from_bcp': True}
2021-03-19 14:09:15,541 : INFO : EventManager : Event: ======'slide_press_start_created'====== Args={'_from_bcp': True}
2021-03-19 14:09:15,543 : INFO : EventManager : Event: ======'slide_press_start_active'====== Args={'_from_bcp': True}
2021-03-19 14:09:16,615 : INFO : SwitchController : <<<<<<< 's_drop_target' active >>>>>>>
2021-03-19 14:09:16,615 : INFO : EventManager : Event: ======'playfield_active'====== Args={}
2021-03-19 14:09:16,616 : INFO : EventManager : Event: ======'unexpected_ball_on_playfield'====== Args={}
2021-03-19 14:09:16,616 : INFO : EventManager : Event: ======'drop_target_d_drop_target_down'====== Args={'device': <drop_target.d_drop_target>}
2021-03-19 14:09:16,616 : INFO : EventManager : Event: ======'drop_target_bank_noah_down'====== Args={}
2021-03-19 14:09:17,622 : INFO : drop_target_bank.noah : 1 targets are down. Will reset those.
2021-03-19 14:09:17,622 : INFO : coil.c_reset_drop_target : Pulsing Driver for 15ms (1.0 pulse_power)
2021-03-19 14:09:17,644 : INFO : SwitchController : <<<<<<< 's_drop_target' inactive >>>>>>>
2021-03-19 14:09:17,709 : INFO : SwitchController : <<<<<<< 's_drop_target' active >>>>>>>
2021-03-19 14:09:18,120 : INFO : EventManager : Event: ======'restore'====== Args={}
2021-03-19 14:09:18,120 : INFO : EventManager : Event: ======'drop_target_bank_noah_down'====== Args={}
2021-03-19 14:09:18,527 : INFO : EventManager : Event: ======'slide_mission_pinball_removed'====== Args={'_from_bcp': True}
2021-03-19 14:09:18,530 : INFO : EventManager : Event: ======'slide_mission_pinball_created'====== Args={'_from_bcp': True}
2021-03-19 14:09:18,532 : INFO : EventManager : Event: ======'slide_mission_pinball_active'====== Args={'_from_bcp': True}
2021-03-19 14:09:19,112 : INFO : drop_target_bank.noah : 1 targets are down. Will reset those.
2021-03-19 14:09:19,113 : INFO : coil.c_reset_drop_target : Pulsing Driver for 15ms (1.0 pulse_power)
2021-03-19 14:09:19,147 : INFO : SwitchController : <<<<<<< 's_drop_target' inactive >>>>>>>
2021-03-19 14:09:19,627 : INFO : EventManager : Event: ======'restore'====== Args={}
2021-03-19 14:09:19,627 : INFO : EventManager : Event: ======'drop_target_bank_noah_down'====== Args={}
2021-03-19 14:09:19,627 : INFO : EventManager : Event: ======'drop_target_d_drop_target_up'====== Args={'device': <drop_target.d_drop_target>}
2021-03-19 14:09:19,627 : INFO : EventManager : Event: ======'drop_target_bank_noah_up'====== Args={}
2021-03-19 14:09:20,622 : INFO : drop_target_bank.noah : All targets are already up. Will not reset bank.
2021-03-19 14:09:21,439 : INFO : SwitchController : <<<<<<< 's_drop_target' active >>>>>>>
2021-03-19 14:09:21,439 : INFO : EventManager : Event: ======'playfield_active'====== Args={}
2021-03-19 14:09:21,439 : INFO : EventManager : Event: ======'unexpected_ball_on_playfield'====== Args={}
2021-03-19 14:09:21,440 : INFO : EventManager : Event: ======'drop_target_d_drop_target_down'====== Args={'device': <drop_target.d_drop_target>}
2021-03-19 14:09:21,440 : INFO : EventManager : Event: ======'drop_target_bank_noah_down'====== Args={}
2021-03-19 14:09:21,519 : INFO : EventManager : Event: ======'slide_last_game_score_slide_removed'====== Args={'_from_bcp': True}
2021-03-19 14:09:21,524 : INFO : EventManager : Event: ======'slide_last_game_score_slide_created'====== Args={'_from_bcp': True}
2021-03-19 14:09:21,527 : INFO : EventManager : Event: ======'slide_last_game_score_slide_active'====== Args={'_from_bcp': True}
2021-03-19 14:09:22,443 : INFO : drop_target_bank.noah : 1 targets are down. Will reset those.
2021-03-19 14:09:22,443 : INFO : coil.c_reset_drop_target : Pulsing Driver for 15ms (1.0 pulse_power)
2021-03-19 14:09:22,476 : INFO : SwitchController : <<<<<<< 's_drop_target' inactive >>>>>>>
2021-03-19 14:09:22,940 : INFO : EventManager : Event: ======'drop_target_d_drop_target_up'====== Args={'device': <drop_target.d_drop_target>}
2021-03-19 14:09:22,940 : INFO : EventManager : Event: ======'restore'====== Args={}
2021-03-19 14:09:22,940 : INFO : EventManager : Event: ======'drop_target_bank_noah_up'====== Args={}
2021-03-19 14:09:23,184 : INFO : SwitchController : <<<<<<< 's_drop_target' active >>>>>>>
2021-03-19 14:09:23,185 : INFO : EventManager : Event: ======'playfield_active'====== Args={}
2021-03-19 14:09:23,185 : INFO : EventManager : Event: ======'unexpected_ball_on_playfield'====== Args={}
2021-03-19 14:09:23,185 : INFO : EventManager : Event: ======'drop_target_d_drop_target_down'====== Args={'device': <drop_target.d_drop_target>}
2021-03-19 14:09:23,185 : INFO : EventManager : Event: ======'drop_target_bank_noah_down'====== Args={}
2021-03-19 14:09:24,168 : INFO : drop_target_bank.noah : 1 targets are down. Will reset those.
2021-03-19 14:09:24,168 : INFO : coil.c_reset_drop_target : Pulsing Driver for 15ms (1.0 pulse_power)
2021-03-19 14:09:24,191 : INFO : SwitchController : <<<<<<< 's_drop_target' inactive >>>>>>>
2021-03-19 14:09:24,521 : INFO : EventManager : Event: ======'slide_awesome_slide_removed'====== Args={'_from_bcp': True}
2021-03-19 14:09:24,523 : INFO : EventManager : Event: ======'slide_awesome_slide_created'====== Args={'_from_bcp': True}
2021-03-19 14:09:24,525 : INFO : EventManager : Event: ======'slide_awesome_slide_active'====== Args={'_from_bcp': True}
2021-03-19 14:09:24,669 : INFO : EventManager : Event: ======'drop_target_d_drop_target_up'====== Args={'device': <drop_target.d_drop_target>}
2021-03-19 14:09:24,669 : INFO : EventManager : Event: ======'restore'====== Args={}
2021-03-19 14:09:24,670 : INFO : EventManager : Event: ======'drop_target_bank_noah_up'====== Args={}
2021-03-19 14:09:25,041 : WARNING : SwitchController : Received duplicate switch state 0 for switch s_drop_target from the platform interface. Log Code: Log-SwitchController-1 (https://docs.missionpinball.org/en/0.54/logs/Log-SwitchController-1.html)
2021-03-19 14:09:25,041 : INFO : SwitchController : <<<<<<< 's_drop_target' active >>>>>>>
2021-03-19 14:09:25,042 : INFO : EventManager : Event: ======'playfield_active'====== Args={}
2021-03-19 14:09:25,042 : INFO : EventManager : Event: ======'unexpected_ball_on_playfield'====== Args={}
2021-03-19 14:09:25,042 : INFO : EventManager : Event: ======'drop_target_d_drop_target_down'====== Args={'device': <drop_target.d_drop_target>}
2021-03-19 14:09:25,042 : INFO : EventManager : Event: ======'drop_target_bank_noah_down'====== Args={}
2021-03-19 14:09:26,040 : INFO : drop_target_bank.noah : 1 targets are down. Will reset those.
2021-03-19 14:09:26,040 : INFO : coil.c_reset_drop_target : Pulsing Driver for 15ms (1.0 pulse_power)
2021-03-19 14:09:26,062 : INFO : SwitchController : <<<<<<< 's_drop_target' inactive >>>>>>>
2021-03-19 14:09:26,547 : INFO : EventManager : Event: ======'drop_target_d_drop_target_up'====== Args={'device': <drop_target.d_drop_target>}
2021-03-19 14:09:26,547 : INFO : EventManager : Event: ======'restore'====== Args={}
2021-03-19 14:09:26,547 : INFO : EventManager : Event: ======'drop_target_bank_noah_up'====== Args={}
2021-03-19 14:09:27,507 : INFO : SwitchController : <<<<<<< 's_drop_target' active >>>>>>>
2021-03-19 14:09:27,507 : INFO : EventManager : Event: ======'playfield_active'====== Args={}
2021-03-19 14:09:27,507 : INFO : EventManager : Event: ======'unexpected_ball_on_playfield'====== Args={}
2021-03-19 14:09:27,507 : INFO : EventManager : Event: ======'drop_target_d_drop_target_down'====== Args={'device': <drop_target.d_drop_target>}
2021-03-19 14:09:27,508 : INFO : EventManager : Event: ======'drop_target_bank_noah_down'====== Args={}
2021-03-19 14:09:27,517 : INFO : EventManager : Event: ======'slide_press_start_removed'====== Args={'_from_bcp': True}
2021-03-19 14:09:27,522 : INFO : EventManager : Event: ======'slide_press_start_created'====== Args={'_from_bcp': True}
2021-03-19 14:09:27,524 : INFO : EventManager : Event: ======'slide_press_start_active'====== Args={'_from_bcp': True}
2021-03-19 14:09:28,503 : INFO : drop_target_bank.noah : 1 targets are down. Will reset those.
2021-03-19 14:09:28,503 : INFO : coil.c_reset_drop_target : Pulsing Driver for 15ms (1.0 pulse_power)
2021-03-19 14:09:28,527 : INFO : SwitchController : <<<<<<< 's_drop_target' inactive >>>>>>>
2021-03-19 14:09:29,016 : INFO : EventManager : Event: ======'drop_target_d_drop_target_up'====== Args={'device': <drop_target.d_drop_target>}
2021-03-19 14:09:29,016 : INFO : EventManager : Event: ======'restore'====== Args={}
2021-03-19 14:09:29,016 : INFO : EventManager : Event: ======'drop_target_bank_noah_up'====== Args={}
2021-03-19 14:09:29,998 : INFO : SwitchController : <<<<<<< 's_drop_target' active >>>>>>>
2021-03-19 14:09:29,999 : INFO : EventManager : Event: ======'playfield_active'====== Args={}
2021-03-19 14:09:29,999 : INFO : EventManager : Event: ======'unexpected_ball_on_playfield'====== Args={}
2021-03-19 14:09:29,999 : INFO : EventManager : Event: ======'drop_target_d_drop_target_down'====== Args={'device': <drop_target.d_drop_target>}
2021-03-19 14:09:29,999 : INFO : EventManager : Event: ======'drop_target_bank_noah_down'====== Args={}
2021-03-19 14:09:30,510 : INFO : EventManager : Event: ======'slide_mission_pinball_removed'====== Args={'_from_bcp': True}
2021-03-19 14:09:30,513 : INFO : EventManager : Event: ======'slide_mission_pinball_created'====== Args={'_from_bcp': True}
2021-03-19 14:09:30,515 : INFO : EventManager : Event: ======'slide_mission_pinball_active'====== Args={'_from_bcp': True}
2021-03-19 14:09:31,001 : INFO : drop_target_bank.noah : 1 targets are down. Will reset those.
2021-03-19 14:09:31,001 : INFO : coil.c_reset_drop_target : Pulsing Driver for 15ms (1.0 pulse_power)
2021-03-19 14:09:31,024 : INFO : SwitchController : <<<<<<< 's_drop_target' inactive >>>>>>>
2021-03-19 14:09:31,487 : INFO : EventManager : Event: ======'drop_target_d_drop_target_up'====== Args={'device': <drop_target.d_drop_target>}
2021-03-19 14:09:31,488 : INFO : EventManager : Event: ======'restore'====== Args={}
2021-03-19 14:09:31,488 : INFO : EventManager : Event: ======'drop_target_bank_noah_up'====== Args={}
2021-03-19 14:09:33,530 : INFO : EventManager : Event: ======'slide_last_game_score_slide_removed'====== Args={'_from_bcp': True}
2021-03-19 14:09:33,533 : INFO : EventManager : Event: ======'slide_last_game_score_slide_created'====== Args={'_from_bcp': True}
2021-03-19 14:09:33,535 : INFO : EventManager : Event: ======'slide_last_game_score_slide_active'====== Args={'_from_bcp': True}
2021-03-19 14:09:36,526 : INFO : EventManager : Event: ======'slide_awesome_slide_removed'====== Args={'_from_bcp': True}
2021-03-19 14:09:36,531 : INFO : EventManager : Event: ======'slide_awesome_slide_created'====== Args={'_from_bcp': True}
2021-03-19 14:09:36,532 : INFO : EventManager : Event: ======'slide_awesome_slide_active'====== Args={'_from_bcp': True}
2021-03-19 14:09:38,602 : INFO : Machine : Shutting down...
2021-03-19 14:09:38,603 : INFO : EventManager : Event: ======'shutdown'====== Args={}
2021-03-19 14:09:38,605 : INFO : root : MPF run loop ended.
