2021-03-18 20:39:37,614 : INFO : root : Loading config.
2021-03-18 20:39:37,620 : INFO : YamlMultifileConfigLoader : Machine config file #1: config.yaml
2021-03-18 20:39:37,620 : INFO : ConfigProcessor : Loading config from cache: C:\Users\Noah\AppData\Local\Temp\d1f6a309ab2e3c3e66b0fef93f7a960f.mpf_cache
2021-03-18 20:39:37,748 : WARNING : ConfigProcessor : Config file in cache changed: C:\Users\Noah\work\Andy Cavatorta\pinball\notes\MPF\noahgame_02\modes\attract\config\attract.yaml
2021-03-18 20:39:37,748 : INFO : ConfigProcessor : Loading config from file c:\users\noah\mpfenv\lib\site-packages\mpf\modes\attract\config\attract.yaml.
2021-03-18 20:39:37,753 : INFO : ConfigProcessor : Loading config: c:\users\noah\mpfenv\lib\site-packages\mpf\modes\attract\config\attract.yaml
2021-03-18 20:39:37,753 : INFO : ConfigProcessor : Loading config from file C:\Users\Noah\work\Andy Cavatorta\pinball\notes\MPF\noahgame_02\modes\attract\config\attract.yaml.
2021-03-18 20:39:37,755 : INFO : ConfigProcessor : Loading config: C:\Users\Noah\work\Andy Cavatorta\pinball\notes\MPF\noahgame_02\modes\attract\config\attract.yaml
2021-03-18 20:39:37,756 : INFO : ConfigProcessor : Config file cache created: C:\Users\Noah\AppData\Local\Temp\98acf0898e619a6798c45a0e5cbb339b.mpf_cache
2021-03-18 20:39:37,757 : INFO : ConfigProcessor : Loading config from cache: C:\Users\Noah\AppData\Local\Temp\a7eac71e9da1e9cfd4db34c71351dbda.mpf_cache
2021-03-18 20:39:37,758 : INFO : ConfigProcessor : Loading config from cache: C:\Users\Noah\AppData\Local\Temp\c6adbc38c235400b65ae43d7099eba05.mpf_cache
2021-03-18 20:39:37,760 : INFO : ConfigProcessor : Loading config from cache: C:\Users\Noah\AppData\Local\Temp\9689abd61e57da3f8bc074c7a88f2b77.mpf_cache
2021-03-18 20:39:37,774 : INFO : ConfigProcessor : Loading config from cache: C:\Users\Noah\AppData\Local\Temp\06881332f8a9c1e11264544d2c255f98.mpf_cache
2021-03-18 20:39:37,776 : INFO : Machine : Mission Pinball Framework Core Engine v0.54.6
2021-03-18 20:39:37,776 : INFO : Machine : Command line arguments: {'no_load_cache': False, 'create_config_cache': True, 'bcp': True, 'configfile': ['config.yaml'], 'force_assets_load': False, 'jsonlogging': False, 'logfile': 'logs\\2021-03-18-20-39-37-mpf-DESKTOP-VL0THH1.log', 'pause': False, 'production': False, 'text_ui': False, 'loglevel': 15, 'consoleloglevel': 20, 'force_platform': None, 'syslog_address': None, 'mc_file_name': None, 'no_sound': False}
2021-03-18 20:39:37,776 : INFO : Machine : MPF path: c:\users\noah\mpfenv\lib\site-packages\mpf
2021-03-18 20:39:37,776 : INFO : Machine : Machine path: C:\Users\Noah\work\Andy Cavatorta\pinball\notes\MPF\noahgame_02
2021-03-18 20:39:37,776 : INFO : Machine : Platform: win32
2021-03-18 20:39:37,776 : INFO : Machine : Python executable location: c:\users\noah\mpfenv\scripts\python.exe
2021-03-18 20:39:37,776 : INFO : Machine : Python version: 3.7.9 (64-bit)
2021-03-18 20:39:37,780 : INFO : Machine : Initialise MPF.
2021-03-18 20:39:37,915 : INFO : P-Roc : Connecting to P-ROC
2021-03-18 20:39:37,920 : WARNING : P-Roc : Failed to instantiate pinproc.PinPROC(7): FT_ListDevices(2)
. Is your P/P3-Roc connected and powered up?
2021-03-18 20:39:37,920 : INFO : P-Roc : Will retry creating PinPROC in 1s.
2021-03-18 20:39:38,922 : WARNING : P-Roc : Failed to instantiate pinproc.PinPROC(7): FT_ListDevices(2)
. Is your P/P3-Roc connected and powered up?
2021-03-18 20:39:38,923 : INFO : P-Roc : Will retry creating PinPROC in 1s.
2021-03-18 20:39:39,924 : WARNING : P-Roc : Failed to instantiate pinproc.PinPROC(7): FT_ListDevices(2)
. Is your P/P3-Roc connected and powered up?
2021-03-18 20:39:39,924 : INFO : P-Roc : Will retry creating PinPROC in 1s.
2021-03-18 20:39:40,925 : WARNING : P-Roc : Failed to instantiate pinproc.PinPROC(7): FT_ListDevices(2)
. Is your P/P3-Roc connected and powered up?
2021-03-18 20:39:40,925 : INFO : P-Roc : Will retry creating PinPROC in 1s.
2021-03-18 20:39:41,927 : WARNING : P-Roc : Failed to instantiate pinproc.PinPROC(7): FT_ListDevices(2)
. Is your P/P3-Roc connected and powered up?
2021-03-18 20:39:41,928 : INFO : P-Roc : Will retry creating PinPROC in 1s.
2021-03-18 20:39:42,930 : WARNING : P-Roc : Failed to instantiate pinproc.PinPROC(7): FT_ListDevices(2)
. Is your P/P3-Roc connected and powered up?
2021-03-18 20:39:42,931 : INFO : P-Roc : Will retry creating PinPROC in 1s.
2021-03-18 20:39:43,932 : WARNING : P-Roc : Failed to instantiate pinproc.PinPROC(7): FT_ListDevices(2)
. Is your P/P3-Roc connected and powered up?
2021-03-18 20:39:43,932 : INFO : P-Roc : Will retry creating PinPROC in 1s.
2021-03-18 20:39:44,933 : WARNING : P-Roc : Failed to instantiate pinproc.PinPROC(7): FT_ListDevices(2)
. Is your P/P3-Roc connected and powered up?
2021-03-18 20:39:44,933 : INFO : P-Roc : Will retry creating PinPROC in 1s.
2021-03-18 20:39:45,935 : WARNING : P-Roc : Failed to instantiate pinproc.PinPROC(7): FT_ListDevices(2)
. Is your P/P3-Roc connected and powered up?
2021-03-18 20:39:45,936 : INFO : P-Roc : Will retry creating PinPROC in 1s.
2021-03-18 20:39:46,937 : WARNING : P-Roc : Failed to instantiate pinproc.PinPROC(7): FT_ListDevices(2)
. Is your P/P3-Roc connected and powered up?
2021-03-18 20:39:46,937 : INFO : P-Roc : Will retry creating PinPROC in 1s.
2021-03-18 20:39:47,938 : WARNING : P-Roc : Failed to instantiate pinproc.PinPROC(7): FT_ListDevices(2)
. Is your P/P3-Roc connected and powered up?
2021-03-18 20:39:47,939 : INFO : P-Roc : Will retry creating PinPROC in 1s.
2021-03-18 20:39:48,941 : WARNING : P-Roc : Failed to instantiate pinproc.PinPROC(7): FT_ListDevices(2)
. Is your P/P3-Roc connected and powered up?
2021-03-18 20:39:48,942 : INFO : P-Roc : Will retry creating PinPROC in 1s.
2021-03-18 20:39:49,944 : WARNING : P-Roc : Failed to instantiate pinproc.PinPROC(7): FT_ListDevices(2)
. Is your P/P3-Roc connected and powered up?
2021-03-18 20:39:49,944 : INFO : P-Roc : Will retry creating PinPROC in 1s.
2021-03-18 20:39:50,946 : WARNING : P-Roc : Failed to instantiate pinproc.PinPROC(7): FT_ListDevices(2)
. Is your P/P3-Roc connected and powered up?
2021-03-18 20:39:50,946 : INFO : P-Roc : Will retry creating PinPROC in 1s.
2021-03-18 20:39:51,948 : WARNING : P-Roc : Failed to instantiate pinproc.PinPROC(7): FT_ListDevices(2)
. Is your P/P3-Roc connected and powered up?
2021-03-18 20:39:51,948 : INFO : P-Roc : Will retry creating PinPROC in 1s.
2021-03-18 20:39:52,950 : WARNING : P-Roc : Failed to instantiate pinproc.PinPROC(7): FT_ListDevices(2)
. Is your P/P3-Roc connected and powered up?
2021-03-18 20:39:52,951 : INFO : P-Roc : Will retry creating PinPROC in 1s.
2021-03-18 20:39:53,954 : WARNING : P-Roc : Failed to instantiate pinproc.PinPROC(7): FT_ListDevices(2)
. Is your P/P3-Roc connected and powered up?
2021-03-18 20:39:53,955 : INFO : P-Roc : Will retry creating PinPROC in 1s.
2021-03-18 20:39:54,956 : WARNING : P-Roc : Failed to instantiate pinproc.PinPROC(7): FT_ListDevices(2)
. Is your P/P3-Roc connected and powered up?
2021-03-18 20:39:54,956 : INFO : P-Roc : Will retry creating PinPROC in 1s.
2021-03-18 20:39:55,957 : WARNING : P-Roc : Failed to instantiate pinproc.PinPROC(7): FT_ListDevices(2)
. Is your P/P3-Roc connected and powered up?
2021-03-18 20:39:55,958 : INFO : P-Roc : Will retry creating PinPROC in 1s.
2021-03-18 20:39:56,960 : WARNING : P-Roc : Failed to instantiate pinproc.PinPROC(7): FT_ListDevices(2)
. Is your P/P3-Roc connected and powered up?
2021-03-18 20:39:56,960 : INFO : P-Roc : Will retry creating PinPROC in 1s.
2021-03-18 20:39:57,962 : WARNING : P-Roc : Failed to instantiate pinproc.PinPROC(7): FT_ListDevices(2)
. Is your P/P3-Roc connected and powered up?
2021-03-18 20:39:57,963 : INFO : P-Roc : Will retry creating PinPROC in 1s.
2021-03-18 20:39:58,965 : WARNING : P-Roc : Failed to instantiate pinproc.PinPROC(7): FT_ListDevices(2)
. Is your P/P3-Roc connected and powered up?
2021-03-18 20:39:58,965 : INFO : P-Roc : Will retry creating PinPROC in 1s.
2021-03-18 20:39:59,966 : WARNING : P-Roc : Failed to instantiate pinproc.PinPROC(7): FT_ListDevices(2)
. Is your P/P3-Roc connected and powered up?
2021-03-18 20:39:59,966 : INFO : P-Roc : Will retry creating PinPROC in 1s.
2021-03-18 20:40:00,969 : WARNING : P-Roc : Failed to instantiate pinproc.PinPROC(7): FT_ListDevices(2)
. Is your P/P3-Roc connected and powered up?
2021-03-18 20:40:00,971 : INFO : P-Roc : Will retry creating PinPROC in 1s.
2021-03-18 20:40:01,974 : WARNING : P-Roc : Failed to instantiate pinproc.PinPROC(7): FT_ListDevices(2)
. Is your P/P3-Roc connected and powered up?
2021-03-18 20:40:01,975 : INFO : P-Roc : Will retry creating PinPROC in 1s.
2021-03-18 20:41:45,407 : WARNING : P-Roc : Failed to instantiate pinproc.PinPROC(7): FT_ListDevices(2)
. Is your P/P3-Roc connected and powered up?
2021-03-18 20:41:45,408 : INFO : P-Roc : Will retry creating PinPROC in 1s.
2021-03-18 20:41:46,408 : WARNING : P-Roc : Failed to instantiate pinproc.PinPROC(7): FT_ListDevices(2)
. Is your P/P3-Roc connected and powered up?
2021-03-18 20:41:46,409 : INFO : P-Roc : Will retry creating PinPROC in 1s.
2021-03-18 20:41:47,410 : WARNING : P-Roc : Failed to instantiate pinproc.PinPROC(7): FT_ListDevices(2)
. Is your P/P3-Roc connected and powered up?
2021-03-18 20:41:47,410 : INFO : P-Roc : Will retry creating PinPROC in 1s.
2021-03-18 20:41:48,412 : WARNING : P-Roc : Failed to instantiate pinproc.PinPROC(7): FT_ListDevices(2)
. Is your P/P3-Roc connected and powered up?
2021-03-18 20:41:48,412 : INFO : P-Roc : Will retry creating PinPROC in 1s.
2021-03-18 20:41:49,413 : WARNING : P-Roc : Failed to instantiate pinproc.PinPROC(7): FT_ListDevices(2)
. Is your P/P3-Roc connected and powered up?
2021-03-18 20:41:49,413 : INFO : P-Roc : Will retry creating PinPROC in 1s.
2021-03-18 20:41:50,415 : WARNING : P-Roc : Failed to instantiate pinproc.PinPROC(7): FT_ListDevices(2)
. Is your P/P3-Roc connected and powered up?
2021-03-18 20:41:50,415 : INFO : P-Roc : Will retry creating PinPROC in 1s.
2021-03-18 20:41:51,416 : WARNING : P-Roc : Failed to instantiate pinproc.PinPROC(7): FT_ListDevices(2)
. Is your P/P3-Roc connected and powered up?
2021-03-18 20:41:51,416 : INFO : P-Roc : Will retry creating PinPROC in 1s.
2021-03-18 20:41:52,417 : WARNING : P-Roc : Failed to instantiate pinproc.PinPROC(7): FT_ListDevices(2)
. Is your P/P3-Roc connected and powered up?
2021-03-18 20:41:52,417 : INFO : P-Roc : Will retry creating PinPROC in 1s.
2021-03-18 20:41:53,418 : WARNING : P-Roc : Failed to instantiate pinproc.PinPROC(7): FT_ListDevices(2)
. Is your P/P3-Roc connected and powered up?
2021-03-18 20:41:53,418 : INFO : P-Roc : Will retry creating PinPROC in 1s.
2021-03-18 20:41:54,420 : WARNING : P-Roc : Failed to instantiate pinproc.PinPROC(7): FT_ListDevices(2)
. Is your P/P3-Roc connected and powered up?
2021-03-18 20:41:54,420 : INFO : P-Roc : Will retry creating PinPROC in 1s.
2021-03-18 20:41:55,421 : WARNING : P-Roc : Failed to instantiate pinproc.PinPROC(7): FT_ListDevices(2)
. Is your P/P3-Roc connected and powered up?
2021-03-18 20:41:55,421 : INFO : P-Roc : Will retry creating PinPROC in 1s.
2021-03-18 20:41:56,422 : WARNING : P-Roc : Failed to instantiate pinproc.PinPROC(7): FT_ListDevices(2)
. Is your P/P3-Roc connected and powered up?
2021-03-18 20:41:56,422 : INFO : P-Roc : Will retry creating PinPROC in 1s.
2021-03-18 20:41:57,423 : WARNING : P-Roc : Failed to instantiate pinproc.PinPROC(7): FT_ListDevices(2)
. Is your P/P3-Roc connected and powered up?
2021-03-18 20:41:57,423 : INFO : P-Roc : Will retry creating PinPROC in 1s.
2021-03-18 20:41:58,425 : WARNING : P-Roc : Failed to instantiate pinproc.PinPROC(7): FT_ListDevices(2)
. Is your P/P3-Roc connected and powered up?
2021-03-18 20:41:58,425 : INFO : P-Roc : Will retry creating PinPROC in 1s.
2021-03-18 20:41:59,427 : WARNING : P-Roc : Failed to instantiate pinproc.PinPROC(7): FT_ListDevices(2)
. Is your P/P3-Roc connected and powered up?
2021-03-18 20:41:59,427 : INFO : P-Roc : Will retry creating PinPROC in 1s.
2021-03-18 20:42:00,442 : WARNING : P-Roc : Failed to instantiate pinproc.PinPROC(7): FT_ListDevices(2)
. Is your P/P3-Roc connected and powered up?
2021-03-18 20:42:00,443 : INFO : P-Roc : Will retry creating PinPROC in 1s.
2021-03-18 20:42:01,445 : WARNING : P-Roc : Failed to instantiate pinproc.PinPROC(7): FT_ListDevices(2)
. Is your P/P3-Roc connected and powered up?
2021-03-18 20:42:01,445 : INFO : P-Roc : Will retry creating PinPROC in 1s.
2021-03-18 20:42:02,449 : WARNING : P-Roc : Failed to instantiate pinproc.PinPROC(7): FT_ListDevices(2)
. Is your P/P3-Roc connected and powered up?
2021-03-18 20:42:02,449 : INFO : P-Roc : Will retry creating PinPROC in 1s.
2021-03-18 20:42:03,450 : WARNING : P-Roc : Failed to instantiate pinproc.PinPROC(7): FT_ListDevices(2)
. Is your P/P3-Roc connected and powered up?
2021-03-18 20:42:03,450 : INFO : P-Roc : Will retry creating PinPROC in 1s.
2021-03-18 20:42:04,452 : WARNING : P-Roc : Failed to instantiate pinproc.PinPROC(7): FT_ListDevices(2)
. Is your P/P3-Roc connected and powered up?
2021-03-18 20:42:04,452 : INFO : P-Roc : Will retry creating PinPROC in 1s.
2021-03-18 20:42:05,453 : WARNING : P-Roc : Failed to instantiate pinproc.PinPROC(7): FT_ListDevices(2)
. Is your P/P3-Roc connected and powered up?
2021-03-18 20:42:05,453 : INFO : P-Roc : Will retry creating PinPROC in 1s.
2021-03-18 20:42:06,453 : WARNING : P-Roc : Failed to instantiate pinproc.PinPROC(7): FT_ListDevices(2)
. Is your P/P3-Roc connected and powered up?
2021-03-18 20:42:06,453 : INFO : P-Roc : Will retry creating PinPROC in 1s.
2021-03-18 20:42:07,455 : WARNING : P-Roc : Failed to instantiate pinproc.PinPROC(7): FT_ListDevices(2)
. Is your P/P3-Roc connected and powered up?
2021-03-18 20:42:07,455 : INFO : P-Roc : Will retry creating PinPROC in 1s.
2021-03-18 20:42:08,489 : WARNING : P-Roc : Failed to instantiate pinproc.PinPROC(7): FT_ListDevices(2)
. Is your P/P3-Roc connected and powered up?
2021-03-18 20:42:08,490 : INFO : P-Roc : Will retry creating PinPROC in 1s.
2021-03-18 20:42:09,516 : WARNING : P-Roc : Failed to instantiate pinproc.PinPROC(7): FT_ListDevices(2)
. Is your P/P3-Roc connected and powered up?
2021-03-18 20:42:09,516 : INFO : P-Roc : Will retry creating PinPROC in 1s.
2021-03-18 20:42:10,517 : WARNING : P-Roc : Failed to instantiate pinproc.PinPROC(7): FT_ListDevices(2)
. Is your P/P3-Roc connected and powered up?
2021-03-18 20:42:10,517 : INFO : P-Roc : Will retry creating PinPROC in 1s.
2021-03-18 20:42:11,519 : WARNING : P-Roc : Failed to instantiate pinproc.PinPROC(7): FT_ListDevices(2)
. Is your P/P3-Roc connected and powered up?
2021-03-18 20:42:11,519 : INFO : P-Roc : Will retry creating PinPROC in 1s.
2021-03-18 20:42:12,520 : WARNING : P-Roc : Failed to instantiate pinproc.PinPROC(7): FT_ListDevices(2)
. Is your P/P3-Roc connected and powered up?
2021-03-18 20:42:12,520 : INFO : P-Roc : Will retry creating PinPROC in 1s.
2021-03-18 20:42:13,522 : WARNING : P-Roc : Failed to instantiate pinproc.PinPROC(7): FT_ListDevices(2)
. Is your P/P3-Roc connected and powered up?
2021-03-18 20:42:13,522 : INFO : P-Roc : Will retry creating PinPROC in 1s.
2021-03-18 20:42:14,522 : WARNING : P-Roc : Failed to instantiate pinproc.PinPROC(7): FT_ListDevices(2)
. Is your P/P3-Roc connected and powered up?
2021-03-18 20:42:14,522 : INFO : P-Roc : Will retry creating PinPROC in 1s.
2021-03-18 20:42:15,524 : WARNING : P-Roc : Failed to instantiate pinproc.PinPROC(7): FT_ListDevices(2)
. Is your P/P3-Roc connected and powered up?
2021-03-18 20:42:15,524 : INFO : P-Roc : Will retry creating PinPROC in 1s.
2021-03-18 20:42:16,525 : WARNING : P-Roc : Failed to instantiate pinproc.PinPROC(7): FT_ListDevices(2)
. Is your P/P3-Roc connected and powered up?
2021-03-18 20:42:16,525 : INFO : P-Roc : Will retry creating PinPROC in 1s.
2021-03-18 20:42:17,527 : WARNING : P-Roc : Failed to instantiate pinproc.PinPROC(7): FT_ListDevices(2)
. Is your P/P3-Roc connected and powered up?
2021-03-18 20:42:17,527 : INFO : P-Roc : Will retry creating PinPROC in 1s.
2021-03-18 20:42:18,553 : WARNING : P-Roc : Failed to instantiate pinproc.PinPROC(7): FT_ListDevices(2)
. Is your P/P3-Roc connected and powered up?
2021-03-18 20:42:18,553 : INFO : P-Roc : Will retry creating PinPROC in 1s.
2021-03-18 20:42:19,554 : WARNING : P-Roc : Failed to instantiate pinproc.PinPROC(7): FT_ListDevices(2)
. Is your P/P3-Roc connected and powered up?
2021-03-18 20:42:19,554 : INFO : P-Roc : Will retry creating PinPROC in 1s.
2021-03-18 20:42:20,556 : WARNING : P-Roc : Failed to instantiate pinproc.PinPROC(7): FT_ListDevices(2)
. Is your P/P3-Roc connected and powered up?
2021-03-18 20:42:20,556 : INFO : P-Roc : Will retry creating PinPROC in 1s.
2021-03-18 20:42:21,557 : WARNING : P-Roc : Failed to instantiate pinproc.PinPROC(7): FT_ListDevices(2)
. Is your P/P3-Roc connected and powered up?
2021-03-18 20:42:21,557 : INFO : P-Roc : Will retry creating PinPROC in 1s.
2021-03-18 20:42:22,562 : WARNING : P-Roc : Failed to instantiate pinproc.PinPROC(7): FT_ListDevices(2)
. Is your P/P3-Roc connected and powered up?
2021-03-18 20:42:22,562 : INFO : P-Roc : Will retry creating PinPROC in 1s.
2021-03-18 20:42:23,650 : WARNING : P-Roc : Failed to instantiate pinproc.PinPROC(7): FT_ListDevices(2)
. Is your P/P3-Roc connected and powered up?
2021-03-18 20:42:23,650 : INFO : P-Roc : Will retry creating PinPROC in 1s.
2021-03-18 20:42:24,652 : WARNING : P-Roc : Failed to instantiate pinproc.PinPROC(7): FT_ListDevices(2)
. Is your P/P3-Roc connected and powered up?
2021-03-18 20:42:24,652 : INFO : P-Roc : Will retry creating PinPROC in 1s.
2021-03-18 20:42:25,653 : WARNING : P-Roc : Failed to instantiate pinproc.PinPROC(7): FT_ListDevices(2)
. Is your P/P3-Roc connected and powered up?
2021-03-18 20:42:25,653 : INFO : P-Roc : Will retry creating PinPROC in 1s.
2021-03-18 20:42:26,654 : WARNING : P-Roc : Failed to instantiate pinproc.PinPROC(7): FT_ListDevices(2)
. Is your P/P3-Roc connected and powered up?
2021-03-18 20:42:26,654 : INFO : P-Roc : Will retry creating PinPROC in 1s.
2021-03-18 20:42:27,656 : WARNING : P-Roc : Failed to instantiate pinproc.PinPROC(7): FT_ListDevices(2)
. Is your P/P3-Roc connected and powered up?
2021-03-18 20:42:27,656 : INFO : P-Roc : Will retry creating PinPROC in 1s.
2021-03-18 20:42:28,657 : WARNING : P-Roc : Failed to instantiate pinproc.PinPROC(7): FT_ListDevices(2)
. Is your P/P3-Roc connected and powered up?
2021-03-18 20:42:28,657 : INFO : P-Roc : Will retry creating PinPROC in 1s.
2021-03-18 20:42:29,657 : WARNING : P-Roc : Failed to instantiate pinproc.PinPROC(7): FT_ListDevices(2)
. Is your P/P3-Roc connected and powered up?
2021-03-18 20:42:29,658 : INFO : P-Roc : Will retry creating PinPROC in 1s.
2021-03-18 20:42:30,659 : WARNING : P-Roc : Failed to instantiate pinproc.PinPROC(7): FT_ListDevices(2)
. Is your P/P3-Roc connected and powered up?
2021-03-18 20:42:30,659 : INFO : P-Roc : Will retry creating PinPROC in 1s.
2021-03-18 20:42:31,661 : WARNING : P-Roc : Failed to instantiate pinproc.PinPROC(7): FT_ListDevices(2)
. Is your P/P3-Roc connected and powered up?
2021-03-18 20:42:31,661 : INFO : P-Roc : Will retry creating PinPROC in 1s.
2021-03-18 20:42:32,662 : WARNING : P-Roc : Failed to instantiate pinproc.PinPROC(7): FT_ListDevices(2)
. Is your P/P3-Roc connected and powered up?
2021-03-18 20:42:32,662 : INFO : P-Roc : Will retry creating PinPROC in 1s.
2021-03-18 20:42:33,662 : WARNING : P-Roc : Failed to instantiate pinproc.PinPROC(7): FT_ListDevices(2)
. Is your P/P3-Roc connected and powered up?
2021-03-18 20:42:33,662 : INFO : P-Roc : Will retry creating PinPROC in 1s.
2021-03-18 20:42:34,664 : WARNING : P-Roc : Failed to instantiate pinproc.PinPROC(7): FT_ListDevices(2)
. Is your P/P3-Roc connected and powered up?
2021-03-18 20:42:34,664 : INFO : P-Roc : Will retry creating PinPROC in 1s.
2021-03-18 20:42:35,665 : WARNING : P-Roc : Failed to instantiate pinproc.PinPROC(7): FT_ListDevices(2)
. Is your P/P3-Roc connected and powered up?
2021-03-18 20:42:35,665 : INFO : P-Roc : Will retry creating PinPROC in 1s.
2021-03-18 20:42:36,666 : WARNING : P-Roc : Failed to instantiate pinproc.PinPROC(7): FT_ListDevices(2)
. Is your P/P3-Roc connected and powered up?
2021-03-18 20:42:36,666 : INFO : P-Roc : Will retry creating PinPROC in 1s.
2021-03-18 20:42:37,667 : WARNING : P-Roc : Failed to instantiate pinproc.PinPROC(7): FT_ListDevices(2)
. Is your P/P3-Roc connected and powered up?
2021-03-18 20:42:37,667 : INFO : P-Roc : Will retry creating PinPROC in 1s.
2021-03-18 20:42:38,668 : WARNING : P-Roc : Failed to instantiate pinproc.PinPROC(7): FT_ListDevices(2)
. Is your P/P3-Roc connected and powered up?
2021-03-18 20:42:38,669 : INFO : P-Roc : Will retry creating PinPROC in 1s.
2021-03-18 20:42:39,669 : WARNING : P-Roc : Failed to instantiate pinproc.PinPROC(7): FT_ListDevices(2)
. Is your P/P3-Roc connected and powered up?
2021-03-18 20:42:39,669 : INFO : P-Roc : Will retry creating PinPROC in 1s.
2021-03-18 20:42:40,671 : WARNING : P-Roc : Failed to instantiate pinproc.PinPROC(7): FT_ListDevices(2)
. Is your P/P3-Roc connected and powered up?
2021-03-18 20:42:40,671 : INFO : P-Roc : Will retry creating PinPROC in 1s.
2021-03-18 20:42:41,671 : WARNING : P-Roc : Failed to instantiate pinproc.PinPROC(7): FT_ListDevices(2)
. Is your P/P3-Roc connected and powered up?
2021-03-18 20:42:41,671 : INFO : P-Roc : Will retry creating PinPROC in 1s.
2021-03-18 20:42:42,672 : WARNING : P-Roc : Failed to instantiate pinproc.PinPROC(7): FT_ListDevices(2)
. Is your P/P3-Roc connected and powered up?
2021-03-18 20:42:42,672 : INFO : P-Roc : Will retry creating PinPROC in 1s.
2021-03-18 20:42:43,673 : WARNING : P-Roc : Failed to instantiate pinproc.PinPROC(7): FT_ListDevices(2)
. Is your P/P3-Roc connected and powered up?
2021-03-18 20:42:43,673 : INFO : P-Roc : Will retry creating PinPROC in 1s.
2021-03-18 20:42:44,675 : WARNING : P-Roc : Failed to instantiate pinproc.PinPROC(7): FT_ListDevices(2)
. Is your P/P3-Roc connected and powered up?
2021-03-18 20:42:44,675 : INFO : P-Roc : Will retry creating PinPROC in 1s.
2021-03-18 20:42:45,676 : WARNING : P-Roc : Failed to instantiate pinproc.PinPROC(7): FT_ListDevices(2)
. Is your P/P3-Roc connected and powered up?
2021-03-18 20:42:45,676 : INFO : P-Roc : Will retry creating PinPROC in 1s.
2021-03-18 20:42:46,677 : WARNING : P-Roc : Failed to instantiate pinproc.PinPROC(7): FT_ListDevices(2)
. Is your P/P3-Roc connected and powered up?
2021-03-18 20:42:46,677 : INFO : P-Roc : Will retry creating PinPROC in 1s.
2021-03-18 20:42:47,679 : WARNING : P-Roc : Failed to instantiate pinproc.PinPROC(7): FT_ListDevices(2)
. Is your P/P3-Roc connected and powered up?
2021-03-18 20:42:47,679 : INFO : P-Roc : Will retry creating PinPROC in 1s.
2021-03-18 20:42:48,680 : WARNING : P-Roc : Failed to instantiate pinproc.PinPROC(7): FT_ListDevices(2)
. Is your P/P3-Roc connected and powered up?
2021-03-18 20:42:48,680 : INFO : P-Roc : Will retry creating PinPROC in 1s.
2021-03-18 20:42:49,682 : WARNING : P-Roc : Failed to instantiate pinproc.PinPROC(7): FT_ListDevices(2)
. Is your P/P3-Roc connected and powered up?
2021-03-18 20:42:49,682 : INFO : P-Roc : Will retry creating PinPROC in 1s.
2021-03-18 20:42:50,683 : WARNING : P-Roc : Failed to instantiate pinproc.PinPROC(7): FT_ListDevices(2)
. Is your P/P3-Roc connected and powered up?
2021-03-18 20:42:50,683 : INFO : P-Roc : Will retry creating PinPROC in 1s.
2021-03-18 20:42:51,684 : WARNING : P-Roc : Failed to instantiate pinproc.PinPROC(7): FT_ListDevices(2)
. Is your P/P3-Roc connected and powered up?
2021-03-18 20:42:51,684 : INFO : P-Roc : Will retry creating PinPROC in 1s.
2021-03-18 20:42:52,685 : WARNING : P-Roc : Failed to instantiate pinproc.PinPROC(7): FT_ListDevices(2)
. Is your P/P3-Roc connected and powered up?
2021-03-18 20:42:52,685 : INFO : P-Roc : Will retry creating PinPROC in 1s.
2021-03-18 20:42:53,687 : WARNING : P-Roc : Failed to instantiate pinproc.PinPROC(7): FT_ListDevices(2)
. Is your P/P3-Roc connected and powered up?
2021-03-18 20:42:53,687 : INFO : P-Roc : Will retry creating PinPROC in 1s.
2021-03-18 20:42:54,688 : WARNING : P-Roc : Failed to instantiate pinproc.PinPROC(7): FT_ListDevices(2)
. Is your P/P3-Roc connected and powered up?
2021-03-18 20:42:54,688 : INFO : P-Roc : Will retry creating PinPROC in 1s.
2021-03-18 20:42:55,689 : WARNING : P-Roc : Failed to instantiate pinproc.PinPROC(7): FT_ListDevices(2)
. Is your P/P3-Roc connected and powered up?
2021-03-18 20:42:55,689 : INFO : P-Roc : Will retry creating PinPROC in 1s.
2021-03-18 20:42:56,691 : WARNING : P-Roc : Failed to instantiate pinproc.PinPROC(7): FT_ListDevices(2)
. Is your P/P3-Roc connected and powered up?
2021-03-18 20:42:56,691 : INFO : P-Roc : Will retry creating PinPROC in 1s.
2021-03-18 20:42:57,692 : WARNING : P-Roc : Failed to instantiate pinproc.PinPROC(7): FT_ListDevices(2)
. Is your P/P3-Roc connected and powered up?
2021-03-18 20:42:57,692 : INFO : P-Roc : Will retry creating PinPROC in 1s.
2021-03-18 20:42:58,693 : WARNING : P-Roc : Failed to instantiate pinproc.PinPROC(7): FT_ListDevices(2)
. Is your P/P3-Roc connected and powered up?
2021-03-18 20:42:58,693 : INFO : P-Roc : Will retry creating PinPROC in 1s.
2021-03-18 20:42:59,694 : WARNING : P-Roc : Failed to instantiate pinproc.PinPROC(7): FT_ListDevices(2)
. Is your P/P3-Roc connected and powered up?
2021-03-18 20:42:59,694 : INFO : P-Roc : Will retry creating PinPROC in 1s.
2021-03-18 20:43:00,695 : WARNING : P-Roc : Failed to instantiate pinproc.PinPROC(7): FT_ListDevices(2)
. Is your P/P3-Roc connected and powered up?
2021-03-18 20:43:00,695 : INFO : P-Roc : Will retry creating PinPROC in 1s.
2021-03-18 20:43:01,697 : WARNING : P-Roc : Failed to instantiate pinproc.PinPROC(7): FT_ListDevices(2)
. Is your P/P3-Roc connected and powered up?
2021-03-18 20:43:01,697 : INFO : P-Roc : Will retry creating PinPROC in 1s.
2021-03-18 20:43:02,698 : WARNING : P-Roc : Failed to instantiate pinproc.PinPROC(7): FT_ListDevices(2)
. Is your P/P3-Roc connected and powered up?
2021-03-18 20:43:02,698 : INFO : P-Roc : Will retry creating PinPROC in 1s.
2021-03-18 20:43:03,700 : WARNING : P-Roc : Failed to instantiate pinproc.PinPROC(7): FT_ListDevices(2)
. Is your P/P3-Roc connected and powered up?
2021-03-18 20:43:03,700 : INFO : P-Roc : Will retry creating PinPROC in 1s.
2021-03-18 20:43:04,701 : WARNING : P-Roc : Failed to instantiate pinproc.PinPROC(7): FT_ListDevices(2)
. Is your P/P3-Roc connected and powered up?
2021-03-18 20:43:04,701 : INFO : P-Roc : Will retry creating PinPROC in 1s.
2021-03-18 20:43:05,702 : WARNING : P-Roc : Failed to instantiate pinproc.PinPROC(7): FT_ListDevices(2)
. Is your P/P3-Roc connected and powered up?
2021-03-18 20:43:05,702 : INFO : P-Roc : Will retry creating PinPROC in 1s.
2021-03-18 20:43:06,703 : WARNING : P-Roc : Failed to instantiate pinproc.PinPROC(7): FT_ListDevices(2)
. Is your P/P3-Roc connected and powered up?
2021-03-18 20:43:06,703 : INFO : P-Roc : Will retry creating PinPROC in 1s.
2021-03-18 20:43:07,713 : WARNING : P-Roc : Failed to instantiate pinproc.PinPROC(7): FT_ListDevices(2)
. Is your P/P3-Roc connected and powered up?
2021-03-18 20:43:07,713 : INFO : P-Roc : Will retry creating PinPROC in 1s.
2021-03-18 20:43:08,715 : WARNING : P-Roc : Failed to instantiate pinproc.PinPROC(7): FT_ListDevices(2)
. Is your P/P3-Roc connected and powered up?
2021-03-18 20:43:08,715 : INFO : P-Roc : Will retry creating PinPROC in 1s.
2021-03-18 20:43:09,716 : WARNING : P-Roc : Failed to instantiate pinproc.PinPROC(7): FT_ListDevices(2)
. Is your P/P3-Roc connected and powered up?
2021-03-18 20:43:09,716 : INFO : P-Roc : Will retry creating PinPROC in 1s.
2021-03-18 20:43:10,717 : WARNING : P-Roc : Failed to instantiate pinproc.PinPROC(7): FT_ListDevices(2)
. Is your P/P3-Roc connected and powered up?
2021-03-18 20:43:10,717 : INFO : P-Roc : Will retry creating PinPROC in 1s.
2021-03-18 20:43:11,719 : WARNING : P-Roc : Failed to instantiate pinproc.PinPROC(7): FT_ListDevices(2)
. Is your P/P3-Roc connected and powered up?
2021-03-18 20:43:11,719 : INFO : P-Roc : Will retry creating PinPROC in 1s.
2021-03-18 20:43:12,720 : WARNING : P-Roc : Failed to instantiate pinproc.PinPROC(7): FT_ListDevices(2)
. Is your P/P3-Roc connected and powered up?
2021-03-18 20:43:12,720 : INFO : P-Roc : Will retry creating PinPROC in 1s.
2021-03-18 20:43:13,722 : WARNING : P-Roc : Failed to instantiate pinproc.PinPROC(7): FT_ListDevices(2)
. Is your P/P3-Roc connected and powered up?
2021-03-18 20:43:13,722 : INFO : P-Roc : Will retry creating PinPROC in 1s.
2021-03-18 20:43:14,723 : WARNING : P-Roc : Failed to instantiate pinproc.PinPROC(7): FT_ListDevices(2)
. Is your P/P3-Roc connected and powered up?
2021-03-18 20:43:14,723 : INFO : P-Roc : Will retry creating PinPROC in 1s.
2021-03-18 20:43:15,724 : WARNING : P-Roc : Failed to instantiate pinproc.PinPROC(7): FT_ListDevices(2)
. Is your P/P3-Roc connected and powered up?
2021-03-18 20:43:15,724 : INFO : P-Roc : Will retry creating PinPROC in 1s.
2021-03-18 20:43:16,726 : WARNING : P-Roc : Failed to instantiate pinproc.PinPROC(7): Error FT_OpenEx(3), device
. Is your P/P3-Roc connected and powered up?
2021-03-18 20:43:16,726 : INFO : P-Roc : Will retry creating PinPROC in 1s.
2021-03-18 20:43:17,911 : INFO : Machine : Starting the main run loop.
2021-03-18 20:43:17,912 : INFO : Machine : Shutting down...
2021-03-18 20:43:17,912 : INFO : EventManager : Event: ======'shutdown'====== Args={}
2021-03-18 20:43:17,923 : INFO : root : MPF run loop ended.
