2021-03-18 15:11:21,595 : INFO : root : Loading config.
2021-03-18 15:11:21,603 : INFO : YamlMultifileConfigLoader : Machine config file #1: config.yaml
2021-03-18 15:11:21,604 : INFO : ConfigProcessor : Loading config from cache: C:\Users\Noah\AppData\Local\Temp\d1f6a309ab2e3c3e66b0fef93f7a960f.mpf_cache
2021-03-18 15:11:21,738 : INFO : ConfigProcessor : Loading config from cache: C:\Users\Noah\AppData\Local\Temp\74774f186c18434d8d39d0d4b0a3afeb.mpf_cache
2021-03-18 15:11:21,739 : INFO : ConfigProcessor : Loading config from cache: C:\Users\Noah\AppData\Local\Temp\a7eac71e9da1e9cfd4db34c71351dbda.mpf_cache
2021-03-18 15:11:21,741 : INFO : Machine : Mission Pinball Framework Core Engine v0.54.6
2021-03-18 15:11:21,741 : INFO : Machine : Command line arguments: {'no_load_cache': False, 'create_config_cache': True, 'bcp': True, 'configfile': ['config.yaml'], 'force_assets_load': False, 'jsonlogging': False, 'logfile': 'logs\\2021-03-18-15-11-21-mpf-DESKTOP-VL0THH1.log', 'pause': False, 'production': False, 'text_ui': False, 'loglevel': 15, 'consoleloglevel': 20, 'force_platform': None, 'syslog_address': None, 'mc_file_name': None, 'no_sound': False}
2021-03-18 15:11:21,741 : INFO : Machine : MPF path: c:\users\noah\mpfenv\lib\site-packages\mpf
2021-03-18 15:11:21,742 : INFO : Machine : Machine path: C:\Users\Noah\work\Andy Cavatorta\pinball\notes\MPF\noahgame_02
2021-03-18 15:11:21,742 : INFO : Machine : Platform: win32
2021-03-18 15:11:21,742 : INFO : Machine : Python executable location: c:\users\noah\mpfenv\scripts\python.exe
2021-03-18 15:11:21,742 : INFO : Machine : Python version: 3.7.9 (64-bit)
2021-03-18 15:11:21,745 : INFO : Machine : Initialise MPF.
2021-03-18 15:11:21,866 : INFO : P-Roc : Connecting to P-ROC
2021-03-18 15:11:22,072 : INFO : P-Roc : Successfully connected to P-ROC/P3-ROC. Firmware Version: 2. Firmware Revision: 6. Hardware Board ID: 1
2021-03-18 15:11:22,072 : WARNING : P-Roc : Consider upgrading the firmware of your P/P3-Roc to at least 2.14. Your version contains known bugs.
2021-03-18 15:11:22,141 : INFO : EventManager : Event: ======'machine_var_p_roc_version'====== Args={'value': 2, 'prev_value': None, 'change': True}
2021-03-18 15:11:22,141 : INFO : EventManager : Event: ======'machine_var_p_roc_revision'====== Args={'value': 6, 'prev_value': None, 'change': True}
2021-03-18 15:11:22,141 : INFO : EventManager : Event: ======'machine_var_p_roc_hardware_version'====== Args={'value': 1, 'prev_value': None, 'change': True}
2021-03-18 15:11:22,142 : INFO : EventManager : Event: ======'machine_var_credits_string'====== Args={'value': 'FREE PLAY', 'prev_value': None, 'change': True}
2021-03-18 15:11:22,240 : INFO : EventManager : Event: ======'machine_var_mpf_version'====== Args={'value': 'MPF v0.54.6', 'prev_value': None, 'change': True}
2021-03-18 15:11:22,240 : INFO : EventManager : Event: ======'machine_var_mpf_extended_version'====== Args={'value': 'MPF v0.54.6, Config version:5, Show version: 5, BCP version:1.1', 'prev_value': None, 'change': True}
2021-03-18 15:11:22,240 : INFO : EventManager : Event: ======'machine_var_python_version'====== Args={'value': '3.7.9', 'prev_value': None, 'change': True}
2021-03-18 15:11:22,241 : INFO : EventManager : Event: ======'machine_var_platform'====== Args={'value': 'Windows-10-10.0.19041-SP0', 'prev_value': None, 'change': True}
2021-03-18 15:11:22,241 : INFO : EventManager : Event: ======'machine_var_platform_system'====== Args={'value': 'Windows', 'prev_value': None, 'change': True}
2021-03-18 15:11:22,241 : INFO : EventManager : Event: ======'machine_var_platform_release'====== Args={'value': '10', 'prev_value': None, 'change': True}
2021-03-18 15:11:22,241 : INFO : EventManager : Event: ======'machine_var_platform_version'====== Args={'value': '10.0.19041', 'prev_value': None, 'change': True}
2021-03-18 15:11:22,241 : INFO : EventManager : Event: ======'machine_var_platform_machine'====== Args={'value': 'AMD64', 'prev_value': None, 'change': True}
2021-03-18 15:11:22,241 : INFO : EventManager : Event: ======'init_phase_1'====== Args={}
2021-03-18 15:11:22,272 : INFO : EventManager : Event: ======'drop_target_bank_noah_up'====== Args={}
2021-03-18 15:11:22,276 : INFO : EventManager : Event: ======'init_phase_2'====== Args={}
2021-03-18 15:11:22,301 : INFO : EventManager : Event: ======'bcp_connection_attempt'====== Args={'name': 'local_display', 'host': 'localhost', 'port': 5050}
2021-03-18 15:11:22,303 : INFO : BCPClientSocket : Connecting BCP to 'local_display' at localhost:5050...
2021-03-18 15:11:24,320 : INFO : BCPClientSocket : Connected BCP to 'local_display' localhost:5050
2021-03-18 15:11:24,320 : INFO : EventManager : Event: ======'bcp_clients_connected'====== Args={}
2021-03-18 15:11:24,329 : INFO : EventManager : Event: ======'init_phase_3'====== Args={}
2021-03-18 15:11:24,333 : INFO : EventManager : Event: ======'init_phase_4'====== Args={}
2021-03-18 15:11:24,334 : INFO : EventManager : Event: ======'machine_var_mc_version'====== Args={'value': 'MPF-MC v0.54.0', 'prev_value': None, 'change': True}
2021-03-18 15:11:24,334 : INFO : EventManager : Event: ======'machine_var_mc_extended_version'====== Args={'value': 'MPF-MC v0.54.0 (config_version=5, BCP v1.1, Requires MPF v0.54.0)', 'prev_value': None, 'change': True}
2021-03-18 15:11:24,338 : INFO : EventManager : Event: ======'machine_var_master_volume'====== Args={'value': 0.5, 'prev_value': None, 'change': True}
2021-03-18 15:11:24,339 : INFO : EventManager : Event: ======'machine_var_audits_switches_s_left_flipper'====== Args={'value': 0, 'prev_value': None, 'change': True}
2021-03-18 15:11:24,339 : INFO : EventManager : Event: ======'machine_var_audits_switches_s_right_flipper'====== Args={'value': 0, 'prev_value': None, 'change': True}
2021-03-18 15:11:24,340 : INFO : EventManager : Event: ======'machine_var_audits_switches_s_left_slingshot'====== Args={'value': 0, 'prev_value': None, 'change': True}
2021-03-18 15:11:24,340 : INFO : EventManager : Event: ======'machine_var_audits_switches_s_right_slingshot'====== Args={'value': 0, 'prev_value': None, 'change': True}
2021-03-18 15:11:24,341 : INFO : EventManager : Event: ======'machine_var_audits_switches_s_drop_target'====== Args={'value': 0, 'prev_value': None, 'change': True}
2021-03-18 15:11:24,342 : INFO : EventManager : Event: ======'init_phase_5'====== Args={}
2021-03-18 15:11:24,342 : INFO : EventManager : Event: ======'init_done'====== Args={}
2021-03-18 15:11:24,343 : INFO : EventManager : Event: ======'machine_reset_phase_1'====== Args={}
2021-03-18 15:11:24,369 : INFO : EventManager : Event: ======'slide_welcome_slide_removed'====== Args={'_from_bcp': True}
2021-03-18 15:11:24,374 : INFO : EventManager : Event: ======'slide_welcome_slide_created'====== Args={'_from_bcp': True}
2021-03-18 15:11:24,378 : INFO : EventManager : Event: ======'slide_welcome_slide_active'====== Args={'_from_bcp': True}
2021-03-18 15:11:24,378 : INFO : EventManager : Event: ======'machine_reset_phase_2'====== Args={}
2021-03-18 15:11:24,379 : INFO : EventManager : Event: ======'machine_reset_phase_3'====== Args={}
2021-03-18 15:11:24,379 : INFO : drop_target_bank.noah : All targets are already up. Will not reset bank.
2021-03-18 15:11:24,388 : INFO : EventManager : Event: ======'reset_complete'====== Args={}
2021-03-18 15:11:24,390 : INFO : EventManager : Event: ======'mode_attract_will_start'====== Args={}
2021-03-18 15:11:24,391 : INFO : EventManager : Event: ======'mode_attract_starting'====== Args={}
2021-03-18 15:11:24,391 : INFO : Mode.attract : Started. Priority: 10
2021-03-18 15:11:24,391 : INFO : EventManager : Event: ======'modes_active_modes_changed'====== Args={}
2021-03-18 15:11:24,391 : INFO : EventManager : Event: ======'mode_attract_started'====== Args={}
2021-03-18 15:11:24,392 : INFO : EventManager : Event: ======'collecting_balls_complete'====== Args={}
2021-03-18 15:11:24,392 : INFO : Machine : Starting the main run loop.
2021-03-18 15:11:24,405 : INFO : EventManager : Event: ======'slide_attract_started_created'====== Args={'_from_bcp': True}
2021-03-18 15:11:24,407 : INFO : EventManager : Event: ======'slide_attract_started_active'====== Args={'_from_bcp': True}
2021-03-18 15:11:27,452 : INFO : SwitchController : <<<<<<< 's_right_flipper' active >>>>>>>
2021-03-18 15:11:27,474 : INFO : SwitchController : <<<<<<< 's_right_flipper' inactive >>>>>>>
2021-03-18 15:11:27,657 : INFO : SwitchController : <<<<<<< 's_right_flipper' active >>>>>>>
2021-03-18 15:11:27,721 : INFO : SwitchController : <<<<<<< 's_right_flipper' inactive >>>>>>>
2021-03-18 15:11:28,032 : INFO : SwitchController : <<<<<<< 's_left_flipper' active >>>>>>>
2021-03-18 15:11:28,161 : INFO : SwitchController : <<<<<<< 's_left_flipper' inactive >>>>>>>
2021-03-18 15:11:28,623 : INFO : SwitchController : <<<<<<< 's_right_slingshot' active >>>>>>>
2021-03-18 15:11:28,623 : INFO : EventManager : Event: ======'playfield_active'====== Args={}
2021-03-18 15:11:28,624 : INFO : EventManager : Event: ======'unexpected_ball_on_playfield'====== Args={}
2021-03-18 15:11:28,635 : INFO : SwitchController : <<<<<<< 's_right_slingshot' inactive >>>>>>>
2021-03-18 15:11:28,657 : INFO : SwitchController : <<<<<<< 's_right_slingshot' active >>>>>>>
2021-03-18 15:11:28,657 : INFO : EventManager : Event: ======'playfield_active'====== Args={}
2021-03-18 15:11:28,657 : INFO : EventManager : Event: ======'unexpected_ball_on_playfield'====== Args={}
2021-03-18 15:11:28,701 : INFO : SwitchController : <<<<<<< 's_right_slingshot' inactive >>>>>>>
2021-03-18 15:11:29,002 : INFO : SwitchController : <<<<<<< 's_left_slingshot' active >>>>>>>
2021-03-18 15:11:29,002 : INFO : EventManager : Event: ======'playfield_active'====== Args={}
2021-03-18 15:11:29,003 : INFO : EventManager : Event: ======'unexpected_ball_on_playfield'====== Args={}
2021-03-18 15:11:29,022 : INFO : SwitchController : <<<<<<< 's_left_slingshot' inactive >>>>>>>
2021-03-18 15:11:29,055 : INFO : SwitchController : <<<<<<< 's_left_slingshot' active >>>>>>>
2021-03-18 15:11:29,055 : INFO : EventManager : Event: ======'playfield_active'====== Args={}
2021-03-18 15:11:29,055 : INFO : EventManager : Event: ======'unexpected_ball_on_playfield'====== Args={}
2021-03-18 15:11:29,067 : INFO : SwitchController : <<<<<<< 's_left_slingshot' inactive >>>>>>>
2021-03-18 15:11:37,397 : INFO : Machine : Shutting down...
2021-03-18 15:11:37,397 : INFO : EventManager : Event: ======'shutdown'====== Args={}
2021-03-18 15:11:37,400 : INFO : root : MPF run loop ended.
