2021-03-18 20:08:01,103 : INFO : root : Loading config.
2021-03-18 20:08:01,111 : INFO : YamlMultifileConfigLoader : Machine config file #1: config.yaml
2021-03-18 20:08:01,112 : INFO : ConfigProcessor : Loading config from cache: C:\Users\Noah\AppData\Local\Temp\d1f6a309ab2e3c3e66b0fef93f7a960f.mpf_cache
2021-03-18 20:08:01,243 : INFO : ConfigProcessor : Loading config from cache: C:\Users\Noah\AppData\Local\Temp\74774f186c18434d8d39d0d4b0a3afeb.mpf_cache
2021-03-18 20:08:01,244 : INFO : ConfigProcessor : Loading config from cache: C:\Users\Noah\AppData\Local\Temp\a7eac71e9da1e9cfd4db34c71351dbda.mpf_cache
2021-03-18 20:08:01,245 : WARNING : ConfigProcessor : Cache file not found: C:\Users\Noah\AppData\Local\Temp\c6adbc38c235400b65ae43d7099eba05.mpf_cache
2021-03-18 20:08:01,246 : INFO : ConfigProcessor : Loading config from file C:\Users\Noah\work\Andy Cavatorta\pinball\notes\MPF\noahgame_02\modes\base\config\base.yaml.
2021-03-18 20:08:01,249 : INFO : ConfigProcessor : Loading config: C:\Users\Noah\work\Andy Cavatorta\pinball\notes\MPF\noahgame_02\modes\base\config\base.yaml
2021-03-18 20:08:01,250 : INFO : ConfigProcessor : Config file cache created: C:\Users\Noah\AppData\Local\Temp\c6adbc38c235400b65ae43d7099eba05.mpf_cache
2021-03-18 20:08:01,251 : INFO : ConfigProcessor : Loading config from cache: C:\Users\Noah\AppData\Local\Temp\06881332f8a9c1e11264544d2c255f98.mpf_cache
2021-03-18 20:08:01,252 : INFO : Machine : Mission Pinball Framework Core Engine v0.54.6
2021-03-18 20:08:01,252 : INFO : Machine : Command line arguments: {'no_load_cache': False, 'create_config_cache': True, 'bcp': True, 'configfile': ['config.yaml'], 'force_assets_load': False, 'jsonlogging': False, 'logfile': 'logs\\2021-03-18-20-08-01-mpf-DESKTOP-VL0THH1.log', 'pause': False, 'production': False, 'text_ui': False, 'loglevel': 15, 'consoleloglevel': 20, 'force_platform': None, 'syslog_address': None, 'mc_file_name': None, 'no_sound': False}
2021-03-18 20:08:01,252 : INFO : Machine : MPF path: c:\users\noah\mpfenv\lib\site-packages\mpf
2021-03-18 20:08:01,252 : INFO : Machine : Machine path: C:\Users\Noah\work\Andy Cavatorta\pinball\notes\MPF\noahgame_02
2021-03-18 20:08:01,253 : INFO : Machine : Platform: win32
2021-03-18 20:08:01,253 : INFO : Machine : Python executable location: c:\users\noah\mpfenv\scripts\python.exe
2021-03-18 20:08:01,253 : INFO : Machine : Python version: 3.7.9 (64-bit)
2021-03-18 20:08:01,256 : INFO : Machine : Initialise MPF.
2021-03-18 20:08:01,392 : INFO : P-Roc : Connecting to P-ROC
2021-03-18 20:08:01,600 : INFO : P-Roc : Successfully connected to P-ROC/P3-ROC. Firmware Version: 2. Firmware Revision: 6. Hardware Board ID: 1
2021-03-18 20:08:01,600 : WARNING : P-Roc : Consider upgrading the firmware of your P/P3-Roc to at least 2.14. Your version contains known bugs.
2021-03-18 20:08:01,664 : INFO : EventManager : Event: ======'machine_var_p_roc_version'====== Args={'value': 2, 'prev_value': None, 'change': True}
2021-03-18 20:08:01,664 : INFO : EventManager : Event: ======'machine_var_p_roc_revision'====== Args={'value': 6, 'prev_value': None, 'change': True}
2021-03-18 20:08:01,664 : INFO : EventManager : Event: ======'machine_var_p_roc_hardware_version'====== Args={'value': 1, 'prev_value': None, 'change': True}
2021-03-18 20:08:01,665 : INFO : EventManager : Event: ======'machine_var_credits_string'====== Args={'value': 'FREE PLAY', 'prev_value': None, 'change': True}
2021-03-18 20:08:01,761 : INFO : EventManager : Event: ======'machine_var_mpf_version'====== Args={'value': 'MPF v0.54.6', 'prev_value': None, 'change': True}
2021-03-18 20:08:01,762 : INFO : EventManager : Event: ======'machine_var_mpf_extended_version'====== Args={'value': 'MPF v0.54.6, Config version:5, Show version: 5, BCP version:1.1', 'prev_value': None, 'change': True}
2021-03-18 20:08:01,762 : INFO : EventManager : Event: ======'machine_var_python_version'====== Args={'value': '3.7.9', 'prev_value': None, 'change': True}
2021-03-18 20:08:01,762 : INFO : EventManager : Event: ======'machine_var_platform'====== Args={'value': 'Windows-10-10.0.19041-SP0', 'prev_value': None, 'change': True}
2021-03-18 20:08:01,762 : INFO : EventManager : Event: ======'machine_var_platform_system'====== Args={'value': 'Windows', 'prev_value': None, 'change': True}
2021-03-18 20:08:01,762 : INFO : EventManager : Event: ======'machine_var_platform_release'====== Args={'value': '10', 'prev_value': None, 'change': True}
2021-03-18 20:08:01,762 : INFO : EventManager : Event: ======'machine_var_platform_version'====== Args={'value': '10.0.19041', 'prev_value': None, 'change': True}
2021-03-18 20:08:01,763 : INFO : EventManager : Event: ======'machine_var_platform_machine'====== Args={'value': 'AMD64', 'prev_value': None, 'change': True}
2021-03-18 20:08:01,763 : INFO : EventManager : Event: ======'init_phase_1'====== Args={}
2021-03-18 20:08:01,799 : INFO : EventManager : Event: ======'drop_target_bank_noah_up'====== Args={}
2021-03-18 20:08:01,804 : INFO : EventManager : Event: ======'init_phase_2'====== Args={}
2021-03-18 20:08:01,829 : INFO : EventManager : Event: ======'bcp_connection_attempt'====== Args={'name': 'local_display', 'host': 'localhost', 'port': 5050}
2021-03-18 20:08:01,831 : INFO : BCPClientSocket : Connecting BCP to 'local_display' at localhost:5050...
2021-03-18 20:08:03,846 : INFO : BCPClientSocket : Connected BCP to 'local_display' localhost:5050
2021-03-18 20:08:03,847 : INFO : EventManager : Event: ======'bcp_clients_connected'====== Args={}
2021-03-18 20:08:03,848 : INFO : ball_device.bd_trough : State: idle
2021-03-18 20:08:03,876 : INFO : EventManager : Event: ======'init_phase_3'====== Args={}
2021-03-18 20:08:03,880 : INFO : EventManager : Event: ======'machine_var_mc_version'====== Args={'value': 'MPF-MC v0.54.0', 'prev_value': None, 'change': True}
2021-03-18 20:08:03,880 : INFO : EventManager : Event: ======'machine_var_mc_extended_version'====== Args={'value': 'MPF-MC v0.54.0 (config_version=5, BCP v1.1, Requires MPF v0.54.0)', 'prev_value': None, 'change': True}
2021-03-18 20:08:03,883 : INFO : EventManager : Event: ======'machine_var_master_volume'====== Args={'value': 0.5, 'prev_value': None, 'change': True}
2021-03-18 20:08:03,884 : INFO : EventManager : Event: ======'init_phase_4'====== Args={}
2021-03-18 20:08:03,885 : INFO : BallController : Initial balls found: 0
2021-03-18 20:08:03,886 : INFO : EventManager : Event: ======'machine_var_audits_switches_s_drop_target'====== Args={'value': 0, 'prev_value': None, 'change': True}
2021-03-18 20:08:03,886 : INFO : EventManager : Event: ======'machine_var_audits_switches_s_left_flipper'====== Args={'value': 0, 'prev_value': None, 'change': True}
2021-03-18 20:08:03,887 : INFO : EventManager : Event: ======'machine_var_audits_switches_s_left_slingshot'====== Args={'value': 0, 'prev_value': None, 'change': True}
2021-03-18 20:08:03,887 : INFO : EventManager : Event: ======'machine_var_audits_switches_s_right_flipper'====== Args={'value': 3, 'prev_value': None, 'change': True}
2021-03-18 20:08:03,887 : INFO : EventManager : Event: ======'machine_var_audits_switches_s_right_inlane'====== Args={'value': 0, 'prev_value': None, 'change': True}
2021-03-18 20:08:03,888 : INFO : EventManager : Event: ======'machine_var_audits_switches_s_right_slingshot'====== Args={'value': 3, 'prev_value': None, 'change': True}
2021-03-18 20:08:03,888 : INFO : EventManager : Event: ======'machine_var_audits_switches_s_start'====== Args={'value': 3, 'prev_value': None, 'change': True}
2021-03-18 20:08:03,889 : INFO : EventManager : Event: ======'machine_var_audits_switches_s_trough1'====== Args={'value': 1, 'prev_value': None, 'change': True}
2021-03-18 20:08:03,890 : INFO : EventManager : Event: ======'init_phase_5'====== Args={}
2021-03-18 20:08:03,890 : INFO : EventManager : Event: ======'init_done'====== Args={}
2021-03-18 20:08:03,891 : INFO : EventManager : Event: ======'machine_reset_phase_1'====== Args={}
2021-03-18 20:08:03,919 : INFO : EventManager : Event: ======'slide_welcome_slide_removed'====== Args={'_from_bcp': True}
2021-03-18 20:08:03,923 : INFO : EventManager : Event: ======'slide_welcome_slide_created'====== Args={'_from_bcp': True}
2021-03-18 20:08:03,928 : INFO : EventManager : Event: ======'machine_reset_phase_2'====== Args={}
2021-03-18 20:08:03,928 : INFO : EventManager : Event: ======'machine_reset_phase_3'====== Args={}
2021-03-18 20:08:03,929 : INFO : drop_target_bank.noah : All targets are already up. Will not reset bank.
2021-03-18 20:08:03,936 : INFO : EventManager : Event: ======'slide_welcome_slide_active'====== Args={'_from_bcp': True}
2021-03-18 20:08:03,936 : INFO : EventManager : Event: ======'reset_complete'====== Args={}
2021-03-18 20:08:03,937 : INFO : EventManager : Event: ======'mode_attract_will_start'====== Args={}
2021-03-18 20:08:03,938 : INFO : EventManager : Event: ======'mode_attract_starting'====== Args={}
2021-03-18 20:08:03,939 : INFO : Mode.attract : Started. Priority: 10
2021-03-18 20:08:03,939 : INFO : EventManager : Event: ======'modes_active_modes_changed'====== Args={}
2021-03-18 20:08:03,939 : INFO : EventManager : Event: ======'mode_attract_started'====== Args={}
2021-03-18 20:08:03,942 : INFO : EventManager : Event: ======'collecting_balls_complete'====== Args={}
2021-03-18 20:08:03,943 : INFO : Machine : Starting the main run loop.
2021-03-18 20:08:03,955 : INFO : EventManager : Event: ======'slide_attract_started_created'====== Args={'_from_bcp': True}
2021-03-18 20:08:03,957 : INFO : EventManager : Event: ======'slide_attract_started_active'====== Args={'_from_bcp': True}
2021-03-18 20:08:11,178 : INFO : SwitchController : <<<<<<< 's_start' active >>>>>>>
2021-03-18 20:08:11,308 : INFO : SwitchController : <<<<<<< 's_start' inactive >>>>>>>
2021-03-18 20:08:11,308 : INFO : EventManager : Event: ======'request_to_start_game'====== Args={}
2021-03-18 20:08:11,309 : INFO : BallController : bd_trough contains 0 balls. Tags ['trough', 'home', 'drain']
2021-03-18 20:08:11,309 : INFO : BallController : playfield contains 0 balls. Tags ['default']
2021-03-18 20:08:11,309 : WARNING : BallController : BallController denies game start. Not enough balls. 0 found. 1 required
2021-03-18 20:08:16,182 : INFO : SwitchController : <<<<<<< 's_trough1' active >>>>>>>
2021-03-18 20:08:16,677 : INFO : EventManager : Event: ======'balldevice_bd_trough_ball_count_changed'====== Args={'balls': 1}
2021-03-18 20:08:16,677 : INFO : ball_device.bd_trough : Received unexpected ball
2021-03-18 20:08:16,677 : INFO : EventManager : Event: ======'balldevice_captured_from_playfield'====== Args={'balls': 1}
2021-03-18 20:08:16,677 : INFO : EventManager : Event: ======'sw_playfield_active'====== Args={'balls': 1}
2021-03-18 20:08:16,677 : INFO : EventManager : Event: ======'playfield_active'====== Args={}
2021-03-18 20:08:16,677 : INFO : EventManager : Event: ======'unexpected_ball_on_playfield'====== Args={}
2021-03-18 20:08:16,678 : INFO : EventManager : Event: ======'playfield_ball_count_change'====== Args={'balls': -1, 'change': -1}
2021-03-18 20:08:16,678 : INFO : EventManager : Event: ======'balldevice_playfield_ball_enter'====== Args={'new_balls': 1, 'unclaimed_balls': 1, 'device': <playfield.playfield>}
2021-03-18 20:08:16,678 : INFO : EventManager : Event: ======'playfield_ball_count_change'====== Args={'balls': 0, 'change': 1}
2021-03-18 20:08:16,678 : INFO : BallController : Found a new ball which was captured from playfield. Known balls: 1
2021-03-18 20:08:16,678 : INFO : EventManager : Event: ======'found_new_ball'====== Args={}
2021-03-18 20:08:16,678 : INFO : EventManager : Event: ======'balldevice_bd_trough_ball_enter'====== Args={'new_balls': 1, 'unclaimed_balls': 1, 'new_available_balls': 1, 'device': <ball_device.bd_trough>}
2021-03-18 20:08:16,678 : INFO : EventManager : Event: ======'ball_drain'====== Args={'device': <ball_device.bd_trough>, 'balls': 1}
2021-03-18 20:08:16,678 : INFO : EventManager : Event: ======'balldevice_balls_available'====== Args={}
2021-03-18 20:08:16,679 : INFO : EventManager : Event: ======'balldevice_bd_trough_ball_entered'====== Args={'new_balls': 1, 'device': <ball_device.bd_trough>}
2021-03-18 20:08:22,685 : INFO : SwitchController : <<<<<<< 's_start' active >>>>>>>
2021-03-18 20:08:22,804 : INFO : SwitchController : <<<<<<< 's_start' inactive >>>>>>>
2021-03-18 20:08:22,804 : INFO : EventManager : Event: ======'request_to_start_game'====== Args={}
2021-03-18 20:08:22,805 : INFO : EventManager : Event: ======'game_start'====== Args={'buttons': [], 'hold_time': 0.125}
2021-03-18 20:08:22,805 : INFO : EventManager : Event: ======'mode_game_will_start'====== Args={'buttons': [], 'hold_time': 0.125}
2021-03-18 20:08:22,806 : INFO : EventManager : Event: ======'mode_game_starting'====== Args={'buttons': [], 'hold_time': 0.125}
2021-03-18 20:08:22,806 : INFO : EventManager : Event: ======'mode_attract_will_stop'====== Args={}
2021-03-18 20:08:22,806 : INFO : EventManager : Event: ======'mode_attract_stopping'====== Args={}
2021-03-18 20:08:22,806 : INFO : Mode.attract : Stopped.
2021-03-18 20:08:22,806 : INFO : EventManager : Event: ======'modes_active_modes_changed'====== Args={}
2021-03-18 20:08:22,807 : INFO : EventManager : Event: ======'mode_attract_stopped'====== Args={}
2021-03-18 20:08:22,807 : INFO : EventManager : Event: ======'clear'====== Args={'key': 'attract'}
2021-03-18 20:08:22,807 : INFO : Mode.game : Started. Priority: 20
2021-03-18 20:08:22,808 : INFO : EventManager : Event: ======'modes_active_modes_changed'====== Args={}
2021-03-18 20:08:22,808 : INFO : EventManager : Event: ======'mode_game_started'====== Args={'buttons': [], 'hold_time': 0.125}
2021-03-18 20:08:22,809 : INFO : EventManager : Event: ======'game_will_start'====== Args={}
2021-03-18 20:08:22,810 : INFO : EventManager : Event: ======'game_starting'====== Args={'game': <Mode.game>}
2021-03-18 20:08:22,810 : INFO : EventManager : Event: ======'player_add_request'====== Args={}
2021-03-18 20:08:22,810 : INFO : EventManager : Event: ======'player_will_add'====== Args={'number': 1}
2021-03-18 20:08:22,810 : INFO : EventManager : Event: ======'player_adding'====== Args={'player': <Player 1>, 'number': 1}
2021-03-18 20:08:22,811 : INFO : EventManager : Event: ======'player_added'====== Args={'player': <Player 1>, 'num': 1}
2021-03-18 20:08:22,811 : INFO : Mode.game : Player added successfully. Total players: 1
2021-03-18 20:08:22,811 : INFO : EventManager : Event: ======'player_index'====== Args={'value': 0, 'prev_value': 0, 'change': 0, 'player_num': 1}
2021-03-18 20:08:22,812 : INFO : EventManager : Event: ======'player_number'====== Args={'value': 1, 'prev_value': 1, 'change': 0, 'player_num': 1}
2021-03-18 20:08:22,812 : INFO : EventManager : Event: ======'player_score'====== Args={'value': 0, 'prev_value': 0, 'change': 0, 'player_num': 1}
2021-03-18 20:08:22,813 : INFO : EventManager : Event: ======'game_started'====== Args={}
2021-03-18 20:08:22,813 : INFO : EventManager : Event: ======'player_turn_will_start'====== Args={'player': <Player 1>, 'number': 1}
2021-03-18 20:08:22,813 : INFO : EventManager : Event: ======'player_turn_starting'====== Args={'player': <Player 1>, 'number': 1}
2021-03-18 20:08:22,813 : INFO : EventManager : Event: ======'player_ball'====== Args={'value': 1, 'prev_value': 0, 'change': 1, 'player_num': 1}
2021-03-18 20:08:22,814 : INFO : EventManager : Event: ======'player_turn_started'====== Args={'player': <Player 1>, 'number': 1}
2021-03-18 20:08:22,814 : INFO : EventManager : Event: ======'ball_will_start'====== Args={'player': 1, 'ball': 1, 'balls_remaining': 2, 'is_extra_ball': False}
2021-03-18 20:08:22,814 : INFO : EventManager : Event: ======'ball_starting'====== Args={'player': 1, 'ball': 1, 'balls_remaining': 2, 'is_extra_ball': False}
2021-03-18 20:08:22,815 : INFO : EventManager : Event: ======'balls_in_play'====== Args={'balls': 1}
2021-03-18 20:08:22,815 : INFO : EventManager : Event: ======'ball_started'====== Args={'player': 1, 'ball': 1, 'balls_remaining': 2, 'is_extra_ball': False}
2021-03-18 20:08:22,815 : INFO : EventManager : Event: ======'mode_base_will_start'====== Args={'player': 1, 'ball': 1, 'balls_remaining': 2, 'is_extra_ball': False}
2021-03-18 20:08:22,816 : INFO : EventManager : Event: ======'mode_base_starting'====== Args={'player': 1, 'ball': 1, 'balls_remaining': 2, 'is_extra_ball': False}
2021-03-18 20:08:22,817 : INFO : Mode.base : Started. Priority: 100
2021-03-18 20:08:22,817 : INFO : EventManager : Event: ======'modes_active_modes_changed'====== Args={}
2021-03-18 20:08:22,817 : INFO : EventManager : Event: ======'mode_base_started'====== Args={'player': 1, 'ball': 1, 'balls_remaining': 2, 'is_extra_ball': False}
2021-03-18 20:08:22,818 : INFO : EventManager : Event: ======'single_player_ball_started'====== Args={}
2021-03-18 20:08:22,818 : INFO : ball_device.bd_trough : Setting up player-controlled eject. Balls: 1, Target: <playfield.playfield>, player_controlled_eject_event: None
2021-03-18 20:08:22,818 : INFO : ball_device.bd_trough : Adding 1 ball(s) to the eject_queue with target <playfield.playfield>.
2021-03-18 20:08:22,818 : INFO : EventManager : Event: ======'balldevice_balls_available'====== Args={}
2021-03-18 20:08:22,819 : INFO : ball_device.bd_trough : State: waiting_for_target_ready
2021-03-18 20:08:22,819 : INFO : EventManager : Event: ======'balldevice_bd_trough_ball_eject_attempt'====== Args={'balls': 1, 'target': <playfield.playfield>, 'source': <ball_device.bd_trough>, 'mechanical_eject': False, 'num_attempts': 0}
2021-03-18 20:08:22,820 : INFO : ball_device.bd_trough : State: ejecting
2021-03-18 20:08:22,820 : INFO : ball_device.bd_trough : Ejecting ball to <playfield.playfield>
2021-03-18 20:08:22,820 : INFO : EventManager : Event: ======'balldevice_bd_trough_ejecting_ball'====== Args={'balls': 1, 'target': <playfield.playfield>, 'source': <ball_device.bd_trough>, 'mechanical_eject': False, 'num_attempts': 0}
2021-03-18 20:08:22,821 : INFO : ball_device.bd_trough : Wait for ball to leave device
2021-03-18 20:08:22,821 : INFO : coil.c_trough_eject : Pulsing Driver for 10ms (1.0 pulse_power)
2021-03-18 20:08:22,833 : INFO : EventManager : Event: ======'slide__global.slide_player-ball_started_created'====== Args={'_from_bcp': True}
2021-03-18 20:08:22,836 : INFO : EventManager : Event: ======'slide__global.slide_player-ball_started_active'====== Args={'_from_bcp': True}
2021-03-18 20:08:23,243 : INFO : SwitchController : <<<<<<< 's_trough1' inactive >>>>>>>
2021-03-18 20:08:23,245 : INFO : ball_device.bd_trough : State: ball_left
2021-03-18 20:08:23,245 : INFO : ball_device.bd_trough : Ball left
2021-03-18 20:08:23,245 : INFO : ball_device.bd_trough : Wait for confirm with timeout 10.0
2021-03-18 20:08:31,416 : INFO : SwitchController : <<<<<<< 's_trough1' active >>>>>>>
2021-03-18 20:08:31,416 : INFO : EventManager : Event: ======'machine_var_audits_switches_s_trough1'====== Args={'value': 2, 'prev_value': 1, 'change': 1}
2021-03-18 20:08:33,247 : INFO : ball_device.bd_trough : State: failed_confirm
2021-03-18 20:08:33,247 : INFO : ball_device.bd_trough : Got timeout (10.0s) before confirm from <playfield.playfield>
2021-03-18 20:08:33,344 : INFO : ball_device.bd_trough : Got unknown balls. Assuming a ball returned.
2021-03-18 20:08:33,344 : INFO : EventManager : Event: ======'balldevice_bd_trough_ball_eject_failed'====== Args={'target': <playfield.playfield>, 'balls': 1, 'retry': True, 'num_attempts': 1}
2021-03-18 20:08:33,345 : INFO : ball_device.bd_trough : State: waiting_for_target_ready
2021-03-18 20:08:33,345 : INFO : EventManager : Event: ======'balldevice_bd_trough_ball_eject_attempt'====== Args={'balls': 1, 'target': <playfield.playfield>, 'source': <ball_device.bd_trough>, 'mechanical_eject': False, 'num_attempts': 1}
2021-03-18 20:08:33,346 : INFO : ball_device.bd_trough : State: ejecting
2021-03-18 20:08:33,346 : INFO : ball_device.bd_trough : Ejecting ball to <playfield.playfield>
2021-03-18 20:08:33,346 : INFO : EventManager : Event: ======'balldevice_bd_trough_ejecting_ball'====== Args={'balls': 1, 'target': <playfield.playfield>, 'source': <ball_device.bd_trough>, 'mechanical_eject': False, 'num_attempts': 1}
2021-03-18 20:08:33,348 : INFO : ball_device.bd_trough : Wait for ball to leave device
2021-03-18 20:08:33,348 : INFO : coil.c_trough_eject : Pulsing Driver for 10ms (1.0 pulse_power)
2021-03-18 20:08:35,058 : INFO : SwitchController : <<<<<<< 's_trough1' inactive >>>>>>>
2021-03-18 20:08:35,058 : INFO : ball_device.bd_trough : State: ball_left
2021-03-18 20:08:35,059 : INFO : ball_device.bd_trough : Ball left
2021-03-18 20:08:35,059 : INFO : ball_device.bd_trough : Wait for confirm with timeout 10.0
2021-03-18 20:08:39,419 : INFO : SwitchController : <<<<<<< 's_right_inlane' active >>>>>>>
2021-03-18 20:08:39,419 : INFO : EventManager : Event: ======'sw_playfield_active'====== Args={}
2021-03-18 20:08:39,420 : INFO : EventManager : Event: ======'machine_var_audits_switches_s_right_inlane'====== Args={'value': 1, 'prev_value': 0, 'change': 1}
2021-03-18 20:08:39,422 : INFO : EventManager : Event: ======'playfield_active'====== Args={}
2021-03-18 20:08:39,424 : INFO : ball_device.bd_trough : Got eject confirm
2021-03-18 20:08:39,424 : INFO : ball_device.bd_trough : Eject successful
2021-03-18 20:08:39,424 : INFO : EventManager : Event: ======'balldevice_bd_trough_ball_eject_success'====== Args={'balls': 1, 'target': <playfield.playfield>}
2021-03-18 20:08:39,424 : INFO : EventManager : Event: ======'balldevice_playfield_ball_enter'====== Args={'new_balls': 1, 'unclaimed_balls': 1, 'device': <playfield.playfield>}
2021-03-18 20:08:39,424 : INFO : EventManager : Event: ======'playfield_ball_count_change'====== Args={'balls': 1, 'change': 1}
2021-03-18 20:08:39,425 : INFO : EventManager : Event: ======'balldevice_bd_trough_ball_count_changed'====== Args={'balls': 0}
2021-03-18 20:08:39,425 : INFO : ball_device.bd_trough : State: idle
2021-03-18 20:08:45,258 : INFO : SwitchController : <<<<<<< 's_right_inlane' inactive >>>>>>>
2021-03-18 20:08:46,376 : INFO : SwitchController : <<<<<<< 's_right_inlane' active >>>>>>>
2021-03-18 20:08:46,376 : INFO : EventManager : Event: ======'sw_playfield_active'====== Args={}
2021-03-18 20:08:46,377 : INFO : EventManager : Event: ======'machine_var_audits_switches_s_right_inlane'====== Args={'value': 2, 'prev_value': 1, 'change': 1}
2021-03-18 20:08:51,804 : INFO : Machine : Shutting down...
2021-03-18 20:08:51,804 : INFO : EventManager : Event: ======'shutdown'====== Args={}
2021-03-18 20:08:51,808 : INFO : root : MPF run loop ended.
